 
****************************************
Report : area
Design : Top
Version: R-2020.09-SP5
Date   : Thu May  5 20:22:20 2022
****************************************

Information: Updating design information... (UID-85)
Warning: Design 'Top' contains 2 high-fanout nets. A fanout number of 1000 will be used for delay calculations involving these nets. (TIM-134)
Library(s) Used:

    fsa0m_a_generic_core_tt1p8v25c (File: /home/raid7_2/userb08/b08065/ICDLAB/Final/verilog/synthesis/fsa0m_a_generic_core_tt1p8v25c.db)

Number of ports:                        56130
Number of nets:                        138206
Number of cells:                        84659
Number of combinational cells:          75957
Number of sequential cells:              8564
Number of macros/black boxes:               0
Number of buf/inv:                      30484
Number of references:                      33

Combinational area:            1334889.551844
Buf/Inv area:                   300243.280009
Noncombinational area:          544793.254189
Macro/Black Box area:                0.000000
Net Interconnect area:      undefined  (Wire load has zero net area)

Total cell area:               1879682.806033
Total area:                 undefined
1
