Loading db file '/home/raid7_2/userb08/b08065/ICDLAB/Final/verilog/synthesis/fsa0m_a_generic_core_tt1p8v25c.db'
Information: Propagating switching activity (low effort zero delay simulation). (PWR-6)
Warning: Design has unannotated primary inputs. (PWR-414)
Warning: Design has unannotated sequential cell outputs. (PWR-415)
 
****************************************
Report : power
        -analysis_effort low
Design : SHA3TOP
Version: R-2020.09-SP5
Date   : Thu May  5 22:45:23 2022
****************************************


Library(s) Used:

    fsa0m_a_generic_core_tt1p8v25c (File: /home/raid7_2/userb08/b08065/ICDLAB/Final/verilog/synthesis/fsa0m_a_generic_core_tt1p8v25c.db)


Operating Conditions: WCCOM   Library: fsa0m_a_generic_core_ss1p62v125c
Wire Load Model Mode: enclosed

Design        Wire Load Model            Library
------------------------------------------------
SHA3TOP                G200K             fsa0m_a_generic_core_tt1p8v25c
Iota                   enG5K             fsa0m_a_generic_core_tt1p8v25c
Chi                    enG10K            fsa0m_a_generic_core_tt1p8v25c
Pi                     enG5K             fsa0m_a_generic_core_tt1p8v25c
Rho                    enG5K             fsa0m_a_generic_core_tt1p8v25c
Theta                  enG30K            fsa0m_a_generic_core_tt1p8v25c


Global Operating Voltage = 1.62 
Power-specific unit information :
    Voltage Units = 1V
    Capacitance Units = 1.000000pf
    Time Units = 1ns
    Dynamic Power Units = 1mW    (derived from V,C,T units)
    Leakage Power Units = 1pW


  Cell Internal Power  =  10.8879 mW   (72%)
  Net Switching Power  =   4.1677 mW   (28%)
                         ---------
Total Dynamic Power    =  15.0557 mW  (100%)

Cell Leakage Power     =   2.0295 uW


                 Internal         Switching           Leakage            Total
Power Group      Power            Power               Power              Power   (   %    )  Attrs
--------------------------------------------------------------------------------------------------
io_pad             0.0000            0.0000            0.0000            0.0000  (   0.00%)
memory             0.0000            0.0000            0.0000            0.0000  (   0.00%)
black_box          0.0000            0.0000            0.0000            0.0000  (   0.00%)
clock_network      0.0000            0.0000            0.0000            0.0000  (   0.00%)
register           5.8718            0.6696        3.6627e+05            6.5418  (  43.44%)
sequential         0.0000            0.0000            0.0000            0.0000  (   0.00%)
combinational      5.0161            3.4981        1.6632e+06            8.5159  (  56.56%)
--------------------------------------------------------------------------------------------------
Total             10.8879 mW         4.1677 mW     2.0295e+06 pW        15.0576 mW
1
