 
****************************************
Report : area
Design : Top
Version: R-2020.09-SP5
Date   : Mon May 16 01:32:34 2022
****************************************

Information: Updating design information... (UID-85)
Warning: Design 'Top' contains 1 high-fanout nets. A fanout number of 1000 will be used for delay calculations involving these nets. (TIM-134)
Information: Timing loop detected. (OPT-150)
	aes_top/oneround/U392/A2 aes_top/oneround/U392/O aes_top/oneround/mix/U178/I aes_top/oneround/mix/U178/O aes_top/oneround/mix/U179/I aes_top/oneround/mix/U179/O aes_top/oneround/mix/U628/A1 aes_top/oneround/mix/U628/O aes_top/oneround/U873/B2 aes_top/oneround/U873/O aes_top/oneround/add/U12/A2 aes_top/oneround/add/U12/O aes_top/oneround/U505/I aes_top/oneround/U505/O aes_top/oneround/U22/A2 aes_top/oneround/U22/O aes_top/oneround/mix/U166/I aes_top/oneround/mix/U166/O aes_top/oneround/mix/U167/I aes_top/oneround/mix/U167/O aes_top/oneround/mix/U984/A1 aes_top/oneround/mix/U984/O aes_top/oneround/U885/B2 aes_top/oneround/U885/O aes_top/oneround/add/U110/A2 aes_top/oneround/add/U110/O aes_top/oneround/U514/I aes_top/oneround/U514/O 
Information: Timing loop detected. (OPT-150)
	aes_top/oneround/mix/U1107/A1 aes_top/oneround/mix/U1107/O aes_top/oneround/U881/B2 aes_top/oneround/U881/O aes_top/oneround/add/U119/A2 aes_top/oneround/add/U119/O aes_top/oneround/U512/I aes_top/oneround/U512/O aes_top/oneround/U400/A2 aes_top/oneround/U400/O aes_top/oneround/mix/U391/I aes_top/oneround/mix/U391/O aes_top/oneround/mix/U392/I aes_top/oneround/mix/U392/O aes_top/oneround/mix/U1118/A1 aes_top/oneround/mix/U1118/O aes_top/oneround/U901/B2 aes_top/oneround/U901/O aes_top/oneround/add/U103/A2 aes_top/oneround/add/U103/O aes_top/oneround/U516/I aes_top/oneround/U516/O aes_top/oneround/U368/A2 aes_top/oneround/U368/O aes_top/oneround/mix/U560/I aes_top/oneround/mix/U560/O 

Library(s) Used:

    fsa0m_a_generic_core_tt1p8v25c (File: /home/b08901065/private/verilog/synthesis/fsa0m_a_generic_core_tt1p8v25c.db)

Number of ports:                        23243
Number of nets:                         54961
Number of cells:                        32077
Number of combinational cells:          29843
Number of sequential cells:              2138
Number of macros/black boxes:               0
Number of buf/inv:                      10277
Number of references:                      35

Combinational area:             427228.905993
Buf/Inv area:                   106705.669271
Noncombinational area:          125345.103737
Macro/Black Box area:                0.000000
Net Interconnect area:      undefined  (Wire load has zero net area)

Total cell area:                552574.009730
Total area:                 undefined
1
