 
****************************************
Report : timing
        -path full
        -delay max
        -max_paths 1
Design : Top
Version: R-2020.09-SP5
Date   : Sun May 22 12:27:21 2022
****************************************

 # A fanout number of 1000 was used for high fanout net computations.

Operating Conditions: WCCOM   Library: fsa0m_a_generic_core_ss1p62v125c
Wire Load Model Mode: enclosed

  Startpoint: i_mode (input port clocked by clk)
  Endpoint: aes_top/temp_out_r_reg[119]
            (rising edge-triggered flip-flop clocked by clk)
  Path Group: clk
  Path Type: max

  Des/Clust/Port     Wire Load Model       Library
  ------------------------------------------------
  Top                G200K                 fsa0m_a_generic_core_tt1p8v25c
  AESOneRound        enG30K                fsa0m_a_generic_core_tt1p8v25c
  MixColumn          enG5K                 fsa0m_a_generic_core_tt1p8v25c
  MultiplyMinv_0     enG5K                 fsa0m_a_generic_core_tt1p8v25c
  SubOneByte_0       enG5K                 fsa0m_a_generic_core_tt1p8v25c
  MultiplyM_0        enG5K                 fsa0m_a_generic_core_tt1p8v25c
  MultiplyMinv_10    enG5K                 fsa0m_a_generic_core_tt1p8v25c
  SubOneByte_10      enG5K                 fsa0m_a_generic_core_tt1p8v25c
  MultiplyM_10       enG5K                 fsa0m_a_generic_core_tt1p8v25c
  MultiplyMinv_5     enG5K                 fsa0m_a_generic_core_tt1p8v25c
  SubOneByte_5       enG5K                 fsa0m_a_generic_core_tt1p8v25c
  MultiplyM_5        enG5K                 fsa0m_a_generic_core_tt1p8v25c
  MultiplyMinv_15    enG5K                 fsa0m_a_generic_core_tt1p8v25c
  SubOneByte_15      enG5K                 fsa0m_a_generic_core_tt1p8v25c
  MultiplyM_15       enG5K                 fsa0m_a_generic_core_tt1p8v25c

  Point                                                   Incr       Path
  --------------------------------------------------------------------------
  clock clk (rise edge)                                   0.00       0.00
  clock network delay (ideal)                             0.50       0.50
  input external delay                                    1.00       1.50 r
  i_mode (in)                                             0.02       1.52 r
  U16681/O (INV1S)                                        0.23       1.75 f
  U16682/O (INV1S)                                        0.49       2.24 r
  aes_top/oneround/dec (AESOneRound)                      0.00       2.24 r
  aes_top/oneround/U136/O (INV1S)                         0.47       2.71 f
  aes_top/oneround/U137/O (BUF1)                          0.39       3.11 f
  aes_top/oneround/U144/O (BUF1)                          0.25       3.36 f
  aes_top/oneround/U435/O (BUF1)                          0.27       3.63 f
  aes_top/oneround/U392/O (MOAI1S)                        0.27       3.90 f
  aes_top/oneround/U75/O (INV1S)                          0.12       4.02 r
  aes_top/oneround/U76/O (INV1S)                          0.35       4.37 f
  aes_top/oneround/mix/in[15] (MixColumn)                 0.00       4.37 f
  aes_top/oneround/mix/U678/O (MOAI1S)                    0.63       5.00 r
  aes_top/oneround/mix/U770/O (MOAI1S)                    0.36       5.37 f
  aes_top/oneround/mix/U772/O (MOAI1S)                    0.42       5.79 f
  aes_top/oneround/mix/U774/O (MOAI1S)                    0.35       6.15 f
  aes_top/oneround/mix/U776/O (MOAI1S)                    0.33       6.47 f
  aes_top/oneround/mix/U739/O (MOAI1S)                    0.31       6.78 f
  aes_top/oneround/mix/out_inv[2] (MixColumn)             0.00       6.78 f
  aes_top/oneround/U772/O (MOAI1S)                        0.29       7.07 f
  aes_top/oneround/invshift/in[2] (InvShiftRow)           0.00       7.07 f
  aes_top/oneround/invshift/U43/O (BUF1)                  0.18       7.26 f
  aes_top/oneround/invshift/out[34] (InvShiftRow)         0.00       7.26 f
  aes_top/oneround/U495/O (MUX2)                          0.34       7.60 f
  aes_top/oneround/sub96/in[2] (SubByte_96)               0.00       7.60 f
  aes_top/oneround/sub96/s11/in[2] (SubOneByte_0)         0.00       7.60 f
  aes_top/oneround/sub96/s11/m1/in[2] (MultiplyMinv_0)
                                                          0.00       7.60 f
  aes_top/oneround/sub96/s11/m1/U4/O (MOAI1S)             0.60       8.19 r
  aes_top/oneround/sub96/s11/m1/U5/O (MOAI1S)             0.15       8.34 f
  aes_top/oneround/sub96/s11/m1/out[3] (MultiplyMinv_0)
                                                          0.00       8.34 f
  aes_top/oneround/sub96/s11/c0/in[3] (AddCinv_0)         0.00       8.34 f
  aes_top/oneround/sub96/s11/c0/U3/O (BUF1)               0.21       8.55 f
  aes_top/oneround/sub96/s11/c0/out[3] (AddCinv_0)        0.00       8.55 f
  aes_top/oneround/sub96/s11/U7/O (AOI22S)                0.37       8.92 r
  aes_top/oneround/sub96/s11/U18/O (ND2S)                 0.27       9.19 f
  aes_top/oneround/sub96/s11/U19/O (NR2)                  0.48       9.68 r
  aes_top/oneround/sub96/s11/U62/O (INV1S)                0.44      10.12 f
  aes_top/oneround/sub96/s11/U104/O (NR2)                 0.51      10.62 r
  aes_top/oneround/sub96/s11/U120/O (INV1S)               0.22      10.85 f
  aes_top/oneround/sub96/s11/U97/O (ND3)                  0.21      11.06 r
  aes_top/oneround/sub96/s11/U340/O (INV1S)               0.13      11.18 f
  aes_top/oneround/sub96/s11/U345/O (AN4B1S)              0.27      11.46 f
  aes_top/oneround/sub96/s11/U346/O (ND3)                 0.11      11.57 r
  aes_top/oneround/sub96/s11/U100/O (AN4B1S)              0.11      11.68 f
  aes_top/oneround/sub96/s11/U299/O (ND3)                 0.12      11.79 r
  aes_top/oneround/sub96/s11/U155/O (AOI22S)              0.11      11.91 f
  aes_top/oneround/sub96/s11/U437/O (ND2S)                0.30      12.21 r
  aes_top/oneround/sub96/s11/m0/in[7] (MultiplyM_0)       0.00      12.21 r
  aes_top/oneround/sub96/s11/m0/U1/O (MOAI1S)             0.31      12.52 f
  aes_top/oneround/sub96/s11/m0/U7/O (MOAI1S)             0.33      12.84 f
  aes_top/oneround/sub96/s11/m0/out[2] (MultiplyM_0)      0.00      12.84 f
  aes_top/oneround/sub96/s11/c1/in[2] (AddC_0)            0.00      12.84 f
  aes_top/oneround/sub96/s11/c1/U5/O (BUF1)               0.20      13.04 f
  aes_top/oneround/sub96/s11/c1/out[2] (AddC_0)           0.00      13.04 f
  aes_top/oneround/sub96/s11/U393/O (MUX2)                0.27      13.31 f
  aes_top/oneround/sub96/s11/out[2] (SubOneByte_0)        0.00      13.31 f
  aes_top/oneround/sub96/out[2] (SubByte_96)              0.00      13.31 f
  aes_top/oneround/U892/O (AO222)                         0.34      13.65 f
  aes_top/oneround/add/in[2] (AddRoundKey_0)              0.00      13.65 f
  aes_top/oneround/add/U104/O (MAOI1)                     0.18      13.83 r
  aes_top/oneround/add/out[2] (AddRoundKey_0)             0.00      13.83 r
  aes_top/oneround/U437/O (INV1S)                         0.19      14.02 f
  aes_top/oneround/U18/O (MOAI1S)                         1.11      15.13 r
  aes_top/oneround/mix/in[2] (MixColumn)                  0.00      15.13 r
  aes_top/oneround/mix/U549/O (MOAI1S)                    0.52      15.65 f
  aes_top/oneround/mix/U635/O (MOAI1S)                    0.96      16.61 r
  aes_top/oneround/mix/U940/O (MOAI1S)                    0.18      16.78 f
  aes_top/oneround/mix/U941/O (MOAI1S)                    0.34      17.12 f
  aes_top/oneround/mix/U942/O (MOAI1S)                    0.33      17.45 f
  aes_top/oneround/mix/out_inv[18] (MixColumn)            0.00      17.45 f
  aes_top/oneround/U756/O (MOAI1S)                        0.33      17.78 f
  aes_top/oneround/invshift/in[18] (InvShiftRow)          0.00      17.78 f
  aes_top/oneround/invshift/U48/O (BUF1)                  0.18      17.97 f
  aes_top/oneround/invshift/out[114] (InvShiftRow)        0.00      17.97 f
  aes_top/oneround/U455/O (MUX2)                          0.34      18.31 f
  aes_top/oneround/sub96/in[82] (SubByte_96)              0.00      18.31 f
  aes_top/oneround/sub96/s1/in[2] (SubOneByte_10)         0.00      18.31 f
  aes_top/oneround/sub96/s1/m1/in[2] (MultiplyMinv_10)
                                                          0.00      18.31 f
  aes_top/oneround/sub96/s1/m1/U4/O (MOAI1S)              0.60      18.91 r
  aes_top/oneround/sub96/s1/m1/U5/O (MOAI1S)              0.15      19.06 f
  aes_top/oneround/sub96/s1/m1/out[3] (MultiplyMinv_10)
                                                          0.00      19.06 f
  aes_top/oneround/sub96/s1/c0/in[3] (AddCinv_10)         0.00      19.06 f
  aes_top/oneround/sub96/s1/c0/U5/O (BUF1)                0.21      19.27 f
  aes_top/oneround/sub96/s1/c0/out[3] (AddCinv_10)        0.00      19.27 f
  aes_top/oneround/sub96/s1/U7/O (AOI22S)                 0.37      19.64 r
  aes_top/oneround/sub96/s1/U297/O (ND2S)                 0.29      19.94 f
  aes_top/oneround/sub96/s1/U19/O (NR2)                   0.61      20.54 r
  aes_top/oneround/sub96/s1/U66/O (INV1S)                 0.38      20.92 f
  aes_top/oneround/sub96/s1/U87/O (NR2)                   0.61      21.54 r
  aes_top/oneround/sub96/s1/U88/O (NR2)                   0.13      21.67 f
  aes_top/oneround/sub96/s1/U216/O (ND3)                  0.15      21.82 r
  aes_top/oneround/sub96/s1/U217/O (NR3)                  0.18      22.00 f
  aes_top/oneround/sub96/s1/U440/O (ND3)                  0.17      22.17 r
  aes_top/oneround/sub96/s1/U446/O (AOI22S)               0.11      22.28 f
  aes_top/oneround/sub96/s1/U447/O (ND2S)                 0.30      22.58 r
  aes_top/oneround/sub96/s1/m0/in[7] (MultiplyM_10)       0.00      22.58 r
  aes_top/oneround/sub96/s1/m0/U1/O (MOAI1S)              0.31      22.89 f
  aes_top/oneround/sub96/s1/m0/U7/O (MOAI1S)              0.33      23.22 f
  aes_top/oneround/sub96/s1/m0/out[2] (MultiplyM_10)      0.00      23.22 f
  aes_top/oneround/sub96/s1/c1/in[2] (AddC_10)            0.00      23.22 f
  aes_top/oneround/sub96/s1/c1/U6/O (BUF1)                0.20      23.42 f
  aes_top/oneround/sub96/s1/c1/out[2] (AddC_10)           0.00      23.42 f
  aes_top/oneround/sub96/s1/U393/O (MUX2)                 0.27      23.69 f
  aes_top/oneround/sub96/s1/out[2] (SubOneByte_10)        0.00      23.69 f
  aes_top/oneround/sub96/out[82] (SubByte_96)             0.00      23.69 f
  aes_top/oneround/U916/O (AO222)                         0.34      24.03 f
  aes_top/oneround/add/in[18] (AddRoundKey_0)             0.00      24.03 f
  aes_top/oneround/add/U102/O (MAOI1)                     0.18      24.21 r
  aes_top/oneround/add/out[18] (AddRoundKey_0)            0.00      24.21 r
  aes_top/oneround/U434/O (INV1S)                         0.19      24.40 f
  aes_top/oneround/U22/O (MOAI1S)                         1.11      25.51 r
  aes_top/oneround/mix/in[18] (MixColumn)                 0.00      25.51 r
  aes_top/oneround/mix/U746/O (MOAI1S)                    0.36      25.86 f
  aes_top/oneround/mix/U751/O (MOAI1S)                    0.37      26.23 f
  aes_top/oneround/mix/out_inv[20] (MixColumn)            0.00      26.23 f
  aes_top/oneround/U754/O (MOAI1S)                        0.31      26.55 f
  aes_top/oneround/invshift/in[20] (InvShiftRow)          0.00      26.55 f
  aes_top/oneround/invshift/U50/O (BUF1)                  0.18      26.73 f
  aes_top/oneround/invshift/out[116] (InvShiftRow)        0.00      26.73 f
  aes_top/oneround/U502/O (MUX2)                          0.34      27.08 f
  aes_top/oneround/sub96/in[84] (SubByte_96)              0.00      27.08 f
  aes_top/oneround/sub96/s1/in[4] (SubOneByte_10)         0.00      27.08 f
  aes_top/oneround/sub96/s1/m1/in[4] (MultiplyMinv_10)
                                                          0.00      27.08 f
  aes_top/oneround/sub96/s1/m1/U1/O (MOAI1S)              0.59      27.66 r
  aes_top/oneround/sub96/s1/m1/U3/O (MOAI1S)              0.16      27.83 f
  aes_top/oneround/sub96/s1/m1/out[2] (MultiplyMinv_10)
                                                          0.00      27.83 f
  aes_top/oneround/sub96/s1/c0/in[2] (AddCinv_10)         0.00      27.83 f
  aes_top/oneround/sub96/s1/c0/U2/O (INV1S)               0.14      27.97 r
  aes_top/oneround/sub96/s1/c0/out[2] (AddCinv_10)        0.00      27.97 r
  aes_top/oneround/sub96/s1/U166/O (AOI22S)               0.19      28.15 f
  aes_top/oneround/sub96/s1/U169/O (ND2S)                 0.44      28.59 r
  aes_top/oneround/sub96/s1/U170/O (INV1S)                0.28      28.87 f
  aes_top/oneround/sub96/s1/U174/O (ND2S)                 0.27      29.14 r
  aes_top/oneround/sub96/s1/U314/O (INV1S)                0.19      29.34 f
  aes_top/oneround/sub96/s1/U163/O (NR2)                  0.21      29.54 r
  aes_top/oneround/sub96/s1/U265/O (AN4B1S)               0.44      29.98 r
  aes_top/oneround/sub96/s1/U413/O (ND3)                  0.11      30.10 f
  aes_top/oneround/sub96/s1/U414/O (AOI22S)               0.21      30.30 r
  aes_top/oneround/sub96/s1/U415/O (ND2S)                 0.20      30.51 f
  aes_top/oneround/sub96/s1/m0/in[2] (MultiplyM_10)       0.00      30.51 f
  aes_top/oneround/sub96/s1/m0/U6/O (MOAI1S)              0.85      31.36 r
  aes_top/oneround/sub96/s1/m0/U13/O (MOAI1S)             0.14      31.50 f
  aes_top/oneround/sub96/s1/m0/out[4] (MultiplyM_10)      0.00      31.50 f
  aes_top/oneround/sub96/s1/c1/in[4] (AddC_10)            0.00      31.50 f
  aes_top/oneround/sub96/s1/c1/U7/O (BUF1)                0.22      31.72 f
  aes_top/oneround/sub96/s1/c1/out[4] (AddC_10)           0.00      31.72 f
  aes_top/oneround/sub96/s1/U342/O (MUX2)                 0.27      31.99 f
  aes_top/oneround/sub96/s1/out[4] (SubOneByte_10)        0.00      31.99 f
  aes_top/oneround/sub96/out[84] (SubByte_96)             0.00      31.99 f
  aes_top/oneround/U919/O (AO222)                         0.34      32.33 f
  aes_top/oneround/add/in[20] (AddRoundKey_0)             0.00      32.33 f
  aes_top/oneround/add/U107/O (MAOI1)                     0.18      32.51 r
  aes_top/oneround/add/out[20] (AddRoundKey_0)            0.00      32.51 r
  aes_top/oneround/U453/O (INV1S)                         0.19      32.70 f
  aes_top/oneround/U454/O (MOAI1S)                        1.17      33.87 r
  aes_top/oneround/mix/in[20] (MixColumn)                 0.00      33.87 r
  aes_top/oneround/mix/U208/O (INV1S)                     0.10      33.97 f
  aes_top/oneround/mix/U209/O (INV1S)                     0.31      34.28 r
  aes_top/oneround/mix/U192/O (MOAI1S)                    0.41      34.69 f
  aes_top/oneround/mix/U753/O (MOAI1S)                    0.50      35.19 f
  aes_top/oneround/mix/U754/O (MOAI1S)                    0.53      35.71 f
  aes_top/oneround/mix/U756/O (MOAI1S)                    0.36      36.07 f
  aes_top/oneround/mix/U757/O (MOAI1S)                    0.33      36.40 f
  aes_top/oneround/mix/out_inv[4] (MixColumn)             0.00      36.40 f
  aes_top/oneround/U770/O (MOAI1S)                        0.33      36.74 f
  aes_top/oneround/invshift/in[4] (InvShiftRow)           0.00      36.74 f
  aes_top/oneround/invshift/U16/O (BUF1)                  0.18      36.92 f
  aes_top/oneround/invshift/out[36] (InvShiftRow)         0.00      36.92 f
  aes_top/oneround/U497/O (MUX2)                          0.34      37.27 f
  aes_top/oneround/sub96/in[4] (SubByte_96)               0.00      37.27 f
  aes_top/oneround/sub96/s11/in[4] (SubOneByte_0)         0.00      37.27 f
  aes_top/oneround/sub96/s11/m1/in[4] (MultiplyMinv_0)
                                                          0.00      37.27 f
  aes_top/oneround/sub96/s11/m1/U1/O (MOAI1S)             0.59      37.85 r
  aes_top/oneround/sub96/s11/m1/U3/O (MOAI1S)             0.16      38.02 f
  aes_top/oneround/sub96/s11/m1/out[2] (MultiplyMinv_0)
                                                          0.00      38.02 f
  aes_top/oneround/sub96/s11/c0/in[2] (AddCinv_0)         0.00      38.02 f
  aes_top/oneround/sub96/s11/c0/U2/O (INV1S)              0.12      38.13 r
  aes_top/oneround/sub96/s11/c0/out[2] (AddCinv_0)        0.00      38.13 r
  aes_top/oneround/sub96/s11/U445/O (MUX2)                0.28      38.41 r
  aes_top/oneround/sub96/s11/U450/O (INV1S)               0.17      38.58 f
  aes_top/oneround/sub96/s11/U47/O (ND2S)                 0.46      39.04 r
  aes_top/oneround/sub96/s11/U135/O (INV1S)               0.22      39.26 f
  aes_top/oneround/sub96/s11/U137/O (ND2S)                0.40      39.66 r
  aes_top/oneround/sub96/s11/U138/O (INV1S)               0.17      39.82 f
  aes_top/oneround/sub96/s11/U163/O (NR2)                 0.18      40.00 r
  aes_top/oneround/sub96/s11/U318/O (AN4B1S)              0.35      40.35 r
  aes_top/oneround/sub96/s11/U322/O (AN2)                 0.21      40.56 r
  aes_top/oneround/sub96/s11/U356/O (AN4B1S)              0.23      40.79 r
  aes_top/oneround/sub96/s11/U357/O (ND3)                 0.10      40.90 f
  aes_top/oneround/sub96/s11/U382/O (AOI22S)              0.22      41.12 r
  aes_top/oneround/sub96/s11/U400/O (ND2S)                0.21      41.33 f
  aes_top/oneround/sub96/s11/m0/in[2] (MultiplyM_0)       0.00      41.33 f
  aes_top/oneround/sub96/s11/m0/U6/O (MOAI1S)             0.85      42.18 r
  aes_top/oneround/sub96/s11/m0/U15/O (MOAI1S)            0.14      42.32 f
  aes_top/oneround/sub96/s11/m0/out[4] (MultiplyM_0)      0.00      42.32 f
  aes_top/oneround/sub96/s11/c1/in[4] (AddC_0)            0.00      42.32 f
  aes_top/oneround/sub96/s11/c1/U7/O (BUF1)               0.22      42.54 f
  aes_top/oneround/sub96/s11/c1/out[4] (AddC_0)           0.00      42.54 f
  aes_top/oneround/sub96/s11/U342/O (MUX2)                0.27      42.81 f
  aes_top/oneround/sub96/s11/out[4] (SubOneByte_0)        0.00      42.81 f
  aes_top/oneround/sub96/out[4] (SubByte_96)              0.00      42.81 f
  aes_top/oneround/U894/O (AO222)                         0.34      43.15 f
  aes_top/oneround/add/in[4] (AddRoundKey_0)              0.00      43.15 f
  aes_top/oneround/add/U110/O (MAOI1)                     0.18      43.33 r
  aes_top/oneround/add/out[4] (AddRoundKey_0)             0.00      43.33 r
  aes_top/oneround/U556/O (INV1S)                         0.19      43.52 f
  aes_top/oneround/U19/O (MOAI1S)                         1.11      44.63 r
  aes_top/oneround/mix/in[4] (MixColumn)                  0.00      44.63 r
  aes_top/oneround/mix/U8/O (INV1S)                       0.10      44.72 f
  aes_top/oneround/mix/U10/O (INV1S)                      0.25      44.97 r
  aes_top/oneround/mix/U821/O (MOAI1S)                    0.22      45.20 f
  aes_top/oneround/mix/U872/O (MOAI1S)                    0.34      45.54 f
  aes_top/oneround/mix/out[12] (MixColumn)                0.00      45.54 f
  aes_top/oneround/U908/O (AO222)                         0.46      45.99 f
  aes_top/oneround/add/in[12] (AddRoundKey_0)             0.00      45.99 f
  aes_top/oneround/add/U109/O (MAOI1)                     0.23      46.22 f
  aes_top/oneround/add/out[12] (AddRoundKey_0)            0.00      46.22 f
  aes_top/oneround/U498/O (INV1S)                         0.20      46.42 r
  aes_top/oneround/U499/O (MOAI1S)                        0.15      46.57 f
  aes_top/oneround/U500/O (MUX2)                          0.39      46.96 f
  aes_top/oneround/sub96/in[44] (SubByte_96)              0.00      46.96 f
  aes_top/oneround/sub96/s6/in[4] (SubOneByte_5)          0.00      46.96 f
  aes_top/oneround/sub96/s6/m1/in[4] (MultiplyMinv_5)     0.00      46.96 f
  aes_top/oneround/sub96/s6/m1/U1/O (MOAI1S)              0.59      47.55 r
  aes_top/oneround/sub96/s6/m1/U3/O (MOAI1S)              0.22      47.76 r
  aes_top/oneround/sub96/s6/m1/out[2] (MultiplyMinv_5)
                                                          0.00      47.76 r
  aes_top/oneround/sub96/s6/c0/in[2] (AddCinv_5)          0.00      47.76 r
  aes_top/oneround/sub96/s6/c0/U2/O (INV1S)               0.11      47.88 f
  aes_top/oneround/sub96/s6/c0/out[2] (AddCinv_5)         0.00      47.88 f
  aes_top/oneround/sub96/s6/U66/O (AOI22S)                0.40      48.27 r
  aes_top/oneround/sub96/s6/U468/O (NR2)                  0.14      48.41 f
  aes_top/oneround/sub96/s6/U9/O (ND2S)                   0.31      48.72 r
  aes_top/oneround/sub96/s6/U54/O (INV1S)                 0.31      49.03 f
  aes_top/oneround/sub96/s6/U56/O (ND2S)                  0.45      49.48 r
  aes_top/oneround/sub96/s6/U180/O (INV1S)                0.28      49.76 f
  aes_top/oneround/sub96/s6/U204/O (NR2)                  0.19      49.96 r
  aes_top/oneround/sub96/s6/U207/O (ND3)                  0.09      50.04 f
  aes_top/oneround/sub96/s6/U208/O (NR3)                  0.32      50.37 r
  aes_top/oneround/sub96/s6/U209/O (ND3)                  0.10      50.47 f
  aes_top/oneround/sub96/s6/U210/O (NR3)                  0.25      50.72 r
  aes_top/oneround/sub96/s6/U287/O (ND3)                  0.11      50.83 f
  aes_top/oneround/sub96/s6/U391/O (AOI22S)               0.20      51.03 r
  aes_top/oneround/sub96/s6/U412/O (ND2S)                 0.20      51.23 f
  aes_top/oneround/sub96/s6/m0/in[2] (MultiplyM_5)        0.00      51.23 f
  aes_top/oneround/sub96/s6/m0/U6/O (MOAI1S)              0.84      52.07 r
  aes_top/oneround/sub96/s6/m0/U16/O (MOAI1S)             0.10      52.17 f
  aes_top/oneround/sub96/s6/m0/out[2] (MultiplyM_5)       0.00      52.17 f
  aes_top/oneround/sub96/s6/c1/in[2] (AddC_5)             0.00      52.17 f
  aes_top/oneround/sub96/s6/c1/U5/O (BUF1)                0.21      52.39 f
  aes_top/oneround/sub96/s6/c1/out[2] (AddC_5)            0.00      52.39 f
  aes_top/oneround/sub96/s6/U413/O (MUX2)                 0.27      52.66 f
  aes_top/oneround/sub96/s6/out[2] (SubOneByte_5)         0.00      52.66 f
  aes_top/oneround/sub96/out[42] (SubByte_96)             0.00      52.66 f
  aes_top/oneround/U906/O (AO222)                         0.34      53.00 f
  aes_top/oneround/add/in[10] (AddRoundKey_0)             0.00      53.00 f
  aes_top/oneround/add/U103/O (MAOI1)                     0.18      53.18 r
  aes_top/oneround/add/out[10] (AddRoundKey_0)            0.00      53.18 r
  aes_top/oneround/U436/O (INV1S)                         0.19      53.37 f
  aes_top/oneround/U21/O (MOAI1S)                         1.26      54.63 r
  aes_top/oneround/mix/in[10] (MixColumn)                 0.00      54.63 r
  aes_top/oneround/mix/U22/O (INV1S)                      0.10      54.72 f
  aes_top/oneround/mix/U24/O (INV1S)                      0.21      54.93 r
  aes_top/oneround/mix/U548/O (MOAI1S)                    0.28      55.21 f
  aes_top/oneround/mix/U197/O (INV1S)                     0.14      55.35 r
  aes_top/oneround/mix/U198/O (INV1S)                     0.21      55.56 f
  aes_top/oneround/mix/U782/O (MOAI1S)                    0.38      55.94 f
  aes_top/oneround/mix/U791/O (MOAI1S)                    0.35      56.29 f
  aes_top/oneround/mix/U792/O (MOAI1S)                    0.36      56.65 f
  aes_top/oneround/mix/U794/O (MOAI1S)                    0.31      56.95 f
  aes_top/oneround/mix/out_inv[19] (MixColumn)            0.00      56.95 f
  aes_top/oneround/U755/O (MOAI1S)                        0.31      57.27 f
  aes_top/oneround/invshift/in[19] (InvShiftRow)          0.00      57.27 f
  aes_top/oneround/invshift/U49/O (BUF1)                  0.18      57.45 f
  aes_top/oneround/invshift/out[115] (InvShiftRow)        0.00      57.45 f
  aes_top/oneround/U885/O (MUX2)                          0.34      57.79 f
  aes_top/oneround/sub96/in[83] (SubByte_96)              0.00      57.79 f
  aes_top/oneround/sub96/s1/in[3] (SubOneByte_10)         0.00      57.79 f
  aes_top/oneround/sub96/s1/m1/in[3] (MultiplyMinv_10)
                                                          0.00      57.79 f
  aes_top/oneround/sub96/s1/m1/U10/O (MOAI1S)             0.58      58.38 r
  aes_top/oneround/sub96/s1/m1/U11/O (MOAI1S)             0.21      58.58 r
  aes_top/oneround/sub96/s1/m1/out[6] (MultiplyMinv_10)
                                                          0.00      58.58 r
  aes_top/oneround/sub96/s1/c0/in[6] (AddCinv_10)         0.00      58.58 r
  aes_top/oneround/sub96/s1/c0/U8/O (BUF1)                0.14      58.73 r
  aes_top/oneround/sub96/s1/c0/out[6] (AddCinv_10)        0.00      58.73 r
  aes_top/oneround/sub96/s1/U270/O (MUX2)                 0.26      58.98 r
  aes_top/oneround/sub96/s1/U451/O (INV1S)                0.15      59.14 f
  aes_top/oneround/sub96/s1/U22/O (AN2)                   0.25      59.38 f
  aes_top/oneround/sub96/s1/U71/O (ND2S)                  0.39      59.77 r
  aes_top/oneround/sub96/s1/U248/O (INV1S)                0.21      59.98 f
  aes_top/oneround/sub96/s1/U250/O (ND2S)                 0.31      60.29 r
  aes_top/oneround/sub96/s1/U252/O (OR2B1S)               0.13      60.42 f
  aes_top/oneround/sub96/s1/U256/O (OR3B2S)               0.20      60.63 f
  aes_top/oneround/sub96/s1/U258/O (AN4B1S)               0.29      60.91 r
  aes_top/oneround/sub96/s1/U347/O (ND3)                  0.11      61.03 f
  aes_top/oneround/sub96/s1/U323/O (AOI22S)               0.22      61.25 r
  aes_top/oneround/sub96/s1/U418/O (ND2S)                 0.22      61.47 f
  aes_top/oneround/sub96/s1/m0/in[4] (MultiplyM_10)       0.00      61.47 f
  aes_top/oneround/sub96/s1/m0/U15/O (MOAI1S)             0.27      61.74 r
  aes_top/oneround/sub96/s1/m0/out[0] (MultiplyM_10)      0.00      61.74 r
  aes_top/oneround/sub96/s1/c1/in[0] (AddC_10)            0.00      61.74 r
  aes_top/oneround/sub96/s1/c1/U1/O (INV1S)               0.09      61.83 f
  aes_top/oneround/sub96/s1/c1/out[0] (AddC_10)           0.00      61.83 f
  aes_top/oneround/sub96/s1/U427/O (MUX2)                 0.29      62.12 f
  aes_top/oneround/sub96/s1/out[0] (SubOneByte_10)        0.00      62.12 f
  aes_top/oneround/sub96/out[80] (SubByte_96)             0.00      62.12 f
  aes_top/oneround/U914/O (AO222)                         0.34      62.46 f
  aes_top/oneround/add/in[16] (AddRoundKey_0)             0.00      62.46 f
  aes_top/oneround/add/U126/O (MAOI1)                     0.23      62.69 f
  aes_top/oneround/add/out[16] (AddRoundKey_0)            0.00      62.69 f
  aes_top/oneround/U417/O (INV1S)                         0.20      62.89 r
  aes_top/oneround/U419/O (MOAI1S)                        0.15      63.04 f
  aes_top/oneround/U423/O (MUX2)                          0.38      63.42 f
  aes_top/oneround/sub96/in[80] (SubByte_96)              0.00      63.42 f
  aes_top/oneround/sub96/s1/in[0] (SubOneByte_10)         0.00      63.42 f
  aes_top/oneround/sub96/s1/U271/O (MUX2)                 0.33      63.75 f
  aes_top/oneround/sub96/s1/U272/O (ND2S)                 0.24      63.99 r
  aes_top/oneround/sub96/s1/U45/O (OR2)                   0.32      64.31 r
  aes_top/oneround/sub96/s1/U259/O (NR2)                  0.13      64.44 f
  aes_top/oneround/sub96/s1/U262/O (AN4B1S)               0.16      64.60 r
  aes_top/oneround/sub96/s1/U263/O (ND3)                  0.10      64.70 f
  aes_top/oneround/sub96/s1/U417/O (AOI22S)               0.23      64.93 r
  aes_top/oneround/sub96/s1/U387/O (ND2S)                 0.22      65.15 f
  aes_top/oneround/sub96/s1/m0/in[0] (MultiplyM_10)       0.00      65.15 f
  aes_top/oneround/sub96/s1/m0/U5/O (MOAI1S)              0.60      65.75 r
  aes_top/oneround/sub96/s1/m0/U8/O (MOAI1S)              0.21      65.96 r
  aes_top/oneround/sub96/s1/m0/out[1] (MultiplyM_10)      0.00      65.96 r
  aes_top/oneround/sub96/s1/c1/in[1] (AddC_10)            0.00      65.96 r
  aes_top/oneround/sub96/s1/c1/U2/O (INV1S)               0.09      66.05 f
  aes_top/oneround/sub96/s1/c1/out[1] (AddC_10)           0.00      66.05 f
  aes_top/oneround/sub96/s1/U410/O (MUX2)                 0.29      66.34 f
  aes_top/oneround/sub96/s1/out[1] (SubOneByte_10)        0.00      66.34 f
  aes_top/oneround/sub96/out[81] (SubByte_96)             0.00      66.34 f
  aes_top/oneround/U915/O (AO222)                         0.34      66.68 f
  aes_top/oneround/add/in[17] (AddRoundKey_0)             0.00      66.68 f
  aes_top/oneround/add/U100/O (MAOI1)                     0.18      66.86 r
  aes_top/oneround/add/out[17] (AddRoundKey_0)            0.00      66.86 r
  aes_top/oneround/U425/O (INV1S)                         0.19      67.05 f
  aes_top/oneround/U426/O (MOAI1S)                        0.29      67.34 r
  aes_top/oneround/U428/O (MUX2)                          0.38      67.72 r
  aes_top/oneround/sub96/in[81] (SubByte_96)              0.00      67.72 r
  aes_top/oneround/sub96/s1/in[1] (SubOneByte_10)         0.00      67.72 r
  aes_top/oneround/sub96/s1/U267/O (MUX2)                 0.30      68.02 r
  aes_top/oneround/sub96/s1/U268/O (INV1S)                0.17      68.19 f
  aes_top/oneround/sub96/s1/U273/O (NR2)                  0.48      68.68 r
  aes_top/oneround/sub96/s1/U274/O (INV1S)                0.30      68.98 f
  aes_top/oneround/sub96/s1/U275/O (NR2)                  0.43      69.41 r
  aes_top/oneround/sub96/s1/U278/O (NR3)                  0.35      69.75 f
  aes_top/oneround/sub96/s1/U279/O (AN3S)                 0.33      70.09 f
  aes_top/oneround/sub96/s1/U401/O (ND3)                  0.13      70.22 r
  aes_top/oneround/sub96/s1/U402/O (AOI22S)               0.08      70.30 f
  aes_top/oneround/sub96/s1/U403/O (ND2S)                 0.32      70.62 r
  aes_top/oneround/sub96/s1/m0/in[1] (MultiplyM_10)       0.00      70.62 r
  aes_top/oneround/sub96/s1/m0/U10/O (MOAI1S)             0.23      70.85 r
  aes_top/oneround/sub96/s1/m0/out[5] (MultiplyM_10)      0.00      70.85 r
  aes_top/oneround/sub96/s1/c1/in[5] (AddC_10)            0.00      70.85 r
  aes_top/oneround/sub96/s1/c1/U3/O (INV1S)               0.09      70.93 f
  aes_top/oneround/sub96/s1/c1/out[5] (AddC_10)           0.00      70.93 f
  aes_top/oneround/sub96/s1/U301/O (MUX2)                 0.29      71.22 f
  aes_top/oneround/sub96/s1/out[5] (SubOneByte_10)        0.00      71.22 f
  aes_top/oneround/sub96/out[85] (SubByte_96)             0.00      71.22 f
  aes_top/oneround/U921/O (AO222)                         0.34      71.56 f
  aes_top/oneround/add/in[21] (AddRoundKey_0)             0.00      71.56 f
  aes_top/oneround/add/U106/O (MAOI1)                     0.24      71.80 f
  aes_top/oneround/add/out[21] (AddRoundKey_0)            0.00      71.80 f
  aes_top/oneround/U449/O (INV1S)                         0.20      72.00 r
  aes_top/oneround/U451/O (MOAI1S)                        0.15      72.15 f
  aes_top/oneround/U452/O (MUX2)                          0.38      72.53 f
  aes_top/oneround/sub96/in[85] (SubByte_96)              0.00      72.53 f
  aes_top/oneround/sub96/s1/in[5] (SubOneByte_10)         0.00      72.53 f
  aes_top/oneround/sub96/s1/U363/O (MUX2)                 0.31      72.84 f
  aes_top/oneround/sub96/s1/U364/O (INV1S)                0.18      73.02 r
  aes_top/oneround/sub96/s1/U157/O (NR2)                  0.08      73.10 f
  aes_top/oneround/sub96/s1/U1/O (INV1S)                  0.12      73.22 r
  aes_top/oneround/sub96/s1/U4/O (INV1S)                  0.32      73.54 f
  aes_top/oneround/sub96/s1/U359/O (AOI22S)               0.23      73.77 r
  aes_top/oneround/sub96/s1/U358/O (ND2S)                 0.21      73.98 f
  aes_top/oneround/sub96/s1/m0/in[3] (MultiplyM_10)       0.00      73.98 f
  aes_top/oneround/sub96/s1/m0/U11/O (MOAI1S)             0.33      74.31 f
  aes_top/oneround/sub96/s1/m0/U12/O (MOAI1S)             0.32      74.63 f
  aes_top/oneround/sub96/s1/m0/out[3] (MultiplyM_10)      0.00      74.63 f
  aes_top/oneround/sub96/s1/c1/in[3] (AddC_10)            0.00      74.63 f
  aes_top/oneround/sub96/s1/c1/U5/O (BUF1)                0.18      74.82 f
  aes_top/oneround/sub96/s1/c1/out[3] (AddC_10)           0.00      74.82 f
  aes_top/oneround/sub96/s1/U416/O (MUX2)                 0.27      75.09 f
  aes_top/oneround/sub96/s1/out[3] (SubOneByte_10)        0.00      75.09 f
  aes_top/oneround/sub96/out[83] (SubByte_96)             0.00      75.09 f
  aes_top/oneround/U918/O (AO222)                         0.34      75.43 f
  aes_top/oneround/add/in[19] (AddRoundKey_0)             0.00      75.43 f
  aes_top/oneround/add/U101/O (MAOI1)                     0.18      75.61 r
  aes_top/oneround/add/out[19] (AddRoundKey_0)            0.00      75.61 r
  aes_top/oneround/U142/O (INV1S)                         0.19      75.80 f
  aes_top/oneround/U146/O (MOAI1S)                        1.23      77.03 r
  aes_top/oneround/mix/in[19] (MixColumn)                 0.00      77.03 r
  aes_top/oneround/mix/U472/O (MOAI1S)                    0.27      77.30 f
  aes_top/oneround/mix/U194/O (INV1S)                     0.17      77.48 r
  aes_top/oneround/mix/U195/O (INV1S)                     0.25      77.72 f
  aes_top/oneround/mix/U473/O (MOAI1S)                    0.84      78.57 r
  aes_top/oneround/mix/U474/O (MOAI1S)                    0.49      79.05 f
  aes_top/oneround/mix/U764/O (MOAI1S)                    0.39      79.45 f
  aes_top/oneround/mix/out_inv[6] (MixColumn)             0.00      79.45 f
  aes_top/oneround/U768/O (MOAI1S)                        0.33      79.78 f
  aes_top/oneround/invshift/in[6] (InvShiftRow)           0.00      79.78 f
  aes_top/oneround/invshift/U44/O (BUF1)                  0.18      79.97 f
  aes_top/oneround/invshift/out[38] (InvShiftRow)         0.00      79.97 f
  aes_top/oneround/U414/O (MUX2)                          0.34      80.31 f
  aes_top/oneround/sub96/in[6] (SubByte_96)               0.00      80.31 f
  aes_top/oneround/sub96/s11/in[6] (SubOneByte_0)         0.00      80.31 f
  aes_top/oneround/sub96/s11/m1/in[6] (MultiplyMinv_0)
                                                          0.00      80.31 f
  aes_top/oneround/sub96/s11/m1/U7/O (MOAI1S)             0.58      80.89 r
  aes_top/oneround/sub96/s11/m1/U9/O (MOAI1S)             0.15      81.04 f
  aes_top/oneround/sub96/s11/m1/out[4] (MultiplyMinv_0)
                                                          0.00      81.04 f
  aes_top/oneround/sub96/s11/c0/in[4] (AddCinv_0)         0.00      81.04 f
  aes_top/oneround/sub96/s11/c0/U6/O (BUF1)               0.21      81.25 f
  aes_top/oneround/sub96/s11/c0/out[4] (AddCinv_0)        0.00      81.25 f
  aes_top/oneround/sub96/s11/U443/O (AOI22S)              0.35      81.60 r
  aes_top/oneround/sub96/s11/U444/O (AN2)                 0.35      81.95 r
  aes_top/oneround/sub96/s11/U446/O (ND2S)                0.22      82.18 f
  aes_top/oneround/sub96/s11/U76/O (NR2)                  0.30      82.48 r
  aes_top/oneround/sub96/s11/U175/O (NR2)                 0.13      82.61 f
  aes_top/oneround/sub96/s11/U187/O (AN4B1S)              0.27      82.89 f
  aes_top/oneround/sub96/s11/U354/O (ND3)                 0.15      83.04 r
  aes_top/oneround/sub96/s11/U359/O (AOI22S)              0.11      83.15 f
  aes_top/oneround/sub96/s11/U401/O (ND2S)                0.31      83.46 r
  aes_top/oneround/sub96/s11/m0/in[3] (MultiplyM_0)       0.00      83.46 r
  aes_top/oneround/sub96/s11/m0/U12/O (MOAI1S)            0.19      83.65 f
  aes_top/oneround/sub96/s11/m0/U13/O (MOAI1S)            0.29      83.94 f
  aes_top/oneround/sub96/s11/m0/out[3] (MultiplyM_0)      0.00      83.94 f
  aes_top/oneround/sub96/s11/c1/in[3] (AddC_0)            0.00      83.94 f
  aes_top/oneround/sub96/s11/c1/U6/O (BUF1)               0.21      84.15 f
  aes_top/oneround/sub96/s11/c1/out[3] (AddC_0)           0.00      84.15 f
  aes_top/oneround/sub96/s11/U402/O (MUX2)                0.27      84.43 f
  aes_top/oneround/sub96/s11/out[3] (SubOneByte_0)        0.00      84.43 f
  aes_top/oneround/sub96/out[3] (SubByte_96)              0.00      84.43 f
  aes_top/oneround/U893/O (AO222)                         0.34      84.77 f
  aes_top/oneround/add/in[3] (AddRoundKey_0)              0.00      84.77 f
  aes_top/oneround/add/U125/O (MAOI1)                     0.23      85.00 f
  aes_top/oneround/add/out[3] (AddRoundKey_0)             0.00      85.00 f
  aes_top/oneround/U559/O (INV1S)                         0.21      85.21 r
  aes_top/oneround/U840/O (MOAI1S)                        0.15      85.36 f
  aes_top/oneround/U841/O (MUX2)                          0.39      85.75 f
  aes_top/oneround/sub96/in[3] (SubByte_96)               0.00      85.75 f
  aes_top/oneround/sub96/s11/in[3] (SubOneByte_0)         0.00      85.75 f
  aes_top/oneround/sub96/s11/m1/in[3] (MultiplyMinv_0)
                                                          0.00      85.75 f
  aes_top/oneround/sub96/s11/m1/U10/O (MOAI1S)            0.58      86.33 r
  aes_top/oneround/sub96/s11/m1/U11/O (MOAI1S)            0.21      86.54 r
  aes_top/oneround/sub96/s11/m1/out[6] (MultiplyMinv_0)
                                                          0.00      86.54 r
  aes_top/oneround/sub96/s11/c0/in[6] (AddCinv_0)         0.00      86.54 r
  aes_top/oneround/sub96/s11/c0/U8/O (BUF1)               0.14      86.69 r
  aes_top/oneround/sub96/s11/c0/out[6] (AddCinv_0)        0.00      86.69 r
  aes_top/oneround/sub96/s11/U210/O (MUX2)                0.26      86.94 r
  aes_top/oneround/sub96/s11/U448/O (INV1S)               0.15      87.10 f
  aes_top/oneround/sub96/s11/U22/O (AN2)                  0.25      87.34 f
  aes_top/oneround/sub96/s11/U71/O (ND2S)                 0.39      87.73 r
  aes_top/oneround/sub96/s11/U35/O (INV1S)                0.21      87.94 f
  aes_top/oneround/sub96/s11/U39/O (ND2S)                 0.43      88.37 r
  aes_top/oneround/sub96/s11/U309/O (ND2S)                0.13      88.50 f
  aes_top/oneround/sub96/s11/U311/O (AN4B1S)              0.28      88.79 r
  aes_top/oneround/sub96/s11/U317/O (ND3)                 0.11      88.90 f
  aes_top/oneround/sub96/s11/U323/O (AOI22S)              0.22      89.12 r
  aes_top/oneround/sub96/s11/U409/O (ND2S)                0.21      89.34 f
  aes_top/oneround/sub96/s11/m0/in[4] (MultiplyM_0)       0.00      89.34 f
  aes_top/oneround/sub96/s11/m0/U16/O (MOAI1S)            0.27      89.61 r
  aes_top/oneround/sub96/s11/m0/out[0] (MultiplyM_0)      0.00      89.61 r
  aes_top/oneround/sub96/s11/c1/in[0] (AddC_0)            0.00      89.61 r
  aes_top/oneround/sub96/s11/c1/U1/O (INV1S)              0.09      89.70 f
  aes_top/oneround/sub96/s11/c1/out[0] (AddC_0)           0.00      89.70 f
  aes_top/oneround/sub96/s11/U427/O (MUX2)                0.29      89.99 f
  aes_top/oneround/sub96/s11/out[0] (SubOneByte_0)        0.00      89.99 f
  aes_top/oneround/sub96/out[0] (SubByte_96)              0.00      89.99 f
  aes_top/oneround/U887/O (AO222)                         0.40      90.38 f
  aes_top/oneround/add/in[0] (AddRoundKey_0)              0.00      90.38 f
  aes_top/oneround/add/U27/O (MAOI1)                      0.23      90.62 f
  aes_top/oneround/add/out[0] (AddRoundKey_0)             0.00      90.62 f
  aes_top/oneround/U391/O (INV1S)                         0.21      90.83 r
  aes_top/oneround/U395/O (MOAI1S)                        0.15      90.98 f
  aes_top/oneround/U399/O (MUX2)                          0.38      91.36 f
  aes_top/oneround/sub96/in[0] (SubByte_96)               0.00      91.36 f
  aes_top/oneround/sub96/s11/in[0] (SubOneByte_0)         0.00      91.36 f
  aes_top/oneround/sub96/s11/U211/O (MUX2)                0.33      91.70 f
  aes_top/oneround/sub96/s11/U213/O (ND2S)                0.24      91.93 r
  aes_top/oneround/sub96/s11/U45/O (OR2)                  0.29      92.22 r
  aes_top/oneround/sub96/s11/U347/O (NR2)                 0.12      92.34 f
  aes_top/oneround/sub96/s11/U348/O (NR2)                 0.15      92.50 r
  aes_top/oneround/sub96/s11/U350/O (ND3)                 0.10      92.60 f
  aes_top/oneround/sub96/s11/U417/O (AOI22S)              0.22      92.81 r
  aes_top/oneround/sub96/s11/U392/O (ND2S)                0.21      93.03 f
  aes_top/oneround/sub96/s11/m0/in[0] (MultiplyM_0)       0.00      93.03 f
  aes_top/oneround/sub96/s11/m0/U5/O (MOAI1S)             0.60      93.63 r
  aes_top/oneround/sub96/s11/m0/U8/O (MOAI1S)             0.21      93.84 r
  aes_top/oneround/sub96/s11/m0/out[1] (MultiplyM_0)      0.00      93.84 r
  aes_top/oneround/sub96/s11/c1/in[1] (AddC_0)            0.00      93.84 r
  aes_top/oneround/sub96/s11/c1/U2/O (INV1S)              0.09      93.93 f
  aes_top/oneround/sub96/s11/c1/out[1] (AddC_0)           0.00      93.93 f
  aes_top/oneround/sub96/s11/U410/O (MUX2)                0.29      94.22 f
  aes_top/oneround/sub96/s11/out[1] (SubOneByte_0)        0.00      94.22 f
  aes_top/oneround/sub96/out[1] (SubByte_96)              0.00      94.22 f
  aes_top/oneround/U889/O (AO222)                         0.34      94.56 f
  aes_top/oneround/add/in[1] (AddRoundKey_0)              0.00      94.56 f
  aes_top/oneround/add/U98/O (MAOI1)                      0.18      94.74 r
  aes_top/oneround/add/out[1] (AddRoundKey_0)             0.00      94.74 r
  aes_top/oneround/U401/O (INV1S)                         0.19      94.93 f
  aes_top/oneround/U402/O (MOAI1S)                        0.29      95.22 r
  aes_top/oneround/U403/O (MUX2)                          0.38      95.60 r
  aes_top/oneround/sub96/in[1] (SubByte_96)               0.00      95.60 r
  aes_top/oneround/sub96/s11/in[1] (SubOneByte_0)         0.00      95.60 r
  aes_top/oneround/sub96/s11/U207/O (MUX2)                0.30      95.90 r
  aes_top/oneround/sub96/s11/U208/O (INV1S)               0.17      96.07 f
  aes_top/oneround/sub96/s11/U214/O (NR2)                 0.48      96.55 r
  aes_top/oneround/sub96/s11/U215/O (INV1S)               0.30      96.86 f
  aes_top/oneround/sub96/s11/U216/O (NR2)                 0.43      97.29 r
  aes_top/oneround/sub96/s11/U302/O (AN4B1S)              0.28      97.57 f
  aes_top/oneround/sub96/s11/U303/O (AN3S)                0.32      97.89 f
  aes_top/oneround/sub96/s11/U308/O (ND3)                 0.14      98.03 r
  aes_top/oneround/sub96/s11/U399/O (AOI22S)              0.11      98.13 f
  aes_top/oneround/sub96/s11/U398/O (ND2S)                0.30      98.43 r
  aes_top/oneround/sub96/s11/m0/in[1] (MultiplyM_0)       0.00      98.43 r
  aes_top/oneround/sub96/s11/m0/U10/O (MOAI1S)            0.23      98.66 r
  aes_top/oneround/sub96/s11/m0/out[5] (MultiplyM_0)      0.00      98.66 r
  aes_top/oneround/sub96/s11/c1/in[5] (AddC_0)            0.00      98.66 r
  aes_top/oneround/sub96/s11/c1/U3/O (INV1S)              0.09      98.75 f
  aes_top/oneround/sub96/s11/c1/out[5] (AddC_0)           0.00      98.75 f
  aes_top/oneround/sub96/s11/U301/O (MUX2)                0.29      99.04 f
  aes_top/oneround/sub96/s11/out[5] (SubOneByte_0)        0.00      99.04 f
  aes_top/oneround/sub96/out[5] (SubByte_96)              0.00      99.04 f
  aes_top/oneround/U895/O (AO222)                         0.34      99.37 f
  aes_top/oneround/add/in[5] (AddRoundKey_0)              0.00      99.37 f
  aes_top/oneround/add/U35/O (MAOI1)                      0.24      99.61 f
  aes_top/oneround/add/out[5] (AddRoundKey_0)             0.00      99.61 f
  aes_top/oneround/U491/O (INV1S)                         0.21      99.82 r
  aes_top/oneround/U492/O (MOAI1S)                        0.15      99.97 f
  aes_top/oneround/U493/O (MUX2)                          0.38     100.36 f
  aes_top/oneround/sub96/in[5] (SubByte_96)               0.00     100.36 f
  aes_top/oneround/sub96/s11/in[5] (SubOneByte_0)         0.00     100.36 f
  aes_top/oneround/sub96/s11/U415/O (MUX2)                0.31     100.67 f
  aes_top/oneround/sub96/s11/U3/O (NR2)                   0.46     101.12 r
  aes_top/oneround/sub96/s11/U379/O (AOI22S)              0.09     101.22 f
  aes_top/oneround/sub96/s11/U380/O (ND2S)                0.32     101.54 r
  aes_top/oneround/sub96/s11/m0/in[6] (MultiplyM_0)       0.00     101.54 r
  aes_top/oneround/sub96/s11/m0/U11/O (MOAI1S)            0.23     101.77 r
  aes_top/oneround/sub96/s11/m0/out[6] (MultiplyM_0)      0.00     101.77 r
  aes_top/oneround/sub96/s11/c1/in[6] (AddC_0)            0.00     101.77 r
  aes_top/oneround/sub96/s11/c1/U4/O (INV1S)              0.09     101.85 f
  aes_top/oneround/sub96/s11/c1/out[6] (AddC_0)           0.00     101.85 f
  aes_top/oneround/sub96/s11/U436/O (MUX2)                0.29     102.15 f
  aes_top/oneround/sub96/s11/out[6] (SubOneByte_0)        0.00     102.15 f
  aes_top/oneround/sub96/out[6] (SubByte_96)              0.00     102.15 f
  aes_top/oneround/U897/O (AO222)                         0.34     102.49 f
  aes_top/oneround/add/in[6] (AddRoundKey_0)              0.00     102.49 f
  aes_top/oneround/add/U124/O (MAOI1)                     0.18     102.66 r
  aes_top/oneround/add/out[6] (AddRoundKey_0)             0.00     102.66 r
  aes_top/oneround/U381/O (INV1S)                         0.19     102.86 f
  aes_top/oneround/U383/O (MOAI1S)                        1.24     104.10 r
  aes_top/oneround/mix/in[6] (MixColumn)                  0.00     104.10 r
  aes_top/oneround/mix/U765/O (MOAI1S)                    0.51     104.61 f
  aes_top/oneround/mix/U725/O (MOAI1S)                    0.47     105.08 f
  aes_top/oneround/mix/U553/O (MOAI1S)                    0.67     105.75 r
  aes_top/oneround/mix/U800/O (MOAI1S)                    0.18     105.93 f
  aes_top/oneround/mix/out_inv[7] (MixColumn)             0.00     105.93 f
  aes_top/oneround/U767/O (MOAI1S)                        0.32     106.25 f
  aes_top/oneround/invshift/in[7] (InvShiftRow)           0.00     106.25 f
  aes_top/oneround/invshift/U45/O (BUF1)                  0.18     106.44 f
  aes_top/oneround/invshift/out[39] (InvShiftRow)         0.00     106.44 f
  aes_top/oneround/U496/O (MUX2)                          0.34     106.78 f
  aes_top/oneround/sub96/in[7] (SubByte_96)               0.00     106.78 f
  aes_top/oneround/sub96/s11/in[7] (SubOneByte_0)         0.00     106.78 f
  aes_top/oneround/sub96/s11/U413/O (MUX2)                0.31     107.09 f
  aes_top/oneround/sub96/s11/U414/O (INV1S)               0.19     107.27 r
  aes_top/oneround/sub96/s11/U16/O (NR2)                  0.19     107.47 f
  aes_top/oneround/sub96/s11/U425/O (AOI22S)              0.19     107.65 r
  aes_top/oneround/sub96/s11/U435/O (ND2S)                0.21     107.86 f
  aes_top/oneround/sub96/s11/m0/in[5] (MultiplyM_0)       0.00     107.86 f
  aes_top/oneround/sub96/s11/m0/U2/O (MOAI1S)             0.84     108.71 r
  aes_top/oneround/sub96/s11/m0/U17/O (MOAI1S)            0.14     108.85 f
  aes_top/oneround/sub96/s11/m0/out[7] (MultiplyM_0)      0.00     108.85 f
  aes_top/oneround/sub96/s11/c1/in[7] (AddC_0)            0.00     108.85 f
  aes_top/oneround/sub96/s11/c1/U8/O (BUF1)               0.22     109.07 f
  aes_top/oneround/sub96/s11/c1/out[7] (AddC_0)           0.00     109.07 f
  aes_top/oneround/sub96/s11/U438/O (MUX2)                0.27     109.34 f
  aes_top/oneround/sub96/s11/out[7] (SubOneByte_0)        0.00     109.34 f
  aes_top/oneround/sub96/out[7] (SubByte_96)              0.00     109.34 f
  aes_top/oneround/U898/O (AO222)                         0.34     109.68 f
  aes_top/oneround/add/in[7] (AddRoundKey_0)              0.00     109.68 f
  aes_top/oneround/add/U34/O (MAOI1)                      0.18     109.86 r
  aes_top/oneround/add/out[7] (AddRoundKey_0)             0.00     109.86 r
  aes_top/oneround/U555/O (INV1S)                         0.19     110.05 f
  aes_top/oneround/U20/O (MOAI1S)                         1.11     111.16 r
  aes_top/oneround/mix/in[7] (MixColumn)                  0.00     111.16 r
  aes_top/oneround/mix/U545/O (MOAI1S)                    0.39     111.55 f
  aes_top/oneround/mix/U547/O (MOAI1S)                    0.52     112.08 f
  aes_top/oneround/mix/U778/O (MOAI1S)                    0.39     112.47 f
  aes_top/oneround/mix/U779/O (MOAI1S)                    0.35     112.82 f
  aes_top/oneround/mix/U781/O (MOAI1S)                    0.34     113.16 f
  aes_top/oneround/mix/out_inv[26] (MixColumn)            0.00     113.16 f
  aes_top/oneround/U748/O (MOAI1S)                        0.30     113.46 f
  aes_top/oneround/invshift/in[26] (InvShiftRow)          0.00     113.46 f
  aes_top/oneround/invshift/U51/O (BUF1)                  0.19     113.65 f
  aes_top/oneround/invshift/out[26] (InvShiftRow)         0.00     113.65 f
  aes_top/oneround/U462/O (AO222)                         0.49     114.14 f
  aes_top/oneround/sub32/in[26] (SubByte_32)              0.00     114.14 f
  aes_top/oneround/sub32/s0/in[2] (SubOneByte_15)         0.00     114.14 f
  aes_top/oneround/sub32/s0/m1/in[2] (MultiplyMinv_15)
                                                          0.00     114.14 f
  aes_top/oneround/sub32/s0/m1/U4/O (MOAI1S)              0.59     114.73 r
  aes_top/oneround/sub32/s0/m1/U5/O (MOAI1S)              0.15     114.88 f
  aes_top/oneround/sub32/s0/m1/out[3] (MultiplyMinv_15)
                                                          0.00     114.88 f
  aes_top/oneround/sub32/s0/c0/in[3] (AddCinv_15)         0.00     114.88 f
  aes_top/oneround/sub32/s0/c0/U4/O (BUF1)                0.21     115.09 f
  aes_top/oneround/sub32/s0/c0/out[3] (AddCinv_15)        0.00     115.09 f
  aes_top/oneround/sub32/s0/U7/O (AOI22S)                 0.37     115.46 r
  aes_top/oneround/sub32/s0/U18/O (ND2S)                  0.27     115.73 f
  aes_top/oneround/sub32/s0/U19/O (NR2)                   0.48     116.22 r
  aes_top/oneround/sub32/s0/U49/O (INV1S)                 0.44     116.66 f
  aes_top/oneround/sub32/s0/U189/O (NR2)                  0.51     117.16 r
  aes_top/oneround/sub32/s0/U192/O (INV1S)                0.22     117.39 f
  aes_top/oneround/sub32/s0/U97/O (ND3)                   0.21     117.60 r
  aes_top/oneround/sub32/s0/U367/O (INV1S)                0.13     117.72 f
  aes_top/oneround/sub32/s0/U371/O (AN4B1S)               0.27     118.00 f
  aes_top/oneround/sub32/s0/U372/O (ND3)                  0.11     118.11 r
  aes_top/oneround/sub32/s0/U100/O (AN4B1S)               0.11     118.22 f
  aes_top/oneround/sub32/s0/U78/O (ND3)                   0.12     118.33 r
  aes_top/oneround/sub32/s0/U155/O (AOI22S)               0.11     118.44 f
  aes_top/oneround/sub32/s0/U87/O (ND2S)                  0.29     118.73 r
  aes_top/oneround/sub32/s0/m0/in[7] (MultiplyM_15)       0.00     118.73 r
  aes_top/oneround/sub32/s0/m0/U1/O (MOAI1S)              0.31     119.04 f
  aes_top/oneround/sub32/s0/m0/U7/O (MOAI1S)              0.32     119.36 f
  aes_top/oneround/sub32/s0/m0/out[2] (MultiplyM_15)      0.00     119.36 f
  aes_top/oneround/sub32/s0/c1/in[2] (AddC_15)            0.00     119.36 f
  aes_top/oneround/sub32/s0/c1/U5/O (BUF1)                0.20     119.57 f
  aes_top/oneround/sub32/s0/c1/out[2] (AddC_15)           0.00     119.57 f
  aes_top/oneround/sub32/s0/U393/O (MUX2)                 0.36     119.92 f
  aes_top/oneround/sub32/s0/out[2] (SubOneByte_15)        0.00     119.92 f
  aes_top/oneround/sub32/out[26] (SubByte_32)             0.00     119.92 f
  aes_top/oneround/U926/O (AO222)                         0.37     120.29 f
  aes_top/oneround/add/in[26] (AddRoundKey_0)             0.00     120.29 f
  aes_top/oneround/add/U97/O (MAOI1)                      0.18     120.47 r
  aes_top/oneround/add/out[26] (AddRoundKey_0)            0.00     120.47 r
  aes_top/oneround/U387/O (INV1S)                         0.19     120.66 f
  aes_top/oneround/U17/O (MOAI1S)                         1.46     122.12 r
  aes_top/oneround/mix/in[26] (MixColumn)                 0.00     122.12 r
  aes_top/oneround/mix/U805/O (MOAI1S)                    0.24     122.36 f
  aes_top/oneround/mix/U808/O (MOAI1S)                    0.39     122.76 f
  aes_top/oneround/mix/U810/O (MOAI1S)                    0.34     123.09 f
  aes_top/oneround/mix/U811/O (MOAI1S)                    0.32     123.42 f
  aes_top/oneround/mix/out_inv[28] (MixColumn)            0.00     123.42 f
  aes_top/oneround/U746/O (MOAI1S)                        0.31     123.73 f
  aes_top/oneround/invshift/in[28] (InvShiftRow)          0.00     123.73 f
  aes_top/oneround/invshift/U20/O (BUF1)                  0.19     123.92 f
  aes_top/oneround/invshift/out[28] (InvShiftRow)         0.00     123.92 f
  aes_top/oneround/U464/O (AO222)                         0.50     124.42 f
  aes_top/oneround/sub32/in[28] (SubByte_32)              0.00     124.42 f
  aes_top/oneround/sub32/s0/in[4] (SubOneByte_15)         0.00     124.42 f
  aes_top/oneround/sub32/s0/m1/in[4] (MultiplyMinv_15)
                                                          0.00     124.42 f
  aes_top/oneround/sub32/s0/m1/U1/O (MOAI1S)              0.58     125.00 r
  aes_top/oneround/sub32/s0/m1/U3/O (MOAI1S)              0.16     125.17 f
  aes_top/oneround/sub32/s0/m1/out[2] (MultiplyMinv_15)
                                                          0.00     125.17 f
  aes_top/oneround/sub32/s0/c0/in[2] (AddCinv_15)         0.00     125.17 f
  aes_top/oneround/sub32/s0/c0/U2/O (INV1S)               0.12     125.28 r
  aes_top/oneround/sub32/s0/c0/out[2] (AddCinv_15)        0.00     125.28 r
  aes_top/oneround/sub32/s0/U448/O (MUX2)                 0.28     125.56 r
  aes_top/oneround/sub32/s0/U453/O (INV1S)                0.17     125.73 f
  aes_top/oneround/sub32/s0/U47/O (ND2S)                  0.46     126.19 r
  aes_top/oneround/sub32/s0/U232/O (INV1S)                0.22     126.41 f
  aes_top/oneround/sub32/s0/U233/O (ND2S)                 0.40     126.81 r
  aes_top/oneround/sub32/s0/U234/O (INV1S)                0.17     126.97 f
  aes_top/oneround/sub32/s0/U163/O (NR2)                  0.18     127.15 r
  aes_top/oneround/sub32/s0/U349/O (AN4B1S)               0.35     127.50 r
  aes_top/oneround/sub32/s0/U353/O (AN2)                  0.21     127.71 r
  aes_top/oneround/sub32/s0/U375/O (AN4B1S)               0.23     127.94 r
  aes_top/oneround/sub32/s0/U376/O (ND3)                  0.10     128.04 f
  aes_top/oneround/sub32/s0/U382/O (AOI22S)               0.22     128.26 r
  aes_top/oneround/sub32/s0/U433/O (ND2S)                 0.21     128.48 f
  aes_top/oneround/sub32/s0/m0/in[2] (MultiplyM_15)       0.00     128.48 f
  aes_top/oneround/sub32/s0/m0/U6/O (MOAI1S)              0.85     129.33 r
  aes_top/oneround/sub32/s0/m0/U15/O (MOAI1S)             0.14     129.47 f
  aes_top/oneround/sub32/s0/m0/out[4] (MultiplyM_15)      0.00     129.47 f
  aes_top/oneround/sub32/s0/c1/in[4] (AddC_15)            0.00     129.47 f
  aes_top/oneround/sub32/s0/c1/U7/O (BUF1)                0.22     129.69 f
  aes_top/oneround/sub32/s0/c1/out[4] (AddC_15)           0.00     129.69 f
  aes_top/oneround/sub32/s0/U342/O (MUX2)                 0.36     130.04 f
  aes_top/oneround/sub32/s0/out[4] (SubOneByte_15)        0.00     130.04 f
  aes_top/oneround/sub32/out[28] (SubByte_32)             0.00     130.04 f
  aes_top/oneround/U929/O (AO222)                         0.37     130.41 f
  aes_top/oneround/add/in[28] (AddRoundKey_0)             0.00     130.41 f
  aes_top/oneround/add/U96/O (MAOI1)                      0.18     130.59 r
  aes_top/oneround/add/out[28] (AddRoundKey_0)            0.00     130.59 r
  aes_top/oneround/U384/O (INV1S)                         0.19     130.78 f
  aes_top/oneround/U386/O (MOAI1S)                        1.11     131.89 r
  aes_top/oneround/mix/in[28] (MixColumn)                 0.00     131.89 r
  aes_top/oneround/mix/U345/O (INV1S)                     0.10     131.99 f
  aes_top/oneround/mix/U348/O (INV1S)                     0.35     132.34 r
  aes_top/oneround/mix/U931/O (MOAI1S)                    0.16     132.50 f
  aes_top/oneround/mix/out_inv[14] (MixColumn)            0.00     132.50 f
  aes_top/oneround/U760/O (MOAI1S)                        0.29     132.79 f
  aes_top/oneround/invshift/in[14] (InvShiftRow)          0.00     132.79 f
  aes_top/oneround/invshift/U47/O (BUF1)                  0.18     132.97 f
  aes_top/oneround/invshift/out[78] (InvShiftRow)         0.00     132.97 f
  aes_top/oneround/U479/O (MUX2)                          0.34     133.31 f
  aes_top/oneround/sub96/in[46] (SubByte_96)              0.00     133.31 f
  aes_top/oneround/sub96/s6/in[6] (SubOneByte_5)          0.00     133.31 f
  aes_top/oneround/sub96/s6/m1/in[6] (MultiplyMinv_5)     0.00     133.31 f
  aes_top/oneround/sub96/s6/m1/U7/O (MOAI1S)              0.58     133.90 r
  aes_top/oneround/sub96/s6/m1/U9/O (MOAI1S)              0.15     134.05 f
  aes_top/oneround/sub96/s6/m1/out[4] (MultiplyMinv_5)
                                                          0.00     134.05 f
  aes_top/oneround/sub96/s6/c0/in[4] (AddCinv_5)          0.00     134.05 f
  aes_top/oneround/sub96/s6/c0/U6/O (BUF1)                0.21     134.26 f
  aes_top/oneround/sub96/s6/c0/out[4] (AddCinv_5)         0.00     134.26 f
  aes_top/oneround/sub96/s6/U461/O (AOI22S)               0.35     134.61 r
  aes_top/oneround/sub96/s6/U462/O (AN2)                  0.34     134.95 r
  aes_top/oneround/sub96/s6/U463/O (ND2S)                 0.22     135.17 f
  aes_top/oneround/sub96/s6/U76/O (NR2)                   0.39     135.57 r
  aes_top/oneround/sub96/s6/U288/O (NR2)                  0.16     135.73 f
  aes_top/oneround/sub96/s6/U293/O (AN4B1S)               0.30     136.03 f
  aes_top/oneround/sub96/s6/U294/O (AN4B1S)               0.28     136.31 f
  aes_top/oneround/sub96/s6/U295/O (ND3)                  0.15     136.46 r
  aes_top/oneround/sub96/s6/U359/O (AOI22S)               0.11     136.57 f
  aes_top/oneround/sub96/s6/U414/O (ND2S)                 0.31     136.88 r
  aes_top/oneround/sub96/s6/m0/in[3] (MultiplyM_5)        0.00     136.88 r
  aes_top/oneround/sub96/s6/m0/U12/O (MOAI1S)             0.19     137.07 f
  aes_top/oneround/sub96/s6/m0/U13/O (MOAI1S)             0.29     137.36 f
  aes_top/oneround/sub96/s6/m0/out[3] (MultiplyM_5)       0.00     137.36 f
  aes_top/oneround/sub96/s6/c1/in[3] (AddC_5)             0.00     137.36 f
  aes_top/oneround/sub96/s6/c1/U6/O (BUF1)                0.21     137.57 f
  aes_top/oneround/sub96/s6/c1/out[3] (AddC_5)            0.00     137.57 f
  aes_top/oneround/sub96/s6/U415/O (MUX2)                 0.27     137.84 f
  aes_top/oneround/sub96/s6/out[3] (SubOneByte_5)         0.00     137.84 f
  aes_top/oneround/sub96/out[43] (SubByte_96)             0.00     137.84 f
  aes_top/oneround/U907/O (AO222)                         0.34     138.18 f
  aes_top/oneround/add/in[11] (AddRoundKey_0)             0.00     138.18 f
  aes_top/oneround/add/U99/O (MAOI1)                      0.23     138.41 f
  aes_top/oneround/add/out[11] (AddRoundKey_0)            0.00     138.41 f
  aes_top/oneround/U407/O (INV1S)                         0.20     138.61 r
  aes_top/oneround/U409/O (MOAI1S)                        0.15     138.76 f
  aes_top/oneround/U411/O (MUX2)                          0.39     139.15 f
  aes_top/oneround/sub96/in[43] (SubByte_96)              0.00     139.15 f
  aes_top/oneround/sub96/s6/in[3] (SubOneByte_5)          0.00     139.15 f
  aes_top/oneround/sub96/s6/m1/in[3] (MultiplyMinv_5)     0.00     139.15 f
  aes_top/oneround/sub96/s6/m1/U10/O (MOAI1S)             0.58     139.73 r
  aes_top/oneround/sub96/s6/m1/U11/O (MOAI1S)             0.21     139.94 r
  aes_top/oneround/sub96/s6/m1/out[6] (MultiplyMinv_5)
                                                          0.00     139.94 r
  aes_top/oneround/sub96/s6/c0/in[6] (AddCinv_5)          0.00     139.94 r
  aes_top/oneround/sub96/s6/c0/U3/O (BUF1)                0.14     140.08 r
  aes_top/oneround/sub96/s6/c0/out[6] (AddCinv_5)         0.00     140.08 r
  aes_top/oneround/sub96/s6/U300/O (MUX2)                 0.26     140.34 r
  aes_top/oneround/sub96/s6/U466/O (INV1S)                0.15     140.49 f
  aes_top/oneround/sub96/s6/U22/O (AN2)                   0.25     140.74 f
  aes_top/oneround/sub96/s6/U71/O (ND2S)                  0.39     141.13 r
  aes_top/oneround/sub96/s6/U49/O (INV1S)                 0.21     141.33 f
  aes_top/oneround/sub96/s6/U52/O (ND2S)                  0.41     141.75 r
  aes_top/oneround/sub96/s6/U77/O (ND2S)                  0.14     141.89 f
  aes_top/oneround/sub96/s6/U98/O (NR3)                   0.37     142.25 r
  aes_top/oneround/sub96/s6/U132/O (ND3)                  0.12     142.37 f
  aes_top/oneround/sub96/s6/U323/O (AOI22S)               0.22     142.60 r
  aes_top/oneround/sub96/s6/U424/O (ND2S)                 0.21     142.81 f
  aes_top/oneround/sub96/s6/m0/in[4] (MultiplyM_5)        0.00     142.81 f
  aes_top/oneround/sub96/s6/m0/U15/O (MOAI1S)             0.27     143.08 r
  aes_top/oneround/sub96/s6/m0/out[0] (MultiplyM_5)       0.00     143.08 r
  aes_top/oneround/sub96/s6/c1/in[0] (AddC_5)             0.00     143.08 r
  aes_top/oneround/sub96/s6/c1/U1/O (INV1S)               0.09     143.17 f
  aes_top/oneround/sub96/s6/c1/out[0] (AddC_5)            0.00     143.17 f
  aes_top/oneround/sub96/s6/U427/O (MUX2)                 0.29     143.46 f
  aes_top/oneround/sub96/s6/out[0] (SubOneByte_5)         0.00     143.46 f
  aes_top/oneround/sub96/out[40] (SubByte_96)             0.00     143.46 f
  aes_top/oneround/U900/O (AO222)                         0.34     143.80 f
  aes_top/oneround/add/in[8] (AddRoundKey_0)              0.00     143.80 f
  aes_top/oneround/add/U31/O (MAOI1)                      0.23     144.03 f
  aes_top/oneround/add/out[8] (AddRoundKey_0)             0.00     144.03 f
  aes_top/oneround/U475/O (INV1S)                         0.20     144.23 r
  aes_top/oneround/U476/O (MOAI1S)                        0.15     144.38 f
  aes_top/oneround/U477/O (MUX2)                          0.38     144.77 f
  aes_top/oneround/sub96/in[40] (SubByte_96)              0.00     144.77 f
  aes_top/oneround/sub96/s6/in[0] (SubOneByte_5)          0.00     144.77 f
  aes_top/oneround/sub96/s6/U302/O (MUX2)                 0.33     145.09 f
  aes_top/oneround/sub96/s6/U303/O (ND2S)                 0.24     145.33 r
  aes_top/oneround/sub96/s6/U45/O (OR2)                   0.32     145.65 r
  aes_top/oneround/sub96/s6/U135/O (NR2)                  0.13     145.78 f
  aes_top/oneround/sub96/s6/U160/O (NR2)                  0.15     145.93 r
  aes_top/oneround/sub96/s6/U161/O (ND3)                  0.10     146.03 f
  aes_top/oneround/sub96/s6/U417/O (AOI22S)               0.22     146.25 r
  aes_top/oneround/sub96/s6/U405/O (ND2S)                 0.21     146.47 f
  aes_top/oneround/sub96/s6/m0/in[0] (MultiplyM_5)        0.00     146.47 f
  aes_top/oneround/sub96/s6/m0/U5/O (MOAI1S)              0.60     147.07 r
  aes_top/oneround/sub96/s6/m0/U8/O (MOAI1S)              0.21     147.28 r
  aes_top/oneround/sub96/s6/m0/out[1] (MultiplyM_5)       0.00     147.28 r
  aes_top/oneround/sub96/s6/c1/in[1] (AddC_5)             0.00     147.28 r
  aes_top/oneround/sub96/s6/c1/U2/O (INV1S)               0.09     147.37 f
  aes_top/oneround/sub96/s6/c1/out[1] (AddC_5)            0.00     147.37 f
  aes_top/oneround/sub96/s6/U410/O (MUX2)                 0.29     147.66 f
  aes_top/oneround/sub96/s6/out[1] (SubOneByte_5)         0.00     147.66 f
  aes_top/oneround/sub96/out[41] (SubByte_96)             0.00     147.66 f
  aes_top/oneround/U902/O (AO222)                         0.34     148.00 f
  aes_top/oneround/add/in[9] (AddRoundKey_0)              0.00     148.00 f
  aes_top/oneround/add/U32/O (MAOI1)                      0.18     148.18 r
  aes_top/oneround/add/out[9] (AddRoundKey_0)             0.00     148.18 r
  aes_top/oneround/U480/O (INV1S)                         0.19     148.37 f
  aes_top/oneround/U481/O (MOAI1S)                        0.29     148.66 r
  aes_top/oneround/U482/O (MUX2)                          0.38     149.04 r
  aes_top/oneround/sub96/in[41] (SubByte_96)              0.00     149.04 r
  aes_top/oneround/sub96/s6/in[1] (SubOneByte_5)          0.00     149.04 r
  aes_top/oneround/sub96/s6/U296/O (MUX2)                 0.30     149.34 r
  aes_top/oneround/sub96/s6/U297/O (INV1S)                0.17     149.52 f
  aes_top/oneround/sub96/s6/U304/O (NR2)                  0.48     150.00 r
  aes_top/oneround/sub96/s6/U305/O (INV1S)                0.30     150.30 f
  aes_top/oneround/sub96/s6/U306/O (NR2)                  0.43     150.73 r
  aes_top/oneround/sub96/s6/U310/O (AN4B1S)               0.28     151.01 f
  aes_top/oneround/sub96/s6/U311/O (AN4B1S)               0.32     151.33 f
  aes_top/oneround/sub96/s6/U314/O (AN4B1S)               0.28     151.61 f
  aes_top/oneround/sub96/s6/U315/O (ND3)                  0.15     151.76 r
  aes_top/oneround/sub96/s6/U399/O (AOI22S)               0.12     151.87 f
  aes_top/oneround/sub96/s6/U411/O (ND2S)                 0.30     152.17 r
  aes_top/oneround/sub96/s6/m0/in[1] (MultiplyM_5)        0.00     152.17 r
  aes_top/oneround/sub96/s6/m0/U7/O (MOAI1S)              0.23     152.40 r
  aes_top/oneround/sub96/s6/m0/out[5] (MultiplyM_5)       0.00     152.40 r
  aes_top/oneround/sub96/s6/c1/in[5] (AddC_5)             0.00     152.40 r
  aes_top/oneround/sub96/s6/c1/U3/O (INV1S)               0.09     152.48 f
  aes_top/oneround/sub96/s6/c1/out[5] (AddC_5)            0.00     152.48 f
  aes_top/oneround/sub96/s6/U301/O (MUX2)                 0.29     152.77 f
  aes_top/oneround/sub96/s6/out[5] (SubOneByte_5)         0.00     152.77 f
  aes_top/oneround/sub96/out[45] (SubByte_96)             0.00     152.77 f
  aes_top/oneround/U909/O (AO222)                         0.34     153.11 f
  aes_top/oneround/add/in[13] (AddRoundKey_0)             0.00     153.11 f
  aes_top/oneround/add/U33/O (MAOI1)                      0.24     153.35 f
  aes_top/oneround/add/out[13] (AddRoundKey_0)            0.00     153.35 f
  aes_top/oneround/U484/O (INV1S)                         0.20     153.55 r
  aes_top/oneround/U485/O (MOAI1S)                        0.15     153.70 f
  aes_top/oneround/U486/O (MUX2)                          0.39     154.09 f
  aes_top/oneround/sub96/in[45] (SubByte_96)              0.00     154.09 f
  aes_top/oneround/sub96/s6/in[5] (SubOneByte_5)          0.00     154.09 f
  aes_top/oneround/sub96/s6/U435/O (AOI22S)               0.30     154.39 r
  aes_top/oneround/sub96/s6/U177/O (NR2)                  0.07     154.46 f
  aes_top/oneround/sub96/s6/U8/O (INV1S)                  0.12     154.59 r
  aes_top/oneround/sub96/s6/U11/O (INV1S)                 0.32     154.90 f
  aes_top/oneround/sub96/s6/U395/O (AOI22S)               0.23     155.14 r
  aes_top/oneround/sub96/s6/U396/O (ND2S)                 0.20     155.34 f
  aes_top/oneround/sub96/s6/m0/in[5] (MultiplyM_5)        0.00     155.34 f
  aes_top/oneround/sub96/s6/m0/U2/O (MOAI1S)              0.85     156.19 r
  aes_top/oneround/sub96/s6/m0/U17/O (MOAI1S)             0.14     156.33 f
  aes_top/oneround/sub96/s6/m0/out[7] (MultiplyM_5)       0.00     156.33 f
  aes_top/oneround/sub96/s6/c1/in[7] (AddC_5)             0.00     156.33 f
  aes_top/oneround/sub96/s6/c1/U8/O (BUF1)                0.22     156.55 f
  aes_top/oneround/sub96/s6/c1/out[7] (AddC_5)            0.00     156.55 f
  aes_top/oneround/sub96/s6/U457/O (MUX2)                 0.27     156.82 f
  aes_top/oneround/sub96/s6/out[7] (SubOneByte_5)         0.00     156.82 f
  aes_top/oneround/sub96/out[47] (SubByte_96)             0.00     156.82 f
  aes_top/oneround/U913/O (AO222)                         0.34     157.16 f
  aes_top/oneround/add/in[15] (AddRoundKey_0)             0.00     157.16 f
  aes_top/oneround/add/U108/O (MAOI1)                     0.23     157.40 f
  aes_top/oneround/add/out[15] (AddRoundKey_0)            0.00     157.40 f
  aes_top/oneround/U487/O (INV1S)                         0.20     157.60 r
  aes_top/oneround/U488/O (MOAI1S)                        0.15     157.74 f
  aes_top/oneround/U489/O (MUX2)                          0.39     158.13 f
  aes_top/oneround/sub96/in[47] (SubByte_96)              0.00     158.13 f
  aes_top/oneround/sub96/s6/in[7] (SubOneByte_5)          0.00     158.13 f
  aes_top/oneround/sub96/s6/U433/O (AOI22S)               0.31     158.44 r
  aes_top/oneround/sub96/s6/U434/O (INV1S)                0.21     158.66 f
  aes_top/oneround/sub96/s6/U29/O (NR2)                   0.41     159.07 r
  aes_top/oneround/sub96/s6/U445/O (AOI22S)               0.14     159.20 f
  aes_top/oneround/sub96/s6/U454/O (ND2S)                 0.31     159.51 r
  aes_top/oneround/sub96/s6/m0/in[6] (MultiplyM_5)        0.00     159.51 r
  aes_top/oneround/sub96/s6/m0/U10/O (MOAI1S)             0.23     159.74 r
  aes_top/oneround/sub96/s6/m0/out[6] (MultiplyM_5)       0.00     159.74 r
  aes_top/oneround/sub96/s6/c1/in[6] (AddC_5)             0.00     159.74 r
  aes_top/oneround/sub96/s6/c1/U4/O (INV1S)               0.09     159.83 f
  aes_top/oneround/sub96/s6/c1/out[6] (AddC_5)            0.00     159.83 f
  aes_top/oneround/sub96/s6/U455/O (MUX2)                 0.29     160.12 f
  aes_top/oneround/sub96/s6/out[6] (SubOneByte_5)         0.00     160.12 f
  aes_top/oneround/sub96/out[46] (SubByte_96)             0.00     160.12 f
  aes_top/oneround/U910/O (AO222)                         0.34     160.46 f
  aes_top/oneround/add/in[14] (AddRoundKey_0)             0.00     160.46 f
  aes_top/oneround/add/U30/O (MAOI1)                      0.18     160.63 r
  aes_top/oneround/add/out[14] (AddRoundKey_0)            0.00     160.63 r
  aes_top/oneround/U473/O (INV1S)                         0.19     160.83 f
  aes_top/oneround/U474/O (MOAI1S)                        1.10     161.93 r
  aes_top/oneround/mix/in[14] (MixColumn)                 0.00     161.93 r
  aes_top/oneround/mix/U349/O (INV1S)                     0.10     162.03 f
  aes_top/oneround/mix/U352/O (INV1S)                     0.33     162.36 r
  aes_top/oneround/mix/U955/O (MOAI1S)                    0.26     162.62 r
  aes_top/oneround/mix/U956/O (MOAI1S)                    0.20     162.82 f
  aes_top/oneround/mix/U957/O (MOAI1S)                    0.32     163.14 f
  aes_top/oneround/mix/out_inv[30] (MixColumn)            0.00     163.14 f
  aes_top/oneround/U744/O (MOAI1S)                        0.30     163.44 f
  aes_top/oneround/invshift/in[30] (InvShiftRow)          0.00     163.44 f
  aes_top/oneround/invshift/U11/O (BUF1)                  0.19     163.63 f
  aes_top/oneround/invshift/out[30] (InvShiftRow)         0.00     163.63 f
  aes_top/oneround/U448/O (AO222)                         0.49     164.12 f
  aes_top/oneround/sub32/in[30] (SubByte_32)              0.00     164.12 f
  aes_top/oneround/sub32/s0/in[6] (SubOneByte_15)         0.00     164.12 f
  aes_top/oneround/sub32/s0/m1/in[6] (MultiplyMinv_15)
                                                          0.00     164.12 f
  aes_top/oneround/sub32/s0/m1/U7/O (MOAI1S)              0.58     164.70 r
  aes_top/oneround/sub32/s0/m1/U9/O (MOAI1S)              0.15     164.85 f
  aes_top/oneround/sub32/s0/m1/out[4] (MultiplyMinv_15)
                                                          0.00     164.85 f
  aes_top/oneround/sub32/s0/c0/in[4] (AddCinv_15)         0.00     164.85 f
  aes_top/oneround/sub32/s0/c0/U5/O (BUF1)                0.21     165.06 f
  aes_top/oneround/sub32/s0/c0/out[4] (AddCinv_15)        0.00     165.06 f
  aes_top/oneround/sub32/s0/U446/O (AOI22S)               0.35     165.42 r
  aes_top/oneround/sub32/s0/U447/O (AN2)                  0.35     165.77 r
  aes_top/oneround/sub32/s0/U449/O (ND2S)                 0.22     165.99 f
  aes_top/oneround/sub32/s0/U76/O (NR2)                   0.30     166.29 r
  aes_top/oneround/sub32/s0/U118/O (NR2)                  0.13     166.43 f
  aes_top/oneround/sub32/s0/U252/O (AN4B1S)               0.27     166.70 f
  aes_top/oneround/sub32/s0/U383/O (ND3)                  0.15     166.85 r
  aes_top/oneround/sub32/s0/U359/O (AOI22S)               0.11     166.96 f
  aes_top/oneround/sub32/s0/U79/O (ND2S)                  0.31     167.27 r
  aes_top/oneround/sub32/s0/m0/in[3] (MultiplyM_15)       0.00     167.27 r
  aes_top/oneround/sub32/s0/m0/U12/O (MOAI1S)             0.19     167.47 f
  aes_top/oneround/sub32/s0/m0/U13/O (MOAI1S)             0.29     167.75 f
  aes_top/oneround/sub32/s0/m0/out[3] (MultiplyM_15)      0.00     167.75 f
  aes_top/oneround/sub32/s0/c1/in[3] (AddC_15)            0.00     167.75 f
  aes_top/oneround/sub32/s0/c1/U6/O (BUF1)                0.21     167.97 f
  aes_top/oneround/sub32/s0/c1/out[3] (AddC_15)           0.00     167.97 f
  aes_top/oneround/sub32/s0/U86/O (MUX2)                  0.36     168.33 f
  aes_top/oneround/sub32/s0/out[3] (SubOneByte_15)        0.00     168.33 f
  aes_top/oneround/sub32/out[27] (SubByte_32)             0.00     168.33 f
  aes_top/oneround/U927/O (AO222)                         0.37     168.70 f
  aes_top/oneround/add/in[27] (AddRoundKey_0)             0.00     168.70 f
  aes_top/oneround/add/U28/O (MAOI1)                      0.23     168.93 f
  aes_top/oneround/add/out[27] (AddRoundKey_0)            0.00     168.93 f
  aes_top/oneround/U560/O (INV1S)                         0.20     169.13 r
  aes_top/oneround/U1056/O (MOAI1S)                       0.16     169.29 f
  aes_top/oneround/U1057/O (AO222)                        0.53     169.82 f
  aes_top/oneround/sub32/in[27] (SubByte_32)              0.00     169.82 f
  aes_top/oneround/sub32/s0/in[3] (SubOneByte_15)         0.00     169.82 f
  aes_top/oneround/sub32/s0/m1/in[3] (MultiplyMinv_15)
                                                          0.00     169.82 f
  aes_top/oneround/sub32/s0/m1/U10/O (MOAI1S)             0.58     170.40 r
  aes_top/oneround/sub32/s0/m1/U11/O (MOAI1S)             0.21     170.61 r
  aes_top/oneround/sub32/s0/m1/out[6] (MultiplyMinv_15)
                                                          0.00     170.61 r
  aes_top/oneround/sub32/s0/c0/in[6] (AddCinv_15)         0.00     170.61 r
  aes_top/oneround/sub32/s0/c0/U7/O (BUF1)                0.14     170.76 r
  aes_top/oneround/sub32/s0/c0/out[6] (AddCinv_15)        0.00     170.76 r
  aes_top/oneround/sub32/s0/U262/O (MUX2)                 0.26     171.01 r
  aes_top/oneround/sub32/s0/U451/O (INV1S)                0.15     171.17 f
  aes_top/oneround/sub32/s0/U22/O (AN2)                   0.25     171.41 f
  aes_top/oneround/sub32/s0/U71/O (ND2S)                  0.39     171.80 r
  aes_top/oneround/sub32/s0/U195/O (INV1S)                0.21     172.01 f
  aes_top/oneround/sub32/s0/U196/O (ND2S)                 0.43     172.44 r
  aes_top/oneround/sub32/s0/U340/O (ND2S)                 0.13     172.58 f
  aes_top/oneround/sub32/s0/U343/O (AN4B1S)               0.28     172.86 r
  aes_top/oneround/sub32/s0/U348/O (ND3)                  0.11     172.97 f
  aes_top/oneround/sub32/s0/U323/O (AOI22S)               0.22     173.19 r
  aes_top/oneround/sub32/s0/U439/O (ND2S)                 0.21     173.41 f
  aes_top/oneround/sub32/s0/m0/in[4] (MultiplyM_15)       0.00     173.41 f
  aes_top/oneround/sub32/s0/m0/U16/O (MOAI1S)             0.27     173.68 r
  aes_top/oneround/sub32/s0/m0/out[0] (MultiplyM_15)      0.00     173.68 r
  aes_top/oneround/sub32/s0/c1/in[0] (AddC_15)            0.00     173.68 r
  aes_top/oneround/sub32/s0/c1/U1/O (INV1S)               0.09     173.77 f
  aes_top/oneround/sub32/s0/c1/out[0] (AddC_15)           0.00     173.77 f
  aes_top/oneround/sub32/s0/U427/O (MUX2)                 0.38     174.14 f
  aes_top/oneround/sub32/s0/out[0] (SubOneByte_15)        0.00     174.14 f
  aes_top/oneround/sub32/out[24] (SubByte_32)             0.00     174.14 f
  aes_top/oneround/U924/O (AO222)                         0.37     174.51 f
  aes_top/oneround/add/in[24] (AddRoundKey_0)             0.00     174.51 f
  aes_top/oneround/add/U29/O (MAOI1)                      0.23     174.75 f
  aes_top/oneround/add/out[24] (AddRoundKey_0)            0.00     174.75 f
  aes_top/oneround/U439/O (INV1S)                         0.21     174.96 r
  aes_top/oneround/U441/O (MOAI1S)                        0.16     175.12 f
  aes_top/oneround/U444/O (AO222)                         0.53     175.65 f
  aes_top/oneround/sub32/in[24] (SubByte_32)              0.00     175.65 f
  aes_top/oneround/sub32/s0/in[0] (SubOneByte_15)         0.00     175.65 f
  aes_top/oneround/sub32/s0/U263/O (MUX2)                 0.33     175.98 f
  aes_top/oneround/sub32/s0/U264/O (ND2S)                 0.24     176.22 r
  aes_top/oneround/sub32/s0/U45/O (OR2)                   0.29     176.50 r
  aes_top/oneround/sub32/s0/U377/O (NR2)                  0.12     176.63 f
  aes_top/oneround/sub32/s0/U378/O (NR2)                  0.15     176.78 r
  aes_top/oneround/sub32/s0/U380/O (ND3)                  0.10     176.88 f
  aes_top/oneround/sub32/s0/U417/O (AOI22S)               0.22     177.10 r
  aes_top/oneround/sub32/s0/U428/O (ND2S)                 0.21     177.31 f
  aes_top/oneround/sub32/s0/m0/in[0] (MultiplyM_15)       0.00     177.31 f
  aes_top/oneround/sub32/s0/m0/U5/O (MOAI1S)              0.60     177.91 r
  aes_top/oneround/sub32/s0/m0/U8/O (MOAI1S)              0.21     178.13 r
  aes_top/oneround/sub32/s0/m0/out[1] (MultiplyM_15)      0.00     178.13 r
  aes_top/oneround/sub32/s0/c1/in[1] (AddC_15)            0.00     178.13 r
  aes_top/oneround/sub32/s0/c1/U2/O (INV1S)               0.09     178.21 f
  aes_top/oneround/sub32/s0/c1/out[1] (AddC_15)           0.00     178.21 f
  aes_top/oneround/sub32/s0/U410/O (MUX2)                 0.38     178.59 f
  aes_top/oneround/sub32/s0/out[1] (SubOneByte_15)        0.00     178.59 f
  aes_top/oneround/sub32/out[25] (SubByte_32)             0.00     178.59 f
  aes_top/oneround/U925/O (AO222)                         0.37     178.96 f
  aes_top/oneround/add/in[25] (AddRoundKey_0)             0.00     178.96 f
  aes_top/oneround/add/U105/O (MAOI1)                     0.18     179.14 r
  aes_top/oneround/add/out[25] (AddRoundKey_0)            0.00     179.14 r
  aes_top/oneround/U445/O (INV1S)                         0.19     179.33 f
  aes_top/oneround/U446/O (MOAI1S)                        0.32     179.65 r
  aes_top/oneround/U447/O (AO222)                         0.52     180.16 r
  aes_top/oneround/sub32/in[25] (SubByte_32)              0.00     180.16 r
  aes_top/oneround/sub32/s0/in[1] (SubOneByte_15)         0.00     180.16 r
  aes_top/oneround/sub32/s0/U260/O (MUX2)                 0.30     180.46 r
  aes_top/oneround/sub32/s0/U261/O (INV1S)                0.17     180.64 f
  aes_top/oneround/sub32/s0/U265/O (NR2)                  0.48     181.12 r
  aes_top/oneround/sub32/s0/U266/O (INV1S)                0.30     181.43 f
  aes_top/oneround/sub32/s0/U267/O (NR2)                  0.43     181.85 r
  aes_top/oneround/sub32/s0/U332/O (AN4B1S)               0.28     182.14 f
  aes_top/oneround/sub32/s0/U334/O (AN3S)                 0.32     182.46 f
  aes_top/oneround/sub32/s0/U339/O (ND3)                  0.14     182.59 r
  aes_top/oneround/sub32/s0/U399/O (AOI22S)               0.11     182.70 f
  aes_top/oneround/sub32/s0/U432/O (ND2S)                 0.30     183.00 r
  aes_top/oneround/sub32/s0/m0/in[1] (MultiplyM_15)       0.00     183.00 r
  aes_top/oneround/sub32/s0/m0/U10/O (MOAI1S)             0.23     183.22 r
  aes_top/oneround/sub32/s0/m0/out[5] (MultiplyM_15)      0.00     183.22 r
  aes_top/oneround/sub32/s0/c1/in[5] (AddC_15)            0.00     183.22 r
  aes_top/oneround/sub32/s0/c1/U3/O (INV1S)               0.09     183.31 f
  aes_top/oneround/sub32/s0/c1/out[5] (AddC_15)           0.00     183.31 f
  aes_top/oneround/sub32/s0/U301/O (MUX2)                 0.38     183.69 f
  aes_top/oneround/sub32/s0/out[5] (SubOneByte_15)        0.00     183.69 f
  aes_top/oneround/sub32/out[29] (SubByte_32)             0.00     183.69 f
  aes_top/oneround/U930/O (AO222)                         0.37     184.06 f
  aes_top/oneround/add/in[29] (AddRoundKey_0)             0.00     184.06 f
  aes_top/oneround/add/U1/O (MAOI1)                       0.24     184.29 f
  aes_top/oneround/add/out[29] (AddRoundKey_0)            0.00     184.29 f
  aes_top/oneround/U459/O (INV1S)                         0.21     184.51 r
  aes_top/oneround/U460/O (MOAI1S)                        0.16     184.67 f
  aes_top/oneround/U461/O (AO222)                         0.53     185.20 f
  aes_top/oneround/sub32/in[29] (SubByte_32)              0.00     185.20 f
  aes_top/oneround/sub32/s0/in[5] (SubOneByte_15)         0.00     185.20 f
  aes_top/oneround/sub32/s0/U392/O (MUX2)                 0.31     185.51 f
  aes_top/oneround/sub32/s0/U3/O (NR2)                    0.13     185.64 r
  aes_top/oneround/sub32/s0/U11/O (INV1S)                 0.12     185.75 f
  aes_top/oneround/sub32/s0/U15/O (INV1S)                 0.35     186.11 r
  aes_top/oneround/sub32/s0/U185/O (AOI22S)               0.09     186.20 f
  aes_top/oneround/sub32/s0/U187/O (ND2S)                 0.32     186.52 r
  aes_top/oneround/sub32/s0/m0/in[6] (MultiplyM_15)       0.00     186.52 r
  aes_top/oneround/sub32/s0/m0/U11/O (MOAI1S)             0.23     186.75 r
  aes_top/oneround/sub32/s0/m0/out[6] (MultiplyM_15)      0.00     186.75 r
  aes_top/oneround/sub32/s0/c1/in[6] (AddC_15)            0.00     186.75 r
  aes_top/oneround/sub32/s0/c1/U4/O (INV1S)               0.09     186.83 f
  aes_top/oneround/sub32/s0/c1/out[6] (AddC_15)           0.00     186.83 f
  aes_top/oneround/sub32/s0/U188/O (MUX2)                 0.32     187.15 f
  aes_top/oneround/sub32/s0/out[6] (SubOneByte_15)        0.00     187.15 f
  aes_top/oneround/sub32/out[30] (SubByte_32)             0.00     187.15 f
  aes_top/oneround/U931/O (AO222)                         0.35     187.50 f
  aes_top/oneround/add/in[30] (AddRoundKey_0)             0.00     187.50 f
  aes_top/oneround/add/U6/O (MAOI1)                       0.18     187.68 r
  aes_top/oneround/add/out[30] (AddRoundKey_0)            0.00     187.68 r
  aes_top/oneround/U470/O (INV1S)                         0.19     187.87 f
  aes_top/oneround/U471/O (MOAI1S)                        1.10     188.97 r
  aes_top/oneround/mix/in[30] (MixColumn)                 0.00     188.97 r
  aes_top/oneround/mix/U263/O (INV1S)                     0.10     189.07 f
  aes_top/oneround/mix/U264/O (INV1S)                     0.33     189.40 r
  aes_top/oneround/mix/U478/O (MOAI1S)                    0.26     189.67 r
  aes_top/oneround/mix/U480/O (MOAI1S)                    0.34     190.01 f
  aes_top/oneround/mix/U819/O (MOAI1S)                    0.35     190.37 f
  aes_top/oneround/mix/out_inv[31] (MixColumn)            0.00     190.37 f
  aes_top/oneround/U743/O (MOAI1S)                        0.32     190.69 f
  aes_top/oneround/invshift/in[31] (InvShiftRow)          0.00     190.69 f
  aes_top/oneround/invshift/U25/O (BUF1)                  0.19     190.88 f
  aes_top/oneround/invshift/out[31] (InvShiftRow)         0.00     190.88 f
  aes_top/oneround/U463/O (AO222)                         0.47     191.34 f
  aes_top/oneround/sub32/in[31] (SubByte_32)              0.00     191.34 f
  aes_top/oneround/sub32/s0/in[7] (SubOneByte_15)         0.00     191.34 f
  aes_top/oneround/sub32/s0/U389/O (MUX2)                 0.31     191.65 f
  aes_top/oneround/sub32/s0/U390/O (INV1S)                0.19     191.84 r
  aes_top/oneround/sub32/s0/U21/O (NR2)                   0.19     192.03 f
  aes_top/oneround/sub32/s0/U406/O (AOI22S)               0.19     192.22 r
  aes_top/oneround/sub32/s0/U418/O (ND2S)                 0.21     192.43 f
  aes_top/oneround/sub32/s0/m0/in[5] (MultiplyM_15)       0.00     192.43 f
  aes_top/oneround/sub32/s0/m0/U2/O (MOAI1S)              0.84     193.28 r
  aes_top/oneround/sub32/s0/m0/U17/O (MOAI1S)             0.14     193.41 f
  aes_top/oneround/sub32/s0/m0/out[7] (MultiplyM_15)      0.00     193.41 f
  aes_top/oneround/sub32/s0/c1/in[7] (AddC_15)            0.00     193.41 f
  aes_top/oneround/sub32/s0/c1/U8/O (BUF1)                0.22     193.64 f
  aes_top/oneround/sub32/s0/c1/out[7] (AddC_15)           0.00     193.64 f
  aes_top/oneround/sub32/s0/U89/O (MUX2)                  0.36     194.00 f
  aes_top/oneround/sub32/s0/out[7] (SubOneByte_15)        0.00     194.00 f
  aes_top/oneround/sub32/out[31] (SubByte_32)             0.00     194.00 f
  aes_top/oneround/U932/O (AO222)                         0.37     194.37 f
  aes_top/oneround/add/in[31] (AddRoundKey_0)             0.00     194.37 f
  aes_top/oneround/add/U8/O (MAOI1)                       0.18     194.55 r
  aes_top/oneround/add/out[31] (AddRoundKey_0)            0.00     194.55 r
  aes_top/oneround/U554/O (INV1S)                         0.19     194.74 f
  aes_top/oneround/U23/O (MOAI1S)                         1.26     195.99 r
  aes_top/oneround/mix/in[31] (MixColumn)                 0.00     195.99 r
  aes_top/oneround/mix/U50/O (INV1S)                      0.10     196.09 f
  aes_top/oneround/mix/U51/O (INV1S)                      0.21     196.30 r
  aes_top/oneround/mix/U550/O (MOAI1S)                    0.15     196.45 f
  aes_top/oneround/mix/U552/O (MOAI1S)                    0.66     197.11 r
  aes_top/oneround/mix/out[23] (MixColumn)                0.00     197.11 r
  aes_top/oneround/U143/O (AO222)                         0.30     197.41 r
  aes_top/oneround/add/in[23] (AddRoundKey_0)             0.00     197.41 r
  aes_top/oneround/add/U111/O (MAOI1)                     0.21     197.62 r
  aes_top/oneround/add/out[23] (AddRoundKey_0)            0.00     197.62 r
  aes_top/oneround/U456/O (INV1S)                         0.19     197.81 f
  aes_top/oneround/U457/O (MOAI1S)                        0.29     198.10 r
  aes_top/oneround/U458/O (MUX2)                          0.38     198.48 r
  aes_top/oneround/sub96/in[87] (SubByte_96)              0.00     198.48 r
  aes_top/oneround/sub96/s1/in[7] (SubOneByte_10)         0.00     198.48 r
  aes_top/oneround/sub96/s1/U361/O (MUX2)                 0.27     198.75 r
  aes_top/oneround/sub96/s1/U362/O (INV1S)                0.17     198.92 f
  aes_top/oneround/sub96/s1/U21/O (NR2)                   0.39     199.30 r
  aes_top/oneround/sub96/s1/U385/O (AOI22S)               0.09     199.40 f
  aes_top/oneround/sub96/s1/U386/O (ND2S)                 0.32     199.72 r
  aes_top/oneround/sub96/s1/m0/in[5] (MultiplyM_10)       0.00     199.72 r
  aes_top/oneround/sub96/s1/m0/U2/O (MOAI1S)              0.40     200.12 f
  aes_top/oneround/sub96/s1/m0/U17/O (MOAI1S)             0.39     200.50 f
  aes_top/oneround/sub96/s1/m0/out[7] (MultiplyM_10)      0.00     200.50 f
  aes_top/oneround/sub96/s1/c1/in[7] (AddC_10)            0.00     200.50 f
  aes_top/oneround/sub96/s1/c1/U8/O (BUF1)                0.22     200.72 f
  aes_top/oneround/sub96/s1/c1/out[7] (AddC_10)           0.00     200.72 f
  aes_top/oneround/sub96/s1/U448/O (MUX2)                 0.24     200.96 f
  aes_top/oneround/sub96/s1/out[7] (SubOneByte_10)        0.00     200.96 f
  aes_top/oneround/sub96/out[87] (SubByte_96)             0.00     200.96 f
  aes_top/oneround/U830/O (MOAI1S)                        0.27     201.24 f
  aes_top/oneround/out[119] (AESOneRound)                 0.00     201.24 f
  U29397/O (AOI22S)                                       0.24     201.48 r
  U29398/O (ND2S)                                         0.10     201.58 f
  aes_top/temp_out_r_reg[119]/D (QDFFRBN)                 0.00     201.58 f
  data arrival time                                                201.58

  clock clk (rise edge)                                 400.00     400.00
  clock network delay (ideal)                             0.50     400.50
  clock uncertainty                                      -0.10     400.40
  aes_top/temp_out_r_reg[119]/CK (QDFFRBN)                0.00     400.40 r
  library setup time                                     -0.07     400.33
  data required time                                               400.33
  --------------------------------------------------------------------------
  data required time                                               400.33
  data arrival time                                               -201.58
  --------------------------------------------------------------------------
  slack (MET)                                                      198.76


1
