 
****************************************
Report : timing
        -path full
        -delay max
        -max_paths 1
Design : Top
Version: R-2020.09-SP5
Date   : Fri May 20 01:52:24 2022
****************************************

 # A fanout number of 1000 was used for high fanout net computations.

Operating Conditions: WCCOM   Library: fsa0m_a_generic_core_ss1p62v125c
Wire Load Model Mode: enclosed

  Startpoint: i_mode (input port clocked by clk)
  Endpoint: aes_top/temp_out_r_reg[119]
            (rising edge-triggered flip-flop clocked by clk)
  Path Group: clk
  Path Type: max

  Des/Clust/Port     Wire Load Model       Library
  ------------------------------------------------
  Top                G200K                 fsa0m_a_generic_core_tt1p8v25c
  AESOneRound        enG30K                fsa0m_a_generic_core_tt1p8v25c
  MixColumn          enG5K                 fsa0m_a_generic_core_tt1p8v25c
  MultiplyMinv_0     enG5K                 fsa0m_a_generic_core_tt1p8v25c
  SubOneByte_0       enG5K                 fsa0m_a_generic_core_tt1p8v25c
  MultiplyM_0        enG5K                 fsa0m_a_generic_core_tt1p8v25c
  MultiplyMinv_10    enG5K                 fsa0m_a_generic_core_tt1p8v25c
  SubOneByte_10      enG5K                 fsa0m_a_generic_core_tt1p8v25c
  MultiplyM_10       enG5K                 fsa0m_a_generic_core_tt1p8v25c
  MultiplyMinv_5     enG5K                 fsa0m_a_generic_core_tt1p8v25c
  SubOneByte_5       enG5K                 fsa0m_a_generic_core_tt1p8v25c
  MultiplyM_5        enG5K                 fsa0m_a_generic_core_tt1p8v25c
  MultiplyMinv_15    enG5K                 fsa0m_a_generic_core_tt1p8v25c
  SubOneByte_15      enG5K                 fsa0m_a_generic_core_tt1p8v25c
  MultiplyM_15       enG5K                 fsa0m_a_generic_core_tt1p8v25c

  Point                                                   Incr       Path
  --------------------------------------------------------------------------
  clock clk (rise edge)                                   0.00       0.00
  clock network delay (ideal)                             0.50       0.50
  input external delay                                    1.00       1.50 r
  i_mode (in)                                             0.03       1.53 r
  U16735/O (INV1S)                                        0.16       1.69 f
  U16736/O (INV1S)                                        0.45       2.15 r
  aes_top/oneround/dec (AESOneRound)                      0.00       2.15 r
  aes_top/oneround/U134/O (INV1S)                         0.47       2.61 f
  aes_top/oneround/U100/O (BUF1)                          0.39       3.01 f
  aes_top/oneround/U139/O (BUF1)                          0.25       3.26 f
  aes_top/oneround/U444/O (BUF1)                          0.27       3.53 f
  aes_top/oneround/U392/O (MOAI1S)                        0.27       3.80 f
  aes_top/oneround/U75/O (INV1S)                          0.12       3.92 r
  aes_top/oneround/U76/O (INV1S)                          0.35       4.27 f
  aes_top/oneround/mix/in[15] (MixColumn)                 0.00       4.27 f
  aes_top/oneround/mix/U678/O (MOAI1S)                    0.63       4.90 r
  aes_top/oneround/mix/U761/O (MOAI1S)                    0.36       5.27 f
  aes_top/oneround/mix/U762/O (MOAI1S)                    0.42       5.69 f
  aes_top/oneround/mix/U763/O (MOAI1S)                    0.35       6.05 f
  aes_top/oneround/mix/U764/O (MOAI1S)                    0.33       6.38 f
  aes_top/oneround/mix/U739/O (MOAI1S)                    0.31       6.68 f
  aes_top/oneround/mix/out_inv[2] (MixColumn)             0.00       6.68 f
  aes_top/oneround/U772/O (MOAI1S)                        0.29       6.97 f
  aes_top/oneround/invshift/in[2] (InvShiftRow)           0.00       6.97 f
  aes_top/oneround/invshift/U42/O (BUF1)                  0.18       7.16 f
  aes_top/oneround/invshift/out[34] (InvShiftRow)         0.00       7.16 f
  aes_top/oneround/U501/O (MUX2)                          0.34       7.50 f
  aes_top/oneround/sub96/in[2] (SubByte_96)               0.00       7.50 f
  aes_top/oneround/sub96/s11/in[2] (SubOneByte_0)         0.00       7.50 f
  aes_top/oneround/sub96/s11/m1/in[2] (MultiplyMinv_0)
                                                          0.00       7.50 f
  aes_top/oneround/sub96/s11/m1/U4/O (MOAI1S)             0.60       8.09 r
  aes_top/oneround/sub96/s11/m1/U5/O (MOAI1S)             0.15       8.24 f
  aes_top/oneround/sub96/s11/m1/out[3] (MultiplyMinv_0)
                                                          0.00       8.24 f
  aes_top/oneround/sub96/s11/c0/in[3] (AddCinv_0)         0.00       8.24 f
  aes_top/oneround/sub96/s11/c0/U4/O (BUF1)               0.21       8.46 f
  aes_top/oneround/sub96/s11/c0/out[3] (AddCinv_0)        0.00       8.46 f
  aes_top/oneround/sub96/s11/U7/O (AOI22S)                0.37       8.82 r
  aes_top/oneround/sub96/s11/U18/O (ND2S)                 0.27       9.09 f
  aes_top/oneround/sub96/s11/U19/O (NR2)                  0.48       9.58 r
  aes_top/oneround/sub96/s11/U61/O (INV1S)                0.44      10.02 f
  aes_top/oneround/sub96/s11/U104/O (NR2)                 0.51      10.53 r
  aes_top/oneround/sub96/s11/U120/O (INV1S)               0.22      10.75 f
  aes_top/oneround/sub96/s11/U97/O (ND3)                  0.21      10.96 r
  aes_top/oneround/sub96/s11/U339/O (INV1S)               0.13      11.09 f
  aes_top/oneround/sub96/s11/U344/O (AN4B1S)              0.27      11.36 f
  aes_top/oneround/sub96/s11/U345/O (ND3)                 0.11      11.47 r
  aes_top/oneround/sub96/s11/U100/O (AN4B1S)              0.11      11.58 f
  aes_top/oneround/sub96/s11/U299/O (ND3)                 0.12      11.69 r
  aes_top/oneround/sub96/s11/U155/O (AOI22S)              0.11      11.81 f
  aes_top/oneround/sub96/s11/U437/O (ND2S)                0.30      12.11 r
  aes_top/oneround/sub96/s11/m0/in[7] (MultiplyM_0)       0.00      12.11 r
  aes_top/oneround/sub96/s11/m0/U1/O (MOAI1S)             0.31      12.42 f
  aes_top/oneround/sub96/s11/m0/U7/O (MOAI1S)             0.33      12.74 f
  aes_top/oneround/sub96/s11/m0/out[2] (MultiplyM_0)      0.00      12.74 f
  aes_top/oneround/sub96/s11/c1/in[2] (AddC_0)            0.00      12.74 f
  aes_top/oneround/sub96/s11/c1/U5/O (BUF1)               0.20      12.94 f
  aes_top/oneround/sub96/s11/c1/out[2] (AddC_0)           0.00      12.94 f
  aes_top/oneround/sub96/s11/U393/O (MUX2)                0.27      13.21 f
  aes_top/oneround/sub96/s11/out[2] (SubOneByte_0)        0.00      13.21 f
  aes_top/oneround/sub96/out[2] (SubByte_96)              0.00      13.21 f
  aes_top/oneround/U893/O (AO222)                         0.34      13.55 f
  aes_top/oneround/add/in[2] (AddRoundKey_0)              0.00      13.55 f
  aes_top/oneround/add/U107/O (MAOI1)                     0.18      13.73 r
  aes_top/oneround/add/out[2] (AddRoundKey_0)             0.00      13.73 r
  aes_top/oneround/U446/O (INV1S)                         0.19      13.92 f
  aes_top/oneround/U18/O (MOAI1S)                         1.11      15.03 r
  aes_top/oneround/mix/in[2] (MixColumn)                  0.00      15.03 r
  aes_top/oneround/mix/U550/O (MOAI1S)                    0.52      15.55 f
  aes_top/oneround/mix/U635/O (MOAI1S)                    0.96      16.51 r
  aes_top/oneround/mix/U940/O (MOAI1S)                    0.18      16.68 f
  aes_top/oneround/mix/U941/O (MOAI1S)                    0.34      17.02 f
  aes_top/oneround/mix/U942/O (MOAI1S)                    0.33      17.35 f
  aes_top/oneround/mix/out_inv[18] (MixColumn)            0.00      17.35 f
  aes_top/oneround/U756/O (MOAI1S)                        0.33      17.68 f
  aes_top/oneround/invshift/in[18] (InvShiftRow)          0.00      17.68 f
  aes_top/oneround/invshift/U46/O (BUF1)                  0.18      17.87 f
  aes_top/oneround/invshift/out[114] (InvShiftRow)        0.00      17.87 f
  aes_top/oneround/U462/O (MUX2)                          0.34      18.21 f
  aes_top/oneround/sub96/in[82] (SubByte_96)              0.00      18.21 f
  aes_top/oneround/sub96/s1/in[2] (SubOneByte_10)         0.00      18.21 f
  aes_top/oneround/sub96/s1/m1/in[2] (MultiplyMinv_10)
                                                          0.00      18.21 f
  aes_top/oneround/sub96/s1/m1/U4/O (MOAI1S)              0.60      18.81 r
  aes_top/oneround/sub96/s1/m1/U5/O (MOAI1S)              0.15      18.96 f
  aes_top/oneround/sub96/s1/m1/out[3] (MultiplyMinv_10)
                                                          0.00      18.96 f
  aes_top/oneround/sub96/s1/c0/in[3] (AddCinv_10)         0.00      18.96 f
  aes_top/oneround/sub96/s1/c0/U4/O (BUF1)                0.21      19.17 f
  aes_top/oneround/sub96/s1/c0/out[3] (AddCinv_10)        0.00      19.17 f
  aes_top/oneround/sub96/s1/U7/O (AOI22S)                 0.37      19.54 r
  aes_top/oneround/sub96/s1/U297/O (ND2S)                 0.29      19.84 f
  aes_top/oneround/sub96/s1/U19/O (NR2)                   0.61      20.44 r
  aes_top/oneround/sub96/s1/U63/O (INV1S)                 0.38      20.83 f
  aes_top/oneround/sub96/s1/U84/O (NR2)                   0.61      21.44 r
  aes_top/oneround/sub96/s1/U86/O (NR2)                   0.13      21.57 f
  aes_top/oneround/sub96/s1/U217/O (ND3)                  0.15      21.72 r
  aes_top/oneround/sub96/s1/U218/O (NR3)                  0.18      21.90 f
  aes_top/oneround/sub96/s1/U440/O (ND3)                  0.17      22.07 r
  aes_top/oneround/sub96/s1/U446/O (AOI22S)               0.11      22.18 f
  aes_top/oneround/sub96/s1/U447/O (ND2S)                 0.30      22.48 r
  aes_top/oneround/sub96/s1/m0/in[7] (MultiplyM_10)       0.00      22.48 r
  aes_top/oneround/sub96/s1/m0/U1/O (MOAI1S)              0.31      22.79 f
  aes_top/oneround/sub96/s1/m0/U7/O (MOAI1S)              0.33      23.12 f
  aes_top/oneround/sub96/s1/m0/out[2] (MultiplyM_10)      0.00      23.12 f
  aes_top/oneround/sub96/s1/c1/in[2] (AddC_10)            0.00      23.12 f
  aes_top/oneround/sub96/s1/c1/U6/O (BUF1)                0.20      23.32 f
  aes_top/oneround/sub96/s1/c1/out[2] (AddC_10)           0.00      23.32 f
  aes_top/oneround/sub96/s1/U393/O (MUX2)                 0.27      23.59 f
  aes_top/oneround/sub96/s1/out[2] (SubOneByte_10)        0.00      23.59 f
  aes_top/oneround/sub96/out[82] (SubByte_96)             0.00      23.59 f
  aes_top/oneround/U917/O (AO222)                         0.34      23.93 f
  aes_top/oneround/add/in[18] (AddRoundKey_0)             0.00      23.93 f
  aes_top/oneround/add/U105/O (MAOI1)                     0.18      24.11 r
  aes_top/oneround/add/out[18] (AddRoundKey_0)            0.00      24.11 r
  aes_top/oneround/U443/O (INV1S)                         0.19      24.30 f
  aes_top/oneround/U22/O (MOAI1S)                         1.11      25.41 r
  aes_top/oneround/mix/in[18] (MixColumn)                 0.00      25.41 r
  aes_top/oneround/mix/U746/O (MOAI1S)                    0.36      25.77 f
  aes_top/oneround/mix/U751/O (MOAI1S)                    0.37      26.14 f
  aes_top/oneround/mix/out_inv[20] (MixColumn)            0.00      26.14 f
  aes_top/oneround/U754/O (MOAI1S)                        0.31      26.45 f
  aes_top/oneround/invshift/in[20] (InvShiftRow)          0.00      26.45 f
  aes_top/oneround/invshift/U48/O (BUF1)                  0.18      26.63 f
  aes_top/oneround/invshift/out[116] (InvShiftRow)        0.00      26.63 f
  aes_top/oneround/U508/O (MUX2)                          0.34      26.98 f
  aes_top/oneround/sub96/in[84] (SubByte_96)              0.00      26.98 f
  aes_top/oneround/sub96/s1/in[4] (SubOneByte_10)         0.00      26.98 f
  aes_top/oneround/sub96/s1/m1/in[4] (MultiplyMinv_10)
                                                          0.00      26.98 f
  aes_top/oneround/sub96/s1/m1/U1/O (MOAI1S)              0.59      27.56 r
  aes_top/oneround/sub96/s1/m1/U3/O (MOAI1S)              0.16      27.73 f
  aes_top/oneround/sub96/s1/m1/out[2] (MultiplyMinv_10)
                                                          0.00      27.73 f
  aes_top/oneround/sub96/s1/c0/in[2] (AddCinv_10)         0.00      27.73 f
  aes_top/oneround/sub96/s1/c0/U2/O (INV1S)               0.14      27.87 r
  aes_top/oneround/sub96/s1/c0/out[2] (AddCinv_10)        0.00      27.87 r
  aes_top/oneround/sub96/s1/U166/O (AOI22S)               0.19      28.06 f
  aes_top/oneround/sub96/s1/U169/O (ND2S)                 0.44      28.49 r
  aes_top/oneround/sub96/s1/U170/O (INV1S)                0.28      28.77 f
  aes_top/oneround/sub96/s1/U174/O (ND2S)                 0.27      29.04 r
  aes_top/oneround/sub96/s1/U314/O (INV1S)                0.19      29.24 f
  aes_top/oneround/sub96/s1/U163/O (NR2)                  0.21      29.44 r
  aes_top/oneround/sub96/s1/U265/O (AN4B1S)               0.44      29.88 r
  aes_top/oneround/sub96/s1/U413/O (ND3)                  0.11      30.00 f
  aes_top/oneround/sub96/s1/U414/O (AOI22S)               0.21      30.20 r
  aes_top/oneround/sub96/s1/U415/O (ND2S)                 0.20      30.41 f
  aes_top/oneround/sub96/s1/m0/in[2] (MultiplyM_10)       0.00      30.41 f
  aes_top/oneround/sub96/s1/m0/U6/O (MOAI1S)              0.85      31.26 r
  aes_top/oneround/sub96/s1/m0/U13/O (MOAI1S)             0.14      31.40 f
  aes_top/oneround/sub96/s1/m0/out[4] (MultiplyM_10)      0.00      31.40 f
  aes_top/oneround/sub96/s1/c1/in[4] (AddC_10)            0.00      31.40 f
  aes_top/oneround/sub96/s1/c1/U8/O (BUF1)                0.22      31.62 f
  aes_top/oneround/sub96/s1/c1/out[4] (AddC_10)           0.00      31.62 f
  aes_top/oneround/sub96/s1/U342/O (MUX2)                 0.27      31.89 f
  aes_top/oneround/sub96/s1/out[4] (SubOneByte_10)        0.00      31.89 f
  aes_top/oneround/sub96/out[84] (SubByte_96)             0.00      31.89 f
  aes_top/oneround/U919/O (AO222)                         0.34      32.23 f
  aes_top/oneround/add/in[20] (AddRoundKey_0)             0.00      32.23 f
  aes_top/oneround/add/U109/O (MAOI1)                     0.18      32.41 r
  aes_top/oneround/add/out[20] (AddRoundKey_0)            0.00      32.41 r
  aes_top/oneround/U460/O (INV1S)                         0.19      32.60 f
  aes_top/oneround/U461/O (MOAI1S)                        1.17      33.77 r
  aes_top/oneround/mix/in[20] (MixColumn)                 0.00      33.77 r
  aes_top/oneround/mix/U204/O (INV1S)                     0.10      33.87 f
  aes_top/oneround/mix/U206/O (INV1S)                     0.31      34.18 r
  aes_top/oneround/mix/U192/O (MOAI1S)                    0.41      34.59 f
  aes_top/oneround/mix/U807/O (MOAI1S)                    0.50      35.09 f
  aes_top/oneround/mix/U808/O (MOAI1S)                    0.53      35.61 f
  aes_top/oneround/mix/U810/O (MOAI1S)                    0.36      35.97 f
  aes_top/oneround/mix/U811/O (MOAI1S)                    0.33      36.31 f
  aes_top/oneround/mix/out_inv[4] (MixColumn)             0.00      36.31 f
  aes_top/oneround/U770/O (MOAI1S)                        0.33      36.64 f
  aes_top/oneround/invshift/in[4] (InvShiftRow)           0.00      36.64 f
  aes_top/oneround/invshift/U16/O (BUF1)                  0.18      36.82 f
  aes_top/oneround/invshift/out[36] (InvShiftRow)         0.00      36.82 f
  aes_top/oneround/U503/O (MUX2)                          0.34      37.17 f
  aes_top/oneround/sub96/in[4] (SubByte_96)               0.00      37.17 f
  aes_top/oneround/sub96/s11/in[4] (SubOneByte_0)         0.00      37.17 f
  aes_top/oneround/sub96/s11/m1/in[4] (MultiplyMinv_0)
                                                          0.00      37.17 f
  aes_top/oneround/sub96/s11/m1/U1/O (MOAI1S)             0.59      37.75 r
  aes_top/oneround/sub96/s11/m1/U3/O (MOAI1S)             0.16      37.92 f
  aes_top/oneround/sub96/s11/m1/out[2] (MultiplyMinv_0)
                                                          0.00      37.92 f
  aes_top/oneround/sub96/s11/c0/in[2] (AddCinv_0)         0.00      37.92 f
  aes_top/oneround/sub96/s11/c0/U2/O (INV1S)              0.12      38.04 r
  aes_top/oneround/sub96/s11/c0/out[2] (AddCinv_0)        0.00      38.04 r
  aes_top/oneround/sub96/s11/U445/O (MUX2)                0.28      38.31 r
  aes_top/oneround/sub96/s11/U450/O (INV1S)               0.17      38.48 f
  aes_top/oneround/sub96/s11/U47/O (ND2S)                 0.46      38.94 r
  aes_top/oneround/sub96/s11/U134/O (INV1S)               0.22      39.16 f
  aes_top/oneround/sub96/s11/U135/O (ND2S)                0.40      39.56 r
  aes_top/oneround/sub96/s11/U137/O (INV1S)               0.17      39.72 f
  aes_top/oneround/sub96/s11/U163/O (NR2)                 0.18      39.90 r
  aes_top/oneround/sub96/s11/U318/O (AN4B1S)              0.35      40.25 r
  aes_top/oneround/sub96/s11/U322/O (AN2)                 0.21      40.46 r
  aes_top/oneround/sub96/s11/U355/O (AN4B1S)              0.23      40.69 r
  aes_top/oneround/sub96/s11/U356/O (ND3)                 0.10      40.80 f
  aes_top/oneround/sub96/s11/U382/O (AOI22S)              0.22      41.02 r
  aes_top/oneround/sub96/s11/U401/O (ND2S)                0.21      41.23 f
  aes_top/oneround/sub96/s11/m0/in[2] (MultiplyM_0)       0.00      41.23 f
  aes_top/oneround/sub96/s11/m0/U6/O (MOAI1S)             0.85      42.08 r
  aes_top/oneround/sub96/s11/m0/U15/O (MOAI1S)            0.14      42.22 f
  aes_top/oneround/sub96/s11/m0/out[4] (MultiplyM_0)      0.00      42.22 f
  aes_top/oneround/sub96/s11/c1/in[4] (AddC_0)            0.00      42.22 f
  aes_top/oneround/sub96/s11/c1/U7/O (BUF1)               0.22      42.44 f
  aes_top/oneround/sub96/s11/c1/out[4] (AddC_0)           0.00      42.44 f
  aes_top/oneround/sub96/s11/U342/O (MUX2)                0.27      42.71 f
  aes_top/oneround/sub96/s11/out[4] (SubOneByte_0)        0.00      42.71 f
  aes_top/oneround/sub96/out[4] (SubByte_96)              0.00      42.71 f
  aes_top/oneround/U895/O (AO222)                         0.34      43.05 f
  aes_top/oneround/add/in[4] (AddRoundKey_0)              0.00      43.05 f
  aes_top/oneround/add/U8/O (MAOI1)                       0.18      43.23 r
  aes_top/oneround/add/out[4] (AddRoundKey_0)             0.00      43.23 r
  aes_top/oneround/U561/O (INV1S)                         0.19      43.42 f
  aes_top/oneround/U19/O (MOAI1S)                         1.11      44.53 r
  aes_top/oneround/mix/in[4] (MixColumn)                  0.00      44.53 r
  aes_top/oneround/mix/U8/O (INV1S)                       0.10      44.62 f
  aes_top/oneround/mix/U10/O (INV1S)                      0.25      44.87 r
  aes_top/oneround/mix/U821/O (MOAI1S)                    0.22      45.10 f
  aes_top/oneround/mix/U872/O (MOAI1S)                    0.34      45.44 f
  aes_top/oneround/mix/out[12] (MixColumn)                0.00      45.44 f
  aes_top/oneround/U909/O (AO222)                         0.46      45.89 f
  aes_top/oneround/add/in[12] (AddRoundKey_0)             0.00      45.89 f
  aes_top/oneround/add/U112/O (MAOI1)                     0.23      46.13 f
  aes_top/oneround/add/out[12] (AddRoundKey_0)            0.00      46.13 f
  aes_top/oneround/U504/O (INV1S)                         0.20      46.33 r
  aes_top/oneround/U505/O (MOAI1S)                        0.15      46.47 f
  aes_top/oneround/U506/O (MUX2)                          0.39      46.86 f
  aes_top/oneround/sub96/in[44] (SubByte_96)              0.00      46.86 f
  aes_top/oneround/sub96/s6/in[4] (SubOneByte_5)          0.00      46.86 f
  aes_top/oneround/sub96/s6/m1/in[4] (MultiplyMinv_5)     0.00      46.86 f
  aes_top/oneround/sub96/s6/m1/U1/O (MOAI1S)              0.59      47.45 r
  aes_top/oneround/sub96/s6/m1/U3/O (MOAI1S)              0.22      47.66 r
  aes_top/oneround/sub96/s6/m1/out[2] (MultiplyMinv_5)
                                                          0.00      47.66 r
  aes_top/oneround/sub96/s6/c0/in[2] (AddCinv_5)          0.00      47.66 r
  aes_top/oneround/sub96/s6/c0/U2/O (INV1S)               0.11      47.78 f
  aes_top/oneround/sub96/s6/c0/out[2] (AddCinv_5)         0.00      47.78 f
  aes_top/oneround/sub96/s6/U67/O (AOI22S)                0.40      48.18 r
  aes_top/oneround/sub96/s6/U468/O (NR2)                  0.14      48.31 f
  aes_top/oneround/sub96/s6/U9/O (ND2S)                   0.31      48.62 r
  aes_top/oneround/sub96/s6/U55/O (INV1S)                 0.31      48.93 f
  aes_top/oneround/sub96/s6/U58/O (ND2S)                  0.45      49.38 r
  aes_top/oneround/sub96/s6/U181/O (INV1S)                0.28      49.66 f
  aes_top/oneround/sub96/s6/U205/O (NR2)                  0.19      49.86 r
  aes_top/oneround/sub96/s6/U208/O (ND3)                  0.09      49.94 f
  aes_top/oneround/sub96/s6/U209/O (NR3)                  0.32      50.27 r
  aes_top/oneround/sub96/s6/U210/O (ND3)                  0.10      50.37 f
  aes_top/oneround/sub96/s6/U211/O (NR3)                  0.25      50.62 r
  aes_top/oneround/sub96/s6/U287/O (ND3)                  0.11      50.73 f
  aes_top/oneround/sub96/s6/U391/O (AOI22S)               0.20      50.93 r
  aes_top/oneround/sub96/s6/U413/O (ND2S)                 0.20      51.13 f
  aes_top/oneround/sub96/s6/m0/in[2] (MultiplyM_5)        0.00      51.13 f
  aes_top/oneround/sub96/s6/m0/U6/O (MOAI1S)              0.84      51.97 r
  aes_top/oneround/sub96/s6/m0/U16/O (MOAI1S)             0.10      52.08 f
  aes_top/oneround/sub96/s6/m0/out[2] (MultiplyM_5)       0.00      52.08 f
  aes_top/oneround/sub96/s6/c1/in[2] (AddC_5)             0.00      52.08 f
  aes_top/oneround/sub96/s6/c1/U5/O (BUF1)                0.21      52.29 f
  aes_top/oneround/sub96/s6/c1/out[2] (AddC_5)            0.00      52.29 f
  aes_top/oneround/sub96/s6/U414/O (MUX2)                 0.27      52.56 f
  aes_top/oneround/sub96/s6/out[2] (SubOneByte_5)         0.00      52.56 f
  aes_top/oneround/sub96/out[42] (SubByte_96)             0.00      52.56 f
  aes_top/oneround/U907/O (AO222)                         0.34      52.90 f
  aes_top/oneround/add/in[10] (AddRoundKey_0)             0.00      52.90 f
  aes_top/oneround/add/U106/O (MAOI1)                     0.18      53.08 r
  aes_top/oneround/add/out[10] (AddRoundKey_0)            0.00      53.08 r
  aes_top/oneround/U445/O (INV1S)                         0.19      53.27 f
  aes_top/oneround/U21/O (MOAI1S)                         1.26      54.53 r
  aes_top/oneround/mix/in[10] (MixColumn)                 0.00      54.53 r
  aes_top/oneround/mix/U22/O (INV1S)                      0.10      54.62 f
  aes_top/oneround/mix/U24/O (INV1S)                      0.21      54.83 r
  aes_top/oneround/mix/U549/O (MOAI1S)                    0.28      55.11 f
  aes_top/oneround/mix/U197/O (INV1S)                     0.14      55.25 r
  aes_top/oneround/mix/U198/O (INV1S)                     0.21      55.46 f
  aes_top/oneround/mix/U776/O (MOAI1S)                    0.38      55.84 f
  aes_top/oneround/mix/U786/O (MOAI1S)                    0.35      56.19 f
  aes_top/oneround/mix/U787/O (MOAI1S)                    0.36      56.55 f
  aes_top/oneround/mix/U788/O (MOAI1S)                    0.31      56.85 f
  aes_top/oneround/mix/out_inv[19] (MixColumn)            0.00      56.85 f
  aes_top/oneround/U755/O (MOAI1S)                        0.31      57.17 f
  aes_top/oneround/invshift/in[19] (InvShiftRow)          0.00      57.17 f
  aes_top/oneround/invshift/U47/O (BUF1)                  0.18      57.35 f
  aes_top/oneround/invshift/out[115] (InvShiftRow)        0.00      57.35 f
  aes_top/oneround/U886/O (MUX2)                          0.34      57.69 f
  aes_top/oneround/sub96/in[83] (SubByte_96)              0.00      57.69 f
  aes_top/oneround/sub96/s1/in[3] (SubOneByte_10)         0.00      57.69 f
  aes_top/oneround/sub96/s1/m1/in[3] (MultiplyMinv_10)
                                                          0.00      57.69 f
  aes_top/oneround/sub96/s1/m1/U10/O (MOAI1S)             0.58      58.28 r
  aes_top/oneround/sub96/s1/m1/U11/O (MOAI1S)             0.21      58.48 r
  aes_top/oneround/sub96/s1/m1/out[6] (MultiplyMinv_10)
                                                          0.00      58.48 r
  aes_top/oneround/sub96/s1/c0/in[6] (AddCinv_10)         0.00      58.48 r
  aes_top/oneround/sub96/s1/c0/U7/O (BUF1)                0.14      58.63 r
  aes_top/oneround/sub96/s1/c0/out[6] (AddCinv_10)        0.00      58.63 r
  aes_top/oneround/sub96/s1/U270/O (MUX2)                 0.26      58.89 r
  aes_top/oneround/sub96/s1/U451/O (INV1S)                0.15      59.04 f
  aes_top/oneround/sub96/s1/U22/O (AN2)                   0.25      59.28 f
  aes_top/oneround/sub96/s1/U71/O (ND2S)                  0.39      59.67 r
  aes_top/oneround/sub96/s1/U248/O (INV1S)                0.21      59.88 f
  aes_top/oneround/sub96/s1/U250/O (ND2S)                 0.31      60.19 r
  aes_top/oneround/sub96/s1/U252/O (OR2B1S)               0.13      60.32 f
  aes_top/oneround/sub96/s1/U256/O (OR3B2S)               0.20      60.53 f
  aes_top/oneround/sub96/s1/U258/O (AN4B1S)               0.29      60.82 r
  aes_top/oneround/sub96/s1/U347/O (ND3)                  0.11      60.93 f
  aes_top/oneround/sub96/s1/U323/O (AOI22S)               0.22      61.15 r
  aes_top/oneround/sub96/s1/U418/O (ND2S)                 0.22      61.37 f
  aes_top/oneround/sub96/s1/m0/in[4] (MultiplyM_10)       0.00      61.37 f
  aes_top/oneround/sub96/s1/m0/U15/O (MOAI1S)             0.27      61.64 r
  aes_top/oneround/sub96/s1/m0/out[0] (MultiplyM_10)      0.00      61.64 r
  aes_top/oneround/sub96/s1/c1/in[0] (AddC_10)            0.00      61.64 r
  aes_top/oneround/sub96/s1/c1/U1/O (INV1S)               0.09      61.73 f
  aes_top/oneround/sub96/s1/c1/out[0] (AddC_10)           0.00      61.73 f
  aes_top/oneround/sub96/s1/U427/O (MUX2)                 0.29      62.02 f
  aes_top/oneround/sub96/s1/out[0] (SubOneByte_10)        0.00      62.02 f
  aes_top/oneround/sub96/out[80] (SubByte_96)             0.00      62.02 f
  aes_top/oneround/U915/O (AO222)                         0.34      62.36 f
  aes_top/oneround/add/in[16] (AddRoundKey_0)             0.00      62.36 f
  aes_top/oneround/add/U127/O (MAOI1)                     0.23      62.59 f
  aes_top/oneround/add/out[16] (AddRoundKey_0)            0.00      62.59 f
  aes_top/oneround/U428/O (INV1S)                         0.20      62.79 r
  aes_top/oneround/U430/O (MOAI1S)                        0.15      62.94 f
  aes_top/oneround/U432/O (MUX2)                          0.38      63.32 f
  aes_top/oneround/sub96/in[80] (SubByte_96)              0.00      63.32 f
  aes_top/oneround/sub96/s1/in[0] (SubOneByte_10)         0.00      63.32 f
  aes_top/oneround/sub96/s1/U271/O (MUX2)                 0.33      63.65 f
  aes_top/oneround/sub96/s1/U272/O (ND2S)                 0.24      63.89 r
  aes_top/oneround/sub96/s1/U45/O (OR2)                   0.32      64.21 r
  aes_top/oneround/sub96/s1/U259/O (NR2)                  0.13      64.34 f
  aes_top/oneround/sub96/s1/U262/O (AN4B1S)               0.16      64.50 r
  aes_top/oneround/sub96/s1/U263/O (ND3)                  0.10      64.61 f
  aes_top/oneround/sub96/s1/U417/O (AOI22S)               0.23      64.83 r
  aes_top/oneround/sub96/s1/U387/O (ND2S)                 0.22      65.05 f
  aes_top/oneround/sub96/s1/m0/in[0] (MultiplyM_10)       0.00      65.05 f
  aes_top/oneround/sub96/s1/m0/U5/O (MOAI1S)              0.60      65.65 r
  aes_top/oneround/sub96/s1/m0/U8/O (MOAI1S)              0.21      65.86 r
  aes_top/oneround/sub96/s1/m0/out[1] (MultiplyM_10)      0.00      65.86 r
  aes_top/oneround/sub96/s1/c1/in[1] (AddC_10)            0.00      65.86 r
  aes_top/oneround/sub96/s1/c1/U2/O (INV1S)               0.09      65.95 f
  aes_top/oneround/sub96/s1/c1/out[1] (AddC_10)           0.00      65.95 f
  aes_top/oneround/sub96/s1/U410/O (MUX2)                 0.29      66.24 f
  aes_top/oneround/sub96/s1/out[1] (SubOneByte_10)        0.00      66.24 f
  aes_top/oneround/sub96/out[81] (SubByte_96)             0.00      66.24 f
  aes_top/oneround/U916/O (AO222)                         0.34      66.58 f
  aes_top/oneround/add/in[17] (AddRoundKey_0)             0.00      66.58 f
  aes_top/oneround/add/U103/O (MAOI1)                     0.18      66.76 r
  aes_top/oneround/add/out[17] (AddRoundKey_0)            0.00      66.76 r
  aes_top/oneround/U434/O (INV1S)                         0.19      66.95 f
  aes_top/oneround/U435/O (MOAI1S)                        0.29      67.24 r
  aes_top/oneround/U437/O (MUX2)                          0.38      67.62 r
  aes_top/oneround/sub96/in[81] (SubByte_96)              0.00      67.62 r
  aes_top/oneround/sub96/s1/in[1] (SubOneByte_10)         0.00      67.62 r
  aes_top/oneround/sub96/s1/U267/O (MUX2)                 0.30      67.92 r
  aes_top/oneround/sub96/s1/U268/O (INV1S)                0.17      68.09 f
  aes_top/oneround/sub96/s1/U273/O (NR2)                  0.48      68.58 r
  aes_top/oneround/sub96/s1/U274/O (INV1S)                0.30      68.88 f
  aes_top/oneround/sub96/s1/U275/O (NR2)                  0.43      69.31 r
  aes_top/oneround/sub96/s1/U278/O (NR3)                  0.35      69.66 f
  aes_top/oneround/sub96/s1/U279/O (AN3S)                 0.33      69.99 f
  aes_top/oneround/sub96/s1/U401/O (ND3)                  0.13      70.12 r
  aes_top/oneround/sub96/s1/U402/O (AOI22S)               0.08      70.20 f
  aes_top/oneround/sub96/s1/U403/O (ND2S)                 0.32      70.52 r
  aes_top/oneround/sub96/s1/m0/in[1] (MultiplyM_10)       0.00      70.52 r
  aes_top/oneround/sub96/s1/m0/U10/O (MOAI1S)             0.23      70.75 r
  aes_top/oneround/sub96/s1/m0/out[5] (MultiplyM_10)      0.00      70.75 r
  aes_top/oneround/sub96/s1/c1/in[5] (AddC_10)            0.00      70.75 r
  aes_top/oneround/sub96/s1/c1/U3/O (INV1S)               0.09      70.83 f
  aes_top/oneround/sub96/s1/c1/out[5] (AddC_10)           0.00      70.83 f
  aes_top/oneround/sub96/s1/U301/O (MUX2)                 0.29      71.12 f
  aes_top/oneround/sub96/s1/out[5] (SubOneByte_10)        0.00      71.12 f
  aes_top/oneround/sub96/out[85] (SubByte_96)             0.00      71.12 f
  aes_top/oneround/U921/O (AO222)                         0.34      71.46 f
  aes_top/oneround/add/in[21] (AddRoundKey_0)             0.00      71.46 f
  aes_top/oneround/add/U5/O (MAOI1)                       0.24      71.70 f
  aes_top/oneround/add/out[21] (AddRoundKey_0)            0.00      71.70 f
  aes_top/oneround/U456/O (INV1S)                         0.20      71.90 r
  aes_top/oneround/U458/O (MOAI1S)                        0.15      72.05 f
  aes_top/oneround/U459/O (MUX2)                          0.38      72.43 f
  aes_top/oneround/sub96/in[85] (SubByte_96)              0.00      72.43 f
  aes_top/oneround/sub96/s1/in[5] (SubOneByte_10)         0.00      72.43 f
  aes_top/oneround/sub96/s1/U363/O (MUX2)                 0.31      72.74 f
  aes_top/oneround/sub96/s1/U364/O (INV1S)                0.18      72.92 r
  aes_top/oneround/sub96/s1/U157/O (NR2)                  0.08      73.00 f
  aes_top/oneround/sub96/s1/U1/O (INV1S)                  0.12      73.12 r
  aes_top/oneround/sub96/s1/U4/O (INV1S)                  0.32      73.44 f
  aes_top/oneround/sub96/s1/U359/O (AOI22S)               0.23      73.67 r
  aes_top/oneround/sub96/s1/U358/O (ND2S)                 0.21      73.88 f
  aes_top/oneround/sub96/s1/m0/in[3] (MultiplyM_10)       0.00      73.88 f
  aes_top/oneround/sub96/s1/m0/U11/O (MOAI1S)             0.33      74.21 f
  aes_top/oneround/sub96/s1/m0/U12/O (MOAI1S)             0.32      74.54 f
  aes_top/oneround/sub96/s1/m0/out[3] (MultiplyM_10)      0.00      74.54 f
  aes_top/oneround/sub96/s1/c1/in[3] (AddC_10)            0.00      74.54 f
  aes_top/oneround/sub96/s1/c1/U7/O (BUF1)                0.18      74.72 f
  aes_top/oneround/sub96/s1/c1/out[3] (AddC_10)           0.00      74.72 f
  aes_top/oneround/sub96/s1/U416/O (MUX2)                 0.27      74.99 f
  aes_top/oneround/sub96/s1/out[3] (SubOneByte_10)        0.00      74.99 f
  aes_top/oneround/sub96/out[83] (SubByte_96)             0.00      74.99 f
  aes_top/oneround/U918/O (AO222)                         0.34      75.33 f
  aes_top/oneround/add/in[19] (AddRoundKey_0)             0.00      75.33 f
  aes_top/oneround/add/U104/O (MAOI1)                     0.18      75.51 r
  aes_top/oneround/add/out[19] (AddRoundKey_0)            0.00      75.51 r
  aes_top/oneround/U138/O (INV1S)                         0.19      75.70 f
  aes_top/oneround/U142/O (MOAI1S)                        1.23      76.93 r
  aes_top/oneround/mix/in[19] (MixColumn)                 0.00      76.93 r
  aes_top/oneround/mix/U472/O (MOAI1S)                    0.27      77.20 f
  aes_top/oneround/mix/U194/O (INV1S)                     0.17      77.38 r
  aes_top/oneround/mix/U195/O (INV1S)                     0.25      77.63 f
  aes_top/oneround/mix/U473/O (MOAI1S)                    0.84      78.47 r
  aes_top/oneround/mix/U474/O (MOAI1S)                    0.49      78.95 f
  aes_top/oneround/mix/U774/O (MOAI1S)                    0.39      79.35 f
  aes_top/oneround/mix/out_inv[6] (MixColumn)             0.00      79.35 f
  aes_top/oneround/U768/O (MOAI1S)                        0.33      79.68 f
  aes_top/oneround/invshift/in[6] (InvShiftRow)           0.00      79.68 f
  aes_top/oneround/invshift/U43/O (BUF1)                  0.18      79.87 f
  aes_top/oneround/invshift/out[38] (InvShiftRow)         0.00      79.87 f
  aes_top/oneround/U419/O (MUX2)                          0.34      80.21 f
  aes_top/oneround/sub96/in[6] (SubByte_96)               0.00      80.21 f
  aes_top/oneround/sub96/s11/in[6] (SubOneByte_0)         0.00      80.21 f
  aes_top/oneround/sub96/s11/m1/in[6] (MultiplyMinv_0)
                                                          0.00      80.21 f
  aes_top/oneround/sub96/s11/m1/U7/O (MOAI1S)             0.58      80.79 r
  aes_top/oneround/sub96/s11/m1/U9/O (MOAI1S)             0.15      80.94 f
  aes_top/oneround/sub96/s11/m1/out[4] (MultiplyMinv_0)
                                                          0.00      80.94 f
  aes_top/oneround/sub96/s11/c0/in[4] (AddCinv_0)         0.00      80.94 f
  aes_top/oneround/sub96/s11/c0/U5/O (BUF1)               0.21      81.15 f
  aes_top/oneround/sub96/s11/c0/out[4] (AddCinv_0)        0.00      81.15 f
  aes_top/oneround/sub96/s11/U443/O (AOI22S)              0.35      81.50 r
  aes_top/oneround/sub96/s11/U444/O (AN2)                 0.35      81.85 r
  aes_top/oneround/sub96/s11/U446/O (ND2S)                0.22      82.08 f
  aes_top/oneround/sub96/s11/U76/O (NR2)                  0.30      82.38 r
  aes_top/oneround/sub96/s11/U174/O (NR2)                 0.13      82.51 f
  aes_top/oneround/sub96/s11/U185/O (AN4B1S)              0.27      82.79 f
  aes_top/oneround/sub96/s11/U353/O (ND3)                 0.15      82.94 r
  aes_top/oneround/sub96/s11/U359/O (AOI22S)              0.11      83.05 f
  aes_top/oneround/sub96/s11/U402/O (ND2S)                0.31      83.36 r
  aes_top/oneround/sub96/s11/m0/in[3] (MultiplyM_0)       0.00      83.36 r
  aes_top/oneround/sub96/s11/m0/U12/O (MOAI1S)            0.19      83.55 f
  aes_top/oneround/sub96/s11/m0/U13/O (MOAI1S)            0.29      83.84 f
  aes_top/oneround/sub96/s11/m0/out[3] (MultiplyM_0)      0.00      83.84 f
  aes_top/oneround/sub96/s11/c1/in[3] (AddC_0)            0.00      83.84 f
  aes_top/oneround/sub96/s11/c1/U6/O (BUF1)               0.21      84.05 f
  aes_top/oneround/sub96/s11/c1/out[3] (AddC_0)           0.00      84.05 f
  aes_top/oneround/sub96/s11/U403/O (MUX2)                0.27      84.33 f
  aes_top/oneround/sub96/s11/out[3] (SubOneByte_0)        0.00      84.33 f
  aes_top/oneround/sub96/out[3] (SubByte_96)              0.00      84.33 f
  aes_top/oneround/U894/O (AO222)                         0.34      84.67 f
  aes_top/oneround/add/in[3] (AddRoundKey_0)              0.00      84.67 f
  aes_top/oneround/add/U100/O (MAOI1)                     0.23      84.90 f
  aes_top/oneround/add/out[3] (AddRoundKey_0)             0.00      84.90 f
  aes_top/oneround/U564/O (INV1S)                         0.21      85.11 r
  aes_top/oneround/U841/O (MOAI1S)                        0.15      85.26 f
  aes_top/oneround/U842/O (MUX2)                          0.39      85.65 f
  aes_top/oneround/sub96/in[3] (SubByte_96)               0.00      85.65 f
  aes_top/oneround/sub96/s11/in[3] (SubOneByte_0)         0.00      85.65 f
  aes_top/oneround/sub96/s11/m1/in[3] (MultiplyMinv_0)
                                                          0.00      85.65 f
  aes_top/oneround/sub96/s11/m1/U10/O (MOAI1S)            0.58      86.24 r
  aes_top/oneround/sub96/s11/m1/U11/O (MOAI1S)            0.21      86.44 r
  aes_top/oneround/sub96/s11/m1/out[6] (MultiplyMinv_0)
                                                          0.00      86.44 r
  aes_top/oneround/sub96/s11/c0/in[6] (AddCinv_0)         0.00      86.44 r
  aes_top/oneround/sub96/s11/c0/U7/O (BUF1)               0.14      86.59 r
  aes_top/oneround/sub96/s11/c0/out[6] (AddCinv_0)        0.00      86.59 r
  aes_top/oneround/sub96/s11/U209/O (MUX2)                0.26      86.84 r
  aes_top/oneround/sub96/s11/U448/O (INV1S)               0.15      87.00 f
  aes_top/oneround/sub96/s11/U22/O (AN2)                  0.25      87.24 f
  aes_top/oneround/sub96/s11/U71/O (ND2S)                 0.39      87.63 r
  aes_top/oneround/sub96/s11/U34/O (INV1S)                0.21      87.84 f
  aes_top/oneround/sub96/s11/U38/O (ND2S)                 0.43      88.27 r
  aes_top/oneround/sub96/s11/U300/O (ND2S)                0.13      88.41 f
  aes_top/oneround/sub96/s11/U303/O (AN4B1S)              0.28      88.69 r
  aes_top/oneround/sub96/s11/U308/O (ND3)                 0.11      88.80 f
  aes_top/oneround/sub96/s11/U323/O (AOI22S)              0.22      89.02 r
  aes_top/oneround/sub96/s11/U409/O (ND2S)                0.21      89.24 f
  aes_top/oneround/sub96/s11/m0/in[4] (MultiplyM_0)       0.00      89.24 f
  aes_top/oneround/sub96/s11/m0/U16/O (MOAI1S)            0.27      89.51 r
  aes_top/oneround/sub96/s11/m0/out[0] (MultiplyM_0)      0.00      89.51 r
  aes_top/oneround/sub96/s11/c1/in[0] (AddC_0)            0.00      89.51 r
  aes_top/oneround/sub96/s11/c1/U1/O (INV1S)              0.09      89.60 f
  aes_top/oneround/sub96/s11/c1/out[0] (AddC_0)           0.00      89.60 f
  aes_top/oneround/sub96/s11/U427/O (MUX2)                0.29      89.89 f
  aes_top/oneround/sub96/s11/out[0] (SubOneByte_0)        0.00      89.89 f
  aes_top/oneround/sub96/out[0] (SubByte_96)              0.00      89.89 f
  aes_top/oneround/U888/O (AO222)                         0.40      90.28 f
  aes_top/oneround/add/in[0] (AddRoundKey_0)              0.00      90.28 f
  aes_top/oneround/add/U31/O (MAOI1)                      0.23      90.52 f
  aes_top/oneround/add/out[0] (AddRoundKey_0)             0.00      90.52 f
  aes_top/oneround/U403/O (INV1S)                         0.21      90.73 r
  aes_top/oneround/U408/O (MOAI1S)                        0.15      90.88 f
  aes_top/oneround/U410/O (MUX2)                          0.38      91.27 f
  aes_top/oneround/sub96/in[0] (SubByte_96)               0.00      91.27 f
  aes_top/oneround/sub96/s11/in[0] (SubOneByte_0)         0.00      91.27 f
  aes_top/oneround/sub96/s11/U210/O (MUX2)                0.33      91.60 f
  aes_top/oneround/sub96/s11/U211/O (ND2S)                0.24      91.83 r
  aes_top/oneround/sub96/s11/U45/O (OR2)                  0.29      92.12 r
  aes_top/oneround/sub96/s11/U346/O (NR2)                 0.12      92.24 f
  aes_top/oneround/sub96/s11/U347/O (NR2)                 0.15      92.40 r
  aes_top/oneround/sub96/s11/U349/O (ND3)                 0.10      92.50 f
  aes_top/oneround/sub96/s11/U417/O (AOI22S)              0.22      92.71 r
  aes_top/oneround/sub96/s11/U394/O (ND2S)                0.21      92.93 f
  aes_top/oneround/sub96/s11/m0/in[0] (MultiplyM_0)       0.00      92.93 f
  aes_top/oneround/sub96/s11/m0/U5/O (MOAI1S)             0.60      93.53 r
  aes_top/oneround/sub96/s11/m0/U8/O (MOAI1S)             0.21      93.74 r
  aes_top/oneround/sub96/s11/m0/out[1] (MultiplyM_0)      0.00      93.74 r
  aes_top/oneround/sub96/s11/c1/in[1] (AddC_0)            0.00      93.74 r
  aes_top/oneround/sub96/s11/c1/U2/O (INV1S)              0.09      93.83 f
  aes_top/oneround/sub96/s11/c1/out[1] (AddC_0)           0.00      93.83 f
  aes_top/oneround/sub96/s11/U410/O (MUX2)                0.29      94.12 f
  aes_top/oneround/sub96/s11/out[1] (SubOneByte_0)        0.00      94.12 f
  aes_top/oneround/sub96/out[1] (SubByte_96)              0.00      94.12 f
  aes_top/oneround/U890/O (AO222)                         0.34      94.46 f
  aes_top/oneround/add/in[1] (AddRoundKey_0)              0.00      94.46 f
  aes_top/oneround/add/U101/O (MAOI1)                     0.18      94.64 r
  aes_top/oneround/add/out[1] (AddRoundKey_0)             0.00      94.64 r
  aes_top/oneround/U414/O (INV1S)                         0.19      94.83 f
  aes_top/oneround/U415/O (MOAI1S)                        0.29      95.12 r
  aes_top/oneround/U417/O (MUX2)                          0.38      95.50 r
  aes_top/oneround/sub96/in[1] (SubByte_96)               0.00      95.50 r
  aes_top/oneround/sub96/s11/in[1] (SubOneByte_0)         0.00      95.50 r
  aes_top/oneround/sub96/s11/U205/O (MUX2)                0.30      95.80 r
  aes_top/oneround/sub96/s11/U207/O (INV1S)               0.17      95.97 f
  aes_top/oneround/sub96/s11/U213/O (NR2)                 0.48      96.46 r
  aes_top/oneround/sub96/s11/U214/O (INV1S)               0.30      96.76 f
  aes_top/oneround/sub96/s11/U215/O (NR2)                 0.43      97.19 r
  aes_top/oneround/sub96/s11/U310/O (AN4B1S)              0.28      97.47 f
  aes_top/oneround/sub96/s11/U311/O (AN3S)                0.32      97.79 f
  aes_top/oneround/sub96/s11/U317/O (ND3)                 0.14      97.93 r
  aes_top/oneround/sub96/s11/U399/O (AOI22S)              0.11      98.03 f
  aes_top/oneround/sub96/s11/U400/O (ND2S)                0.30      98.33 r
  aes_top/oneround/sub96/s11/m0/in[1] (MultiplyM_0)       0.00      98.33 r
  aes_top/oneround/sub96/s11/m0/U10/O (MOAI1S)            0.23      98.56 r
  aes_top/oneround/sub96/s11/m0/out[5] (MultiplyM_0)      0.00      98.56 r
  aes_top/oneround/sub96/s11/c1/in[5] (AddC_0)            0.00      98.56 r
  aes_top/oneround/sub96/s11/c1/U3/O (INV1S)              0.09      98.65 f
  aes_top/oneround/sub96/s11/c1/out[5] (AddC_0)           0.00      98.65 f
  aes_top/oneround/sub96/s11/U301/O (MUX2)                0.29      98.94 f
  aes_top/oneround/sub96/s11/out[5] (SubOneByte_0)        0.00      98.94 f
  aes_top/oneround/sub96/out[5] (SubByte_96)              0.00      98.94 f
  aes_top/oneround/U896/O (AO222)                         0.34      99.28 f
  aes_top/oneround/add/in[5] (AddRoundKey_0)              0.00      99.28 f
  aes_top/oneround/add/U40/O (MAOI1)                      0.24      99.51 f
  aes_top/oneround/add/out[5] (AddRoundKey_0)             0.00      99.51 f
  aes_top/oneround/U497/O (INV1S)                         0.21      99.72 r
  aes_top/oneround/U498/O (MOAI1S)                        0.15      99.87 f
  aes_top/oneround/U499/O (MUX2)                          0.38     100.26 f
  aes_top/oneround/sub96/in[5] (SubByte_96)               0.00     100.26 f
  aes_top/oneround/sub96/s11/in[5] (SubOneByte_0)         0.00     100.26 f
  aes_top/oneround/sub96/s11/U415/O (MUX2)                0.31     100.57 f
  aes_top/oneround/sub96/s11/U3/O (NR2)                   0.46     101.02 r
  aes_top/oneround/sub96/s11/U379/O (AOI22S)              0.09     101.12 f
  aes_top/oneround/sub96/s11/U380/O (ND2S)                0.32     101.44 r
  aes_top/oneround/sub96/s11/m0/in[6] (MultiplyM_0)       0.00     101.44 r
  aes_top/oneround/sub96/s11/m0/U11/O (MOAI1S)            0.23     101.67 r
  aes_top/oneround/sub96/s11/m0/out[6] (MultiplyM_0)      0.00     101.67 r
  aes_top/oneround/sub96/s11/c1/in[6] (AddC_0)            0.00     101.67 r
  aes_top/oneround/sub96/s11/c1/U4/O (INV1S)              0.09     101.75 f
  aes_top/oneround/sub96/s11/c1/out[6] (AddC_0)           0.00     101.75 f
  aes_top/oneround/sub96/s11/U436/O (MUX2)                0.29     102.05 f
  aes_top/oneround/sub96/s11/out[6] (SubOneByte_0)        0.00     102.05 f
  aes_top/oneround/sub96/out[6] (SubByte_96)              0.00     102.05 f
  aes_top/oneround/U898/O (AO222)                         0.34     102.39 f
  aes_top/oneround/add/in[6] (AddRoundKey_0)              0.00     102.39 f
  aes_top/oneround/add/U97/O (MAOI1)                      0.18     102.57 r
  aes_top/oneround/add/out[6] (AddRoundKey_0)             0.00     102.57 r
  aes_top/oneround/U391/O (INV1S)                         0.19     102.76 f
  aes_top/oneround/U394/O (MOAI1S)                        1.24     104.00 r
  aes_top/oneround/mix/in[6] (MixColumn)                  0.00     104.00 r
  aes_top/oneround/mix/U752/O (MOAI1S)                    0.51     104.51 f
  aes_top/oneround/mix/U725/O (MOAI1S)                    0.47     104.98 f
  aes_top/oneround/mix/U555/O (MOAI1S)                    0.67     105.65 r
  aes_top/oneround/mix/U757/O (MOAI1S)                    0.18     105.83 f
  aes_top/oneround/mix/out_inv[7] (MixColumn)             0.00     105.83 f
  aes_top/oneround/U767/O (MOAI1S)                        0.32     106.15 f
  aes_top/oneround/invshift/in[7] (InvShiftRow)           0.00     106.15 f
  aes_top/oneround/invshift/U23/O (BUF1)                  0.18     106.34 f
  aes_top/oneround/invshift/out[39] (InvShiftRow)         0.00     106.34 f
  aes_top/oneround/U502/O (MUX2)                          0.34     106.68 f
  aes_top/oneround/sub96/in[7] (SubByte_96)               0.00     106.68 f
  aes_top/oneround/sub96/s11/in[7] (SubOneByte_0)         0.00     106.68 f
  aes_top/oneround/sub96/s11/U413/O (MUX2)                0.31     106.99 f
  aes_top/oneround/sub96/s11/U414/O (INV1S)               0.19     107.18 r
  aes_top/oneround/sub96/s11/U16/O (NR2)                  0.19     107.37 f
  aes_top/oneround/sub96/s11/U425/O (AOI22S)              0.19     107.55 r
  aes_top/oneround/sub96/s11/U435/O (ND2S)                0.21     107.77 f
  aes_top/oneround/sub96/s11/m0/in[5] (MultiplyM_0)       0.00     107.77 f
  aes_top/oneround/sub96/s11/m0/U2/O (MOAI1S)             0.84     108.61 r
  aes_top/oneround/sub96/s11/m0/U17/O (MOAI1S)            0.14     108.75 f
  aes_top/oneround/sub96/s11/m0/out[7] (MultiplyM_0)      0.00     108.75 f
  aes_top/oneround/sub96/s11/c1/in[7] (AddC_0)            0.00     108.75 f
  aes_top/oneround/sub96/s11/c1/U8/O (BUF1)               0.22     108.97 f
  aes_top/oneround/sub96/s11/c1/out[7] (AddC_0)           0.00     108.97 f
  aes_top/oneround/sub96/s11/U438/O (MUX2)                0.27     109.24 f
  aes_top/oneround/sub96/s11/out[7] (SubOneByte_0)        0.00     109.24 f
  aes_top/oneround/sub96/out[7] (SubByte_96)              0.00     109.24 f
  aes_top/oneround/U899/O (AO222)                         0.34     109.58 f
  aes_top/oneround/add/in[7] (AddRoundKey_0)              0.00     109.58 f
  aes_top/oneround/add/U39/O (MAOI1)                      0.18     109.76 r
  aes_top/oneround/add/out[7] (AddRoundKey_0)             0.00     109.76 r
  aes_top/oneround/U560/O (INV1S)                         0.19     109.95 f
  aes_top/oneround/U20/O (MOAI1S)                         1.11     111.06 r
  aes_top/oneround/mix/in[7] (MixColumn)                  0.00     111.06 r
  aes_top/oneround/mix/U547/O (MOAI1S)                    0.39     111.45 f
  aes_top/oneround/mix/U548/O (MOAI1S)                    0.52     111.98 f
  aes_top/oneround/mix/U790/O (MOAI1S)                    0.39     112.37 f
  aes_top/oneround/mix/U791/O (MOAI1S)                    0.35     112.72 f
  aes_top/oneround/mix/U792/O (MOAI1S)                    0.34     113.06 f
  aes_top/oneround/mix/out_inv[26] (MixColumn)            0.00     113.06 f
  aes_top/oneround/U748/O (MOAI1S)                        0.30     113.36 f
  aes_top/oneround/invshift/in[26] (InvShiftRow)          0.00     113.36 f
  aes_top/oneround/invshift/U19/O (BUF1)                  0.19     113.55 f
  aes_top/oneround/invshift/out[26] (InvShiftRow)         0.00     113.55 f
  aes_top/oneround/U469/O (AO222)                         0.49     114.04 f
  aes_top/oneround/sub32/in[26] (SubByte_32)              0.00     114.04 f
  aes_top/oneround/sub32/s0/in[2] (SubOneByte_15)         0.00     114.04 f
  aes_top/oneround/sub32/s0/m1/in[2] (MultiplyMinv_15)
                                                          0.00     114.04 f
  aes_top/oneround/sub32/s0/m1/U4/O (MOAI1S)              0.59     114.63 r
  aes_top/oneround/sub32/s0/m1/U5/O (MOAI1S)              0.15     114.78 f
  aes_top/oneround/sub32/s0/m1/out[3] (MultiplyMinv_15)
                                                          0.00     114.78 f
  aes_top/oneround/sub32/s0/c0/in[3] (AddCinv_15)         0.00     114.78 f
  aes_top/oneround/sub32/s0/c0/U5/O (BUF1)                0.21     114.99 f
  aes_top/oneround/sub32/s0/c0/out[3] (AddCinv_15)        0.00     114.99 f
  aes_top/oneround/sub32/s0/U7/O (AOI22S)                 0.37     115.36 r
  aes_top/oneround/sub32/s0/U18/O (ND2S)                  0.27     115.63 f
  aes_top/oneround/sub32/s0/U19/O (NR2)                   0.48     116.12 r
  aes_top/oneround/sub32/s0/U54/O (INV1S)                 0.44     116.56 f
  aes_top/oneround/sub32/s0/U187/O (NR2)                  0.51     117.06 r
  aes_top/oneround/sub32/s0/U188/O (INV1S)                0.22     117.29 f
  aes_top/oneround/sub32/s0/U97/O (ND3)                   0.21     117.50 r
  aes_top/oneround/sub32/s0/U367/O (INV1S)                0.13     117.62 f
  aes_top/oneround/sub32/s0/U371/O (AN4B1S)               0.27     117.90 f
  aes_top/oneround/sub32/s0/U372/O (ND3)                  0.11     118.01 r
  aes_top/oneround/sub32/s0/U100/O (AN4B1S)               0.11     118.12 f
  aes_top/oneround/sub32/s0/U79/O (ND3)                   0.12     118.23 r
  aes_top/oneround/sub32/s0/U155/O (AOI22S)               0.11     118.35 f
  aes_top/oneround/sub32/s0/U82/O (ND2S)                  0.29     118.63 r
  aes_top/oneround/sub32/s0/m0/in[7] (MultiplyM_15)       0.00     118.63 r
  aes_top/oneround/sub32/s0/m0/U1/O (MOAI1S)              0.31     118.94 f
  aes_top/oneround/sub32/s0/m0/U7/O (MOAI1S)              0.32     119.26 f
  aes_top/oneround/sub32/s0/m0/out[2] (MultiplyM_15)      0.00     119.26 f
  aes_top/oneround/sub32/s0/c1/in[2] (AddC_15)            0.00     119.26 f
  aes_top/oneround/sub32/s0/c1/U5/O (BUF1)                0.20     119.47 f
  aes_top/oneround/sub32/s0/c1/out[2] (AddC_15)           0.00     119.47 f
  aes_top/oneround/sub32/s0/U393/O (MUX2)                 0.36     119.82 f
  aes_top/oneround/sub32/s0/out[2] (SubOneByte_15)        0.00     119.82 f
  aes_top/oneround/sub32/out[26] (SubByte_32)             0.00     119.82 f
  aes_top/oneround/U926/O (AO222)                         0.37     120.19 f
  aes_top/oneround/add/in[26] (AddRoundKey_0)             0.00     120.19 f
  aes_top/oneround/add/U99/O (MAOI1)                      0.18     120.37 r
  aes_top/oneround/add/out[26] (AddRoundKey_0)            0.00     120.37 r
  aes_top/oneround/U401/O (INV1S)                         0.19     120.56 f
  aes_top/oneround/U17/O (MOAI1S)                         1.46     122.02 r
  aes_top/oneround/mix/in[26] (MixColumn)                 0.00     122.02 r
  aes_top/oneround/mix/U797/O (MOAI1S)                    0.24     122.26 f
  aes_top/oneround/mix/U800/O (MOAI1S)                    0.39     122.66 f
  aes_top/oneround/mix/U802/O (MOAI1S)                    0.34     123.00 f
  aes_top/oneround/mix/U803/O (MOAI1S)                    0.32     123.32 f
  aes_top/oneround/mix/out_inv[28] (MixColumn)            0.00     123.32 f
  aes_top/oneround/U746/O (MOAI1S)                        0.31     123.63 f
  aes_top/oneround/invshift/in[28] (InvShiftRow)          0.00     123.63 f
  aes_top/oneround/invshift/U49/O (BUF1)                  0.19     123.82 f
  aes_top/oneround/invshift/out[28] (InvShiftRow)         0.00     123.82 f
  aes_top/oneround/U471/O (AO222)                         0.50     124.32 f
  aes_top/oneround/sub32/in[28] (SubByte_32)              0.00     124.32 f
  aes_top/oneround/sub32/s0/in[4] (SubOneByte_15)         0.00     124.32 f
  aes_top/oneround/sub32/s0/m1/in[4] (MultiplyMinv_15)
                                                          0.00     124.32 f
  aes_top/oneround/sub32/s0/m1/U1/O (MOAI1S)              0.58     124.90 r
  aes_top/oneround/sub32/s0/m1/U3/O (MOAI1S)              0.16     125.07 f
  aes_top/oneround/sub32/s0/m1/out[2] (MultiplyMinv_15)
                                                          0.00     125.07 f
  aes_top/oneround/sub32/s0/c0/in[2] (AddCinv_15)         0.00     125.07 f
  aes_top/oneround/sub32/s0/c0/U2/O (INV1S)               0.12     125.18 r
  aes_top/oneround/sub32/s0/c0/out[2] (AddCinv_15)        0.00     125.18 r
  aes_top/oneround/sub32/s0/U448/O (MUX2)                 0.28     125.46 r
  aes_top/oneround/sub32/s0/U453/O (INV1S)                0.17     125.63 f
  aes_top/oneround/sub32/s0/U47/O (ND2S)                  0.46     126.09 r
  aes_top/oneround/sub32/s0/U232/O (INV1S)                0.22     126.31 f
  aes_top/oneround/sub32/s0/U233/O (ND2S)                 0.40     126.71 r
  aes_top/oneround/sub32/s0/U234/O (INV1S)                0.17     126.87 f
  aes_top/oneround/sub32/s0/U163/O (NR2)                  0.18     127.05 r
  aes_top/oneround/sub32/s0/U349/O (AN4B1S)               0.35     127.40 r
  aes_top/oneround/sub32/s0/U353/O (AN2)                  0.21     127.61 r
  aes_top/oneround/sub32/s0/U375/O (AN4B1S)               0.23     127.84 r
  aes_top/oneround/sub32/s0/U376/O (ND3)                  0.10     127.94 f
  aes_top/oneround/sub32/s0/U382/O (AOI22S)               0.22     128.16 r
  aes_top/oneround/sub32/s0/U434/O (ND2S)                 0.21     128.38 f
  aes_top/oneround/sub32/s0/m0/in[2] (MultiplyM_15)       0.00     128.38 f
  aes_top/oneround/sub32/s0/m0/U6/O (MOAI1S)              0.85     129.23 r
  aes_top/oneround/sub32/s0/m0/U15/O (MOAI1S)             0.14     129.37 f
  aes_top/oneround/sub32/s0/m0/out[4] (MultiplyM_15)      0.00     129.37 f
  aes_top/oneround/sub32/s0/c1/in[4] (AddC_15)            0.00     129.37 f
  aes_top/oneround/sub32/s0/c1/U7/O (BUF1)                0.22     129.59 f
  aes_top/oneround/sub32/s0/c1/out[4] (AddC_15)           0.00     129.59 f
  aes_top/oneround/sub32/s0/U342/O (MUX2)                 0.36     129.95 f
  aes_top/oneround/sub32/s0/out[4] (SubOneByte_15)        0.00     129.95 f
  aes_top/oneround/sub32/out[28] (SubByte_32)             0.00     129.95 f
  aes_top/oneround/U929/O (AO222)                         0.37     130.31 f
  aes_top/oneround/add/in[28] (AddRoundKey_0)             0.00     130.31 f
  aes_top/oneround/add/U98/O (MAOI1)                      0.18     130.49 r
  aes_top/oneround/add/out[28] (AddRoundKey_0)            0.00     130.49 r
  aes_top/oneround/U395/O (INV1S)                         0.19     130.68 f
  aes_top/oneround/U399/O (MOAI1S)                        1.11     131.79 r
  aes_top/oneround/mix/in[28] (MixColumn)                 0.00     131.79 r
  aes_top/oneround/mix/U345/O (INV1S)                     0.10     131.89 f
  aes_top/oneround/mix/U348/O (INV1S)                     0.35     132.24 r
  aes_top/oneround/mix/U931/O (MOAI1S)                    0.16     132.40 f
  aes_top/oneround/mix/out_inv[14] (MixColumn)            0.00     132.40 f
  aes_top/oneround/U760/O (MOAI1S)                        0.29     132.69 f
  aes_top/oneround/invshift/in[14] (InvShiftRow)          0.00     132.69 f
  aes_top/oneround/invshift/U45/O (BUF1)                  0.18     132.87 f
  aes_top/oneround/invshift/out[78] (InvShiftRow)         0.00     132.87 f
  aes_top/oneround/U485/O (MUX2)                          0.34     133.21 f
  aes_top/oneround/sub96/in[46] (SubByte_96)              0.00     133.21 f
  aes_top/oneround/sub96/s6/in[6] (SubOneByte_5)          0.00     133.21 f
  aes_top/oneround/sub96/s6/m1/in[6] (MultiplyMinv_5)     0.00     133.21 f
  aes_top/oneround/sub96/s6/m1/U7/O (MOAI1S)              0.58     133.80 r
  aes_top/oneround/sub96/s6/m1/U9/O (MOAI1S)              0.15     133.95 f
  aes_top/oneround/sub96/s6/m1/out[4] (MultiplyMinv_5)
                                                          0.00     133.95 f
  aes_top/oneround/sub96/s6/c0/in[4] (AddCinv_5)          0.00     133.95 f
  aes_top/oneround/sub96/s6/c0/U6/O (BUF1)                0.21     134.16 f
  aes_top/oneround/sub96/s6/c0/out[4] (AddCinv_5)         0.00     134.16 f
  aes_top/oneround/sub96/s6/U461/O (AOI22S)               0.35     134.51 r
  aes_top/oneround/sub96/s6/U462/O (AN2)                  0.34     134.85 r
  aes_top/oneround/sub96/s6/U463/O (ND2S)                 0.22     135.08 f
  aes_top/oneround/sub96/s6/U76/O (NR2)                   0.39     135.47 r
  aes_top/oneround/sub96/s6/U288/O (NR2)                  0.16     135.63 f
  aes_top/oneround/sub96/s6/U293/O (AN4B1S)               0.30     135.93 f
  aes_top/oneround/sub96/s6/U294/O (AN4B1S)               0.28     136.21 f
  aes_top/oneround/sub96/s6/U295/O (ND3)                  0.15     136.36 r
  aes_top/oneround/sub96/s6/U359/O (AOI22S)               0.11     136.47 f
  aes_top/oneround/sub96/s6/U415/O (ND2S)                 0.31     136.78 r
  aes_top/oneround/sub96/s6/m0/in[3] (MultiplyM_5)        0.00     136.78 r
  aes_top/oneround/sub96/s6/m0/U12/O (MOAI1S)             0.19     136.97 f
  aes_top/oneround/sub96/s6/m0/U13/O (MOAI1S)             0.29     137.26 f
  aes_top/oneround/sub96/s6/m0/out[3] (MultiplyM_5)       0.00     137.26 f
  aes_top/oneround/sub96/s6/c1/in[3] (AddC_5)             0.00     137.26 f
  aes_top/oneround/sub96/s6/c1/U6/O (BUF1)                0.21     137.47 f
  aes_top/oneround/sub96/s6/c1/out[3] (AddC_5)            0.00     137.47 f
  aes_top/oneround/sub96/s6/U416/O (MUX2)                 0.27     137.74 f
  aes_top/oneround/sub96/s6/out[3] (SubOneByte_5)         0.00     137.74 f
  aes_top/oneround/sub96/out[43] (SubByte_96)             0.00     137.74 f
  aes_top/oneround/U908/O (AO222)                         0.34     138.08 f
  aes_top/oneround/add/in[11] (AddRoundKey_0)             0.00     138.08 f
  aes_top/oneround/add/U102/O (MAOI1)                     0.23     138.31 f
  aes_top/oneround/add/out[11] (AddRoundKey_0)            0.00     138.31 f
  aes_top/oneround/U421/O (INV1S)                         0.20     138.51 r
  aes_top/oneround/U424/O (MOAI1S)                        0.15     138.66 f
  aes_top/oneround/U426/O (MUX2)                          0.39     139.05 f
  aes_top/oneround/sub96/in[43] (SubByte_96)              0.00     139.05 f
  aes_top/oneround/sub96/s6/in[3] (SubOneByte_5)          0.00     139.05 f
  aes_top/oneround/sub96/s6/m1/in[3] (MultiplyMinv_5)     0.00     139.05 f
  aes_top/oneround/sub96/s6/m1/U10/O (MOAI1S)             0.58     139.63 r
  aes_top/oneround/sub96/s6/m1/U11/O (MOAI1S)             0.21     139.84 r
  aes_top/oneround/sub96/s6/m1/out[6] (MultiplyMinv_5)
                                                          0.00     139.84 r
  aes_top/oneround/sub96/s6/c0/in[6] (AddCinv_5)          0.00     139.84 r
  aes_top/oneround/sub96/s6/c0/U3/O (BUF1)                0.14     139.98 r
  aes_top/oneround/sub96/s6/c0/out[6] (AddCinv_5)         0.00     139.98 r
  aes_top/oneround/sub96/s6/U300/O (MUX2)                 0.26     140.24 r
  aes_top/oneround/sub96/s6/U466/O (INV1S)                0.15     140.39 f
  aes_top/oneround/sub96/s6/U22/O (AN2)                   0.25     140.64 f
  aes_top/oneround/sub96/s6/U71/O (ND2S)                  0.39     141.03 r
  aes_top/oneround/sub96/s6/U51/O (INV1S)                 0.21     141.23 f
  aes_top/oneround/sub96/s6/U54/O (ND2S)                  0.41     141.65 r
  aes_top/oneround/sub96/s6/U78/O (ND2S)                  0.14     141.79 f
  aes_top/oneround/sub96/s6/U99/O (NR3)                   0.37     142.16 r
  aes_top/oneround/sub96/s6/U162/O (ND3)                  0.12     142.27 f
  aes_top/oneround/sub96/s6/U323/O (AOI22S)               0.22     142.50 r
  aes_top/oneround/sub96/s6/U425/O (ND2S)                 0.21     142.71 f
  aes_top/oneround/sub96/s6/m0/in[4] (MultiplyM_5)        0.00     142.71 f
  aes_top/oneround/sub96/s6/m0/U15/O (MOAI1S)             0.27     142.98 r
  aes_top/oneround/sub96/s6/m0/out[0] (MultiplyM_5)       0.00     142.98 r
  aes_top/oneround/sub96/s6/c1/in[0] (AddC_5)             0.00     142.98 r
  aes_top/oneround/sub96/s6/c1/U1/O (INV1S)               0.09     143.07 f
  aes_top/oneround/sub96/s6/c1/out[0] (AddC_5)            0.00     143.07 f
  aes_top/oneround/sub96/s6/U427/O (MUX2)                 0.29     143.36 f
  aes_top/oneround/sub96/s6/out[0] (SubOneByte_5)         0.00     143.36 f
  aes_top/oneround/sub96/out[40] (SubByte_96)             0.00     143.36 f
  aes_top/oneround/U901/O (AO222)                         0.34     143.70 f
  aes_top/oneround/add/in[8] (AddRoundKey_0)              0.00     143.70 f
  aes_top/oneround/add/U36/O (MAOI1)                      0.23     143.93 f
  aes_top/oneround/add/out[8] (AddRoundKey_0)             0.00     143.93 f
  aes_top/oneround/U481/O (INV1S)                         0.21     144.15 r
  aes_top/oneround/U482/O (MOAI1S)                        0.15     144.30 f
  aes_top/oneround/U483/O (MUX2)                          0.38     144.68 f
  aes_top/oneround/sub96/in[40] (SubByte_96)              0.00     144.68 f
  aes_top/oneround/sub96/s6/in[0] (SubOneByte_5)          0.00     144.68 f
  aes_top/oneround/sub96/s6/U302/O (MUX2)                 0.33     145.01 f
  aes_top/oneround/sub96/s6/U303/O (ND2S)                 0.24     145.24 r
  aes_top/oneround/sub96/s6/U45/O (OR2)                   0.32     145.57 r
  aes_top/oneround/sub96/s6/U104/O (NR2)                  0.13     145.70 f
  aes_top/oneround/sub96/s6/U129/O (NR2)                  0.15     145.85 r
  aes_top/oneround/sub96/s6/U130/O (ND3)                  0.10     145.94 f
  aes_top/oneround/sub96/s6/U417/O (AOI22S)               0.22     146.17 r
  aes_top/oneround/sub96/s6/U406/O (ND2S)                 0.21     146.38 f
  aes_top/oneround/sub96/s6/m0/in[0] (MultiplyM_5)        0.00     146.38 f
  aes_top/oneround/sub96/s6/m0/U5/O (MOAI1S)              0.60     146.98 r
  aes_top/oneround/sub96/s6/m0/U8/O (MOAI1S)              0.21     147.20 r
  aes_top/oneround/sub96/s6/m0/out[1] (MultiplyM_5)       0.00     147.20 r
  aes_top/oneround/sub96/s6/c1/in[1] (AddC_5)             0.00     147.20 r
  aes_top/oneround/sub96/s6/c1/U2/O (INV1S)               0.09     147.29 f
  aes_top/oneround/sub96/s6/c1/out[1] (AddC_5)            0.00     147.29 f
  aes_top/oneround/sub96/s6/U410/O (MUX2)                 0.29     147.58 f
  aes_top/oneround/sub96/s6/out[1] (SubOneByte_5)         0.00     147.58 f
  aes_top/oneround/sub96/out[41] (SubByte_96)             0.00     147.58 f
  aes_top/oneround/U903/O (AO222)                         0.34     147.92 f
  aes_top/oneround/add/in[9] (AddRoundKey_0)              0.00     147.92 f
  aes_top/oneround/add/U37/O (MAOI1)                      0.18     148.10 r
  aes_top/oneround/add/out[9] (AddRoundKey_0)             0.00     148.10 r
  aes_top/oneround/U486/O (INV1S)                         0.19     148.29 f
  aes_top/oneround/U487/O (MOAI1S)                        0.29     148.58 r
  aes_top/oneround/U488/O (MUX2)                          0.38     148.96 r
  aes_top/oneround/sub96/in[41] (SubByte_96)              0.00     148.96 r
  aes_top/oneround/sub96/s6/in[1] (SubOneByte_5)          0.00     148.96 r
  aes_top/oneround/sub96/s6/U296/O (MUX2)                 0.30     149.26 r
  aes_top/oneround/sub96/s6/U297/O (INV1S)                0.17     149.43 f
  aes_top/oneround/sub96/s6/U304/O (NR2)                  0.48     149.91 r
  aes_top/oneround/sub96/s6/U305/O (INV1S)                0.30     150.22 f
  aes_top/oneround/sub96/s6/U306/O (NR2)                  0.43     150.64 r
  aes_top/oneround/sub96/s6/U310/O (AN4B1S)               0.28     150.93 f
  aes_top/oneround/sub96/s6/U311/O (AN4B1S)               0.32     151.25 f
  aes_top/oneround/sub96/s6/U314/O (AN4B1S)               0.28     151.52 f
  aes_top/oneround/sub96/s6/U315/O (ND3)                  0.15     151.67 r
  aes_top/oneround/sub96/s6/U399/O (AOI22S)               0.12     151.79 f
  aes_top/oneround/sub96/s6/U412/O (ND2S)                 0.30     152.09 r
  aes_top/oneround/sub96/s6/m0/in[1] (MultiplyM_5)        0.00     152.09 r
  aes_top/oneround/sub96/s6/m0/U7/O (MOAI1S)              0.23     152.31 r
  aes_top/oneround/sub96/s6/m0/out[5] (MultiplyM_5)       0.00     152.31 r
  aes_top/oneround/sub96/s6/c1/in[5] (AddC_5)             0.00     152.31 r
  aes_top/oneround/sub96/s6/c1/U3/O (INV1S)               0.09     152.40 f
  aes_top/oneround/sub96/s6/c1/out[5] (AddC_5)            0.00     152.40 f
  aes_top/oneround/sub96/s6/U301/O (MUX2)                 0.29     152.69 f
  aes_top/oneround/sub96/s6/out[5] (SubOneByte_5)         0.00     152.69 f
  aes_top/oneround/sub96/out[45] (SubByte_96)             0.00     152.69 f
  aes_top/oneround/U910/O (AO222)                         0.34     153.03 f
  aes_top/oneround/add/in[13] (AddRoundKey_0)             0.00     153.03 f
  aes_top/oneround/add/U38/O (MAOI1)                      0.24     153.26 f
  aes_top/oneround/add/out[13] (AddRoundKey_0)            0.00     153.26 f
  aes_top/oneround/U490/O (INV1S)                         0.20     153.47 r
  aes_top/oneround/U491/O (MOAI1S)                        0.15     153.61 f
  aes_top/oneround/U492/O (MUX2)                          0.39     154.00 f
  aes_top/oneround/sub96/in[45] (SubByte_96)              0.00     154.00 f
  aes_top/oneround/sub96/s6/in[5] (SubOneByte_5)          0.00     154.00 f
  aes_top/oneround/sub96/s6/U436/O (AOI22S)               0.30     154.31 r
  aes_top/oneround/sub96/s6/U177/O (NR2)                  0.07     154.38 f
  aes_top/oneround/sub96/s6/U8/O (INV1S)                  0.12     154.50 r
  aes_top/oneround/sub96/s6/U11/O (INV1S)                 0.32     154.82 f
  aes_top/oneround/sub96/s6/U395/O (AOI22S)               0.23     155.05 r
  aes_top/oneround/sub96/s6/U396/O (ND2S)                 0.20     155.25 f
  aes_top/oneround/sub96/s6/m0/in[5] (MultiplyM_5)        0.00     155.25 f
  aes_top/oneround/sub96/s6/m0/U2/O (MOAI1S)              0.85     156.11 r
  aes_top/oneround/sub96/s6/m0/U17/O (MOAI1S)             0.14     156.24 f
  aes_top/oneround/sub96/s6/m0/out[7] (MultiplyM_5)       0.00     156.24 f
  aes_top/oneround/sub96/s6/c1/in[7] (AddC_5)             0.00     156.24 f
  aes_top/oneround/sub96/s6/c1/U8/O (BUF1)                0.22     156.47 f
  aes_top/oneround/sub96/s6/c1/out[7] (AddC_5)            0.00     156.47 f
  aes_top/oneround/sub96/s6/U457/O (MUX2)                 0.27     156.74 f
  aes_top/oneround/sub96/s6/out[7] (SubOneByte_5)         0.00     156.74 f
  aes_top/oneround/sub96/out[47] (SubByte_96)             0.00     156.74 f
  aes_top/oneround/U914/O (AO222)                         0.34     157.08 f
  aes_top/oneround/add/in[15] (AddRoundKey_0)             0.00     157.08 f
  aes_top/oneround/add/U111/O (MAOI1)                     0.23     157.31 f
  aes_top/oneround/add/out[15] (AddRoundKey_0)            0.00     157.31 f
  aes_top/oneround/U493/O (INV1S)                         0.20     157.51 r
  aes_top/oneround/U494/O (MOAI1S)                        0.15     157.66 f
  aes_top/oneround/U495/O (MUX2)                          0.39     158.05 f
  aes_top/oneround/sub96/in[47] (SubByte_96)              0.00     158.05 f
  aes_top/oneround/sub96/s6/in[7] (SubOneByte_5)          0.00     158.05 f
  aes_top/oneround/sub96/s6/U434/O (AOI22S)               0.31     158.36 r
  aes_top/oneround/sub96/s6/U435/O (INV1S)                0.21     158.57 f
  aes_top/oneround/sub96/s6/U29/O (NR2)                   0.41     158.98 r
  aes_top/oneround/sub96/s6/U445/O (AOI22S)               0.14     159.12 f
  aes_top/oneround/sub96/s6/U454/O (ND2S)                 0.31     159.43 r
  aes_top/oneround/sub96/s6/m0/in[6] (MultiplyM_5)        0.00     159.43 r
  aes_top/oneround/sub96/s6/m0/U10/O (MOAI1S)             0.23     159.65 r
  aes_top/oneround/sub96/s6/m0/out[6] (MultiplyM_5)       0.00     159.65 r
  aes_top/oneround/sub96/s6/c1/in[6] (AddC_5)             0.00     159.65 r
  aes_top/oneround/sub96/s6/c1/U4/O (INV1S)               0.09     159.74 f
  aes_top/oneround/sub96/s6/c1/out[6] (AddC_5)            0.00     159.74 f
  aes_top/oneround/sub96/s6/U455/O (MUX2)                 0.29     160.03 f
  aes_top/oneround/sub96/s6/out[6] (SubOneByte_5)         0.00     160.03 f
  aes_top/oneround/sub96/out[46] (SubByte_96)             0.00     160.03 f
  aes_top/oneround/U911/O (AO222)                         0.34     160.37 f
  aes_top/oneround/add/in[14] (AddRoundKey_0)             0.00     160.37 f
  aes_top/oneround/add/U35/O (MAOI1)                      0.18     160.55 r
  aes_top/oneround/add/out[14] (AddRoundKey_0)            0.00     160.55 r
  aes_top/oneround/U479/O (INV1S)                         0.19     160.74 f
  aes_top/oneround/U480/O (MOAI1S)                        1.10     161.84 r
  aes_top/oneround/mix/in[14] (MixColumn)                 0.00     161.84 r
  aes_top/oneround/mix/U349/O (INV1S)                     0.10     161.94 f
  aes_top/oneround/mix/U352/O (INV1S)                     0.33     162.27 r
  aes_top/oneround/mix/U955/O (MOAI1S)                    0.26     162.54 r
  aes_top/oneround/mix/U956/O (MOAI1S)                    0.20     162.74 f
  aes_top/oneround/mix/U957/O (MOAI1S)                    0.32     163.06 f
  aes_top/oneround/mix/out_inv[30] (MixColumn)            0.00     163.06 f
  aes_top/oneround/U744/O (MOAI1S)                        0.30     163.36 f
  aes_top/oneround/invshift/in[30] (InvShiftRow)          0.00     163.36 f
  aes_top/oneround/invshift/U11/O (BUF1)                  0.19     163.54 f
  aes_top/oneround/invshift/out[30] (InvShiftRow)         0.00     163.54 f
  aes_top/oneround/U455/O (AO222)                         0.49     164.04 f
  aes_top/oneround/sub32/in[30] (SubByte_32)              0.00     164.04 f
  aes_top/oneround/sub32/s0/in[6] (SubOneByte_15)         0.00     164.04 f
  aes_top/oneround/sub32/s0/m1/in[6] (MultiplyMinv_15)
                                                          0.00     164.04 f
  aes_top/oneround/sub32/s0/m1/U7/O (MOAI1S)              0.58     164.62 r
  aes_top/oneround/sub32/s0/m1/U9/O (MOAI1S)              0.15     164.77 f
  aes_top/oneround/sub32/s0/m1/out[4] (MultiplyMinv_15)
                                                          0.00     164.77 f
  aes_top/oneround/sub32/s0/c0/in[4] (AddCinv_15)         0.00     164.77 f
  aes_top/oneround/sub32/s0/c0/U3/O (BUF1)                0.21     164.98 f
  aes_top/oneround/sub32/s0/c0/out[4] (AddCinv_15)        0.00     164.98 f
  aes_top/oneround/sub32/s0/U446/O (AOI22S)               0.35     165.33 r
  aes_top/oneround/sub32/s0/U447/O (AN2)                  0.35     165.68 r
  aes_top/oneround/sub32/s0/U449/O (ND2S)                 0.22     165.91 f
  aes_top/oneround/sub32/s0/U76/O (NR2)                   0.30     166.21 r
  aes_top/oneround/sub32/s0/U115/O (NR2)                  0.13     166.34 f
  aes_top/oneround/sub32/s0/U252/O (AN4B1S)               0.27     166.62 f
  aes_top/oneround/sub32/s0/U378/O (ND3)                  0.15     166.77 r
  aes_top/oneround/sub32/s0/U359/O (AOI22S)               0.11     166.88 f
  aes_top/oneround/sub32/s0/U195/O (ND2S)                 0.31     167.19 r
  aes_top/oneround/sub32/s0/m0/in[3] (MultiplyM_15)       0.00     167.19 r
  aes_top/oneround/sub32/s0/m0/U12/O (MOAI1S)             0.19     167.38 f
  aes_top/oneround/sub32/s0/m0/U13/O (MOAI1S)             0.29     167.67 f
  aes_top/oneround/sub32/s0/m0/out[3] (MultiplyM_15)      0.00     167.67 f
  aes_top/oneround/sub32/s0/c1/in[3] (AddC_15)            0.00     167.67 f
  aes_top/oneround/sub32/s0/c1/U6/O (BUF1)                0.21     167.88 f
  aes_top/oneround/sub32/s0/c1/out[3] (AddC_15)           0.00     167.88 f
  aes_top/oneround/sub32/s0/U199/O (MUX2)                 0.36     168.24 f
  aes_top/oneround/sub32/s0/out[3] (SubOneByte_15)        0.00     168.24 f
  aes_top/oneround/sub32/out[27] (SubByte_32)             0.00     168.24 f
  aes_top/oneround/U927/O (AO222)                         0.37     168.61 f
  aes_top/oneround/add/in[27] (AddRoundKey_0)             0.00     168.61 f
  aes_top/oneround/add/U7/O (MAOI1)                       0.23     168.85 f
  aes_top/oneround/add/out[27] (AddRoundKey_0)            0.00     168.85 f
  aes_top/oneround/U565/O (INV1S)                         0.20     169.05 r
  aes_top/oneround/U1058/O (MOAI1S)                       0.16     169.21 f
  aes_top/oneround/U1059/O (AO222)                        0.53     169.74 f
  aes_top/oneround/sub32/in[27] (SubByte_32)              0.00     169.74 f
  aes_top/oneround/sub32/s0/in[3] (SubOneByte_15)         0.00     169.74 f
  aes_top/oneround/sub32/s0/m1/in[3] (MultiplyMinv_15)
                                                          0.00     169.74 f
  aes_top/oneround/sub32/s0/m1/U10/O (MOAI1S)             0.58     170.32 r
  aes_top/oneround/sub32/s0/m1/U11/O (MOAI1S)             0.21     170.53 r
  aes_top/oneround/sub32/s0/m1/out[6] (MultiplyMinv_15)
                                                          0.00     170.53 r
  aes_top/oneround/sub32/s0/c0/in[6] (AddCinv_15)         0.00     170.53 r
  aes_top/oneround/sub32/s0/c0/U7/O (BUF1)                0.14     170.67 r
  aes_top/oneround/sub32/s0/c0/out[6] (AddCinv_15)        0.00     170.67 r
  aes_top/oneround/sub32/s0/U263/O (MUX2)                 0.26     170.93 r
  aes_top/oneround/sub32/s0/U451/O (INV1S)                0.15     171.08 f
  aes_top/oneround/sub32/s0/U22/O (AN2)                   0.25     171.33 f
  aes_top/oneround/sub32/s0/U71/O (ND2S)                  0.39     171.72 r
  aes_top/oneround/sub32/s0/U192/O (INV1S)                0.21     171.92 f
  aes_top/oneround/sub32/s0/U193/O (ND2S)                 0.43     172.36 r
  aes_top/oneround/sub32/s0/U331/O (ND2S)                 0.13     172.49 f
  aes_top/oneround/sub32/s0/U334/O (AN4B1S)               0.28     172.77 r
  aes_top/oneround/sub32/s0/U339/O (ND3)                  0.11     172.89 f
  aes_top/oneround/sub32/s0/U323/O (AOI22S)               0.22     173.11 r
  aes_top/oneround/sub32/s0/U439/O (ND2S)                 0.21     173.32 f
  aes_top/oneround/sub32/s0/m0/in[4] (MultiplyM_15)       0.00     173.32 f
  aes_top/oneround/sub32/s0/m0/U16/O (MOAI1S)             0.27     173.60 r
  aes_top/oneround/sub32/s0/m0/out[0] (MultiplyM_15)      0.00     173.60 r
  aes_top/oneround/sub32/s0/c1/in[0] (AddC_15)            0.00     173.60 r
  aes_top/oneround/sub32/s0/c1/U1/O (INV1S)               0.09     173.68 f
  aes_top/oneround/sub32/s0/c1/out[0] (AddC_15)           0.00     173.68 f
  aes_top/oneround/sub32/s0/U427/O (MUX2)                 0.38     174.06 f
  aes_top/oneround/sub32/s0/out[0] (SubOneByte_15)        0.00     174.06 f
  aes_top/oneround/sub32/out[24] (SubByte_32)             0.00     174.06 f
  aes_top/oneround/U924/O (AO222)                         0.37     174.43 f
  aes_top/oneround/add/in[24] (AddRoundKey_0)             0.00     174.43 f
  aes_top/oneround/add/U32/O (MAOI1)                      0.23     174.66 f
  aes_top/oneround/add/out[24] (AddRoundKey_0)            0.00     174.66 f
  aes_top/oneround/U448/O (INV1S)                         0.21     174.88 r
  aes_top/oneround/U450/O (MOAI1S)                        0.16     175.04 f
  aes_top/oneround/U451/O (AO222)                         0.53     175.57 f
  aes_top/oneround/sub32/in[24] (SubByte_32)              0.00     175.57 f
  aes_top/oneround/sub32/s0/in[0] (SubOneByte_15)         0.00     175.57 f
  aes_top/oneround/sub32/s0/U264/O (MUX2)                 0.33     175.90 f
  aes_top/oneround/sub32/s0/U265/O (ND2S)                 0.24     176.13 r
  aes_top/oneround/sub32/s0/U45/O (OR2)                   0.29     176.42 r
  aes_top/oneround/sub32/s0/U379/O (NR2)                  0.12     176.54 f
  aes_top/oneround/sub32/s0/U380/O (NR2)                  0.15     176.70 r
  aes_top/oneround/sub32/s0/U383/O (ND3)                  0.10     176.80 f
  aes_top/oneround/sub32/s0/U417/O (AOI22S)               0.22     177.01 r
  aes_top/oneround/sub32/s0/U429/O (ND2S)                 0.21     177.23 f
  aes_top/oneround/sub32/s0/m0/in[0] (MultiplyM_15)       0.00     177.23 f
  aes_top/oneround/sub32/s0/m0/U5/O (MOAI1S)              0.60     177.83 r
  aes_top/oneround/sub32/s0/m0/U8/O (MOAI1S)              0.21     178.04 r
  aes_top/oneround/sub32/s0/m0/out[1] (MultiplyM_15)      0.00     178.04 r
  aes_top/oneround/sub32/s0/c1/in[1] (AddC_15)            0.00     178.04 r
  aes_top/oneround/sub32/s0/c1/U2/O (INV1S)               0.09     178.13 f
  aes_top/oneround/sub32/s0/c1/out[1] (AddC_15)           0.00     178.13 f
  aes_top/oneround/sub32/s0/U410/O (MUX2)                 0.38     178.51 f
  aes_top/oneround/sub32/s0/out[1] (SubOneByte_15)        0.00     178.51 f
  aes_top/oneround/sub32/out[25] (SubByte_32)             0.00     178.51 f
  aes_top/oneround/U925/O (AO222)                         0.37     178.88 f
  aes_top/oneround/add/in[25] (AddRoundKey_0)             0.00     178.88 f
  aes_top/oneround/add/U108/O (MAOI1)                     0.18     179.05 r
  aes_top/oneround/add/out[25] (AddRoundKey_0)            0.00     179.05 r
  aes_top/oneround/U452/O (INV1S)                         0.19     179.25 f
  aes_top/oneround/U453/O (MOAI1S)                        0.32     179.56 r
  aes_top/oneround/U454/O (AO222)                         0.52     180.08 r
  aes_top/oneround/sub32/in[25] (SubByte_32)              0.00     180.08 r
  aes_top/oneround/sub32/s0/in[1] (SubOneByte_15)         0.00     180.08 r
  aes_top/oneround/sub32/s0/U261/O (MUX2)                 0.30     180.38 r
  aes_top/oneround/sub32/s0/U262/O (INV1S)                0.17     180.55 f
  aes_top/oneround/sub32/s0/U266/O (NR2)                  0.48     181.04 r
  aes_top/oneround/sub32/s0/U267/O (INV1S)                0.30     181.34 f
  aes_top/oneround/sub32/s0/U268/O (NR2)                  0.43     181.77 r
  aes_top/oneround/sub32/s0/U341/O (AN4B1S)               0.28     182.05 f
  aes_top/oneround/sub32/s0/U343/O (AN3S)                 0.32     182.37 f
  aes_top/oneround/sub32/s0/U348/O (ND3)                  0.14     182.51 r
  aes_top/oneround/sub32/s0/U399/O (AOI22S)               0.11     182.62 f
  aes_top/oneround/sub32/s0/U433/O (ND2S)                 0.30     182.91 r
  aes_top/oneround/sub32/s0/m0/in[1] (MultiplyM_15)       0.00     182.91 r
  aes_top/oneround/sub32/s0/m0/U10/O (MOAI1S)             0.23     183.14 r
  aes_top/oneround/sub32/s0/m0/out[5] (MultiplyM_15)      0.00     183.14 r
  aes_top/oneround/sub32/s0/c1/in[5] (AddC_15)            0.00     183.14 r
  aes_top/oneround/sub32/s0/c1/U3/O (INV1S)               0.09     183.23 f
  aes_top/oneround/sub32/s0/c1/out[5] (AddC_15)           0.00     183.23 f
  aes_top/oneround/sub32/s0/U301/O (MUX2)                 0.38     183.61 f
  aes_top/oneround/sub32/s0/out[5] (SubOneByte_15)        0.00     183.61 f
  aes_top/oneround/sub32/out[29] (SubByte_32)             0.00     183.61 f
  aes_top/oneround/U930/O (AO222)                         0.37     183.97 f
  aes_top/oneround/add/in[29] (AddRoundKey_0)             0.00     183.97 f
  aes_top/oneround/add/U33/O (MAOI1)                      0.18     184.15 r
  aes_top/oneround/add/out[29] (AddRoundKey_0)            0.00     184.15 r
  aes_top/oneround/U466/O (INV1S)                         0.19     184.35 f
  aes_top/oneround/U467/O (MOAI1S)                        0.32     184.66 r
  aes_top/oneround/U468/O (AO222)                         0.52     185.18 r
  aes_top/oneround/sub32/in[29] (SubByte_32)              0.00     185.18 r
  aes_top/oneround/sub32/s0/in[5] (SubOneByte_15)         0.00     185.18 r
  aes_top/oneround/sub32/s0/U394/O (MUX2)                 0.27     185.45 r
  aes_top/oneround/sub32/s0/U3/O (NR2)                    0.06     185.51 f
  aes_top/oneround/sub32/s0/U11/O (INV1S)                 0.11     185.62 r
  aes_top/oneround/sub32/s0/U15/O (INV1S)                 0.31     185.93 f
  aes_top/oneround/sub32/s0/U183/O (AOI22S)               0.24     186.17 r
  aes_top/oneround/sub32/s0/U184/O (ND2S)                 0.20     186.38 f
  aes_top/oneround/sub32/s0/m0/in[6] (MultiplyM_15)       0.00     186.38 f
  aes_top/oneround/sub32/s0/m0/U11/O (MOAI1S)             0.28     186.66 r
  aes_top/oneround/sub32/s0/m0/out[6] (MultiplyM_15)      0.00     186.66 r
  aes_top/oneround/sub32/s0/c1/in[6] (AddC_15)            0.00     186.66 r
  aes_top/oneround/sub32/s0/c1/U4/O (INV1S)               0.09     186.75 f
  aes_top/oneround/sub32/s0/c1/out[6] (AddC_15)           0.00     186.75 f
  aes_top/oneround/sub32/s0/U185/O (MUX2)                 0.32     187.07 f
  aes_top/oneround/sub32/s0/out[6] (SubOneByte_15)        0.00     187.07 f
  aes_top/oneround/sub32/out[30] (SubByte_32)             0.00     187.07 f
  aes_top/oneround/U931/O (AO222)                         0.35     187.41 f
  aes_top/oneround/add/in[30] (AddRoundKey_0)             0.00     187.41 f
  aes_top/oneround/add/U34/O (MAOI1)                      0.18     187.59 r
  aes_top/oneround/add/out[30] (AddRoundKey_0)            0.00     187.59 r
  aes_top/oneround/U476/O (INV1S)                         0.19     187.78 f
  aes_top/oneround/U477/O (MOAI1S)                        1.10     188.89 r
  aes_top/oneround/mix/in[30] (MixColumn)                 0.00     188.89 r
  aes_top/oneround/mix/U259/O (INV1S)                     0.10     188.98 f
  aes_top/oneround/mix/U261/O (INV1S)                     0.33     189.32 r
  aes_top/oneround/mix/U478/O (MOAI1S)                    0.26     189.58 r
  aes_top/oneround/mix/U480/O (MOAI1S)                    0.34     189.92 f
  aes_top/oneround/mix/U819/O (MOAI1S)                    0.35     190.28 f
  aes_top/oneround/mix/out_inv[31] (MixColumn)            0.00     190.28 f
  aes_top/oneround/U743/O (MOAI1S)                        0.32     190.60 f
  aes_top/oneround/invshift/in[31] (InvShiftRow)          0.00     190.60 f
  aes_top/oneround/invshift/U50/O (BUF1)                  0.19     190.79 f
  aes_top/oneround/invshift/out[31] (InvShiftRow)         0.00     190.79 f
  aes_top/oneround/U470/O (AO222)                         0.47     191.26 f
  aes_top/oneround/sub32/in[31] (SubByte_32)              0.00     191.26 f
  aes_top/oneround/sub32/s0/in[7] (SubOneByte_15)         0.00     191.26 f
  aes_top/oneround/sub32/s0/U390/O (MUX2)                 0.31     191.57 f
  aes_top/oneround/sub32/s0/U392/O (INV1S)                0.19     191.75 r
  aes_top/oneround/sub32/s0/U21/O (NR2)                   0.19     191.95 f
  aes_top/oneround/sub32/s0/U407/O (AOI22S)               0.19     192.13 r
  aes_top/oneround/sub32/s0/U419/O (ND2S)                 0.21     192.34 f
  aes_top/oneround/sub32/s0/m0/in[5] (MultiplyM_15)       0.00     192.34 f
  aes_top/oneround/sub32/s0/m0/U2/O (MOAI1S)              0.84     193.19 r
  aes_top/oneround/sub32/s0/m0/U17/O (MOAI1S)             0.14     193.33 f
  aes_top/oneround/sub32/s0/m0/out[7] (MultiplyM_15)      0.00     193.33 f
  aes_top/oneround/sub32/s0/c1/in[7] (AddC_15)            0.00     193.33 f
  aes_top/oneround/sub32/s0/c1/U8/O (BUF1)                0.22     193.55 f
  aes_top/oneround/sub32/s0/c1/out[7] (AddC_15)           0.00     193.55 f
  aes_top/oneround/sub32/s0/U87/O (MUX2)                  0.36     193.91 f
  aes_top/oneround/sub32/s0/out[7] (SubOneByte_15)        0.00     193.91 f
  aes_top/oneround/sub32/out[31] (SubByte_32)             0.00     193.91 f
  aes_top/oneround/U932/O (AO222)                         0.37     194.28 f
  aes_top/oneround/add/in[31] (AddRoundKey_0)             0.00     194.28 f
  aes_top/oneround/add/U110/O (MAOI1)                     0.18     194.46 r
  aes_top/oneround/add/out[31] (AddRoundKey_0)            0.00     194.46 r
  aes_top/oneround/U559/O (INV1S)                         0.19     194.65 f
  aes_top/oneround/U23/O (MOAI1S)                         1.26     195.90 r
  aes_top/oneround/mix/in[31] (MixColumn)                 0.00     195.90 r
  aes_top/oneround/mix/U50/O (INV1S)                      0.10     196.00 f
  aes_top/oneround/mix/U51/O (INV1S)                      0.21     196.21 r
  aes_top/oneround/mix/U552/O (MOAI1S)                    0.15     196.36 f
  aes_top/oneround/mix/U553/O (MOAI1S)                    0.66     197.02 r
  aes_top/oneround/mix/out[23] (MixColumn)                0.00     197.02 r
  aes_top/oneround/U143/O (AO222)                         0.30     197.32 r
  aes_top/oneround/add/in[23] (AddRoundKey_0)             0.00     197.32 r
  aes_top/oneround/add/U113/O (MAOI1)                     0.21     197.53 r
  aes_top/oneround/add/out[23] (AddRoundKey_0)            0.00     197.53 r
  aes_top/oneround/U463/O (INV1S)                         0.19     197.72 f
  aes_top/oneround/U464/O (MOAI1S)                        0.29     198.01 r
  aes_top/oneround/U465/O (MUX2)                          0.38     198.39 r
  aes_top/oneround/sub96/in[87] (SubByte_96)              0.00     198.39 r
  aes_top/oneround/sub96/s1/in[7] (SubOneByte_10)         0.00     198.39 r
  aes_top/oneround/sub96/s1/U361/O (MUX2)                 0.27     198.66 r
  aes_top/oneround/sub96/s1/U362/O (INV1S)                0.17     198.83 f
  aes_top/oneround/sub96/s1/U21/O (NR2)                   0.39     199.22 r
  aes_top/oneround/sub96/s1/U385/O (AOI22S)               0.09     199.31 f
  aes_top/oneround/sub96/s1/U386/O (ND2S)                 0.32     199.63 r
  aes_top/oneround/sub96/s1/m0/in[5] (MultiplyM_10)       0.00     199.63 r
  aes_top/oneround/sub96/s1/m0/U2/O (MOAI1S)              0.40     200.03 f
  aes_top/oneround/sub96/s1/m0/U17/O (MOAI1S)             0.39     200.41 f
  aes_top/oneround/sub96/s1/m0/out[7] (MultiplyM_10)      0.00     200.41 f
  aes_top/oneround/sub96/s1/c1/in[7] (AddC_10)            0.00     200.41 f
  aes_top/oneround/sub96/s1/c1/U5/O (BUF1)                0.22     200.63 f
  aes_top/oneround/sub96/s1/c1/out[7] (AddC_10)           0.00     200.63 f
  aes_top/oneround/sub96/s1/U448/O (MUX2)                 0.24     200.87 f
  aes_top/oneround/sub96/s1/out[7] (SubOneByte_10)        0.00     200.87 f
  aes_top/oneround/sub96/out[87] (SubByte_96)             0.00     200.87 f
  aes_top/oneround/U200/O (MOAI1S)                        0.28     201.15 f
  aes_top/oneround/out[119] (AESOneRound)                 0.00     201.15 f
  U28313/O (AOI22S)                                       0.25     201.40 r
  U28315/O (ND2S)                                         0.10     201.50 f
  aes_top/temp_out_r_reg[119]/D (QDFFRBN)                 0.00     201.50 f
  data arrival time                                                201.50

  clock clk (rise edge)                                 400.00     400.00
  clock network delay (ideal)                             0.50     400.50
  clock uncertainty                                      -0.10     400.40
  aes_top/temp_out_r_reg[119]/CK (QDFFRBN)                0.00     400.40 r
  library setup time                                     -0.07     400.33
  data required time                                               400.33
  --------------------------------------------------------------------------
  data required time                                               400.33
  data arrival time                                               -201.50
  --------------------------------------------------------------------------
  slack (MET)                                                      198.83


1
