 
****************************************
Report : timing
        -path full
        -delay max
        -max_paths 1
Design : Top
Version: R-2020.09-SP5
Date   : Thu May 19 15:08:47 2022
****************************************

 # A fanout number of 1000 was used for high fanout net computations.

Operating Conditions: WCCOM   Library: fsa0m_a_generic_core_ss1p62v125c
Wire Load Model Mode: enclosed

  Startpoint: i_mode (input port clocked by clk)
  Endpoint: aes_top/temp_out_r_reg[119]
            (rising edge-triggered flip-flop clocked by clk)
  Path Group: clk
  Path Type: max

  Des/Clust/Port     Wire Load Model       Library
  ------------------------------------------------
  Top                G200K                 fsa0m_a_generic_core_tt1p8v25c
  AESOneRound        enG30K                fsa0m_a_generic_core_tt1p8v25c
  MixColumn          enG5K                 fsa0m_a_generic_core_tt1p8v25c
  MultiplyMinv_0     enG5K                 fsa0m_a_generic_core_tt1p8v25c
  SubOneByte_0       enG5K                 fsa0m_a_generic_core_tt1p8v25c
  MultiplyM_0        enG5K                 fsa0m_a_generic_core_tt1p8v25c
  MultiplyMinv_10    enG5K                 fsa0m_a_generic_core_tt1p8v25c
  SubOneByte_10      enG5K                 fsa0m_a_generic_core_tt1p8v25c
  MultiplyM_10       enG5K                 fsa0m_a_generic_core_tt1p8v25c
  MultiplyMinv_5     enG5K                 fsa0m_a_generic_core_tt1p8v25c
  SubOneByte_5       enG5K                 fsa0m_a_generic_core_tt1p8v25c
  MultiplyM_5        enG5K                 fsa0m_a_generic_core_tt1p8v25c
  MultiplyMinv_15    enG5K                 fsa0m_a_generic_core_tt1p8v25c
  SubOneByte_15      enG5K                 fsa0m_a_generic_core_tt1p8v25c
  MultiplyM_15       enG5K                 fsa0m_a_generic_core_tt1p8v25c

  Point                                                   Incr       Path
  --------------------------------------------------------------------------
  clock clk (rise edge)                                   0.00       0.00
  clock network delay (ideal)                             0.50       0.50
  input external delay                                    1.00       1.50 r
  i_mode (in)                                             0.04       1.54 r
  U16763/O (INV1S)                                        0.15       1.69 f
  U16764/O (INV1S)                                        0.40       2.09 r
  aes_top/oneround/dec (AESOneRound)                      0.00       2.09 r
  aes_top/oneround/U129/O (INV1S)                         0.45       2.54 f
  aes_top/oneround/U100/O (BUF1)                          0.39       2.93 f
  aes_top/oneround/U136/O (BUF1)                          0.25       3.18 f
  aes_top/oneround/U435/O (BUF1)                          0.27       3.46 f
  aes_top/oneround/U392/O (MOAI1S)                        0.27       3.72 f
  aes_top/oneround/U75/O (INV1S)                          0.12       3.85 r
  aes_top/oneround/U76/O (INV1S)                          0.35       4.20 f
  aes_top/oneround/mix/in[15] (MixColumn)                 0.00       4.20 f
  aes_top/oneround/mix/U678/O (MOAI1S)                    0.63       4.83 r
  aes_top/oneround/mix/U743/O (MOAI1S)                    0.36       5.19 f
  aes_top/oneround/mix/U744/O (MOAI1S)                    0.42       5.62 f
  aes_top/oneround/mix/U745/O (MOAI1S)                    0.35       5.97 f
  aes_top/oneround/mix/U746/O (MOAI1S)                    0.33       6.30 f
  aes_top/oneround/mix/U739/O (MOAI1S)                    0.31       6.61 f
  aes_top/oneround/mix/out_inv[2] (MixColumn)             0.00       6.61 f
  aes_top/oneround/U772/O (MOAI1S)                        0.29       6.90 f
  aes_top/oneround/invshift/in[2] (InvShiftRow)           0.00       6.90 f
  aes_top/oneround/invshift/U45/O (BUF1)                  0.18       7.08 f
  aes_top/oneround/invshift/out[34] (InvShiftRow)         0.00       7.08 f
  aes_top/oneround/U508/O (MUX2)                          0.34       7.42 f
  aes_top/oneround/sub96/in[2] (SubByte_96)               0.00       7.42 f
  aes_top/oneround/sub96/s11/in[2] (SubOneByte_0)         0.00       7.42 f
  aes_top/oneround/sub96/s11/m1/in[2] (MultiplyMinv_0)
                                                          0.00       7.42 f
  aes_top/oneround/sub96/s11/m1/U4/O (MOAI1S)             0.60       8.02 r
  aes_top/oneround/sub96/s11/m1/U5/O (MOAI1S)             0.15       8.17 f
  aes_top/oneround/sub96/s11/m1/out[3] (MultiplyMinv_0)
                                                          0.00       8.17 f
  aes_top/oneround/sub96/s11/c0/in[3] (AddCinv_0)         0.00       8.17 f
  aes_top/oneround/sub96/s11/c0/U4/O (BUF1)               0.21       8.38 f
  aes_top/oneround/sub96/s11/c0/out[3] (AddCinv_0)        0.00       8.38 f
  aes_top/oneround/sub96/s11/U7/O (AOI22S)                0.37       8.75 r
  aes_top/oneround/sub96/s11/U18/O (ND2S)                 0.27       9.02 f
  aes_top/oneround/sub96/s11/U19/O (NR2)                  0.48       9.50 r
  aes_top/oneround/sub96/s11/U64/O (INV1S)                0.44       9.94 f
  aes_top/oneround/sub96/s11/U107/O (NR2)                 0.51      10.45 r
  aes_top/oneround/sub96/s11/U122/O (INV1S)               0.22      10.68 f
  aes_top/oneround/sub96/s11/U97/O (ND3)                  0.21      10.88 r
  aes_top/oneround/sub96/s11/U340/O (INV1S)               0.13      11.01 f
  aes_top/oneround/sub96/s11/U345/O (AN4B1S)              0.27      11.28 f
  aes_top/oneround/sub96/s11/U346/O (ND3)                 0.11      11.39 r
  aes_top/oneround/sub96/s11/U100/O (AN4B1S)              0.11      11.50 f
  aes_top/oneround/sub96/s11/U318/O (ND3)                 0.12      11.62 r
  aes_top/oneround/sub96/s11/U155/O (AOI22S)              0.11      11.73 f
  aes_top/oneround/sub96/s11/U437/O (ND2S)                0.30      12.03 r
  aes_top/oneround/sub96/s11/m0/in[7] (MultiplyM_0)       0.00      12.03 r
  aes_top/oneround/sub96/s11/m0/U1/O (MOAI1S)             0.31      12.34 f
  aes_top/oneround/sub96/s11/m0/U7/O (MOAI1S)             0.33      12.67 f
  aes_top/oneround/sub96/s11/m0/out[2] (MultiplyM_0)      0.00      12.67 f
  aes_top/oneround/sub96/s11/c1/in[2] (AddC_0)            0.00      12.67 f
  aes_top/oneround/sub96/s11/c1/U5/O (BUF1)               0.20      12.87 f
  aes_top/oneround/sub96/s11/c1/out[2] (AddC_0)           0.00      12.87 f
  aes_top/oneround/sub96/s11/U393/O (MUX2)                0.27      13.14 f
  aes_top/oneround/sub96/s11/out[2] (SubOneByte_0)        0.00      13.14 f
  aes_top/oneround/sub96/out[2] (SubByte_96)              0.00      13.14 f
  aes_top/oneround/U895/O (AO222)                         0.34      13.48 f
  aes_top/oneround/add/in[2] (AddRoundKey_0)              0.00      13.48 f
  aes_top/oneround/add/U105/O (MAOI1)                     0.18      13.66 r
  aes_top/oneround/add/out[2] (AddRoundKey_0)             0.00      13.66 r
  aes_top/oneround/U436/O (INV1S)                         0.19      13.85 f
  aes_top/oneround/U18/O (MOAI1S)                         1.11      14.95 r
  aes_top/oneround/mix/in[2] (MixColumn)                  0.00      14.95 r
  aes_top/oneround/mix/U548/O (MOAI1S)                    0.52      15.48 f
  aes_top/oneround/mix/U635/O (MOAI1S)                    0.96      16.44 r
  aes_top/oneround/mix/U939/O (MOAI1S)                    0.18      16.61 f
  aes_top/oneround/mix/U940/O (MOAI1S)                    0.34      16.95 f
  aes_top/oneround/mix/U941/O (MOAI1S)                    0.33      17.28 f
  aes_top/oneround/mix/out_inv[18] (MixColumn)            0.00      17.28 f
  aes_top/oneround/U756/O (MOAI1S)                        0.33      17.61 f
  aes_top/oneround/invshift/in[18] (InvShiftRow)          0.00      17.61 f
  aes_top/oneround/invshift/U49/O (BUF1)                  0.18      17.80 f
  aes_top/oneround/invshift/out[114] (InvShiftRow)        0.00      17.80 f
  aes_top/oneround/U469/O (MUX2)                          0.34      18.14 f
  aes_top/oneround/sub96/in[82] (SubByte_96)              0.00      18.14 f
  aes_top/oneround/sub96/s1/in[2] (SubOneByte_10)         0.00      18.14 f
  aes_top/oneround/sub96/s1/m1/in[2] (MultiplyMinv_10)
                                                          0.00      18.14 f
  aes_top/oneround/sub96/s1/m1/U4/O (MOAI1S)              0.60      18.74 r
  aes_top/oneround/sub96/s1/m1/U5/O (MOAI1S)              0.15      18.89 f
  aes_top/oneround/sub96/s1/m1/out[3] (MultiplyMinv_10)
                                                          0.00      18.89 f
  aes_top/oneround/sub96/s1/c0/in[3] (AddCinv_10)         0.00      18.89 f
  aes_top/oneround/sub96/s1/c0/U5/O (BUF1)                0.21      19.10 f
  aes_top/oneround/sub96/s1/c0/out[3] (AddCinv_10)        0.00      19.10 f
  aes_top/oneround/sub96/s1/U7/O (AOI22S)                 0.37      19.47 r
  aes_top/oneround/sub96/s1/U295/O (ND2S)                 0.29      19.76 f
  aes_top/oneround/sub96/s1/U19/O (NR2)                   0.61      20.37 r
  aes_top/oneround/sub96/s1/U63/O (INV1S)                 0.38      20.75 f
  aes_top/oneround/sub96/s1/U84/O (NR2)                   0.61      21.37 r
  aes_top/oneround/sub96/s1/U86/O (NR2)                   0.13      21.50 f
  aes_top/oneround/sub96/s1/U216/O (ND3)                  0.15      21.64 r
  aes_top/oneround/sub96/s1/U217/O (NR3)                  0.18      21.83 f
  aes_top/oneround/sub96/s1/U440/O (ND3)                  0.17      22.00 r
  aes_top/oneround/sub96/s1/U446/O (AOI22S)               0.11      22.11 f
  aes_top/oneround/sub96/s1/U447/O (ND2S)                 0.30      22.41 r
  aes_top/oneround/sub96/s1/m0/in[7] (MultiplyM_10)       0.00      22.41 r
  aes_top/oneround/sub96/s1/m0/U1/O (MOAI1S)              0.31      22.72 f
  aes_top/oneround/sub96/s1/m0/U7/O (MOAI1S)              0.33      23.05 f
  aes_top/oneround/sub96/s1/m0/out[2] (MultiplyM_10)      0.00      23.05 f
  aes_top/oneround/sub96/s1/c1/in[2] (AddC_10)            0.00      23.05 f
  aes_top/oneround/sub96/s1/c1/U5/O (BUF1)                0.20      23.25 f
  aes_top/oneround/sub96/s1/c1/out[2] (AddC_10)           0.00      23.25 f
  aes_top/oneround/sub96/s1/U393/O (MUX2)                 0.27      23.52 f
  aes_top/oneround/sub96/s1/out[2] (SubOneByte_10)        0.00      23.52 f
  aes_top/oneround/sub96/out[82] (SubByte_96)             0.00      23.52 f
  aes_top/oneround/U918/O (AO222)                         0.34      23.86 f
  aes_top/oneround/add/in[18] (AddRoundKey_0)             0.00      23.86 f
  aes_top/oneround/add/U111/O (MAOI1)                     0.18      24.04 r
  aes_top/oneround/add/out[18] (AddRoundKey_0)            0.00      24.04 r
  aes_top/oneround/U434/O (INV1S)                         0.19      24.23 f
  aes_top/oneround/U22/O (MOAI1S)                         1.11      25.33 r
  aes_top/oneround/mix/in[18] (MixColumn)                 0.00      25.33 r
  aes_top/oneround/mix/U754/O (MOAI1S)                    0.36      25.69 f
  aes_top/oneround/mix/U759/O (MOAI1S)                    0.37      26.06 f
  aes_top/oneround/mix/out_inv[20] (MixColumn)            0.00      26.06 f
  aes_top/oneround/U754/O (MOAI1S)                        0.31      26.37 f
  aes_top/oneround/invshift/in[20] (InvShiftRow)          0.00      26.37 f
  aes_top/oneround/invshift/U51/O (BUF1)                  0.18      26.56 f
  aes_top/oneround/invshift/out[116] (InvShiftRow)        0.00      26.56 f
  aes_top/oneround/U887/O (MUX2)                          0.34      26.90 f
  aes_top/oneround/sub96/in[84] (SubByte_96)              0.00      26.90 f
  aes_top/oneround/sub96/s1/in[4] (SubOneByte_10)         0.00      26.90 f
  aes_top/oneround/sub96/s1/m1/in[4] (MultiplyMinv_10)
                                                          0.00      26.90 f
  aes_top/oneround/sub96/s1/m1/U1/O (MOAI1S)              0.59      27.49 r
  aes_top/oneround/sub96/s1/m1/U3/O (MOAI1S)              0.16      27.65 f
  aes_top/oneround/sub96/s1/m1/out[2] (MultiplyMinv_10)
                                                          0.00      27.65 f
  aes_top/oneround/sub96/s1/c0/in[2] (AddCinv_10)         0.00      27.65 f
  aes_top/oneround/sub96/s1/c0/U2/O (INV1S)               0.14      27.79 r
  aes_top/oneround/sub96/s1/c0/out[2] (AddCinv_10)        0.00      27.79 r
  aes_top/oneround/sub96/s1/U165/O (AOI22S)               0.19      27.98 f
  aes_top/oneround/sub96/s1/U168/O (ND2S)                 0.44      28.42 r
  aes_top/oneround/sub96/s1/U169/O (INV1S)                0.28      28.69 f
  aes_top/oneround/sub96/s1/U172/O (ND2S)                 0.27      28.97 r
  aes_top/oneround/sub96/s1/U313/O (INV1S)                0.19      29.16 f
  aes_top/oneround/sub96/s1/U163/O (NR2)                  0.21      29.37 r
  aes_top/oneround/sub96/s1/U263/O (AN4B1S)               0.44      29.81 r
  aes_top/oneround/sub96/s1/U412/O (ND3)                  0.11      29.92 f
  aes_top/oneround/sub96/s1/U413/O (AOI22S)               0.21      30.13 r
  aes_top/oneround/sub96/s1/U414/O (ND2S)                 0.20      30.33 f
  aes_top/oneround/sub96/s1/m0/in[2] (MultiplyM_10)       0.00      30.33 f
  aes_top/oneround/sub96/s1/m0/U6/O (MOAI1S)              0.85      31.18 r
  aes_top/oneround/sub96/s1/m0/U13/O (MOAI1S)             0.14      31.32 f
  aes_top/oneround/sub96/s1/m0/out[4] (MultiplyM_10)      0.00      31.32 f
  aes_top/oneround/sub96/s1/c1/in[4] (AddC_10)            0.00      31.32 f
  aes_top/oneround/sub96/s1/c1/U7/O (BUF1)                0.22      31.55 f
  aes_top/oneround/sub96/s1/c1/out[4] (AddC_10)           0.00      31.55 f
  aes_top/oneround/sub96/s1/U342/O (MUX2)                 0.27      31.82 f
  aes_top/oneround/sub96/s1/out[4] (SubOneByte_10)        0.00      31.82 f
  aes_top/oneround/sub96/out[84] (SubByte_96)             0.00      31.82 f
  aes_top/oneround/U921/O (AO222)                         0.34      32.15 f
  aes_top/oneround/add/in[20] (AddRoundKey_0)             0.00      32.15 f
  aes_top/oneround/add/U118/O (MAOI1)                     0.18      32.33 r
  aes_top/oneround/add/out[20] (AddRoundKey_0)            0.00      32.33 r
  aes_top/oneround/U468/O (INV1S)                         0.19      32.53 f
  aes_top/oneround/U555/O (MOAI1S)                        1.17      33.69 r
  aes_top/oneround/mix/in[20] (MixColumn)                 0.00      33.69 r
  aes_top/oneround/mix/U204/O (INV1S)                     0.10      33.79 f
  aes_top/oneround/mix/U206/O (INV1S)                     0.31      34.11 r
  aes_top/oneround/mix/U192/O (MOAI1S)                    0.41      34.52 f
  aes_top/oneround/mix/U761/O (MOAI1S)                    0.50      35.01 f
  aes_top/oneround/mix/U762/O (MOAI1S)                    0.53      35.54 f
  aes_top/oneround/mix/U763/O (MOAI1S)                    0.36      35.90 f
  aes_top/oneround/mix/U764/O (MOAI1S)                    0.33      36.23 f
  aes_top/oneround/mix/out_inv[4] (MixColumn)             0.00      36.23 f
  aes_top/oneround/U770/O (MOAI1S)                        0.33      36.56 f
  aes_top/oneround/invshift/in[4] (InvShiftRow)           0.00      36.56 f
  aes_top/oneround/invshift/U16/O (BUF1)                  0.18      36.75 f
  aes_top/oneround/invshift/out[36] (InvShiftRow)         0.00      36.75 f
  aes_top/oneround/U509/O (MUX2)                          0.34      37.09 f
  aes_top/oneround/sub96/in[4] (SubByte_96)               0.00      37.09 f
  aes_top/oneround/sub96/s11/in[4] (SubOneByte_0)         0.00      37.09 f
  aes_top/oneround/sub96/s11/m1/in[4] (MultiplyMinv_0)
                                                          0.00      37.09 f
  aes_top/oneround/sub96/s11/m1/U1/O (MOAI1S)             0.59      37.68 r
  aes_top/oneround/sub96/s11/m1/U3/O (MOAI1S)             0.16      37.84 f
  aes_top/oneround/sub96/s11/m1/out[2] (MultiplyMinv_0)
                                                          0.00      37.84 f
  aes_top/oneround/sub96/s11/c0/in[2] (AddCinv_0)         0.00      37.84 f
  aes_top/oneround/sub96/s11/c0/U2/O (INV1S)              0.12      37.96 r
  aes_top/oneround/sub96/s11/c0/out[2] (AddCinv_0)        0.00      37.96 r
  aes_top/oneround/sub96/s11/U445/O (MUX2)                0.28      38.24 r
  aes_top/oneround/sub96/s11/U450/O (INV1S)               0.17      38.41 f
  aes_top/oneround/sub96/s11/U47/O (ND2S)                 0.46      38.87 r
  aes_top/oneround/sub96/s11/U138/O (INV1S)               0.22      39.08 f
  aes_top/oneround/sub96/s11/U139/O (ND2S)                0.40      39.48 r
  aes_top/oneround/sub96/s11/U140/O (INV1S)               0.17      39.65 f
  aes_top/oneround/sub96/s11/U163/O (NR2)                 0.18      39.83 r
  aes_top/oneround/sub96/s11/U319/O (AN4B1S)              0.35      40.18 r
  aes_top/oneround/sub96/s11/U324/O (AN2)                 0.21      40.38 r
  aes_top/oneround/sub96/s11/U348/O (AN4B1S)              0.23      40.62 r
  aes_top/oneround/sub96/s11/U349/O (ND3)                 0.10      40.72 f
  aes_top/oneround/sub96/s11/U382/O (AOI22S)              0.22      40.94 r
  aes_top/oneround/sub96/s11/U401/O (ND2S)                0.21      41.15 f
  aes_top/oneround/sub96/s11/m0/in[2] (MultiplyM_0)       0.00      41.15 f
  aes_top/oneround/sub96/s11/m0/U6/O (MOAI1S)             0.85      42.01 r
  aes_top/oneround/sub96/s11/m0/U15/O (MOAI1S)            0.14      42.14 f
  aes_top/oneround/sub96/s11/m0/out[4] (MultiplyM_0)      0.00      42.14 f
  aes_top/oneround/sub96/s11/c1/in[4] (AddC_0)            0.00      42.14 f
  aes_top/oneround/sub96/s11/c1/U7/O (BUF1)               0.22      42.37 f
  aes_top/oneround/sub96/s11/c1/out[4] (AddC_0)           0.00      42.37 f
  aes_top/oneround/sub96/s11/U342/O (MUX2)                0.27      42.64 f
  aes_top/oneround/sub96/s11/out[4] (SubOneByte_0)        0.00      42.64 f
  aes_top/oneround/sub96/out[4] (SubByte_96)              0.00      42.64 f
  aes_top/oneround/U897/O (AO222)                         0.34      42.98 f
  aes_top/oneround/add/in[4] (AddRoundKey_0)              0.00      42.98 f
  aes_top/oneround/add/U106/O (MAOI1)                     0.18      43.15 r
  aes_top/oneround/add/out[4] (AddRoundKey_0)             0.00      43.15 r
  aes_top/oneround/U513/O (INV1S)                         0.19      43.35 f
  aes_top/oneround/U19/O (MOAI1S)                         1.11      44.45 r
  aes_top/oneround/mix/in[4] (MixColumn)                  0.00      44.45 r
  aes_top/oneround/mix/U8/O (INV1S)                       0.10      44.55 f
  aes_top/oneround/mix/U10/O (INV1S)                      0.25      44.80 r
  aes_top/oneround/mix/U820/O (MOAI1S)                    0.22      45.02 f
  aes_top/oneround/mix/U871/O (MOAI1S)                    0.34      45.36 f
  aes_top/oneround/mix/out[12] (MixColumn)                0.00      45.36 f
  aes_top/oneround/U909/O (AO222)                         0.46      45.82 f
  aes_top/oneround/add/in[12] (AddRoundKey_0)             0.00      45.82 f
  aes_top/oneround/add/U127/O (MAOI1)                     0.23      46.05 f
  aes_top/oneround/add/out[12] (AddRoundKey_0)            0.00      46.05 f
  aes_top/oneround/U510/O (INV1S)                         0.20      46.25 r
  aes_top/oneround/U511/O (MOAI1S)                        0.15      46.40 f
  aes_top/oneround/U512/O (MUX2)                          0.39      46.79 f
  aes_top/oneround/sub96/in[44] (SubByte_96)              0.00      46.79 f
  aes_top/oneround/sub96/s6/in[4] (SubOneByte_5)          0.00      46.79 f
  aes_top/oneround/sub96/s6/m1/in[4] (MultiplyMinv_5)     0.00      46.79 f
  aes_top/oneround/sub96/s6/m1/U1/O (MOAI1S)              0.59      47.38 r
  aes_top/oneround/sub96/s6/m1/U3/O (MOAI1S)              0.22      47.59 r
  aes_top/oneround/sub96/s6/m1/out[2] (MultiplyMinv_5)
                                                          0.00      47.59 r
  aes_top/oneround/sub96/s6/c0/in[2] (AddCinv_5)          0.00      47.59 r
  aes_top/oneround/sub96/s6/c0/U2/O (INV1S)               0.11      47.70 f
  aes_top/oneround/sub96/s6/c0/out[2] (AddCinv_5)         0.00      47.70 f
  aes_top/oneround/sub96/s6/U62/O (AOI22S)                0.40      48.10 r
  aes_top/oneround/sub96/s6/U462/O (NR2)                  0.14      48.24 f
  aes_top/oneround/sub96/s6/U9/O (ND2S)                   0.31      48.55 r
  aes_top/oneround/sub96/s6/U44/O (INV1S)                 0.31      48.85 f
  aes_top/oneround/sub96/s6/U49/O (ND2S)                  0.45      49.30 r
  aes_top/oneround/sub96/s6/U175/O (INV1S)                0.28      49.59 f
  aes_top/oneround/sub96/s6/U196/O (NR2)                  0.19      49.78 r
  aes_top/oneround/sub96/s6/U200/O (ND3)                  0.09      49.87 f
  aes_top/oneround/sub96/s6/U201/O (NR3)                  0.32      50.19 r
  aes_top/oneround/sub96/s6/U203/O (ND3)                  0.10      50.30 f
  aes_top/oneround/sub96/s6/U204/O (NR3)                  0.25      50.54 r
  aes_top/oneround/sub96/s6/U280/O (ND3)                  0.11      50.66 f
  aes_top/oneround/sub96/s6/U391/O (AOI22S)               0.20      50.86 r
  aes_top/oneround/sub96/s6/U404/O (ND2S)                 0.20      51.06 f
  aes_top/oneround/sub96/s6/m0/in[2] (MultiplyM_5)        0.00      51.06 f
  aes_top/oneround/sub96/s6/m0/U6/O (MOAI1S)              0.84      51.90 r
  aes_top/oneround/sub96/s6/m0/U16/O (MOAI1S)             0.10      52.00 f
  aes_top/oneround/sub96/s6/m0/out[2] (MultiplyM_5)       0.00      52.00 f
  aes_top/oneround/sub96/s6/c1/in[2] (AddC_5)             0.00      52.00 f
  aes_top/oneround/sub96/s6/c1/U5/O (BUF1)                0.21      52.22 f
  aes_top/oneround/sub96/s6/c1/out[2] (AddC_5)            0.00      52.22 f
  aes_top/oneround/sub96/s6/U405/O (MUX2)                 0.27      52.48 f
  aes_top/oneround/sub96/s6/out[2] (SubOneByte_5)         0.00      52.48 f
  aes_top/oneround/sub96/out[42] (SubByte_96)             0.00      52.48 f
  aes_top/oneround/U907/O (AO222)                         0.34      52.82 f
  aes_top/oneround/add/in[10] (AddRoundKey_0)             0.00      52.82 f
  aes_top/oneround/add/U112/O (MAOI1)                     0.18      53.00 r
  aes_top/oneround/add/out[10] (AddRoundKey_0)            0.00      53.00 r
  aes_top/oneround/U551/O (INV1S)                         0.19      53.19 f
  aes_top/oneround/U21/O (MOAI1S)                         1.26      54.45 r
  aes_top/oneround/mix/in[10] (MixColumn)                 0.00      54.45 r
  aes_top/oneround/mix/U22/O (INV1S)                      0.10      54.55 f
  aes_top/oneround/mix/U24/O (INV1S)                      0.21      54.76 r
  aes_top/oneround/mix/U538/O (MOAI1S)                    0.28      55.04 f
  aes_top/oneround/mix/U197/O (INV1S)                     0.14      55.18 r
  aes_top/oneround/mix/U198/O (INV1S)                     0.21      55.39 f
  aes_top/oneround/mix/U782/O (MOAI1S)                    0.38      55.77 f
  aes_top/oneround/mix/U791/O (MOAI1S)                    0.35      56.12 f
  aes_top/oneround/mix/U792/O (MOAI1S)                    0.36      56.47 f
  aes_top/oneround/mix/U794/O (MOAI1S)                    0.31      56.78 f
  aes_top/oneround/mix/out_inv[19] (MixColumn)            0.00      56.78 f
  aes_top/oneround/U755/O (MOAI1S)                        0.31      57.09 f
  aes_top/oneround/invshift/in[19] (InvShiftRow)          0.00      57.09 f
  aes_top/oneround/invshift/U50/O (BUF1)                  0.18      57.28 f
  aes_top/oneround/invshift/out[115] (InvShiftRow)        0.00      57.28 f
  aes_top/oneround/U886/O (MUX2)                          0.34      57.62 f
  aes_top/oneround/sub96/in[83] (SubByte_96)              0.00      57.62 f
  aes_top/oneround/sub96/s1/in[3] (SubOneByte_10)         0.00      57.62 f
  aes_top/oneround/sub96/s1/m1/in[3] (MultiplyMinv_10)
                                                          0.00      57.62 f
  aes_top/oneround/sub96/s1/m1/U10/O (MOAI1S)             0.58      58.20 r
  aes_top/oneround/sub96/s1/m1/U11/O (MOAI1S)             0.21      58.41 r
  aes_top/oneround/sub96/s1/m1/out[6] (MultiplyMinv_10)
                                                          0.00      58.41 r
  aes_top/oneround/sub96/s1/c0/in[6] (AddCinv_10)         0.00      58.41 r
  aes_top/oneround/sub96/s1/c0/U7/O (BUF1)                0.14      58.55 r
  aes_top/oneround/sub96/s1/c0/out[6] (AddCinv_10)        0.00      58.55 r
  aes_top/oneround/sub96/s1/U268/O (MUX2)                 0.26      58.81 r
  aes_top/oneround/sub96/s1/U451/O (INV1S)                0.15      58.96 f
  aes_top/oneround/sub96/s1/U22/O (AN2)                   0.25      59.21 f
  aes_top/oneround/sub96/s1/U71/O (ND2S)                  0.39      59.60 r
  aes_top/oneround/sub96/s1/U247/O (INV1S)                0.21      59.81 f
  aes_top/oneround/sub96/s1/U248/O (ND2S)                 0.31      60.12 r
  aes_top/oneround/sub96/s1/U250/O (OR2B1S)               0.13      60.25 f
  aes_top/oneround/sub96/s1/U25/O (OR3B2S)                0.20      60.46 f
  aes_top/oneround/sub96/s1/U254/O (AN4B1S)               0.29      60.74 r
  aes_top/oneround/sub96/s1/U346/O (ND3)                  0.11      60.86 f
  aes_top/oneround/sub96/s1/U323/O (AOI22S)               0.22      61.08 r
  aes_top/oneround/sub96/s1/U416/O (ND2S)                 0.22      61.29 f
  aes_top/oneround/sub96/s1/m0/in[4] (MultiplyM_10)       0.00      61.29 f
  aes_top/oneround/sub96/s1/m0/U15/O (MOAI1S)             0.27      61.57 r
  aes_top/oneround/sub96/s1/m0/out[0] (MultiplyM_10)      0.00      61.57 r
  aes_top/oneround/sub96/s1/c1/in[0] (AddC_10)            0.00      61.57 r
  aes_top/oneround/sub96/s1/c1/U1/O (INV1S)               0.09      61.66 f
  aes_top/oneround/sub96/s1/c1/out[0] (AddC_10)           0.00      61.66 f
  aes_top/oneround/sub96/s1/U427/O (MUX2)                 0.29      61.94 f
  aes_top/oneround/sub96/s1/out[0] (SubOneByte_10)        0.00      61.94 f
  aes_top/oneround/sub96/out[80] (SubByte_96)             0.00      61.94 f
  aes_top/oneround/U916/O (AO222)                         0.34      62.28 f
  aes_top/oneround/add/in[16] (AddRoundKey_0)             0.00      62.28 f
  aes_top/oneround/add/U113/O (MAOI1)                     0.23      62.52 f
  aes_top/oneround/add/out[16] (AddRoundKey_0)            0.00      62.52 f
  aes_top/oneround/U440/O (INV1S)                         0.20      62.72 r
  aes_top/oneround/U443/O (MOAI1S)                        0.15      62.87 f
  aes_top/oneround/U445/O (MUX2)                          0.38      63.25 f
  aes_top/oneround/sub96/in[80] (SubByte_96)              0.00      63.25 f
  aes_top/oneround/sub96/s1/in[0] (SubOneByte_10)         0.00      63.25 f
  aes_top/oneround/sub96/s1/U269/O (MUX2)                 0.33      63.58 f
  aes_top/oneround/sub96/s1/U270/O (ND2S)                 0.24      63.82 r
  aes_top/oneround/sub96/s1/U45/O (OR2)                   0.32      64.14 r
  aes_top/oneround/sub96/s1/U256/O (NR2)                  0.13      64.26 f
  aes_top/oneround/sub96/s1/U260/O (AN4B1S)               0.16      64.43 r
  aes_top/oneround/sub96/s1/U261/O (ND3)                  0.10      64.53 f
  aes_top/oneround/sub96/s1/U417/O (AOI22S)               0.23      64.76 r
  aes_top/oneround/sub96/s1/U386/O (ND2S)                 0.22      64.97 f
  aes_top/oneround/sub96/s1/m0/in[0] (MultiplyM_10)       0.00      64.97 f
  aes_top/oneround/sub96/s1/m0/U5/O (MOAI1S)              0.60      65.58 r
  aes_top/oneround/sub96/s1/m0/U8/O (MOAI1S)              0.21      65.79 r
  aes_top/oneround/sub96/s1/m0/out[1] (MultiplyM_10)      0.00      65.79 r
  aes_top/oneround/sub96/s1/c1/in[1] (AddC_10)            0.00      65.79 r
  aes_top/oneround/sub96/s1/c1/U2/O (INV1S)               0.09      65.88 f
  aes_top/oneround/sub96/s1/c1/out[1] (AddC_10)           0.00      65.88 f
  aes_top/oneround/sub96/s1/U410/O (MUX2)                 0.29      66.17 f
  aes_top/oneround/sub96/s1/out[1] (SubOneByte_10)        0.00      66.17 f
  aes_top/oneround/sub96/out[81] (SubByte_96)             0.00      66.17 f
  aes_top/oneround/U917/O (AO222)                         0.34      66.51 f
  aes_top/oneround/add/in[17] (AddRoundKey_0)             0.00      66.51 f
  aes_top/oneround/add/U114/O (MAOI1)                     0.18      66.69 r
  aes_top/oneround/add/out[17] (AddRoundKey_0)            0.00      66.69 r
  aes_top/oneround/U447/O (INV1S)                         0.19      66.88 f
  aes_top/oneround/U448/O (MOAI1S)                        0.29      67.17 r
  aes_top/oneround/U450/O (MUX2)                          0.38      67.55 r
  aes_top/oneround/sub96/in[81] (SubByte_96)              0.00      67.55 r
  aes_top/oneround/sub96/s1/in[1] (SubOneByte_10)         0.00      67.55 r
  aes_top/oneround/sub96/s1/U265/O (MUX2)                 0.30      67.85 r
  aes_top/oneround/sub96/s1/U266/O (INV1S)                0.17      68.02 f
  aes_top/oneround/sub96/s1/U271/O (NR2)                  0.48      68.50 r
  aes_top/oneround/sub96/s1/U272/O (INV1S)                0.30      68.81 f
  aes_top/oneround/sub96/s1/U273/O (NR2)                  0.43      69.23 r
  aes_top/oneround/sub96/s1/U276/O (NR3)                  0.35      69.58 f
  aes_top/oneround/sub96/s1/U277/O (AN3S)                 0.33      69.92 f
  aes_top/oneround/sub96/s1/U400/O (ND3)                  0.13      70.05 r
  aes_top/oneround/sub96/s1/U401/O (AOI22S)               0.08      70.13 f
  aes_top/oneround/sub96/s1/U402/O (ND2S)                 0.32      70.45 r
  aes_top/oneround/sub96/s1/m0/in[1] (MultiplyM_10)       0.00      70.45 r
  aes_top/oneround/sub96/s1/m0/U10/O (MOAI1S)             0.23      70.67 r
  aes_top/oneround/sub96/s1/m0/out[5] (MultiplyM_10)      0.00      70.67 r
  aes_top/oneround/sub96/s1/c1/in[5] (AddC_10)            0.00      70.67 r
  aes_top/oneround/sub96/s1/c1/U3/O (INV1S)               0.09      70.76 f
  aes_top/oneround/sub96/s1/c1/out[5] (AddC_10)           0.00      70.76 f
  aes_top/oneround/sub96/s1/U301/O (MUX2)                 0.29      71.05 f
  aes_top/oneround/sub96/s1/out[5] (SubOneByte_10)        0.00      71.05 f
  aes_top/oneround/sub96/out[85] (SubByte_96)             0.00      71.05 f
  aes_top/oneround/U923/O (AO222)                         0.34      71.39 f
  aes_top/oneround/add/in[21] (AddRoundKey_0)             0.00      71.39 f
  aes_top/oneround/add/U117/O (MAOI1)                     0.24      71.62 f
  aes_top/oneround/add/out[21] (AddRoundKey_0)            0.00      71.62 f
  aes_top/oneround/U464/O (INV1S)                         0.21      71.84 r
  aes_top/oneround/U466/O (MOAI1S)                        0.15      71.99 f
  aes_top/oneround/U467/O (MUX2)                          0.38      72.37 f
  aes_top/oneround/sub96/in[85] (SubByte_96)              0.00      72.37 f
  aes_top/oneround/sub96/s1/in[5] (SubOneByte_10)         0.00      72.37 f
  aes_top/oneround/sub96/s1/U362/O (MUX2)                 0.31      72.68 f
  aes_top/oneround/sub96/s1/U363/O (INV1S)                0.18      72.86 r
  aes_top/oneround/sub96/s1/U157/O (NR2)                  0.08      72.94 f
  aes_top/oneround/sub96/s1/U1/O (INV1S)                  0.12      73.06 r
  aes_top/oneround/sub96/s1/U4/O (INV1S)                  0.32      73.38 f
  aes_top/oneround/sub96/s1/U359/O (AOI22S)               0.23      73.61 r
  aes_top/oneround/sub96/s1/U357/O (ND2S)                 0.21      73.82 f
  aes_top/oneround/sub96/s1/m0/in[3] (MultiplyM_10)       0.00      73.82 f
  aes_top/oneround/sub96/s1/m0/U11/O (MOAI1S)             0.33      74.15 f
  aes_top/oneround/sub96/s1/m0/U12/O (MOAI1S)             0.32      74.48 f
  aes_top/oneround/sub96/s1/m0/out[3] (MultiplyM_10)      0.00      74.48 f
  aes_top/oneround/sub96/s1/c1/in[3] (AddC_10)            0.00      74.48 f
  aes_top/oneround/sub96/s1/c1/U6/O (BUF1)                0.18      74.66 f
  aes_top/oneround/sub96/s1/c1/out[3] (AddC_10)           0.00      74.66 f
  aes_top/oneround/sub96/s1/U415/O (MUX2)                 0.27      74.93 f
  aes_top/oneround/sub96/s1/out[3] (SubOneByte_10)        0.00      74.93 f
  aes_top/oneround/sub96/out[83] (SubByte_96)             0.00      74.93 f
  aes_top/oneround/U920/O (AO222)                         0.34      75.27 f
  aes_top/oneround/add/in[19] (AddRoundKey_0)             0.00      75.27 f
  aes_top/oneround/add/U110/O (MAOI1)                     0.18      75.45 r
  aes_top/oneround/add/out[19] (AddRoundKey_0)            0.00      75.45 r
  aes_top/oneround/U135/O (INV1S)                         0.19      75.64 f
  aes_top/oneround/U139/O (MOAI1S)                        1.23      76.87 r
  aes_top/oneround/mix/in[19] (MixColumn)                 0.00      76.87 r
  aes_top/oneround/mix/U472/O (MOAI1S)                    0.27      77.14 f
  aes_top/oneround/mix/U194/O (INV1S)                     0.17      77.32 r
  aes_top/oneround/mix/U195/O (INV1S)                     0.25      77.57 f
  aes_top/oneround/mix/U473/O (MOAI1S)                    0.84      78.41 r
  aes_top/oneround/mix/U474/O (MOAI1S)                    0.49      78.90 f
  aes_top/oneround/mix/U774/O (MOAI1S)                    0.39      79.29 f
  aes_top/oneround/mix/out_inv[6] (MixColumn)             0.00      79.29 f
  aes_top/oneround/U768/O (MOAI1S)                        0.33      79.62 f
  aes_top/oneround/invshift/in[6] (InvShiftRow)           0.00      79.62 f
  aes_top/oneround/invshift/U46/O (BUF1)                  0.18      79.81 f
  aes_top/oneround/invshift/out[38] (InvShiftRow)         0.00      79.81 f
  aes_top/oneround/U430/O (MUX2)                          0.34      80.15 f
  aes_top/oneround/sub96/in[6] (SubByte_96)               0.00      80.15 f
  aes_top/oneround/sub96/s11/in[6] (SubOneByte_0)         0.00      80.15 f
  aes_top/oneround/sub96/s11/m1/in[6] (MultiplyMinv_0)
                                                          0.00      80.15 f
  aes_top/oneround/sub96/s11/m1/U7/O (MOAI1S)             0.58      80.73 r
  aes_top/oneround/sub96/s11/m1/U9/O (MOAI1S)             0.15      80.88 f
  aes_top/oneround/sub96/s11/m1/out[4] (MultiplyMinv_0)
                                                          0.00      80.88 f
  aes_top/oneround/sub96/s11/c0/in[4] (AddCinv_0)         0.00      80.88 f
  aes_top/oneround/sub96/s11/c0/U5/O (BUF1)               0.21      81.09 f
  aes_top/oneround/sub96/s11/c0/out[4] (AddCinv_0)        0.00      81.09 f
  aes_top/oneround/sub96/s11/U443/O (AOI22S)              0.35      81.44 r
  aes_top/oneround/sub96/s11/U444/O (AN2)                 0.35      81.80 r
  aes_top/oneround/sub96/s11/U446/O (ND2S)                0.22      82.02 f
  aes_top/oneround/sub96/s11/U76/O (NR2)                  0.30      82.32 r
  aes_top/oneround/sub96/s11/U177/O (NR2)                 0.13      82.46 f
  aes_top/oneround/sub96/s11/U189/O (AN4B1S)              0.27      82.73 f
  aes_top/oneround/sub96/s11/U357/O (ND3)                 0.15      82.88 r
  aes_top/oneround/sub96/s11/U359/O (AOI22S)              0.11      82.99 f
  aes_top/oneround/sub96/s11/U402/O (ND2S)                0.31      83.30 r
  aes_top/oneround/sub96/s11/m0/in[3] (MultiplyM_0)       0.00      83.30 r
  aes_top/oneround/sub96/s11/m0/U12/O (MOAI1S)            0.19      83.50 f
  aes_top/oneround/sub96/s11/m0/U13/O (MOAI1S)            0.29      83.78 f
  aes_top/oneround/sub96/s11/m0/out[3] (MultiplyM_0)      0.00      83.78 f
  aes_top/oneround/sub96/s11/c1/in[3] (AddC_0)            0.00      83.78 f
  aes_top/oneround/sub96/s11/c1/U6/O (BUF1)               0.21      84.00 f
  aes_top/oneround/sub96/s11/c1/out[3] (AddC_0)           0.00      84.00 f
  aes_top/oneround/sub96/s11/U403/O (MUX2)                0.27      84.27 f
  aes_top/oneround/sub96/s11/out[3] (SubOneByte_0)        0.00      84.27 f
  aes_top/oneround/sub96/out[3] (SubByte_96)              0.00      84.27 f
  aes_top/oneround/U896/O (AO222)                         0.34      84.61 f
  aes_top/oneround/add/in[3] (AddRoundKey_0)              0.00      84.61 f
  aes_top/oneround/add/U103/O (MAOI1)                     0.23      84.84 f
  aes_top/oneround/add/out[3] (AddRoundKey_0)             0.00      84.84 f
  aes_top/oneround/U556/O (INV1S)                         0.21      85.06 r
  aes_top/oneround/U835/O (MOAI1S)                        0.15      85.21 f
  aes_top/oneround/U836/O (MUX2)                          0.39      85.59 f
  aes_top/oneround/sub96/in[3] (SubByte_96)               0.00      85.59 f
  aes_top/oneround/sub96/s11/in[3] (SubOneByte_0)         0.00      85.59 f
  aes_top/oneround/sub96/s11/m1/in[3] (MultiplyMinv_0)
                                                          0.00      85.59 f
  aes_top/oneround/sub96/s11/m1/U10/O (MOAI1S)            0.58      86.18 r
  aes_top/oneround/sub96/s11/m1/U11/O (MOAI1S)            0.21      86.38 r
  aes_top/oneround/sub96/s11/m1/out[6] (MultiplyMinv_0)
                                                          0.00      86.38 r
  aes_top/oneround/sub96/s11/c0/in[6] (AddCinv_0)         0.00      86.38 r
  aes_top/oneround/sub96/s11/c0/U7/O (BUF1)               0.14      86.53 r
  aes_top/oneround/sub96/s11/c0/out[6] (AddCinv_0)        0.00      86.53 r
  aes_top/oneround/sub96/s11/U213/O (MUX2)                0.26      86.79 r
  aes_top/oneround/sub96/s11/U448/O (INV1S)               0.15      86.94 f
  aes_top/oneround/sub96/s11/U22/O (AN2)                  0.25      87.18 f
  aes_top/oneround/sub96/s11/U71/O (ND2S)                 0.39      87.57 r
  aes_top/oneround/sub96/s11/U39/O (INV1S)                0.21      87.78 f
  aes_top/oneround/sub96/s11/U44/O (ND2S)                 0.43      88.22 r
  aes_top/oneround/sub96/s11/U304/O (ND2S)                0.13      88.35 f
  aes_top/oneround/sub96/s11/U306/O (AN4B1S)              0.28      88.63 r
  aes_top/oneround/sub96/s11/U311/O (ND3)                 0.11      88.75 f
  aes_top/oneround/sub96/s11/U323/O (AOI22S)              0.22      88.97 r
  aes_top/oneround/sub96/s11/U409/O (ND2S)                0.21      89.18 f
  aes_top/oneround/sub96/s11/m0/in[4] (MultiplyM_0)       0.00      89.18 f
  aes_top/oneround/sub96/s11/m0/U16/O (MOAI1S)            0.27      89.45 r
  aes_top/oneround/sub96/s11/m0/out[0] (MultiplyM_0)      0.00      89.45 r
  aes_top/oneround/sub96/s11/c1/in[0] (AddC_0)            0.00      89.45 r
  aes_top/oneround/sub96/s11/c1/U1/O (INV1S)              0.09      89.54 f
  aes_top/oneround/sub96/s11/c1/out[0] (AddC_0)           0.00      89.54 f
  aes_top/oneround/sub96/s11/U427/O (MUX2)                0.29      89.83 f
  aes_top/oneround/sub96/s11/out[0] (SubOneByte_0)        0.00      89.83 f
  aes_top/oneround/sub96/out[0] (SubByte_96)              0.00      89.83 f
  aes_top/oneround/U889/O (AO222)                         0.40      90.23 f
  aes_top/oneround/add/in[0] (AddRoundKey_0)              0.00      90.23 f
  aes_top/oneround/add/U39/O (MAOI1)                      0.23      90.46 f
  aes_top/oneround/add/out[0] (AddRoundKey_0)             0.00      90.46 f
  aes_top/oneround/U415/O (INV1S)                         0.21      90.67 r
  aes_top/oneround/U419/O (MOAI1S)                        0.15      90.82 f
  aes_top/oneround/U423/O (MUX2)                          0.38      91.21 f
  aes_top/oneround/sub96/in[0] (SubByte_96)               0.00      91.21 f
  aes_top/oneround/sub96/s11/in[0] (SubOneByte_0)         0.00      91.21 f
  aes_top/oneround/sub96/s11/U214/O (MUX2)                0.33      91.54 f
  aes_top/oneround/sub96/s11/U215/O (ND2S)                0.24      91.77 r
  aes_top/oneround/sub96/s11/U45/O (OR2)                  0.29      92.06 r
  aes_top/oneround/sub96/s11/U350/O (NR2)                 0.12      92.19 f
  aes_top/oneround/sub96/s11/U351/O (NR2)                 0.15      92.34 r
  aes_top/oneround/sub96/s11/U354/O (ND3)                 0.10      92.44 f
  aes_top/oneround/sub96/s11/U417/O (AOI22S)              0.22      92.65 r
  aes_top/oneround/sub96/s11/U394/O (ND2S)                0.21      92.87 f
  aes_top/oneround/sub96/s11/m0/in[0] (MultiplyM_0)       0.00      92.87 f
  aes_top/oneround/sub96/s11/m0/U5/O (MOAI1S)             0.60      93.47 r
  aes_top/oneround/sub96/s11/m0/U8/O (MOAI1S)             0.21      93.68 r
  aes_top/oneround/sub96/s11/m0/out[1] (MultiplyM_0)      0.00      93.68 r
  aes_top/oneround/sub96/s11/c1/in[1] (AddC_0)            0.00      93.68 r
  aes_top/oneround/sub96/s11/c1/U2/O (INV1S)              0.09      93.77 f
  aes_top/oneround/sub96/s11/c1/out[1] (AddC_0)           0.00      93.77 f
  aes_top/oneround/sub96/s11/U410/O (MUX2)                0.29      94.06 f
  aes_top/oneround/sub96/s11/out[1] (SubOneByte_0)        0.00      94.06 f
  aes_top/oneround/sub96/out[1] (SubByte_96)              0.00      94.06 f
  aes_top/oneround/U892/O (AO222)                         0.34      94.40 f
  aes_top/oneround/add/in[1] (AddRoundKey_0)              0.00      94.40 f
  aes_top/oneround/add/U40/O (MAOI1)                      0.18      94.58 r
  aes_top/oneround/add/out[1] (AddRoundKey_0)             0.00      94.58 r
  aes_top/oneround/U426/O (INV1S)                         0.19      94.77 f
  aes_top/oneround/U427/O (MOAI1S)                        0.29      95.06 r
  aes_top/oneround/U428/O (MUX2)                          0.38      95.44 r
  aes_top/oneround/sub96/in[1] (SubByte_96)               0.00      95.44 r
  aes_top/oneround/sub96/s11/in[1] (SubOneByte_0)         0.00      95.44 r
  aes_top/oneround/sub96/s11/U209/O (MUX2)                0.30      95.74 r
  aes_top/oneround/sub96/s11/U210/O (INV1S)               0.17      95.91 f
  aes_top/oneround/sub96/s11/U216/O (NR2)                 0.48      96.40 r
  aes_top/oneround/sub96/s11/U217/O (INV1S)               0.30      96.70 f
  aes_top/oneround/sub96/s11/U218/O (NR2)                 0.43      97.13 r
  aes_top/oneround/sub96/s11/U296/O (AN4B1S)              0.28      97.41 f
  aes_top/oneround/sub96/s11/U297/O (AN3S)                0.32      97.73 f
  aes_top/oneround/sub96/s11/U303/O (ND3)                 0.14      97.87 r
  aes_top/oneround/sub96/s11/U399/O (AOI22S)              0.11      97.98 f
  aes_top/oneround/sub96/s11/U400/O (ND2S)                0.30      98.27 r
  aes_top/oneround/sub96/s11/m0/in[1] (MultiplyM_0)       0.00      98.27 r
  aes_top/oneround/sub96/s11/m0/U10/O (MOAI1S)            0.23      98.50 r
  aes_top/oneround/sub96/s11/m0/out[5] (MultiplyM_0)      0.00      98.50 r
  aes_top/oneround/sub96/s11/c1/in[5] (AddC_0)            0.00      98.50 r
  aes_top/oneround/sub96/s11/c1/U3/O (INV1S)              0.09      98.59 f
  aes_top/oneround/sub96/s11/c1/out[5] (AddC_0)           0.00      98.59 f
  aes_top/oneround/sub96/s11/U301/O (MUX2)                0.29      98.88 f
  aes_top/oneround/sub96/s11/out[5] (SubOneByte_0)        0.00      98.88 f
  aes_top/oneround/sub96/out[5] (SubByte_96)              0.00      98.88 f
  aes_top/oneround/U898/O (AO222)                         0.34      99.22 f
  aes_top/oneround/add/in[5] (AddRoundKey_0)              0.00      99.22 f
  aes_top/oneround/add/U42/O (MAOI1)                      0.24      99.45 f
  aes_top/oneround/add/out[5] (AddRoundKey_0)             0.00      99.45 f
  aes_top/oneround/U504/O (INV1S)                         0.21      99.67 r
  aes_top/oneround/U505/O (MOAI1S)                        0.15      99.82 f
  aes_top/oneround/U506/O (MUX2)                          0.38     100.20 f
  aes_top/oneround/sub96/in[5] (SubByte_96)               0.00     100.20 f
  aes_top/oneround/sub96/s11/in[5] (SubOneByte_0)         0.00     100.20 f
  aes_top/oneround/sub96/s11/U415/O (MUX2)                0.31     100.51 f
  aes_top/oneround/sub96/s11/U3/O (NR2)                   0.46     100.97 r
  aes_top/oneround/sub96/s11/U380/O (AOI22S)              0.09     101.06 f
  aes_top/oneround/sub96/s11/U381/O (ND2S)                0.32     101.38 r
  aes_top/oneround/sub96/s11/m0/in[6] (MultiplyM_0)       0.00     101.38 r
  aes_top/oneround/sub96/s11/m0/U11/O (MOAI1S)            0.23     101.61 r
  aes_top/oneround/sub96/s11/m0/out[6] (MultiplyM_0)      0.00     101.61 r
  aes_top/oneround/sub96/s11/c1/in[6] (AddC_0)            0.00     101.61 r
  aes_top/oneround/sub96/s11/c1/U4/O (INV1S)              0.09     101.70 f
  aes_top/oneround/sub96/s11/c1/out[6] (AddC_0)           0.00     101.70 f
  aes_top/oneround/sub96/s11/U436/O (MUX2)                0.29     101.99 f
  aes_top/oneround/sub96/s11/out[6] (SubOneByte_0)        0.00     101.99 f
  aes_top/oneround/sub96/out[6] (SubByte_96)              0.00     101.99 f
  aes_top/oneround/U900/O (AO222)                         0.34     102.33 f
  aes_top/oneround/add/in[6] (AddRoundKey_0)              0.00     102.33 f
  aes_top/oneround/add/U38/O (MAOI1)                      0.18     102.51 r
  aes_top/oneround/add/out[6] (AddRoundKey_0)             0.00     102.51 r
  aes_top/oneround/U410/O (INV1S)                         0.19     102.70 f
  aes_top/oneround/U413/O (MOAI1S)                        1.24     103.94 r
  aes_top/oneround/mix/in[6] (MixColumn)                  0.00     103.94 r
  aes_top/oneround/mix/U781/O (MOAI1S)                    0.51     104.45 f
  aes_top/oneround/mix/U725/O (MOAI1S)                    0.47     104.92 f
  aes_top/oneround/mix/U552/O (MOAI1S)                    0.67     105.59 r
  aes_top/oneround/mix/U779/O (MOAI1S)                    0.18     105.77 f
  aes_top/oneround/mix/out_inv[7] (MixColumn)             0.00     105.77 f
  aes_top/oneround/U767/O (MOAI1S)                        0.32     106.09 f
  aes_top/oneround/invshift/in[7] (InvShiftRow)           0.00     106.09 f
  aes_top/oneround/invshift/U26/O (BUF1)                  0.18     106.28 f
  aes_top/oneround/invshift/out[39] (InvShiftRow)         0.00     106.28 f
  aes_top/oneround/U837/O (MUX2)                          0.34     106.62 f
  aes_top/oneround/sub96/in[7] (SubByte_96)               0.00     106.62 f
  aes_top/oneround/sub96/s11/in[7] (SubOneByte_0)         0.00     106.62 f
  aes_top/oneround/sub96/s11/U413/O (MUX2)                0.31     106.93 f
  aes_top/oneround/sub96/s11/U414/O (INV1S)               0.19     107.12 r
  aes_top/oneround/sub96/s11/U16/O (NR2)                  0.19     107.31 f
  aes_top/oneround/sub96/s11/U425/O (AOI22S)              0.19     107.50 r
  aes_top/oneround/sub96/s11/U435/O (ND2S)                0.21     107.71 f
  aes_top/oneround/sub96/s11/m0/in[5] (MultiplyM_0)       0.00     107.71 f
  aes_top/oneround/sub96/s11/m0/U2/O (MOAI1S)             0.84     108.55 r
  aes_top/oneround/sub96/s11/m0/U17/O (MOAI1S)            0.14     108.69 f
  aes_top/oneround/sub96/s11/m0/out[7] (MultiplyM_0)      0.00     108.69 f
  aes_top/oneround/sub96/s11/c1/in[7] (AddC_0)            0.00     108.69 f
  aes_top/oneround/sub96/s11/c1/U8/O (BUF1)               0.22     108.91 f
  aes_top/oneround/sub96/s11/c1/out[7] (AddC_0)           0.00     108.91 f
  aes_top/oneround/sub96/s11/U438/O (MUX2)                0.27     109.18 f
  aes_top/oneround/sub96/s11/out[7] (SubOneByte_0)        0.00     109.18 f
  aes_top/oneround/sub96/out[7] (SubByte_96)              0.00     109.18 f
  aes_top/oneround/U901/O (AO222)                         0.34     109.52 f
  aes_top/oneround/add/in[7] (AddRoundKey_0)              0.00     109.52 f
  aes_top/oneround/add/U41/O (MAOI1)                      0.18     109.70 r
  aes_top/oneround/add/out[7] (AddRoundKey_0)             0.00     109.70 r
  aes_top/oneround/U503/O (INV1S)                         0.19     109.90 f
  aes_top/oneround/U20/O (MOAI1S)                         1.11     111.00 r
  aes_top/oneround/mix/in[7] (MixColumn)                  0.00     111.00 r
  aes_top/oneround/mix/U545/O (MOAI1S)                    0.39     111.39 f
  aes_top/oneround/mix/U547/O (MOAI1S)                    0.52     111.92 f
  aes_top/oneround/mix/U810/O (MOAI1S)                    0.39     112.31 f
  aes_top/oneround/mix/U811/O (MOAI1S)                    0.35     112.66 f
  aes_top/oneround/mix/U812/O (MOAI1S)                    0.34     113.00 f
  aes_top/oneround/mix/out_inv[26] (MixColumn)            0.00     113.00 f
  aes_top/oneround/U748/O (MOAI1S)                        0.30     113.30 f
  aes_top/oneround/invshift/in[26] (InvShiftRow)          0.00     113.30 f
  aes_top/oneround/invshift/U19/O (BUF1)                  0.19     113.49 f
  aes_top/oneround/invshift/out[26] (InvShiftRow)         0.00     113.49 f
  aes_top/oneround/U476/O (AO222)                         0.49     113.98 f
  aes_top/oneround/sub32/in[26] (SubByte_32)              0.00     113.98 f
  aes_top/oneround/sub32/s0/in[2] (SubOneByte_15)         0.00     113.98 f
  aes_top/oneround/sub32/s0/m1/in[2] (MultiplyMinv_15)
                                                          0.00     113.98 f
  aes_top/oneround/sub32/s0/m1/U4/O (MOAI1S)              0.59     114.57 r
  aes_top/oneround/sub32/s0/m1/U5/O (MOAI1S)              0.15     114.72 f
  aes_top/oneround/sub32/s0/m1/out[3] (MultiplyMinv_15)
                                                          0.00     114.72 f
  aes_top/oneround/sub32/s0/c0/in[3] (AddCinv_15)         0.00     114.72 f
  aes_top/oneround/sub32/s0/c0/U5/O (BUF1)                0.21     114.94 f
  aes_top/oneround/sub32/s0/c0/out[3] (AddCinv_15)        0.00     114.94 f
  aes_top/oneround/sub32/s0/U7/O (AOI22S)                 0.37     115.30 r
  aes_top/oneround/sub32/s0/U18/O (ND2S)                  0.27     115.57 f
  aes_top/oneround/sub32/s0/U19/O (NR2)                   0.48     116.06 r
  aes_top/oneround/sub32/s0/U51/O (INV1S)                 0.44     116.50 f
  aes_top/oneround/sub32/s0/U189/O (NR2)                  0.51     117.01 r
  aes_top/oneround/sub32/s0/U192/O (INV1S)                0.22     117.23 f
  aes_top/oneround/sub32/s0/U97/O (ND3)                   0.21     117.44 r
  aes_top/oneround/sub32/s0/U366/O (INV1S)                0.13     117.57 f
  aes_top/oneround/sub32/s0/U370/O (AN4B1S)               0.27     117.84 f
  aes_top/oneround/sub32/s0/U371/O (ND3)                  0.11     117.95 r
  aes_top/oneround/sub32/s0/U100/O (AN4B1S)               0.11     118.06 f
  aes_top/oneround/sub32/s0/U78/O (ND3)                   0.12     118.17 r
  aes_top/oneround/sub32/s0/U155/O (AOI22S)               0.11     118.29 f
  aes_top/oneround/sub32/s0/U87/O (ND2S)                  0.29     118.57 r
  aes_top/oneround/sub32/s0/m0/in[7] (MultiplyM_15)       0.00     118.57 r
  aes_top/oneround/sub32/s0/m0/U1/O (MOAI1S)              0.31     118.88 f
  aes_top/oneround/sub32/s0/m0/U7/O (MOAI1S)              0.32     119.20 f
  aes_top/oneround/sub32/s0/m0/out[2] (MultiplyM_15)      0.00     119.20 f
  aes_top/oneround/sub32/s0/c1/in[2] (AddC_15)            0.00     119.20 f
  aes_top/oneround/sub32/s0/c1/U6/O (BUF1)                0.20     119.41 f
  aes_top/oneround/sub32/s0/c1/out[2] (AddC_15)           0.00     119.41 f
  aes_top/oneround/sub32/s0/U393/O (MUX2)                 0.36     119.76 f
  aes_top/oneround/sub32/s0/out[2] (SubOneByte_15)        0.00     119.76 f
  aes_top/oneround/sub32/out[26] (SubByte_32)             0.00     119.76 f
  aes_top/oneround/U929/O (AO222)                         0.37     120.13 f
  aes_top/oneround/add/in[26] (AddRoundKey_0)             0.00     120.13 f
  aes_top/oneround/add/U1/O (MAOI1)                       0.18     120.31 r
  aes_top/oneround/add/out[26] (AddRoundKey_0)            0.00     120.31 r
  aes_top/oneround/U550/O (INV1S)                         0.19     120.50 f
  aes_top/oneround/U17/O (MOAI1S)                         1.46     121.96 r
  aes_top/oneround/mix/in[26] (MixColumn)                 0.00     121.96 r
  aes_top/oneround/mix/U800/O (MOAI1S)                    0.24     122.21 f
  aes_top/oneround/mix/U803/O (MOAI1S)                    0.39     122.60 f
  aes_top/oneround/mix/U805/O (MOAI1S)                    0.34     122.94 f
  aes_top/oneround/mix/U807/O (MOAI1S)                    0.32     123.26 f
  aes_top/oneround/mix/out_inv[28] (MixColumn)            0.00     123.26 f
  aes_top/oneround/U746/O (MOAI1S)                        0.31     123.58 f
  aes_top/oneround/invshift/in[28] (InvShiftRow)          0.00     123.58 f
  aes_top/oneround/invshift/U52/O (BUF1)                  0.19     123.76 f
  aes_top/oneround/invshift/out[28] (InvShiftRow)         0.00     123.76 f
  aes_top/oneround/U478/O (AO222)                         0.50     124.26 f
  aes_top/oneround/sub32/in[28] (SubByte_32)              0.00     124.26 f
  aes_top/oneround/sub32/s0/in[4] (SubOneByte_15)         0.00     124.26 f
  aes_top/oneround/sub32/s0/m1/in[4] (MultiplyMinv_15)
                                                          0.00     124.26 f
  aes_top/oneround/sub32/s0/m1/U1/O (MOAI1S)              0.58     124.84 r
  aes_top/oneround/sub32/s0/m1/U3/O (MOAI1S)              0.16     125.01 f
  aes_top/oneround/sub32/s0/m1/out[2] (MultiplyMinv_15)
                                                          0.00     125.01 f
  aes_top/oneround/sub32/s0/c0/in[2] (AddCinv_15)         0.00     125.01 f
  aes_top/oneround/sub32/s0/c0/U2/O (INV1S)               0.12     125.13 r
  aes_top/oneround/sub32/s0/c0/out[2] (AddCinv_15)        0.00     125.13 r
  aes_top/oneround/sub32/s0/U448/O (MUX2)                 0.28     125.40 r
  aes_top/oneround/sub32/s0/U453/O (INV1S)                0.17     125.57 f
  aes_top/oneround/sub32/s0/U47/O (ND2S)                  0.46     126.03 r
  aes_top/oneround/sub32/s0/U231/O (INV1S)                0.22     126.25 f
  aes_top/oneround/sub32/s0/U232/O (ND2S)                 0.40     126.65 r
  aes_top/oneround/sub32/s0/U233/O (INV1S)                0.17     126.81 f
  aes_top/oneround/sub32/s0/U163/O (NR2)                  0.18     126.99 r
  aes_top/oneround/sub32/s0/U348/O (AN4B1S)               0.35     127.34 r
  aes_top/oneround/sub32/s0/U351/O (AN2)                  0.21     127.55 r
  aes_top/oneround/sub32/s0/U381/O (AN4B1S)               0.23     127.78 r
  aes_top/oneround/sub32/s0/U383/O (ND3)                  0.10     127.89 f
  aes_top/oneround/sub32/s0/U382/O (AOI22S)               0.22     128.11 r
  aes_top/oneround/sub32/s0/U433/O (ND2S)                 0.21     128.32 f
  aes_top/oneround/sub32/s0/m0/in[2] (MultiplyM_15)       0.00     128.32 f
  aes_top/oneround/sub32/s0/m0/U6/O (MOAI1S)              0.85     129.17 r
  aes_top/oneround/sub32/s0/m0/U15/O (MOAI1S)             0.14     129.31 f
  aes_top/oneround/sub32/s0/m0/out[4] (MultiplyM_15)      0.00     129.31 f
  aes_top/oneround/sub32/s0/c1/in[4] (AddC_15)            0.00     129.31 f
  aes_top/oneround/sub32/s0/c1/U7/O (BUF1)                0.22     129.53 f
  aes_top/oneround/sub32/s0/c1/out[4] (AddC_15)           0.00     129.53 f
  aes_top/oneround/sub32/s0/U342/O (MUX2)                 0.36     129.89 f
  aes_top/oneround/sub32/s0/out[4] (SubOneByte_15)        0.00     129.89 f
  aes_top/oneround/sub32/out[28] (SubByte_32)             0.00     129.89 f
  aes_top/oneround/U932/O (AO222)                         0.37     130.26 f
  aes_top/oneround/add/in[28] (AddRoundKey_0)             0.00     130.26 f
  aes_top/oneround/add/U104/O (MAOI1)                     0.18     130.44 r
  aes_top/oneround/add/out[28] (AddRoundKey_0)            0.00     130.44 r
  aes_top/oneround/U431/O (INV1S)                         0.19     130.63 f
  aes_top/oneround/U433/O (MOAI1S)                        1.11     131.73 r
  aes_top/oneround/mix/in[28] (MixColumn)                 0.00     131.73 r
  aes_top/oneround/mix/U345/O (INV1S)                     0.10     131.83 f
  aes_top/oneround/mix/U348/O (INV1S)                     0.35     132.18 r
  aes_top/oneround/mix/U930/O (MOAI1S)                    0.16     132.34 f
  aes_top/oneround/mix/out_inv[14] (MixColumn)            0.00     132.34 f
  aes_top/oneround/U760/O (MOAI1S)                        0.29     132.63 f
  aes_top/oneround/invshift/in[14] (InvShiftRow)          0.00     132.63 f
  aes_top/oneround/invshift/U48/O (BUF1)                  0.18     132.82 f
  aes_top/oneround/invshift/out[78] (InvShiftRow)         0.00     132.82 f
  aes_top/oneround/U494/O (MUX2)                          0.34     133.16 f
  aes_top/oneround/sub96/in[46] (SubByte_96)              0.00     133.16 f
  aes_top/oneround/sub96/s6/in[6] (SubOneByte_5)          0.00     133.16 f
  aes_top/oneround/sub96/s6/m1/in[6] (MultiplyMinv_5)     0.00     133.16 f
  aes_top/oneround/sub96/s6/m1/U7/O (MOAI1S)              0.58     133.74 r
  aes_top/oneround/sub96/s6/m1/U9/O (MOAI1S)              0.15     133.89 f
  aes_top/oneround/sub96/s6/m1/out[4] (MultiplyMinv_5)
                                                          0.00     133.89 f
  aes_top/oneround/sub96/s6/c0/in[4] (AddCinv_5)          0.00     133.89 f
  aes_top/oneround/sub96/s6/c0/U6/O (BUF1)                0.21     134.10 f
  aes_top/oneround/sub96/s6/c0/out[4] (AddCinv_5)         0.00     134.10 f
  aes_top/oneround/sub96/s6/U455/O (AOI22S)               0.35     134.45 r
  aes_top/oneround/sub96/s6/U456/O (AN2)                  0.34     134.79 r
  aes_top/oneround/sub96/s6/U457/O (ND2S)                 0.22     135.02 f
  aes_top/oneround/sub96/s6/U76/O (NR2)                   0.39     135.41 r
  aes_top/oneround/sub96/s6/U281/O (NR2)                  0.16     135.57 f
  aes_top/oneround/sub96/s6/U287/O (AN4B1S)               0.30     135.87 f
  aes_top/oneround/sub96/s6/U288/O (AN4B1S)               0.28     136.15 f
  aes_top/oneround/sub96/s6/U289/O (ND3)                  0.15     136.30 r
  aes_top/oneround/sub96/s6/U359/O (AOI22S)               0.11     136.41 f
  aes_top/oneround/sub96/s6/U406/O (ND2S)                 0.31     136.72 r
  aes_top/oneround/sub96/s6/m0/in[3] (MultiplyM_5)        0.00     136.72 r
  aes_top/oneround/sub96/s6/m0/U12/O (MOAI1S)             0.19     136.91 f
  aes_top/oneround/sub96/s6/m0/U13/O (MOAI1S)             0.29     137.20 f
  aes_top/oneround/sub96/s6/m0/out[3] (MultiplyM_5)       0.00     137.20 f
  aes_top/oneround/sub96/s6/c1/in[3] (AddC_5)             0.00     137.20 f
  aes_top/oneround/sub96/s6/c1/U6/O (BUF1)                0.21     137.41 f
  aes_top/oneround/sub96/s6/c1/out[3] (AddC_5)            0.00     137.41 f
  aes_top/oneround/sub96/s6/U407/O (MUX2)                 0.27     137.68 f
  aes_top/oneround/sub96/s6/out[3] (SubOneByte_5)         0.00     137.68 f
  aes_top/oneround/sub96/out[43] (SubByte_96)             0.00     137.68 f
  aes_top/oneround/U908/O (AO222)                         0.34     138.02 f
  aes_top/oneround/add/in[11] (AddRoundKey_0)             0.00     138.02 f
  aes_top/oneround/add/U109/O (MAOI1)                     0.23     138.26 f
  aes_top/oneround/add/out[11] (AddRoundKey_0)            0.00     138.26 f
  aes_top/oneround/U557/O (INV1S)                         0.20     138.46 r
  aes_top/oneround/U864/O (MOAI1S)                        0.15     138.61 f
  aes_top/oneround/U865/O (MUX2)                          0.39     138.99 f
  aes_top/oneround/sub96/in[43] (SubByte_96)              0.00     138.99 f
  aes_top/oneround/sub96/s6/in[3] (SubOneByte_5)          0.00     138.99 f
  aes_top/oneround/sub96/s6/m1/in[3] (MultiplyMinv_5)     0.00     138.99 f
  aes_top/oneround/sub96/s6/m1/U10/O (MOAI1S)             0.58     139.58 r
  aes_top/oneround/sub96/s6/m1/U11/O (MOAI1S)             0.21     139.78 r
  aes_top/oneround/sub96/s6/m1/out[6] (MultiplyMinv_5)
                                                          0.00     139.78 r
  aes_top/oneround/sub96/s6/c0/in[6] (AddCinv_5)          0.00     139.78 r
  aes_top/oneround/sub96/s6/c0/U3/O (BUF1)                0.14     139.93 r
  aes_top/oneround/sub96/s6/c0/out[6] (AddCinv_5)         0.00     139.93 r
  aes_top/oneround/sub96/s6/U293/O (MUX2)                 0.26     140.18 r
  aes_top/oneround/sub96/s6/U460/O (INV1S)                0.15     140.33 f
  aes_top/oneround/sub96/s6/U22/O (AN2)                   0.25     140.58 f
  aes_top/oneround/sub96/s6/U71/O (ND2S)                  0.39     140.97 r
  aes_top/oneround/sub96/s6/U38/O (INV1S)                 0.21     141.18 f
  aes_top/oneround/sub96/s6/U41/O (ND2S)                  0.41     141.59 r
  aes_top/oneround/sub96/s6/U70/O (ND2S)                  0.14     141.73 f
  aes_top/oneround/sub96/s6/U93/O (NR3)                   0.37     142.10 r
  aes_top/oneround/sub96/s6/U154/O (ND3)                  0.12     142.21 f
  aes_top/oneround/sub96/s6/U323/O (AOI22S)               0.22     142.44 r
  aes_top/oneround/sub96/s6/U416/O (ND2S)                 0.21     142.65 f
  aes_top/oneround/sub96/s6/m0/in[4] (MultiplyM_5)        0.00     142.65 f
  aes_top/oneround/sub96/s6/m0/U15/O (MOAI1S)             0.27     142.93 r
  aes_top/oneround/sub96/s6/m0/out[0] (MultiplyM_5)       0.00     142.93 r
  aes_top/oneround/sub96/s6/c1/in[0] (AddC_5)             0.00     142.93 r
  aes_top/oneround/sub96/s6/c1/U1/O (INV1S)               0.09     143.01 f
  aes_top/oneround/sub96/s6/c1/out[0] (AddC_5)            0.00     143.01 f
  aes_top/oneround/sub96/s6/U427/O (MUX2)                 0.29     143.30 f
  aes_top/oneround/sub96/s6/out[0] (SubOneByte_5)         0.00     143.30 f
  aes_top/oneround/sub96/out[40] (SubByte_96)             0.00     143.30 f
  aes_top/oneround/U902/O (AO222)                         0.34     143.64 f
  aes_top/oneround/add/in[8] (AddRoundKey_0)              0.00     143.64 f
  aes_top/oneround/add/U6/O (MAOI1)                       0.23     143.88 f
  aes_top/oneround/add/out[8] (AddRoundKey_0)             0.00     143.88 f
  aes_top/oneround/U489/O (INV1S)                         0.20     144.08 r
  aes_top/oneround/U490/O (MOAI1S)                        0.15     144.23 f
  aes_top/oneround/U492/O (MUX2)                          0.38     144.61 f
  aes_top/oneround/sub96/in[40] (SubByte_96)              0.00     144.61 f
  aes_top/oneround/sub96/s6/in[0] (SubOneByte_5)          0.00     144.61 f
  aes_top/oneround/sub96/s6/U294/O (MUX2)                 0.33     144.94 f
  aes_top/oneround/sub96/s6/U295/O (ND2S)                 0.24     145.17 r
  aes_top/oneround/sub96/s6/U45/O (OR2)                   0.32     145.49 r
  aes_top/oneround/sub96/s6/U96/O (NR2)                   0.13     145.62 f
  aes_top/oneround/sub96/s6/U124/O (NR2)                  0.15     145.77 r
  aes_top/oneround/sub96/s6/U125/O (ND3)                  0.10     145.87 f
  aes_top/oneround/sub96/s6/U417/O (AOI22S)               0.22     146.10 r
  aes_top/oneround/sub96/s6/U398/O (ND2S)                 0.21     146.31 f
  aes_top/oneround/sub96/s6/m0/in[0] (MultiplyM_5)        0.00     146.31 f
  aes_top/oneround/sub96/s6/m0/U5/O (MOAI1S)              0.60     146.91 r
  aes_top/oneround/sub96/s6/m0/U8/O (MOAI1S)              0.21     147.13 r
  aes_top/oneround/sub96/s6/m0/out[1] (MultiplyM_5)       0.00     147.13 r
  aes_top/oneround/sub96/s6/c1/in[1] (AddC_5)             0.00     147.13 r
  aes_top/oneround/sub96/s6/c1/U2/O (INV1S)               0.09     147.21 f
  aes_top/oneround/sub96/s6/c1/out[1] (AddC_5)            0.00     147.21 f
  aes_top/oneround/sub96/s6/U410/O (MUX2)                 0.29     147.50 f
  aes_top/oneround/sub96/s6/out[1] (SubOneByte_5)         0.00     147.50 f
  aes_top/oneround/sub96/out[41] (SubByte_96)             0.00     147.50 f
  aes_top/oneround/U904/O (AO222)                         0.34     147.84 f
  aes_top/oneround/add/in[9] (AddRoundKey_0)              0.00     147.84 f
  aes_top/oneround/add/U124/O (MAOI1)                     0.18     148.02 r
  aes_top/oneround/add/out[9] (AddRoundKey_0)             0.00     148.02 r
  aes_top/oneround/U495/O (INV1S)                         0.19     148.21 f
  aes_top/oneround/U496/O (MOAI1S)                        0.29     148.51 r
  aes_top/oneround/U497/O (MUX2)                          0.38     148.88 r
  aes_top/oneround/sub96/in[41] (SubByte_96)              0.00     148.88 r
  aes_top/oneround/sub96/s6/in[1] (SubOneByte_5)          0.00     148.88 r
  aes_top/oneround/sub96/s6/U290/O (MUX2)                 0.30     149.18 r
  aes_top/oneround/sub96/s6/U291/O (INV1S)                0.17     149.36 f
  aes_top/oneround/sub96/s6/U296/O (NR2)                  0.48     149.84 r
  aes_top/oneround/sub96/s6/U297/O (INV1S)                0.30     150.14 f
  aes_top/oneround/sub96/s6/U298/O (NR2)                  0.43     150.57 r
  aes_top/oneround/sub96/s6/U304/O (AN4B1S)               0.28     150.85 f
  aes_top/oneround/sub96/s6/U305/O (AN4B1S)               0.32     151.17 f
  aes_top/oneround/sub96/s6/U308/O (AN4B1S)               0.28     151.45 f
  aes_top/oneround/sub96/s6/U309/O (ND3)                  0.15     151.60 r
  aes_top/oneround/sub96/s6/U399/O (AOI22S)               0.12     151.72 f
  aes_top/oneround/sub96/s6/U403/O (ND2S)                 0.30     152.01 r
  aes_top/oneround/sub96/s6/m0/in[1] (MultiplyM_5)        0.00     152.01 r
  aes_top/oneround/sub96/s6/m0/U7/O (MOAI1S)              0.23     152.24 r
  aes_top/oneround/sub96/s6/m0/out[5] (MultiplyM_5)       0.00     152.24 r
  aes_top/oneround/sub96/s6/c1/in[5] (AddC_5)             0.00     152.24 r
  aes_top/oneround/sub96/s6/c1/U3/O (INV1S)               0.09     152.33 f
  aes_top/oneround/sub96/s6/c1/out[5] (AddC_5)            0.00     152.33 f
  aes_top/oneround/sub96/s6/U301/O (MUX2)                 0.29     152.62 f
  aes_top/oneround/sub96/s6/out[5] (SubOneByte_5)         0.00     152.62 f
  aes_top/oneround/sub96/out[45] (SubByte_96)             0.00     152.62 f
  aes_top/oneround/U910/O (AO222)                         0.34     152.96 f
  aes_top/oneround/add/in[13] (AddRoundKey_0)             0.00     152.96 f
  aes_top/oneround/add/U125/O (MAOI1)                     0.24     153.19 f
  aes_top/oneround/add/out[13] (AddRoundKey_0)            0.00     153.19 f
  aes_top/oneround/U558/O (INV1S)                         0.20     153.39 r
  aes_top/oneround/U866/O (MOAI1S)                        0.15     153.54 f
  aes_top/oneround/U867/O (MUX2)                          0.39     153.93 f
  aes_top/oneround/sub96/in[45] (SubByte_96)              0.00     153.93 f
  aes_top/oneround/sub96/s6/in[5] (SubOneByte_5)          0.00     153.93 f
  aes_top/oneround/sub96/s6/U429/O (AOI22S)               0.30     154.24 r
  aes_top/oneround/sub96/s6/U177/O (NR2)                  0.07     154.31 f
  aes_top/oneround/sub96/s6/U3/O (INV1S)                  0.12     154.43 r
  aes_top/oneround/sub96/s6/U5/O (INV1S)                  0.32     154.75 f
  aes_top/oneround/sub96/s6/U387/O (AOI22S)               0.23     154.98 r
  aes_top/oneround/sub96/s6/U388/O (ND2S)                 0.20     155.18 f
  aes_top/oneround/sub96/s6/m0/in[5] (MultiplyM_5)        0.00     155.18 f
  aes_top/oneround/sub96/s6/m0/U2/O (MOAI1S)              0.85     156.03 r
  aes_top/oneround/sub96/s6/m0/U17/O (MOAI1S)             0.14     156.17 f
  aes_top/oneround/sub96/s6/m0/out[7] (MultiplyM_5)       0.00     156.17 f
  aes_top/oneround/sub96/s6/c1/in[7] (AddC_5)             0.00     156.17 f
  aes_top/oneround/sub96/s6/c1/U8/O (BUF1)                0.22     156.40 f
  aes_top/oneround/sub96/s6/c1/out[7] (AddC_5)            0.00     156.40 f
  aes_top/oneround/sub96/s6/U451/O (MUX2)                 0.27     156.67 f
  aes_top/oneround/sub96/s6/out[7] (SubOneByte_5)         0.00     156.67 f
  aes_top/oneround/sub96/out[47] (SubByte_96)             0.00     156.67 f
  aes_top/oneround/U914/O (AO222)                         0.34     157.01 f
  aes_top/oneround/add/in[15] (AddRoundKey_0)             0.00     157.01 f
  aes_top/oneround/add/U126/O (MAOI1)                     0.23     157.24 f
  aes_top/oneround/add/out[15] (AddRoundKey_0)            0.00     157.24 f
  aes_top/oneround/U499/O (INV1S)                         0.20     157.44 r
  aes_top/oneround/U500/O (MOAI1S)                        0.15     157.59 f
  aes_top/oneround/U501/O (MUX2)                          0.39     157.98 f
  aes_top/oneround/sub96/in[47] (SubByte_96)              0.00     157.98 f
  aes_top/oneround/sub96/s6/in[7] (SubOneByte_5)          0.00     157.98 f
  aes_top/oneround/sub96/s6/U426/O (AOI22S)               0.31     158.29 r
  aes_top/oneround/sub96/s6/U428/O (INV1S)                0.21     158.50 f
  aes_top/oneround/sub96/s6/U21/O (NR2)                   0.41     158.91 r
  aes_top/oneround/sub96/s6/U439/O (AOI22S)               0.14     159.05 f
  aes_top/oneround/sub96/s6/U448/O (ND2S)                 0.31     159.36 r
  aes_top/oneround/sub96/s6/m0/in[6] (MultiplyM_5)        0.00     159.36 r
  aes_top/oneround/sub96/s6/m0/U10/O (MOAI1S)             0.23     159.58 r
  aes_top/oneround/sub96/s6/m0/out[6] (MultiplyM_5)       0.00     159.58 r
  aes_top/oneround/sub96/s6/c1/in[6] (AddC_5)             0.00     159.58 r
  aes_top/oneround/sub96/s6/c1/U4/O (INV1S)               0.09     159.67 f
  aes_top/oneround/sub96/s6/c1/out[6] (AddC_5)            0.00     159.67 f
  aes_top/oneround/sub96/s6/U449/O (MUX2)                 0.29     159.96 f
  aes_top/oneround/sub96/s6/out[6] (SubOneByte_5)         0.00     159.96 f
  aes_top/oneround/sub96/out[46] (SubByte_96)             0.00     159.96 f
  aes_top/oneround/U911/O (AO222)                         0.34     160.30 f
  aes_top/oneround/add/in[14] (AddRoundKey_0)             0.00     160.30 f
  aes_top/oneround/add/U123/O (MAOI1)                     0.18     160.48 r
  aes_top/oneround/add/out[14] (AddRoundKey_0)            0.00     160.48 r
  aes_top/oneround/U487/O (INV1S)                         0.19     160.67 f
  aes_top/oneround/U488/O (MOAI1S)                        1.10     161.77 r
  aes_top/oneround/mix/in[14] (MixColumn)                 0.00     161.77 r
  aes_top/oneround/mix/U349/O (INV1S)                     0.10     161.87 f
  aes_top/oneround/mix/U352/O (INV1S)                     0.33     162.20 r
  aes_top/oneround/mix/U955/O (MOAI1S)                    0.26     162.47 r
  aes_top/oneround/mix/U956/O (MOAI1S)                    0.20     162.67 f
  aes_top/oneround/mix/U957/O (MOAI1S)                    0.32     162.99 f
  aes_top/oneround/mix/out_inv[30] (MixColumn)            0.00     162.99 f
  aes_top/oneround/U744/O (MOAI1S)                        0.30     163.28 f
  aes_top/oneround/invshift/in[30] (InvShiftRow)          0.00     163.28 f
  aes_top/oneround/invshift/U11/O (BUF1)                  0.19     163.47 f
  aes_top/oneround/invshift/out[30] (InvShiftRow)         0.00     163.47 f
  aes_top/oneround/U463/O (AO222)                         0.49     163.97 f
  aes_top/oneround/sub32/in[30] (SubByte_32)              0.00     163.97 f
  aes_top/oneround/sub32/s0/in[6] (SubOneByte_15)         0.00     163.97 f
  aes_top/oneround/sub32/s0/m1/in[6] (MultiplyMinv_15)
                                                          0.00     163.97 f
  aes_top/oneround/sub32/s0/m1/U7/O (MOAI1S)              0.58     164.55 r
  aes_top/oneround/sub32/s0/m1/U9/O (MOAI1S)              0.15     164.70 f
  aes_top/oneround/sub32/s0/m1/out[4] (MultiplyMinv_15)
                                                          0.00     164.70 f
  aes_top/oneround/sub32/s0/c0/in[4] (AddCinv_15)         0.00     164.70 f
  aes_top/oneround/sub32/s0/c0/U3/O (BUF1)                0.21     164.91 f
  aes_top/oneround/sub32/s0/c0/out[4] (AddCinv_15)        0.00     164.91 f
  aes_top/oneround/sub32/s0/U446/O (AOI22S)               0.35     165.26 r
  aes_top/oneround/sub32/s0/U447/O (AN2)                  0.35     165.61 r
  aes_top/oneround/sub32/s0/U449/O (ND2S)                 0.22     165.84 f
  aes_top/oneround/sub32/s0/U76/O (NR2)                   0.30     166.14 r
  aes_top/oneround/sub32/s0/U118/O (NR2)                  0.13     166.27 f
  aes_top/oneround/sub32/s0/U251/O (AN4B1S)               0.27     166.55 f
  aes_top/oneround/sub32/s0/U374/O (ND3)                  0.15     166.70 r
  aes_top/oneround/sub32/s0/U359/O (AOI22S)               0.11     166.81 f
  aes_top/oneround/sub32/s0/U79/O (ND2S)                  0.31     167.12 r
  aes_top/oneround/sub32/s0/m0/in[3] (MultiplyM_15)       0.00     167.12 r
  aes_top/oneround/sub32/s0/m0/U12/O (MOAI1S)             0.19     167.31 f
  aes_top/oneround/sub32/s0/m0/U13/O (MOAI1S)             0.29     167.60 f
  aes_top/oneround/sub32/s0/m0/out[3] (MultiplyM_15)      0.00     167.60 f
  aes_top/oneround/sub32/s0/c1/in[3] (AddC_15)            0.00     167.60 f
  aes_top/oneround/sub32/s0/c1/U5/O (BUF1)                0.21     167.81 f
  aes_top/oneround/sub32/s0/c1/out[3] (AddC_15)           0.00     167.81 f
  aes_top/oneround/sub32/s0/U86/O (MUX2)                  0.36     168.17 f
  aes_top/oneround/sub32/s0/out[3] (SubOneByte_15)        0.00     168.17 f
  aes_top/oneround/sub32/out[27] (SubByte_32)             0.00     168.17 f
  aes_top/oneround/U930/O (AO222)                         0.37     168.54 f
  aes_top/oneround/add/in[27] (AddRoundKey_0)             0.00     168.54 f
  aes_top/oneround/add/U3/O (MAOI1)                       0.23     168.77 f
  aes_top/oneround/add/out[27] (AddRoundKey_0)            0.00     168.77 f
  aes_top/oneround/U559/O (INV1S)                         0.20     168.97 r
  aes_top/oneround/U1059/O (MOAI1S)                       0.16     169.14 f
  aes_top/oneround/U1060/O (AO222)                        0.53     169.67 f
  aes_top/oneround/sub32/in[27] (SubByte_32)              0.00     169.67 f
  aes_top/oneround/sub32/s0/in[3] (SubOneByte_15)         0.00     169.67 f
  aes_top/oneround/sub32/s0/m1/in[3] (MultiplyMinv_15)
                                                          0.00     169.67 f
  aes_top/oneround/sub32/s0/m1/U10/O (MOAI1S)             0.58     170.25 r
  aes_top/oneround/sub32/s0/m1/U11/O (MOAI1S)             0.21     170.46 r
  aes_top/oneround/sub32/s0/m1/out[6] (MultiplyMinv_15)
                                                          0.00     170.46 r
  aes_top/oneround/sub32/s0/c0/in[6] (AddCinv_15)         0.00     170.46 r
  aes_top/oneround/sub32/s0/c0/U7/O (BUF1)                0.14     170.60 r
  aes_top/oneround/sub32/s0/c0/out[6] (AddCinv_15)        0.00     170.60 r
  aes_top/oneround/sub32/s0/U262/O (MUX2)                 0.26     170.86 r
  aes_top/oneround/sub32/s0/U451/O (INV1S)                0.15     171.01 f
  aes_top/oneround/sub32/s0/U22/O (AN2)                   0.25     171.26 f
  aes_top/oneround/sub32/s0/U71/O (ND2S)                  0.39     171.65 r
  aes_top/oneround/sub32/s0/U195/O (INV1S)                0.21     171.85 f
  aes_top/oneround/sub32/s0/U196/O (ND2S)                 0.43     172.29 r
  aes_top/oneround/sub32/s0/U329/O (ND2S)                 0.13     172.42 f
  aes_top/oneround/sub32/s0/U332/O (AN4B1S)               0.28     172.70 r
  aes_top/oneround/sub32/s0/U338/O (ND3)                  0.11     172.82 f
  aes_top/oneround/sub32/s0/U323/O (AOI22S)               0.22     173.04 r
  aes_top/oneround/sub32/s0/U439/O (ND2S)                 0.21     173.25 f
  aes_top/oneround/sub32/s0/m0/in[4] (MultiplyM_15)       0.00     173.25 f
  aes_top/oneround/sub32/s0/m0/U16/O (MOAI1S)             0.27     173.53 r
  aes_top/oneround/sub32/s0/m0/out[0] (MultiplyM_15)      0.00     173.53 r
  aes_top/oneround/sub32/s0/c1/in[0] (AddC_15)            0.00     173.53 r
  aes_top/oneround/sub32/s0/c1/U1/O (INV1S)               0.09     173.61 f
  aes_top/oneround/sub32/s0/c1/out[0] (AddC_15)           0.00     173.61 f
  aes_top/oneround/sub32/s0/U427/O (MUX2)                 0.38     173.99 f
  aes_top/oneround/sub32/s0/out[0] (SubOneByte_15)        0.00     173.99 f
  aes_top/oneround/sub32/out[24] (SubByte_32)             0.00     173.99 f
  aes_top/oneround/U927/O (AO222)                         0.37     174.36 f
  aes_top/oneround/add/in[24] (AddRoundKey_0)             0.00     174.36 f
  aes_top/oneround/add/U115/O (MAOI1)                     0.23     174.59 f
  aes_top/oneround/add/out[24] (AddRoundKey_0)            0.00     174.59 f
  aes_top/oneround/U456/O (INV1S)                         0.21     174.81 r
  aes_top/oneround/U458/O (MOAI1S)                        0.16     174.97 f
  aes_top/oneround/U459/O (AO222)                         0.53     175.50 f
  aes_top/oneround/sub32/in[24] (SubByte_32)              0.00     175.50 f
  aes_top/oneround/sub32/s0/in[0] (SubOneByte_15)         0.00     175.50 f
  aes_top/oneround/sub32/s0/U263/O (MUX2)                 0.33     175.82 f
  aes_top/oneround/sub32/s0/U264/O (ND2S)                 0.24     176.06 r
  aes_top/oneround/sub32/s0/U45/O (OR2)                   0.29     176.35 r
  aes_top/oneround/sub32/s0/U375/O (NR2)                  0.12     176.47 f
  aes_top/oneround/sub32/s0/U376/O (NR2)                  0.15     176.63 r
  aes_top/oneround/sub32/s0/U378/O (ND3)                  0.10     176.72 f
  aes_top/oneround/sub32/s0/U417/O (AOI22S)               0.22     176.94 r
  aes_top/oneround/sub32/s0/U428/O (ND2S)                 0.21     177.15 f
  aes_top/oneround/sub32/s0/m0/in[0] (MultiplyM_15)       0.00     177.15 f
  aes_top/oneround/sub32/s0/m0/U5/O (MOAI1S)              0.60     177.76 r
  aes_top/oneround/sub32/s0/m0/U8/O (MOAI1S)              0.21     177.97 r
  aes_top/oneround/sub32/s0/m0/out[1] (MultiplyM_15)      0.00     177.97 r
  aes_top/oneround/sub32/s0/c1/in[1] (AddC_15)            0.00     177.97 r
  aes_top/oneround/sub32/s0/c1/U2/O (INV1S)               0.09     178.06 f
  aes_top/oneround/sub32/s0/c1/out[1] (AddC_15)           0.00     178.06 f
  aes_top/oneround/sub32/s0/U410/O (MUX2)                 0.38     178.44 f
  aes_top/oneround/sub32/s0/out[1] (SubOneByte_15)        0.00     178.44 f
  aes_top/oneround/sub32/out[25] (SubByte_32)             0.00     178.44 f
  aes_top/oneround/U928/O (AO222)                         0.37     178.80 f
  aes_top/oneround/add/in[25] (AddRoundKey_0)             0.00     178.80 f
  aes_top/oneround/add/U116/O (MAOI1)                     0.18     178.98 r
  aes_top/oneround/add/out[25] (AddRoundKey_0)            0.00     178.98 r
  aes_top/oneround/U460/O (INV1S)                         0.19     179.17 f
  aes_top/oneround/U461/O (MOAI1S)                        0.32     179.49 r
  aes_top/oneround/U462/O (AO222)                         0.52     180.01 r
  aes_top/oneround/sub32/in[25] (SubByte_32)              0.00     180.01 r
  aes_top/oneround/sub32/s0/in[1] (SubOneByte_15)         0.00     180.01 r
  aes_top/oneround/sub32/s0/U260/O (MUX2)                 0.30     180.31 r
  aes_top/oneround/sub32/s0/U261/O (INV1S)                0.17     180.48 f
  aes_top/oneround/sub32/s0/U265/O (NR2)                  0.48     180.97 r
  aes_top/oneround/sub32/s0/U266/O (INV1S)                0.30     181.27 f
  aes_top/oneround/sub32/s0/U267/O (NR2)                  0.43     181.70 r
  aes_top/oneround/sub32/s0/U340/O (AN4B1S)               0.28     181.98 f
  aes_top/oneround/sub32/s0/U341/O (AN3S)                 0.32     182.30 f
  aes_top/oneround/sub32/s0/U347/O (ND3)                  0.14     182.44 r
  aes_top/oneround/sub32/s0/U399/O (AOI22S)               0.11     182.55 f
  aes_top/oneround/sub32/s0/U432/O (ND2S)                 0.30     182.84 r
  aes_top/oneround/sub32/s0/m0/in[1] (MultiplyM_15)       0.00     182.84 r
  aes_top/oneround/sub32/s0/m0/U10/O (MOAI1S)             0.23     183.07 r
  aes_top/oneround/sub32/s0/m0/out[5] (MultiplyM_15)      0.00     183.07 r
  aes_top/oneround/sub32/s0/c1/in[5] (AddC_15)            0.00     183.07 r
  aes_top/oneround/sub32/s0/c1/U3/O (INV1S)               0.09     183.16 f
  aes_top/oneround/sub32/s0/c1/out[5] (AddC_15)           0.00     183.16 f
  aes_top/oneround/sub32/s0/U301/O (MUX2)                 0.38     183.53 f
  aes_top/oneround/sub32/s0/out[5] (SubOneByte_15)        0.00     183.53 f
  aes_top/oneround/sub32/out[29] (SubByte_32)             0.00     183.53 f
  aes_top/oneround/U933/O (AO222)                         0.37     183.90 f
  aes_top/oneround/add/in[29] (AddRoundKey_0)             0.00     183.90 f
  aes_top/oneround/add/U120/O (MAOI1)                     0.18     184.08 r
  aes_top/oneround/add/out[29] (AddRoundKey_0)            0.00     184.08 r
  aes_top/oneround/U473/O (INV1S)                         0.19     184.27 f
  aes_top/oneround/U474/O (MOAI1S)                        0.32     184.59 r
  aes_top/oneround/U475/O (AO222)                         0.52     185.11 r
  aes_top/oneround/sub32/in[29] (SubByte_32)              0.00     185.11 r
  aes_top/oneround/sub32/s0/in[5] (SubOneByte_15)         0.00     185.11 r
  aes_top/oneround/sub32/s0/U392/O (MUX2)                 0.27     185.38 r
  aes_top/oneround/sub32/s0/U3/O (NR2)                    0.06     185.44 f
  aes_top/oneround/sub32/s0/U11/O (INV1S)                 0.11     185.55 r
  aes_top/oneround/sub32/s0/U15/O (INV1S)                 0.31     185.86 f
  aes_top/oneround/sub32/s0/U185/O (AOI22S)               0.24     186.10 r
  aes_top/oneround/sub32/s0/U187/O (ND2S)                 0.20     186.31 f
  aes_top/oneround/sub32/s0/m0/in[6] (MultiplyM_15)       0.00     186.31 f
  aes_top/oneround/sub32/s0/m0/U11/O (MOAI1S)             0.28     186.59 r
  aes_top/oneround/sub32/s0/m0/out[6] (MultiplyM_15)      0.00     186.59 r
  aes_top/oneround/sub32/s0/c1/in[6] (AddC_15)            0.00     186.59 r
  aes_top/oneround/sub32/s0/c1/U4/O (INV1S)               0.09     186.68 f
  aes_top/oneround/sub32/s0/c1/out[6] (AddC_15)           0.00     186.68 f
  aes_top/oneround/sub32/s0/U188/O (MUX2)                 0.32     187.00 f
  aes_top/oneround/sub32/s0/out[6] (SubOneByte_15)        0.00     187.00 f
  aes_top/oneround/sub32/out[30] (SubByte_32)             0.00     187.00 f
  aes_top/oneround/U934/O (AO222)                         0.35     187.34 f
  aes_top/oneround/add/in[30] (AddRoundKey_0)             0.00     187.34 f
  aes_top/oneround/add/U122/O (MAOI1)                     0.18     187.52 r
  aes_top/oneround/add/out[30] (AddRoundKey_0)            0.00     187.52 r
  aes_top/oneround/U484/O (INV1S)                         0.19     187.71 f
  aes_top/oneround/U485/O (MOAI1S)                        1.10     188.81 r
  aes_top/oneround/mix/in[30] (MixColumn)                 0.00     188.81 r
  aes_top/oneround/mix/U263/O (INV1S)                     0.10     188.91 f
  aes_top/oneround/mix/U264/O (INV1S)                     0.33     189.24 r
  aes_top/oneround/mix/U478/O (MOAI1S)                    0.26     189.51 r
  aes_top/oneround/mix/U480/O (MOAI1S)                    0.34     189.85 f
  aes_top/oneround/mix/U819/O (MOAI1S)                    0.35     190.21 f
  aes_top/oneround/mix/out_inv[31] (MixColumn)            0.00     190.21 f
  aes_top/oneround/U743/O (MOAI1S)                        0.32     190.53 f
  aes_top/oneround/invshift/in[31] (InvShiftRow)          0.00     190.53 f
  aes_top/oneround/invshift/U53/O (BUF1)                  0.19     190.72 f
  aes_top/oneround/invshift/out[31] (InvShiftRow)         0.00     190.72 f
  aes_top/oneround/U477/O (AO222)                         0.49     191.21 f
  aes_top/oneround/sub32/in[31] (SubByte_32)              0.00     191.21 f
  aes_top/oneround/sub32/s0/in[7] (SubOneByte_15)         0.00     191.21 f
  aes_top/oneround/sub32/s0/U389/O (MUX2)                 0.31     191.52 f
  aes_top/oneround/sub32/s0/U390/O (INV1S)                0.19     191.71 r
  aes_top/oneround/sub32/s0/U21/O (NR2)                   0.19     191.90 f
  aes_top/oneround/sub32/s0/U406/O (AOI22S)               0.19     192.09 r
  aes_top/oneround/sub32/s0/U418/O (ND2S)                 0.21     192.30 f
  aes_top/oneround/sub32/s0/m0/in[5] (MultiplyM_15)       0.00     192.30 f
  aes_top/oneround/sub32/s0/m0/U2/O (MOAI1S)              0.84     193.14 r
  aes_top/oneround/sub32/s0/m0/U17/O (MOAI1S)             0.14     193.28 f
  aes_top/oneround/sub32/s0/m0/out[7] (MultiplyM_15)      0.00     193.28 f
  aes_top/oneround/sub32/s0/c1/in[7] (AddC_15)            0.00     193.28 f
  aes_top/oneround/sub32/s0/c1/U8/O (BUF1)                0.22     193.50 f
  aes_top/oneround/sub32/s0/c1/out[7] (AddC_15)           0.00     193.50 f
  aes_top/oneround/sub32/s0/U89/O (MUX2)                  0.36     193.86 f
  aes_top/oneround/sub32/s0/out[7] (SubOneByte_15)        0.00     193.86 f
  aes_top/oneround/sub32/out[31] (SubByte_32)             0.00     193.86 f
  aes_top/oneround/U935/O (AO222)                         0.37     194.23 f
  aes_top/oneround/add/in[31] (AddRoundKey_0)             0.00     194.23 f
  aes_top/oneround/add/U119/O (MAOI1)                     0.18     194.41 r
  aes_top/oneround/add/out[31] (AddRoundKey_0)            0.00     194.41 r
  aes_top/oneround/U552/O (INV1S)                         0.19     194.60 f
  aes_top/oneround/U23/O (MOAI1S)                         1.26     195.86 r
  aes_top/oneround/mix/in[31] (MixColumn)                 0.00     195.86 r
  aes_top/oneround/mix/U50/O (INV1S)                      0.10     195.95 f
  aes_top/oneround/mix/U51/O (INV1S)                      0.21     196.16 r
  aes_top/oneround/mix/U549/O (MOAI1S)                    0.15     196.32 f
  aes_top/oneround/mix/U550/O (MOAI1S)                    0.66     196.98 r
  aes_top/oneround/mix/out[23] (MixColumn)                0.00     196.98 r
  aes_top/oneround/U143/O (AO222)                         0.30     197.28 r
  aes_top/oneround/add/in[23] (AddRoundKey_0)             0.00     197.28 r
  aes_top/oneround/add/U128/O (MAOI1)                     0.21     197.49 r
  aes_top/oneround/add/out[23] (AddRoundKey_0)            0.00     197.49 r
  aes_top/oneround/U470/O (INV1S)                         0.19     197.68 f
  aes_top/oneround/U471/O (MOAI1S)                        0.29     197.97 r
  aes_top/oneround/U472/O (MUX2)                          0.38     198.35 r
  aes_top/oneround/sub96/in[87] (SubByte_96)              0.00     198.35 r
  aes_top/oneround/sub96/s1/in[7] (SubOneByte_10)         0.00     198.35 r
  aes_top/oneround/sub96/s1/U360/O (MUX2)                 0.27     198.61 r
  aes_top/oneround/sub96/s1/U361/O (INV1S)                0.17     198.78 f
  aes_top/oneround/sub96/s1/U21/O (NR2)                   0.39     199.17 r
  aes_top/oneround/sub96/s1/U384/O (AOI22S)               0.09     199.26 f
  aes_top/oneround/sub96/s1/U385/O (ND2S)                 0.32     199.58 r
  aes_top/oneround/sub96/s1/m0/in[5] (MultiplyM_10)       0.00     199.58 r
  aes_top/oneround/sub96/s1/m0/U2/O (MOAI1S)              0.40     199.98 f
  aes_top/oneround/sub96/s1/m0/U17/O (MOAI1S)             0.39     200.37 f
  aes_top/oneround/sub96/s1/m0/out[7] (MultiplyM_10)      0.00     200.37 f
  aes_top/oneround/sub96/s1/c1/in[7] (AddC_10)            0.00     200.37 f
  aes_top/oneround/sub96/s1/c1/U8/O (BUF1)                0.22     200.59 f
  aes_top/oneround/sub96/s1/c1/out[7] (AddC_10)           0.00     200.59 f
  aes_top/oneround/sub96/s1/U448/O (MUX2)                 0.24     200.83 f
  aes_top/oneround/sub96/s1/out[7] (SubOneByte_10)        0.00     200.83 f
  aes_top/oneround/sub96/out[87] (SubByte_96)             0.00     200.83 f
  aes_top/oneround/U200/O (MOAI1S)                        0.28     201.11 f
  aes_top/oneround/out[119] (AESOneRound)                 0.00     201.11 f
  U27454/O (AOI22S)                                       0.26     201.36 r
  U27455/O (ND2S)                                         0.10     201.46 f
  aes_top/temp_out_r_reg[119]/D (QDFFN)                   0.00     201.46 f
  data arrival time                                                201.46

  clock clk (rise edge)                                 400.00     400.00
  clock network delay (ideal)                             0.50     400.50
  clock uncertainty                                      -0.10     400.40
  aes_top/temp_out_r_reg[119]/CK (QDFFN)                  0.00     400.40 r
  library setup time                                     -0.08     400.32
  data required time                                               400.32
  --------------------------------------------------------------------------
  data required time                                               400.32
  data arrival time                                               -201.46
  --------------------------------------------------------------------------
  slack (MET)                                                      198.87


1
