 
****************************************
Report : timing
        -path full
        -delay max
        -max_paths 1
Design : Top
Version: R-2020.09-SP5
Date   : Thu May 19 12:24:42 2022
****************************************

 # A fanout number of 1000 was used for high fanout net computations.

Operating Conditions: WCCOM   Library: fsa0m_a_generic_core_ss1p62v125c
Wire Load Model Mode: enclosed

  Startpoint: i_mode (input port clocked by clk)
  Endpoint: aes_top/temp_out_r_reg[118]
            (rising edge-triggered flip-flop clocked by clk)
  Path Group: clk
  Path Type: max

  Des/Clust/Port     Wire Load Model       Library
  ------------------------------------------------
  Top                G200K                 fsa0m_a_generic_core_tt1p8v25c
  AESOneRound        enG30K                fsa0m_a_generic_core_tt1p8v25c
  MixColumn          enG5K                 fsa0m_a_generic_core_tt1p8v25c
  MultiplyMinv_0     enG5K                 fsa0m_a_generic_core_tt1p8v25c
  SubOneByte_0       enG5K                 fsa0m_a_generic_core_tt1p8v25c
  MultiplyM_0        enG5K                 fsa0m_a_generic_core_tt1p8v25c
  MultiplyMinv_5     enG5K                 fsa0m_a_generic_core_tt1p8v25c
  SubOneByte_5       enG5K                 fsa0m_a_generic_core_tt1p8v25c
  MultiplyM_5        enG5K                 fsa0m_a_generic_core_tt1p8v25c
  MultiplyMinv_10    enG5K                 fsa0m_a_generic_core_tt1p8v25c
  SubOneByte_10      enG5K                 fsa0m_a_generic_core_tt1p8v25c
  MultiplyM_10       enG5K                 fsa0m_a_generic_core_tt1p8v25c
  MultiplyMinv_15    enG5K                 fsa0m_a_generic_core_tt1p8v25c
  SubOneByte_15      enG5K                 fsa0m_a_generic_core_tt1p8v25c
  MultiplyM_15       enG5K                 fsa0m_a_generic_core_tt1p8v25c

  Point                                                   Incr       Path
  --------------------------------------------------------------------------
  clock clk (rise edge)                                   0.00       0.00
  clock network delay (ideal)                             0.50       0.50
  input external delay                                    1.00       1.50 r
  i_mode (in)                                             0.03       1.53 r
  U15900/O (INV1S)                                        0.23       1.76 f
  U15901/O (INV1S)                                        0.50       2.25 r
  aes_top/oneround/dec (AESOneRound)                      0.00       2.25 r
  aes_top/oneround/U157/O (INV1S)                         0.48       2.73 f
  aes_top/oneround/U108/O (BUF1)                          0.39       3.13 f
  aes_top/oneround/U158/O (BUF1)                          0.30       3.42 f
  aes_top/oneround/U229/O (BUF1)                          0.29       3.72 f
  aes_top/oneround/U392/O (MOAI1S)                        0.27       3.98 f
  aes_top/oneround/U77/O (INV1S)                          0.12       4.10 r
  aes_top/oneround/U78/O (INV1S)                          0.35       4.45 f
  aes_top/oneround/mix/in[15] (MixColumn)                 0.00       4.45 f
  aes_top/oneround/mix/U883/O (MOAI1S)                    0.67       5.12 r
  aes_top/oneround/mix/U884/O (MOAI1S)                    0.36       5.48 f
  aes_top/oneround/mix/U885/O (MOAI1S)                    0.36       5.84 f
  aes_top/oneround/mix/U886/O (MOAI1S)                    0.34       6.18 f
  aes_top/oneround/mix/U887/O (MOAI1S)                    0.33       6.51 f
  aes_top/oneround/mix/U739/O (MOAI1S)                    0.31       6.82 f
  aes_top/oneround/mix/out_inv[2] (MixColumn)             0.00       6.82 f
  aes_top/oneround/U772/O (MOAI1S)                        0.29       7.11 f
  aes_top/oneround/invshift/in[2] (InvShiftRow)           0.00       7.11 f
  aes_top/oneround/invshift/U38/O (BUF1)                  0.18       7.30 f
  aes_top/oneround/invshift/out[34] (InvShiftRow)         0.00       7.30 f
  aes_top/oneround/U413/O (MUX2)                          0.34       7.64 f
  aes_top/oneround/sub96/in[2] (SubByte_96)               0.00       7.64 f
  aes_top/oneround/sub96/s11/in[2] (SubOneByte_0)         0.00       7.64 f
  aes_top/oneround/sub96/s11/m1/in[2] (MultiplyMinv_0)
                                                          0.00       7.64 f
  aes_top/oneround/sub96/s11/m1/U4/O (MOAI1S)             0.60       8.23 r
  aes_top/oneround/sub96/s11/m1/U5/O (MOAI1S)             0.15       8.38 f
  aes_top/oneround/sub96/s11/m1/out[3] (MultiplyMinv_0)
                                                          0.00       8.38 f
  aes_top/oneround/sub96/s11/c0/in[3] (AddCinv_0)         0.00       8.38 f
  aes_top/oneround/sub96/s11/c0/U4/O (BUF1)               0.21       8.59 f
  aes_top/oneround/sub96/s11/c0/out[3] (AddCinv_0)        0.00       8.59 f
  aes_top/oneround/sub96/s11/U7/O (AOI22S)                0.37       8.96 r
  aes_top/oneround/sub96/s11/U18/O (ND2S)                 0.28       9.23 f
  aes_top/oneround/sub96/s11/U19/O (NR2)                  0.54       9.78 r
  aes_top/oneround/sub96/s11/U67/O (INV1S)                0.41      10.19 f
  aes_top/oneround/sub96/s11/U88/O (NR2)                  0.51      10.70 r
  aes_top/oneround/sub96/s11/U293/O (INV1S)               0.20      10.90 f
  aes_top/oneround/sub96/s11/U97/O (ND3)                  0.21      11.11 r
  aes_top/oneround/sub96/s11/U276/O (NR2)                 0.10      11.21 f
  aes_top/oneround/sub96/s11/U278/O (ND3)                 0.12      11.33 r
  aes_top/oneround/sub96/s11/U100/O (AN4B1S)              0.11      11.44 f
  aes_top/oneround/sub96/s11/U286/O (ND3)                 0.12      11.55 r
  aes_top/oneround/sub96/s11/U155/O (AOI22S)              0.11      11.67 f
  aes_top/oneround/sub96/s11/U448/O (ND2S)                0.29      11.96 r
  aes_top/oneround/sub96/s11/m0/in[7] (MultiplyM_0)       0.00      11.96 r
  aes_top/oneround/sub96/s11/m0/U1/O (MOAI1S)             0.31      12.26 f
  aes_top/oneround/sub96/s11/m0/U7/O (MOAI1S)             0.32      12.59 f
  aes_top/oneround/sub96/s11/m0/out[2] (MultiplyM_0)      0.00      12.59 f
  aes_top/oneround/sub96/s11/c1/in[2] (AddC_0)            0.00      12.59 f
  aes_top/oneround/sub96/s11/c1/U6/O (BUF1)               0.20      12.79 f
  aes_top/oneround/sub96/s11/c1/out[2] (AddC_0)           0.00      12.79 f
  aes_top/oneround/sub96/s11/U393/O (MUX2)                0.27      13.06 f
  aes_top/oneround/sub96/s11/out[2] (SubOneByte_0)        0.00      13.06 f
  aes_top/oneround/sub96/out[2] (SubByte_96)              0.00      13.06 f
  aes_top/oneround/U901/O (AO222)                         0.34      13.40 f
  aes_top/oneround/add/in[2] (AddRoundKey_0)              0.00      13.40 f
  aes_top/oneround/add/U99/O (MAOI1)                      0.18      13.58 r
  aes_top/oneround/add/out[2] (AddRoundKey_0)             0.00      13.58 r
  aes_top/oneround/U540/O (INV1S)                         0.19      13.77 f
  aes_top/oneround/U18/O (MOAI1S)                         1.26      15.03 r
  aes_top/oneround/mix/in[2] (MixColumn)                  0.00      15.03 r
  aes_top/oneround/mix/U634/O (MOAI1S)                    0.37      15.40 f
  aes_top/oneround/mix/U183/O (INV1S)                     0.18      15.59 r
  aes_top/oneround/mix/U184/O (INV1S)                     0.22      15.81 f
  aes_top/oneround/mix/U913/O (MOAI1S)                    0.28      16.09 f
  aes_top/oneround/mix/out_inv[10] (MixColumn)            0.00      16.09 f
  aes_top/oneround/U764/O (MOAI1S)                        0.32      16.41 f
  aes_top/oneround/invshift/in[10] (InvShiftRow)          0.00      16.41 f
  aes_top/oneround/invshift/U41/O (BUF1)                  0.18      16.59 f
  aes_top/oneround/invshift/out[74] (InvShiftRow)         0.00      16.59 f
  aes_top/oneround/U465/O (MUX2)                          0.34      16.94 f
  aes_top/oneround/sub96/in[42] (SubByte_96)              0.00      16.94 f
  aes_top/oneround/sub96/s6/in[2] (SubOneByte_5)          0.00      16.94 f
  aes_top/oneround/sub96/s6/m1/in[2] (MultiplyMinv_5)     0.00      16.94 f
  aes_top/oneround/sub96/s6/m1/U4/O (MOAI1S)              0.60      17.53 r
  aes_top/oneround/sub96/s6/m1/U5/O (MOAI1S)              0.15      17.68 f
  aes_top/oneround/sub96/s6/m1/out[3] (MultiplyMinv_5)
                                                          0.00      17.68 f
  aes_top/oneround/sub96/s6/c0/in[3] (AddCinv_5)          0.00      17.68 f
  aes_top/oneround/sub96/s6/c0/U5/O (BUF1)                0.21      17.89 f
  aes_top/oneround/sub96/s6/c0/out[3] (AddCinv_5)         0.00      17.89 f
  aes_top/oneround/sub96/s6/U7/O (AOI22S)                 0.37      18.26 r
  aes_top/oneround/sub96/s6/U29/O (NR2)                   0.12      18.38 f
  aes_top/oneround/sub96/s6/U30/O (ND2S)                  0.37      18.75 r
  aes_top/oneround/sub96/s6/U28/O (INV1S)                 0.32      19.07 f
  aes_top/oneround/sub96/s6/U139/O (ND2S)                 0.49      19.56 r
  aes_top/oneround/sub96/s6/U179/O (AN4B1S)               0.45      20.01 r
  aes_top/oneround/sub96/s6/U185/O (AN4B1S)               0.33      20.34 r
  aes_top/oneround/sub96/s6/U374/O (ND3)                  0.10      20.44 f
  aes_top/oneround/sub96/s6/U375/O (AN3B2S)               0.21      20.65 r
  aes_top/oneround/sub96/s6/U376/O (ND3)                  0.10      20.75 f
  aes_top/oneround/sub96/s6/U198/O (AOI22S)               0.20      20.95 r
  aes_top/oneround/sub96/s6/U447/O (ND2S)                 0.20      21.15 f
  aes_top/oneround/sub96/s6/m0/in[7] (MultiplyM_5)        0.00      21.15 f
  aes_top/oneround/sub96/s6/m0/U1/O (MOAI1S)              0.42      21.58 f
  aes_top/oneround/sub96/s6/m0/U7/O (MOAI1S)              0.32      21.90 f
  aes_top/oneround/sub96/s6/m0/out[2] (MultiplyM_5)       0.00      21.90 f
  aes_top/oneround/sub96/s6/c1/in[2] (AddC_5)             0.00      21.90 f
  aes_top/oneround/sub96/s6/c1/U6/O (BUF1)                0.20      22.10 f
  aes_top/oneround/sub96/s6/c1/out[2] (AddC_5)            0.00      22.10 f
  aes_top/oneround/sub96/s6/U393/O (MUX2)                 0.27      22.37 f
  aes_top/oneround/sub96/s6/out[2] (SubOneByte_5)         0.00      22.37 f
  aes_top/oneround/sub96/out[42] (SubByte_96)             0.00      22.37 f
  aes_top/oneround/U913/O (AO222)                         0.34      22.71 f
  aes_top/oneround/add/in[10] (AddRoundKey_0)             0.00      22.71 f
  aes_top/oneround/add/U35/O (MAOI1)                      0.18      22.89 r
  aes_top/oneround/add/out[10] (AddRoundKey_0)            0.00      22.89 r
  aes_top/oneround/U473/O (INV1S)                         0.19      23.08 f
  aes_top/oneround/U20/O (MOAI1S)                         1.11      24.19 r
  aes_top/oneround/mix/in[10] (MixColumn)                 0.00      24.19 r
  aes_top/oneround/mix/U534/O (MOAI1S)                    0.40      24.59 f
  aes_top/oneround/mix/U189/O (INV1S)                     0.18      24.77 r
  aes_top/oneround/mix/U190/O (INV1S)                     0.23      25.00 f
  aes_top/oneround/mix/U762/O (MOAI1S)                    0.50      25.50 r
  aes_top/oneround/mix/U713/O (XNR4)                      0.37      25.87 f
  aes_top/oneround/mix/out_inv[12] (MixColumn)            0.00      25.87 f
  aes_top/oneround/U762/O (MOAI1S)                        0.27      26.14 f
  aes_top/oneround/invshift/in[12] (InvShiftRow)          0.00      26.14 f
  aes_top/oneround/invshift/U43/O (BUF1)                  0.18      26.32 f
  aes_top/oneround/invshift/out[76] (InvShiftRow)         0.00      26.32 f
  aes_top/oneround/U859/O (MUX2)                          0.34      26.66 f
  aes_top/oneround/sub96/in[44] (SubByte_96)              0.00      26.66 f
  aes_top/oneround/sub96/s6/in[4] (SubOneByte_5)          0.00      26.66 f
  aes_top/oneround/sub96/s6/m1/in[4] (MultiplyMinv_5)     0.00      26.66 f
  aes_top/oneround/sub96/s6/m1/U1/O (MOAI1S)              0.59      27.25 r
  aes_top/oneround/sub96/s6/m1/U3/O (MOAI1S)              0.22      27.47 r
  aes_top/oneround/sub96/s6/m1/out[2] (MultiplyMinv_5)
                                                          0.00      27.47 r
  aes_top/oneround/sub96/s6/c0/in[2] (AddCinv_5)          0.00      27.47 r
  aes_top/oneround/sub96/s6/c0/U2/O (INV1S)               0.11      27.58 f
  aes_top/oneround/sub96/s6/c0/out[2] (AddCinv_5)         0.00      27.58 f
  aes_top/oneround/sub96/s6/U101/O (AOI22S)               0.33      27.91 r
  aes_top/oneround/sub96/s6/U102/O (INV1S)                0.27      28.18 f
  aes_top/oneround/sub96/s6/U105/O (NR2)                  0.45      28.63 r
  aes_top/oneround/sub96/s6/U106/O (ND2S)                 0.35      28.98 f
  aes_top/oneround/sub96/s6/U271/O (ND3)                  0.20      29.17 r
  aes_top/oneround/sub96/s6/U272/O (NR3)                  0.20      29.37 f
  aes_top/oneround/sub96/s6/U318/O (ND3)                  0.17      29.54 r
  aes_top/oneround/sub96/s6/U386/O (NR3)                  0.15      29.70 f
  aes_top/oneround/sub96/s6/U387/O (ND3)                  0.16      29.86 r
  aes_top/oneround/sub96/s6/U382/O (AOI22S)               0.11      29.97 f
  aes_top/oneround/sub96/s6/U404/O (ND2S)                 0.28      30.25 r
  aes_top/oneround/sub96/s6/m0/in[2] (MultiplyM_5)        0.00      30.25 r
  aes_top/oneround/sub96/s6/m0/U6/O (MOAI1S)              0.40      30.65 f
  aes_top/oneround/sub96/s6/m0/U15/O (MOAI1S)             0.36      31.00 f
  aes_top/oneround/sub96/s6/m0/out[4] (MultiplyM_5)       0.00      31.00 f
  aes_top/oneround/sub96/s6/c1/in[4] (AddC_5)             0.00      31.00 f
  aes_top/oneround/sub96/s6/c1/U5/O (BUF1)                0.22      31.23 f
  aes_top/oneround/sub96/s6/c1/out[4] (AddC_5)            0.00      31.23 f
  aes_top/oneround/sub96/s6/U342/O (MUX2)                 0.27      31.50 f
  aes_top/oneround/sub96/s6/out[4] (SubOneByte_5)         0.00      31.50 f
  aes_top/oneround/sub96/out[44] (SubByte_96)             0.00      31.50 f
  aes_top/oneround/U915/O (AO222)                         0.34      31.84 f
  aes_top/oneround/add/in[12] (AddRoundKey_0)             0.00      31.84 f
  aes_top/oneround/add/U2/O (MAOI1)                       0.18      32.01 r
  aes_top/oneround/add/out[12] (AddRoundKey_0)            0.00      32.01 r
  aes_top/oneround/U541/O (INV1S)                         0.19      32.21 f
  aes_top/oneround/U17/O (MOAI1S)                         1.42      33.62 r
  aes_top/oneround/mix/in[12] (MixColumn)                 0.00      33.62 r
  aes_top/oneround/mix/U749/O (MOAI1S)                    0.36      33.99 f
  aes_top/oneround/mix/U751/O (MOAI1S)                    0.41      34.40 f
  aes_top/oneround/mix/U752/O (MOAI1S)                    0.33      34.73 f
  aes_top/oneround/mix/out_inv[4] (MixColumn)             0.00      34.73 f
  aes_top/oneround/U770/O (MOAI1S)                        0.33      35.06 f
  aes_top/oneround/invshift/in[4] (InvShiftRow)           0.00      35.06 f
  aes_top/oneround/invshift/U39/O (BUF1)                  0.18      35.24 f
  aes_top/oneround/invshift/out[36] (InvShiftRow)         0.00      35.24 f
  aes_top/oneround/U419/O (MUX2)                          0.34      35.59 f
  aes_top/oneround/sub96/in[4] (SubByte_96)               0.00      35.59 f
  aes_top/oneround/sub96/s11/in[4] (SubOneByte_0)         0.00      35.59 f
  aes_top/oneround/sub96/s11/m1/in[4] (MultiplyMinv_0)
                                                          0.00      35.59 f
  aes_top/oneround/sub96/s11/m1/U1/O (MOAI1S)             0.59      36.17 r
  aes_top/oneround/sub96/s11/m1/U3/O (MOAI1S)             0.16      36.34 f
  aes_top/oneround/sub96/s11/m1/out[2] (MultiplyMinv_0)
                                                          0.00      36.34 f
  aes_top/oneround/sub96/s11/c0/in[2] (AddCinv_0)         0.00      36.34 f
  aes_top/oneround/sub96/s11/c0/U2/O (INV1S)              0.12      36.46 r
  aes_top/oneround/sub96/s11/c0/out[2] (AddCinv_0)        0.00      36.46 r
  aes_top/oneround/sub96/s11/U455/O (MUX2)                0.28      36.73 r
  aes_top/oneround/sub96/s11/U460/O (INV1S)               0.17      36.90 f
  aes_top/oneround/sub96/s11/U47/O (ND2S)                 0.46      37.36 r
  aes_top/oneround/sub96/s11/U184/O (INV1S)               0.22      37.58 f
  aes_top/oneround/sub96/s11/U185/O (ND2S)                0.25      37.83 r
  aes_top/oneround/sub96/s11/U187/O (INV1S)               0.24      38.07 f
  aes_top/oneround/sub96/s11/U163/O (NR2)                 0.22      38.28 r
  aes_top/oneround/sub96/s11/U287/O (AN4B1S)              0.35      38.64 r
  aes_top/oneround/sub96/s11/U328/O (AN2)                 0.22      38.85 r
  aes_top/oneround/sub96/s11/U360/O (ND3)                 0.09      38.95 f
  aes_top/oneround/sub96/s11/U382/O (AOI22S)              0.21      39.16 r
  aes_top/oneround/sub96/s11/U409/O (ND2S)                0.21      39.37 f
  aes_top/oneround/sub96/s11/m0/in[2] (MultiplyM_0)       0.00      39.37 f
  aes_top/oneround/sub96/s11/m0/U6/O (MOAI1S)             0.85      40.22 r
  aes_top/oneround/sub96/s11/m0/U15/O (MOAI1S)            0.14      40.36 f
  aes_top/oneround/sub96/s11/m0/out[4] (MultiplyM_0)      0.00      40.36 f
  aes_top/oneround/sub96/s11/c1/in[4] (AddC_0)            0.00      40.36 f
  aes_top/oneround/sub96/s11/c1/U7/O (BUF1)               0.22      40.59 f
  aes_top/oneround/sub96/s11/c1/out[4] (AddC_0)           0.00      40.59 f
  aes_top/oneround/sub96/s11/U342/O (MUX2)                0.27      40.86 f
  aes_top/oneround/sub96/s11/out[4] (SubOneByte_0)        0.00      40.86 f
  aes_top/oneround/sub96/out[4] (SubByte_96)              0.00      40.86 f
  aes_top/oneround/U905/O (AO222)                         0.34      41.19 f
  aes_top/oneround/add/in[4] (AddRoundKey_0)              0.00      41.19 f
  aes_top/oneround/add/U37/O (MAOI1)                      0.18      41.37 r
  aes_top/oneround/add/out[4] (AddRoundKey_0)             0.00      41.37 r
  aes_top/oneround/U476/O (INV1S)                         0.19      41.57 f
  aes_top/oneround/U19/O (MOAI1S)                         1.11      42.67 r
  aes_top/oneround/mix/in[4] (MixColumn)                  0.00      42.67 r
  aes_top/oneround/mix/U727/O (MOAI1S)                    0.55      43.22 f
  aes_top/oneround/mix/U728/O (MOAI1S)                    0.61      43.83 r
  aes_top/oneround/mix/U729/O (INV1S)                     0.25      44.09 f
  aes_top/oneround/mix/U730/O (MOAI1S)                    0.44      44.53 f
  aes_top/oneround/mix/U175/O (MOAI1S)                    0.40      44.94 f
  aes_top/oneround/mix/U176/O (MOAI1S)                    0.34      45.28 f
  aes_top/oneround/mix/out[20] (MixColumn)                0.00      45.28 f
  aes_top/oneround/U928/O (AO222)                         0.44      45.72 f
  aes_top/oneround/add/in[20] (AddRoundKey_0)             0.00      45.72 f
  aes_top/oneround/add/U100/O (MAOI1)                     0.23      45.95 f
  aes_top/oneround/add/out[20] (AddRoundKey_0)            0.00      45.95 f
  aes_top/oneround/U480/O (INV1S)                         0.20      46.15 r
  aes_top/oneround/U481/O (MOAI1S)                        0.15      46.30 f
  aes_top/oneround/U482/O (MUX2)                          0.39      46.69 f
  aes_top/oneround/sub96/in[84] (SubByte_96)              0.00      46.69 f
  aes_top/oneround/sub96/s1/in[4] (SubOneByte_10)         0.00      46.69 f
  aes_top/oneround/sub96/s1/m1/in[4] (MultiplyMinv_10)
                                                          0.00      46.69 f
  aes_top/oneround/sub96/s1/m1/U1/O (MOAI1S)              0.59      47.28 r
  aes_top/oneround/sub96/s1/m1/U3/O (MOAI1S)              0.22      47.49 r
  aes_top/oneround/sub96/s1/m1/out[2] (MultiplyMinv_10)
                                                          0.00      47.49 r
  aes_top/oneround/sub96/s1/c0/in[2] (AddCinv_10)         0.00      47.49 r
  aes_top/oneround/sub96/s1/c0/U2/O (INV1S)               0.11      47.60 f
  aes_top/oneround/sub96/s1/c0/out[2] (AddCinv_10)        0.00      47.60 f
  aes_top/oneround/sub96/s1/U69/O (AOI22S)                0.40      48.00 r
  aes_top/oneround/sub96/s1/U468/O (NR2)                  0.14      48.14 f
  aes_top/oneround/sub96/s1/U9/O (ND2S)                   0.30      48.44 r
  aes_top/oneround/sub96/s1/U58/O (INV1S)                 0.31      48.75 f
  aes_top/oneround/sub96/s1/U61/O (ND2S)                  0.45      49.20 r
  aes_top/oneround/sub96/s1/U184/O (INV1S)                0.28      49.48 f
  aes_top/oneround/sub96/s1/U207/O (NR2)                  0.19      49.68 r
  aes_top/oneround/sub96/s1/U209/O (ND3)                  0.09      49.77 f
  aes_top/oneround/sub96/s1/U210/O (NR3)                  0.32      50.09 r
  aes_top/oneround/sub96/s1/U211/O (ND3)                  0.10      50.19 f
  aes_top/oneround/sub96/s1/U213/O (NR3)                  0.25      50.44 r
  aes_top/oneround/sub96/s1/U289/O (ND3)                  0.11      50.55 f
  aes_top/oneround/sub96/s1/U391/O (AOI22S)               0.20      50.75 r
  aes_top/oneround/sub96/s1/U439/O (ND2S)                 0.20      50.95 f
  aes_top/oneround/sub96/s1/m0/in[2] (MultiplyM_10)       0.00      50.95 f
  aes_top/oneround/sub96/s1/m0/U6/O (MOAI1S)              0.84      51.80 r
  aes_top/oneround/sub96/s1/m0/U16/O (MOAI1S)             0.10      51.90 f
  aes_top/oneround/sub96/s1/m0/out[2] (MultiplyM_10)      0.00      51.90 f
  aes_top/oneround/sub96/s1/c1/in[2] (AddC_10)            0.00      51.90 f
  aes_top/oneround/sub96/s1/c1/U6/O (BUF1)                0.21      52.11 f
  aes_top/oneround/sub96/s1/c1/out[2] (AddC_10)           0.00      52.11 f
  aes_top/oneround/sub96/s1/U440/O (MUX2)                 0.27      52.38 f
  aes_top/oneround/sub96/s1/out[2] (SubOneByte_10)        0.00      52.38 f
  aes_top/oneround/sub96/out[82] (SubByte_96)             0.00      52.38 f
  aes_top/oneround/U924/O (AO222)                         0.34      52.72 f
  aes_top/oneround/add/in[18] (AddRoundKey_0)             0.00      52.72 f
  aes_top/oneround/add/U124/O (MAOI1)                     0.18      52.90 r
  aes_top/oneround/add/out[18] (AddRoundKey_0)            0.00      52.90 r
  aes_top/oneround/U539/O (INV1S)                         0.19      53.09 f
  aes_top/oneround/U21/O (MOAI1S)                         1.26      54.35 r
  aes_top/oneround/mix/in[18] (MixColumn)                 0.00      54.35 r
  aes_top/oneround/mix/U808/O (MOAI1S)                    0.36      54.71 f
  aes_top/oneround/mix/U810/O (MOAI1S)                    0.39      55.11 f
  aes_top/oneround/mix/out[26] (MixColumn)                0.00      55.11 f
  aes_top/oneround/U935/O (AO222)                         0.47      55.58 f
  aes_top/oneround/add/in[26] (AddRoundKey_0)             0.00      55.58 f
  aes_top/oneround/add/U123/O (MAOI1)                     0.18      55.76 r
  aes_top/oneround/add/out[26] (AddRoundKey_0)            0.00      55.76 r
  aes_top/oneround/U219/O (INV1S)                         0.19      55.95 f
  aes_top/oneround/U22/O (MOAI1S)                         1.11      57.05 r
  aes_top/oneround/mix/in[26] (MixColumn)                 0.00      57.05 r
  aes_top/oneround/mix/U734/O (MOAI1S)                    0.25      57.30 f
  aes_top/oneround/mix/U736/O (MOAI1S)                    0.37      57.67 f
  aes_top/oneround/mix/U737/O (MOAI1S)                    0.33      58.00 f
  aes_top/oneround/mix/U738/O (MOAI1S)                    0.32      58.33 f
  aes_top/oneround/mix/out_inv[28] (MixColumn)            0.00      58.33 f
  aes_top/oneround/U746/O (MOAI1S)                        0.31      58.64 f
  aes_top/oneround/invshift/in[28] (InvShiftRow)          0.00      58.64 f
  aes_top/oneround/invshift/U47/O (BUF1)                  0.19      58.83 f
  aes_top/oneround/invshift/out[28] (InvShiftRow)         0.00      58.83 f
  aes_top/oneround/U460/O (AO222)                         0.50      59.33 f
  aes_top/oneround/sub32/in[28] (SubByte_32)              0.00      59.33 f
  aes_top/oneround/sub32/s0/in[4] (SubOneByte_15)         0.00      59.33 f
  aes_top/oneround/sub32/s0/m1/in[4] (MultiplyMinv_15)
                                                          0.00      59.33 f
  aes_top/oneround/sub32/s0/m1/U1/O (MOAI1S)              0.58      59.91 r
  aes_top/oneround/sub32/s0/m1/U3/O (MOAI1S)              0.22      60.13 r
  aes_top/oneround/sub32/s0/m1/out[2] (MultiplyMinv_15)
                                                          0.00      60.13 r
  aes_top/oneround/sub32/s0/c0/in[2] (AddCinv_15)         0.00      60.13 r
  aes_top/oneround/sub32/s0/c0/U2/O (INV1S)               0.11      60.24 f
  aes_top/oneround/sub32/s0/c0/out[2] (AddCinv_15)        0.00      60.24 f
  aes_top/oneround/sub32/s0/U47/O (AOI22S)                0.54      60.77 r
  aes_top/oneround/sub32/s0/U116/O (NR2)                  0.14      60.92 f
  aes_top/oneround/sub32/s0/U50/O (ND2S)                  0.39      61.30 r
  aes_top/oneround/sub32/s0/U37/O (INV1S)                 0.27      61.57 f
  aes_top/oneround/sub32/s0/U127/O (ND2S)                 0.34      61.91 r
  aes_top/oneround/sub32/s0/U128/O (INV1S)                0.27      62.18 f
  aes_top/oneround/sub32/s0/U129/O (NR2)                  0.26      62.44 r
  aes_top/oneround/sub32/s0/U131/O (ND3)                  0.14      62.58 f
  aes_top/oneround/sub32/s0/U136/O (NR2)                  0.16      62.74 r
  aes_top/oneround/sub32/s0/U137/O (ND3)                  0.16      62.90 f
  aes_top/oneround/sub32/s0/U170/O (AN2B1S)               0.20      63.10 r
  aes_top/oneround/sub32/s0/U181/O (ND3)                  0.09      63.19 f
  aes_top/oneround/sub32/s0/U182/O (NR3)                  0.17      63.35 r
  aes_top/oneround/sub32/s0/U183/O (ND3)                  0.11      63.46 f
  aes_top/oneround/sub32/s0/U382/O (AOI22S)               0.23      63.69 r
  aes_top/oneround/sub32/s0/U404/O (ND2S)                 0.21      63.90 f
  aes_top/oneround/sub32/s0/m0/in[2] (MultiplyM_15)       0.00      63.90 f
  aes_top/oneround/sub32/s0/m0/U6/O (MOAI1S)              0.84      64.74 r
  aes_top/oneround/sub32/s0/m0/U11/O (MOAI1S)             0.10      64.84 f
  aes_top/oneround/sub32/s0/m0/out[4] (MultiplyM_15)      0.00      64.84 f
  aes_top/oneround/sub32/s0/c1/in[4] (AddC_15)            0.00      64.84 f
  aes_top/oneround/sub32/s0/c1/U7/O (BUF1)                0.21      65.06 f
  aes_top/oneround/sub32/s0/c1/out[4] (AddC_15)           0.00      65.06 f
  aes_top/oneround/sub32/s0/U342/O (MUX2)                 0.36      65.41 f
  aes_top/oneround/sub32/s0/out[4] (SubOneByte_15)        0.00      65.41 f
  aes_top/oneround/sub32/out[28] (SubByte_32)             0.00      65.41 f
  aes_top/oneround/U937/O (AO222)                         0.37      65.78 f
  aes_top/oneround/add/in[28] (AddRoundKey_0)             0.00      65.78 f
  aes_top/oneround/add/U97/O (MAOI1)                      0.18      65.96 r
  aes_top/oneround/add/out[28] (AddRoundKey_0)            0.00      65.96 r
  aes_top/oneround/U407/O (INV1S)                         0.19      66.15 f
  aes_top/oneround/U411/O (MOAI1S)                        1.10      67.25 r
  aes_top/oneround/mix/in[28] (MixColumn)                 0.00      67.25 r
  aes_top/oneround/mix/U357/O (INV1S)                     0.10      67.35 f
  aes_top/oneround/mix/U358/O (INV1S)                     0.35      67.70 r
  aes_top/oneround/mix/U915/O (MOAI1S)                    0.14      67.84 f
  aes_top/oneround/mix/out_inv[14] (MixColumn)            0.00      67.84 f
  aes_top/oneround/U760/O (MOAI1S)                        0.29      68.13 f
  aes_top/oneround/invshift/in[14] (InvShiftRow)          0.00      68.13 f
  aes_top/oneround/invshift/U44/O (BUF1)                  0.18      68.32 f
  aes_top/oneround/invshift/out[78] (InvShiftRow)         0.00      68.32 f
  aes_top/oneround/U461/O (MUX2)                          0.34      68.66 f
  aes_top/oneround/sub96/in[46] (SubByte_96)              0.00      68.66 f
  aes_top/oneround/sub96/s6/in[6] (SubOneByte_5)          0.00      68.66 f
  aes_top/oneround/sub96/s6/m1/in[6] (MultiplyMinv_5)     0.00      68.66 f
  aes_top/oneround/sub96/s6/m1/U7/O (MOAI1S)              0.58      69.24 r
  aes_top/oneround/sub96/s6/m1/U9/O (MOAI1S)              0.15      69.39 f
  aes_top/oneround/sub96/s6/m1/out[4] (MultiplyMinv_5)
                                                          0.00      69.39 f
  aes_top/oneround/sub96/s6/c0/in[4] (AddCinv_5)          0.00      69.39 f
  aes_top/oneround/sub96/s6/c0/U6/O (BUF1)                0.21      69.60 f
  aes_top/oneround/sub96/s6/c0/out[4] (AddCinv_5)         0.00      69.60 f
  aes_top/oneround/sub96/s6/U180/O (AOI22S)               0.36      69.96 r
  aes_top/oneround/sub96/s6/U181/O (ND2S)                 0.31      70.27 f
  aes_top/oneround/sub96/s6/U454/O (INV1S)                0.24      70.51 r
  aes_top/oneround/sub96/s6/U16/O (INV1S)                 0.09      70.60 f
  aes_top/oneround/sub96/s6/U182/O (NR2)                  0.25      70.85 r
  aes_top/oneround/sub96/s6/U189/O (INV1S)                0.22      71.06 f
  aes_top/oneround/sub96/s6/U248/O (ND3)                  0.18      71.24 r
  aes_top/oneround/sub96/s6/U250/O (AN4B1S)               0.18      71.42 f
  aes_top/oneround/sub96/s6/U279/O (ND3)                  0.14      71.56 r
  aes_top/oneround/sub96/s6/U235/O (AOI22S)               0.11      71.67 f
  aes_top/oneround/sub96/s6/U444/O (ND2S)                 0.28      71.95 r
  aes_top/oneround/sub96/s6/m0/in[6] (MultiplyM_5)        0.00      71.95 r
  aes_top/oneround/sub96/s6/m0/U11/O (MOAI1S)             0.23      72.17 r
  aes_top/oneround/sub96/s6/m0/out[6] (MultiplyM_5)       0.00      72.17 r
  aes_top/oneround/sub96/s6/c1/in[6] (AddC_5)             0.00      72.17 r
  aes_top/oneround/sub96/s6/c1/U4/O (INV1S)               0.09      72.26 f
  aes_top/oneround/sub96/s6/c1/out[6] (AddC_5)            0.00      72.26 f
  aes_top/oneround/sub96/s6/U445/O (MUX2)                 0.29      72.55 f
  aes_top/oneround/sub96/s6/out[6] (SubOneByte_5)         0.00      72.55 f
  aes_top/oneround/sub96/out[46] (SubByte_96)             0.00      72.55 f
  aes_top/oneround/U920/O (AO222)                         0.34      72.89 f
  aes_top/oneround/add/in[14] (AddRoundKey_0)             0.00      72.89 f
  aes_top/oneround/add/U128/O (MAOI1)                     0.18      73.07 r
  aes_top/oneround/add/out[14] (AddRoundKey_0)            0.00      73.07 r
  aes_top/oneround/U228/O (INV1S)                         0.19      73.26 f
  aes_top/oneround/U230/O (MOAI1S)                        1.09      74.35 r
  aes_top/oneround/mix/in[14] (MixColumn)                 0.00      74.35 r
  aes_top/oneround/mix/U275/O (INV1S)                     0.10      74.45 f
  aes_top/oneround/mix/U276/O (INV1S)                     0.34      74.79 r
  aes_top/oneround/mix/U741/O (MOAI1S)                    0.18      74.96 f
  aes_top/oneround/mix/U742/O (MOAI1S)                    0.35      75.32 f
  aes_top/oneround/mix/U743/O (MOAI1S)                    0.32      75.64 f
  aes_top/oneround/mix/out_inv[30] (MixColumn)            0.00      75.64 f
  aes_top/oneround/U744/O (MOAI1S)                        0.37      76.01 f
  aes_top/oneround/invshift/in[30] (InvShiftRow)          0.00      76.01 f
  aes_top/oneround/invshift/U13/O (BUF1)                  0.19      76.20 f
  aes_top/oneround/invshift/out[30] (InvShiftRow)         0.00      76.20 f
  aes_top/oneround/U459/O (AO222)                         0.50      76.69 f
  aes_top/oneround/sub32/in[30] (SubByte_32)              0.00      76.69 f
  aes_top/oneround/sub32/s0/in[6] (SubOneByte_15)         0.00      76.69 f
  aes_top/oneround/sub32/s0/m1/in[6] (MultiplyMinv_15)
                                                          0.00      76.69 f
  aes_top/oneround/sub32/s0/m1/U7/O (MOAI1S)              0.58      77.28 r
  aes_top/oneround/sub32/s0/m1/U9/O (MOAI1S)              0.21      77.48 r
  aes_top/oneround/sub32/s0/m1/out[4] (MultiplyMinv_15)
                                                          0.00      77.48 r
  aes_top/oneround/sub32/s0/c0/in[4] (AddCinv_15)         0.00      77.48 r
  aes_top/oneround/sub32/s0/c0/U4/O (BUF1)                0.15      77.64 r
  aes_top/oneround/sub32/s0/c0/out[4] (AddCinv_15)        0.00      77.64 r
  aes_top/oneround/sub32/s0/U117/O (AOI22S)               0.17      77.80 f
  aes_top/oneround/sub32/s0/U118/O (ND2S)                 0.47      78.28 r
  aes_top/oneround/sub32/s0/U453/O (INV1S)                0.21      78.49 f
  aes_top/oneround/sub32/s0/U17/O (INV1S)                 0.12      78.61 r
  aes_top/oneround/sub32/s0/U119/O (NR2)                  0.12      78.72 f
  aes_top/oneround/sub32/s0/U122/O (NR2)                  0.25      78.98 r
  aes_top/oneround/sub32/s0/U39/O (AN4B1S)                0.39      79.36 r
  aes_top/oneround/sub32/s0/U388/O (ND3)                  0.10      79.47 f
  aes_top/oneround/sub32/s0/U389/O (NR3)                  0.17      79.63 r
  aes_top/oneround/sub32/s0/U392/O (ND3)                  0.10      79.74 f
  aes_top/oneround/sub32/s0/U198/O (AOI22S)               0.21      79.95 r
  aes_top/oneround/sub32/s0/U346/O (ND2S)                 0.21      80.15 f
  aes_top/oneround/sub32/s0/m0/in[7] (MultiplyM_15)       0.00      80.15 f
  aes_top/oneround/sub32/s0/m0/U9/O (MOAI1S)              0.33      80.48 f
  aes_top/oneround/sub32/s0/m0/U13/O (MOAI1S)             0.32      80.81 f
  aes_top/oneround/sub32/s0/m0/out[3] (MultiplyM_15)      0.00      80.81 f
  aes_top/oneround/sub32/s0/c1/in[3] (AddC_15)            0.00      80.81 f
  aes_top/oneround/sub32/s0/c1/U6/O (BUF1)                0.18      80.99 f
  aes_top/oneround/sub32/s0/c1/out[3] (AddC_15)           0.00      80.99 f
  aes_top/oneround/sub32/s0/U375/O (MUX2)                 0.35      81.35 f
  aes_top/oneround/sub32/s0/out[3] (SubOneByte_15)        0.00      81.35 f
  aes_top/oneround/sub32/out[27] (SubByte_32)             0.00      81.35 f
  aes_top/oneround/U936/O (AO222)                         0.37      81.72 f
  aes_top/oneround/add/in[27] (AddRoundKey_0)             0.00      81.72 f
  aes_top/oneround/add/U96/O (MAOI1)                      0.23      81.95 f
  aes_top/oneround/add/out[27] (AddRoundKey_0)            0.00      81.95 f
  aes_top/oneround/U557/O (INV1S)                         0.20      82.15 r
  aes_top/oneround/U1062/O (MOAI1S)                       0.16      82.31 f
  aes_top/oneround/U1063/O (AO222)                        0.53      82.84 f
  aes_top/oneround/sub32/in[27] (SubByte_32)              0.00      82.84 f
  aes_top/oneround/sub32/s0/in[3] (SubOneByte_15)         0.00      82.84 f
  aes_top/oneround/sub32/s0/m1/in[3] (MultiplyMinv_15)
                                                          0.00      82.84 f
  aes_top/oneround/sub32/s0/m1/U10/O (MOAI1S)             0.58      83.43 r
  aes_top/oneround/sub32/s0/m1/U11/O (MOAI1S)             0.15      83.58 f
  aes_top/oneround/sub32/s0/m1/out[6] (MultiplyMinv_15)
                                                          0.00      83.58 f
  aes_top/oneround/sub32/s0/c0/in[6] (AddCinv_15)         0.00      83.58 f
  aes_top/oneround/sub32/s0/c0/U7/O (BUF1)                0.21      83.79 f
  aes_top/oneround/sub32/s0/c0/out[6] (AddCinv_15)        0.00      83.79 f
  aes_top/oneround/sub32/s0/U297/O (AOI22S)               0.36      84.14 r
  aes_top/oneround/sub32/s0/U298/O (ND2S)                 0.31      84.45 f
  aes_top/oneround/sub32/s0/U299/O (NR2)                  0.52      84.97 r
  aes_top/oneround/sub32/s0/U303/O (AN3B2S)               0.26      85.24 f
  aes_top/oneround/sub32/s0/U384/O (AN4B1S)               0.29      85.53 f
  aes_top/oneround/sub32/s0/U385/O (ND3)                  0.15      85.68 r
  aes_top/oneround/sub32/s0/U255/O (AOI22S)               0.08      85.76 f
  aes_top/oneround/sub32/s0/U200/O (ND2S)                 0.32      86.08 r
  aes_top/oneround/sub32/s0/m0/in[6] (MultiplyM_15)       0.00      86.08 r
  aes_top/oneround/sub32/s0/m0/U16/O (MOAI1S)             0.23      86.31 r
  aes_top/oneround/sub32/s0/m0/out[6] (MultiplyM_15)      0.00      86.31 r
  aes_top/oneround/sub32/s0/c1/in[6] (AddC_15)            0.00      86.31 r
  aes_top/oneround/sub32/s0/c1/U4/O (INV1S)               0.09      86.39 f
  aes_top/oneround/sub32/s0/c1/out[6] (AddC_15)           0.00      86.39 f
  aes_top/oneround/sub32/s0/U203/O (MUX2)                 0.32      86.71 f
  aes_top/oneround/sub32/s0/out[6] (SubOneByte_15)        0.00      86.71 f
  aes_top/oneround/sub32/out[30] (SubByte_32)             0.00      86.71 f
  aes_top/oneround/U939/O (AO222)                         0.35      87.06 f
  aes_top/oneround/add/in[30] (AddRoundKey_0)             0.00      87.06 f
  aes_top/oneround/add/U34/O (MAOI1)                      0.18      87.24 r
  aes_top/oneround/add/out[30] (AddRoundKey_0)            0.00      87.24 r
  aes_top/oneround/U466/O (INV1S)                         0.19      87.43 f
  aes_top/oneround/U467/O (MOAI1S)                        1.07      88.50 r
  aes_top/oneround/mix/in[30] (MixColumn)                 0.00      88.50 r
  aes_top/oneround/mix/U488/O (BUF1)                      0.25      88.75 r
  aes_top/oneround/mix/U154/O (MOAI1S)                    0.12      88.87 f
  aes_top/oneround/mix/U409/O (INV1S)                     0.15      89.02 r
  aes_top/oneround/mix/U414/O (INV1S)                     0.25      89.27 f
  aes_top/oneround/mix/U745/O (MOAI1S)                    0.86      90.13 r
  aes_top/oneround/mix/U747/O (MOAI1S)                    0.18      90.31 f
  aes_top/oneround/mix/U748/O (MOAI1S)                    0.34      90.65 f
  aes_top/oneround/mix/out_inv[24] (MixColumn)            0.00      90.65 f
  aes_top/oneround/U750/O (MOAI1S)                        0.35      91.00 f
  aes_top/oneround/invshift/in[24] (InvShiftRow)          0.00      91.00 f
  aes_top/oneround/invshift/U46/O (BUF1)                  0.19      91.19 f
  aes_top/oneround/invshift/out[24] (InvShiftRow)         0.00      91.19 f
  aes_top/oneround/U391/O (AO222)                         0.49      91.68 f
  aes_top/oneround/sub32/in[24] (SubByte_32)              0.00      91.68 f
  aes_top/oneround/sub32/s0/in[0] (SubOneByte_15)         0.00      91.68 f
  aes_top/oneround/sub32/s0/U456/O (MUX2)                 0.32      92.00 f
  aes_top/oneround/sub32/s0/U457/O (AN2)                  0.22      92.23 f
  aes_top/oneround/sub32/s0/U71/O (ND2S)                  0.34      92.57 r
  aes_top/oneround/sub32/s0/U184/O (INV1S)                0.26      92.83 f
  aes_top/oneround/sub32/s0/U185/O (ND2S)                 0.41      93.24 r
  aes_top/oneround/sub32/s0/U187/O (AN2)                  0.24      93.48 r
  aes_top/oneround/sub32/s0/U189/O (ND3)                  0.12      93.60 f
  aes_top/oneround/sub32/s0/U396/O (NR2)                  0.17      93.77 r
  aes_top/oneround/sub32/s0/U397/O (ND3)                  0.10      93.87 f
  aes_top/oneround/sub32/s0/U359/O (AOI22S)               0.22      94.10 r
  aes_top/oneround/sub32/s0/U405/O (ND2S)                 0.21      94.30 f
  aes_top/oneround/sub32/s0/m0/in[3] (MultiplyM_15)       0.00      94.30 f
  aes_top/oneround/sub32/s0/m0/U3/O (MOAI1S)              0.85      95.15 r
  aes_top/oneround/sub32/s0/m0/U5/O (MOAI1S)              0.35      95.51 f
  aes_top/oneround/sub32/s0/m0/U17/O (MOAI1S)             0.37      95.88 f
  aes_top/oneround/sub32/s0/m0/out[5] (MultiplyM_15)      0.00      95.88 f
  aes_top/oneround/sub32/s0/c1/in[5] (AddC_15)            0.00      95.88 f
  aes_top/oneround/sub32/s0/c1/U3/O (INV1S)               0.12      96.00 r
  aes_top/oneround/sub32/s0/c1/out[5] (AddC_15)           0.00      96.00 r
  aes_top/oneround/sub32/s0/U301/O (MUX2)                 0.38      96.38 r
  aes_top/oneround/sub32/s0/out[5] (SubOneByte_15)        0.00      96.38 r
  aes_top/oneround/sub32/out[29] (SubByte_32)             0.00      96.38 r
  aes_top/oneround/U938/O (AO222)                         0.28      96.66 r
  aes_top/oneround/add/in[29] (AddRoundKey_0)             0.00      96.66 r
  aes_top/oneround/add/U121/O (MAOI1)                     0.21      96.87 r
  aes_top/oneround/add/out[29] (AddRoundKey_0)            0.00      96.87 r
  aes_top/oneround/U452/O (INV1S)                         0.19      97.06 f
  aes_top/oneround/U454/O (MOAI1S)                        0.32      97.38 r
  aes_top/oneround/U455/O (AO222)                         0.52      97.90 r
  aes_top/oneround/sub32/in[29] (SubByte_32)              0.00      97.90 r
  aes_top/oneround/sub32/s0/in[5] (SubOneByte_15)         0.00      97.90 r
  aes_top/oneround/sub32/s0/U409/O (MUX2)                 0.27      98.16 r
  aes_top/oneround/sub32/s0/U3/O (NR2)                    0.06      98.23 f
  aes_top/oneround/sub32/s0/U9/O (INV1S)                  0.11      98.34 r
  aes_top/oneround/sub32/s0/U11/O (INV1S)                 0.31      98.65 f
  aes_top/oneround/sub32/s0/U417/O (AOI22S)               0.24      98.88 r
  aes_top/oneround/sub32/s0/U107/O (ND2S)                 0.21      99.10 f
  aes_top/oneround/sub32/s0/m0/in[0] (MultiplyM_15)       0.00      99.10 f
  aes_top/oneround/sub32/s0/m0/U4/O (MOAI1S)              0.61      99.70 r
  aes_top/oneround/sub32/s0/m0/U8/O (MOAI1S)              0.21      99.92 r
  aes_top/oneround/sub32/s0/m0/out[1] (MultiplyM_15)      0.00      99.92 r
  aes_top/oneround/sub32/s0/c1/in[1] (AddC_15)            0.00      99.92 r
  aes_top/oneround/sub32/s0/c1/U2/O (INV1S)               0.09     100.01 f
  aes_top/oneround/sub32/s0/c1/out[1] (AddC_15)           0.00     100.01 f
  aes_top/oneround/sub32/s0/U345/O (MUX2)                 0.38     100.38 f
  aes_top/oneround/sub32/s0/out[1] (SubOneByte_15)        0.00     100.38 f
  aes_top/oneround/sub32/out[25] (SubByte_32)             0.00     100.38 f
  aes_top/oneround/U933/O (AO222)                         0.37     100.75 f
  aes_top/oneround/add/in[25] (AddRoundKey_0)             0.00     100.75 f
  aes_top/oneround/add/U115/O (MAOI1)                     0.18     100.93 r
  aes_top/oneround/add/out[25] (AddRoundKey_0)            0.00     100.93 r
  aes_top/oneround/U394/O (INV1S)                         0.19     101.12 f
  aes_top/oneround/U397/O (MOAI1S)                        0.32     101.44 r
  aes_top/oneround/U398/O (AO222)                         0.52     101.96 r
  aes_top/oneround/sub32/in[25] (SubByte_32)              0.00     101.96 r
  aes_top/oneround/sub32/s0/in[1] (SubOneByte_15)         0.00     101.96 r
  aes_top/oneround/sub32/s0/U316/O (MUX2)                 0.30     102.26 r
  aes_top/oneround/sub32/s0/U317/O (INV1S)                0.17     102.43 f
  aes_top/oneround/sub32/s0/U318/O (NR2)                  0.48     102.91 r
  aes_top/oneround/sub32/s0/U319/O (INV1S)                0.33     103.24 f
  aes_top/oneround/sub32/s0/U320/O (OAI112HS)             0.31     103.55 r
  aes_top/oneround/sub32/s0/U325/O (NR3)                  0.24     103.78 f
  aes_top/oneround/sub32/s0/U328/O (ND3)                  0.15     103.93 r
  aes_top/oneround/sub32/s0/U275/O (AOI22S)               0.11     104.04 f
  aes_top/oneround/sub32/s0/U445/O (ND2S)                 0.30     104.34 r
  aes_top/oneround/sub32/s0/m0/in[5] (MultiplyM_15)       0.00     104.34 r
  aes_top/oneround/sub32/s0/m0/U2/O (MOAI1S)              0.41     104.76 f
  aes_top/oneround/sub32/s0/m0/U15/O (MOAI1S)             0.36     105.12 f
  aes_top/oneround/sub32/s0/m0/out[7] (MultiplyM_15)      0.00     105.12 f
  aes_top/oneround/sub32/s0/c1/in[7] (AddC_15)            0.00     105.12 f
  aes_top/oneround/sub32/s0/c1/U8/O (BUF1)                0.22     105.34 f
  aes_top/oneround/sub32/s0/c1/out[7] (AddC_15)           0.00     105.34 f
  aes_top/oneround/sub32/s0/U347/O (MUX2)                 0.36     105.70 f
  aes_top/oneround/sub32/s0/out[7] (SubOneByte_15)        0.00     105.70 f
  aes_top/oneround/sub32/out[31] (SubByte_32)             0.00     105.70 f
  aes_top/oneround/U940/O (AO222)                         0.37     106.07 f
  aes_top/oneround/add/in[31] (AddRoundKey_0)             0.00     106.07 f
  aes_top/oneround/add/U122/O (MAOI1)                     0.18     106.25 r
  aes_top/oneround/add/out[31] (AddRoundKey_0)            0.00     106.25 r
  aes_top/oneround/U456/O (INV1S)                         0.19     106.44 f
  aes_top/oneround/U457/O (MOAI1S)                        0.32     106.75 r
  aes_top/oneround/U458/O (AO222)                         0.52     107.27 r
  aes_top/oneround/sub32/in[31] (SubByte_32)              0.00     107.27 r
  aes_top/oneround/sub32/s0/in[7] (SubOneByte_15)         0.00     107.27 r
  aes_top/oneround/sub32/s0/U406/O (MUX2)                 0.27     107.54 r
  aes_top/oneround/sub32/s0/U407/O (INV1S)                0.17     107.71 f
  aes_top/oneround/sub32/s0/U19/O (NR2)                   0.38     108.10 r
  aes_top/oneround/sub32/s0/U435/O (AOI22S)               0.09     108.19 f
  aes_top/oneround/sub32/s0/U436/O (ND2S)                 0.33     108.52 r
  aes_top/oneround/sub32/s0/m0/in[4] (MultiplyM_15)       0.00     108.52 r
  aes_top/oneround/sub32/s0/m0/U10/O (MOAI1S)             0.26     108.78 r
  aes_top/oneround/sub32/s0/m0/U12/O (MOAI1S)             0.22     108.99 r
  aes_top/oneround/sub32/s0/m0/out[0] (MultiplyM_15)      0.00     108.99 r
  aes_top/oneround/sub32/s0/c1/in[0] (AddC_15)            0.00     108.99 r
  aes_top/oneround/sub32/s0/c1/U1/O (INV1S)               0.09     109.09 f
  aes_top/oneround/sub32/s0/c1/out[0] (AddC_15)           0.00     109.09 f
  aes_top/oneround/sub32/s0/U108/O (MUX2)                 0.32     109.40 f
  aes_top/oneround/sub32/s0/out[0] (SubOneByte_15)        0.00     109.40 f
  aes_top/oneround/sub32/out[24] (SubByte_32)             0.00     109.40 f
  aes_top/oneround/U932/O (AO222)                         0.35     109.75 f
  aes_top/oneround/add/in[24] (AddRoundKey_0)             0.00     109.75 f
  aes_top/oneround/add/U33/O (MAOI1)                      0.18     109.93 r
  aes_top/oneround/add/out[24] (AddRoundKey_0)            0.00     109.93 r
  aes_top/oneround/U165/O (INV1S)                         0.19     110.12 f
  aes_top/oneround/U169/O (MOAI1S)                        1.10     111.22 r
  aes_top/oneround/mix/in[24] (MixColumn)                 0.00     111.22 r
  aes_top/oneround/mix/U273/O (INV1S)                     0.10     111.32 f
  aes_top/oneround/mix/U274/O (INV1S)                     0.33     111.66 r
  aes_top/oneround/mix/U471/O (MOAI1S)                    0.38     112.04 f
  aes_top/oneround/mix/U204/O (INV1S)                     0.16     112.20 r
  aes_top/oneround/mix/U206/O (INV1S)                     0.17     112.37 f
  aes_top/oneround/mix/U475/O (MOAI1S)                    0.77     113.14 r
  aes_top/oneround/mix/U201/O (INV1S)                     0.10     113.24 f
  aes_top/oneround/mix/U202/O (INV1S)                     0.23     113.47 r
  aes_top/oneround/mix/U531/O (MOAI1S)                    0.28     113.76 f
  aes_top/oneround/mix/U533/O (MOAI1S)                    0.42     114.17 f
  aes_top/oneround/mix/U723/O (MOAI1S)                    0.35     114.52 f
  aes_top/oneround/mix/U724/O (MOAI1S)                    0.31     114.83 f
  aes_top/oneround/mix/U725/O (MOAI1S)                    0.36     115.19 f
  aes_top/oneround/mix/out_inv[11] (MixColumn)            0.00     115.19 f
  aes_top/oneround/U763/O (MOAI1S)                        0.33     115.52 f
  aes_top/oneround/invshift/in[11] (InvShiftRow)          0.00     115.52 f
  aes_top/oneround/invshift/U42/O (BUF1)                  0.18     115.71 f
  aes_top/oneround/invshift/out[75] (InvShiftRow)         0.00     115.71 f
  aes_top/oneround/U858/O (MUX2)                          0.34     116.05 f
  aes_top/oneround/sub96/in[43] (SubByte_96)              0.00     116.05 f
  aes_top/oneround/sub96/s6/in[3] (SubOneByte_5)          0.00     116.05 f
  aes_top/oneround/sub96/s6/m1/in[3] (MultiplyMinv_5)     0.00     116.05 f
  aes_top/oneround/sub96/s6/m1/U10/O (MOAI1S)             0.58     116.63 r
  aes_top/oneround/sub96/s6/m1/U11/O (MOAI1S)             0.21     116.84 r
  aes_top/oneround/sub96/s6/m1/out[6] (MultiplyMinv_5)
                                                          0.00     116.84 r
  aes_top/oneround/sub96/s6/c0/in[6] (AddCinv_5)          0.00     116.84 r
  aes_top/oneround/sub96/s6/c0/U3/O (BUF1)                0.14     116.98 r
  aes_top/oneround/sub96/s6/c0/out[6] (AddCinv_5)         0.00     116.98 r
  aes_top/oneround/sub96/s6/U296/O (MUX2)                 0.26     117.24 r
  aes_top/oneround/sub96/s6/U455/O (INV1S)                0.15     117.39 f
  aes_top/oneround/sub96/s6/U22/O (AN2)                   0.25     117.64 f
  aes_top/oneround/sub96/s6/U71/O (ND2S)                  0.39     118.03 r
  aes_top/oneround/sub96/s6/U44/O (INV1S)                 0.21     118.23 f
  aes_top/oneround/sub96/s6/U49/O (ND2S)                  0.34     118.57 r
  aes_top/oneround/sub96/s6/U55/O (ND2S)                  0.13     118.70 f
  aes_top/oneround/sub96/s6/U70/O (NR2)                   0.16     118.86 r
  aes_top/oneround/sub96/s6/U78/O (ND3)                   0.09     118.95 f
  aes_top/oneround/sub96/s6/U79/O (AN3B2S)                0.37     119.32 r
  aes_top/oneround/sub96/s6/U292/O (ND3)                  0.12     119.43 f
  aes_top/oneround/sub96/s6/U323/O (AOI22S)               0.22     119.66 r
  aes_top/oneround/sub96/s6/U434/O (ND2S)                 0.21     119.87 f
  aes_top/oneround/sub96/s6/m0/in[4] (MultiplyM_5)        0.00     119.87 f
  aes_top/oneround/sub96/s6/m0/U16/O (MOAI1S)             0.27     120.14 r
  aes_top/oneround/sub96/s6/m0/out[0] (MultiplyM_5)       0.00     120.14 r
  aes_top/oneround/sub96/s6/c1/in[0] (AddC_5)             0.00     120.14 r
  aes_top/oneround/sub96/s6/c1/U1/O (INV1S)               0.09     120.23 f
  aes_top/oneround/sub96/s6/c1/out[0] (AddC_5)            0.00     120.23 f
  aes_top/oneround/sub96/s6/U427/O (MUX2)                 0.29     120.52 f
  aes_top/oneround/sub96/s6/out[0] (SubOneByte_5)         0.00     120.52 f
  aes_top/oneround/sub96/out[40] (SubByte_96)             0.00     120.52 f
  aes_top/oneround/U910/O (AO222)                         0.34     120.86 f
  aes_top/oneround/add/in[8] (AddRoundKey_0)              0.00     120.86 f
  aes_top/oneround/add/U120/O (MAOI1)                     0.23     121.09 f
  aes_top/oneround/add/out[8] (AddRoundKey_0)             0.00     121.09 f
  aes_top/oneround/U447/O (INV1S)                         0.21     121.31 r
  aes_top/oneround/U449/O (MOAI1S)                        0.15     121.46 f
  aes_top/oneround/U451/O (MUX2)                          0.38     121.84 f
  aes_top/oneround/sub96/in[40] (SubByte_96)              0.00     121.84 f
  aes_top/oneround/sub96/s6/in[0] (SubOneByte_5)          0.00     121.84 f
  aes_top/oneround/sub96/s6/U297/O (MUX2)                 0.33     122.17 f
  aes_top/oneround/sub96/s6/U298/O (ND2S)                 0.24     122.41 r
  aes_top/oneround/sub96/s6/U45/O (OR2)                   0.29     122.69 r
  aes_top/oneround/sub96/s6/U62/O (NR2)                   0.12     122.81 f
  aes_top/oneround/sub96/s6/U95/O (NR3)                   0.20     123.02 r
  aes_top/oneround/sub96/s6/U96/O (ND3)                   0.11     123.12 f
  aes_top/oneround/sub96/s6/U417/O (AOI22S)               0.23     123.35 r
  aes_top/oneround/sub96/s6/U400/O (ND2S)                 0.21     123.56 f
  aes_top/oneround/sub96/s6/m0/in[0] (MultiplyM_5)        0.00     123.56 f
  aes_top/oneround/sub96/s6/m0/U5/O (MOAI1S)              0.60     124.16 r
  aes_top/oneround/sub96/s6/m0/U8/O (MOAI1S)              0.21     124.38 r
  aes_top/oneround/sub96/s6/m0/out[1] (MultiplyM_5)       0.00     124.38 r
  aes_top/oneround/sub96/s6/c1/in[1] (AddC_5)             0.00     124.38 r
  aes_top/oneround/sub96/s6/c1/U2/O (INV1S)               0.09     124.47 f
  aes_top/oneround/sub96/s6/c1/out[1] (AddC_5)            0.00     124.47 f
  aes_top/oneround/sub96/s6/U410/O (MUX2)                 0.29     124.76 f
  aes_top/oneround/sub96/s6/out[1] (SubOneByte_5)         0.00     124.76 f
  aes_top/oneround/sub96/out[41] (SubByte_96)             0.00     124.76 f
  aes_top/oneround/U911/O (AO222)                         0.34     125.10 f
  aes_top/oneround/add/in[9] (AddRoundKey_0)              0.00     125.10 f
  aes_top/oneround/add/U125/O (MAOI1)                     0.18     125.28 r
  aes_top/oneround/add/out[9] (AddRoundKey_0)             0.00     125.28 r
  aes_top/oneround/U462/O (INV1S)                         0.19     125.47 f
  aes_top/oneround/U463/O (MOAI1S)                        0.29     125.76 r
  aes_top/oneround/U464/O (MUX2)                          0.38     126.14 r
  aes_top/oneround/sub96/in[41] (SubByte_96)              0.00     126.14 r
  aes_top/oneround/sub96/s6/in[1] (SubOneByte_5)          0.00     126.14 r
  aes_top/oneround/sub96/s6/U294/O (MUX2)                 0.30     126.44 r
  aes_top/oneround/sub96/s6/U295/O (INV1S)                0.17     126.61 f
  aes_top/oneround/sub96/s6/U300/O (NR2)                  0.48     127.09 r
  aes_top/oneround/sub96/s6/U301/O (INV1S)                0.33     127.42 f
  aes_top/oneround/sub96/s6/U303/O (OAI12HS)              0.28     127.70 r
  aes_top/oneround/sub96/s6/U309/O (NR3)                  0.23     127.93 f
  aes_top/oneround/sub96/s6/U440/O (ND3)                  0.14     128.07 r
  aes_top/oneround/sub96/s6/U441/O (AOI22S)               0.08     128.15 f
  aes_top/oneround/sub96/s6/U442/O (ND2S)                 0.30     128.45 r
  aes_top/oneround/sub96/s6/m0/in[5] (MultiplyM_5)        0.00     128.45 r
  aes_top/oneround/sub96/s6/m0/U2/O (MOAI1S)              0.41     128.86 f
  aes_top/oneround/sub96/s6/m0/U17/O (MOAI1S)             0.38     129.24 f
  aes_top/oneround/sub96/s6/m0/out[7] (MultiplyM_5)       0.00     129.24 f
  aes_top/oneround/sub96/s6/c1/in[7] (AddC_5)             0.00     129.24 f
  aes_top/oneround/sub96/s6/c1/U8/O (BUF1)                0.22     129.47 f
  aes_top/oneround/sub96/s6/c1/out[7] (AddC_5)            0.00     129.47 f
  aes_top/oneround/sub96/s6/U448/O (MUX2)                 0.27     129.74 f
  aes_top/oneround/sub96/s6/out[7] (SubOneByte_5)         0.00     129.74 f
  aes_top/oneround/sub96/out[47] (SubByte_96)             0.00     129.74 f
  aes_top/oneround/U921/O (AO222)                         0.34     130.08 f
  aes_top/oneround/add/in[15] (AddRoundKey_0)             0.00     130.08 f
  aes_top/oneround/add/U118/O (MAOI1)                     0.23     130.31 f
  aes_top/oneround/add/out[15] (AddRoundKey_0)            0.00     130.31 f
  aes_top/oneround/U554/O (INV1S)                         0.20     130.51 r
  aes_top/oneround/U860/O (MOAI1S)                        0.15     130.66 f
  aes_top/oneround/U861/O (MUX2)                          0.39     131.05 f
  aes_top/oneround/sub96/in[47] (SubByte_96)              0.00     131.05 f
  aes_top/oneround/sub96/s6/in[7] (SubOneByte_5)          0.00     131.05 f
  aes_top/oneround/sub96/s6/U407/O (AOI22S)               0.31     131.36 r
  aes_top/oneround/sub96/s6/U409/O (INV1S)                0.20     131.56 f
  aes_top/oneround/sub96/s6/U3/O (NR2)                    0.55     132.12 r
  aes_top/oneround/sub96/s6/U9/O (INV1S)                  0.11     132.22 f
  aes_top/oneround/sub96/s6/U10/O (INV1S)                 0.21     132.43 r
  aes_top/oneround/sub96/s6/U398/O (AOI22S)               0.08     132.51 f
  aes_top/oneround/sub96/s6/U399/O (ND2S)                 0.30     132.81 r
  aes_top/oneround/sub96/s6/m0/in[1] (MultiplyM_5)        0.00     132.81 r
  aes_top/oneround/sub96/s6/m0/U10/O (MOAI1S)             0.23     133.04 r
  aes_top/oneround/sub96/s6/m0/out[5] (MultiplyM_5)       0.00     133.04 r
  aes_top/oneround/sub96/s6/c1/in[5] (AddC_5)             0.00     133.04 r
  aes_top/oneround/sub96/s6/c1/U3/O (INV1S)               0.09     133.13 f
  aes_top/oneround/sub96/s6/c1/out[5] (AddC_5)            0.00     133.13 f
  aes_top/oneround/sub96/s6/U443/O (MUX2)                 0.29     133.42 f
  aes_top/oneround/sub96/s6/out[5] (SubOneByte_5)         0.00     133.42 f
  aes_top/oneround/sub96/out[45] (SubByte_96)             0.00     133.42 f
  aes_top/oneround/U917/O (AO222)                         0.34     133.76 f
  aes_top/oneround/add/in[13] (AddRoundKey_0)             0.00     133.76 f
  aes_top/oneround/add/U119/O (MAOI1)                     0.18     133.94 r
  aes_top/oneround/add/out[13] (AddRoundKey_0)            0.00     133.94 r
  aes_top/oneround/U441/O (INV1S)                         0.19     134.13 f
  aes_top/oneround/U443/O (MOAI1S)                        0.29     134.42 r
  aes_top/oneround/U445/O (MUX2)                          0.38     134.80 r
  aes_top/oneround/sub96/in[45] (SubByte_96)              0.00     134.80 r
  aes_top/oneround/sub96/s6/in[5] (SubOneByte_5)          0.00     134.80 r
  aes_top/oneround/sub96/s6/U405/O (MUX2)                 0.27     135.06 r
  aes_top/oneround/sub96/s6/U406/O (INV1S)                0.17     135.23 f
  aes_top/oneround/sub96/s6/U24/O (NR2)                   0.40     135.63 r
  aes_top/oneround/sub96/s6/U420/O (AOI22S)               0.09     135.72 f
  aes_top/oneround/sub96/s6/U432/O (ND2S)                 0.30     136.02 r
  aes_top/oneround/sub96/s6/m0/in[3] (MultiplyM_5)        0.00     136.02 r
  aes_top/oneround/sub96/s6/m0/U12/O (MOAI1S)             0.19     136.21 f
  aes_top/oneround/sub96/s6/m0/U13/O (MOAI1S)             0.28     136.50 f
  aes_top/oneround/sub96/s6/m0/out[3] (MultiplyM_5)       0.00     136.50 f
  aes_top/oneround/sub96/s6/c1/in[3] (AddC_5)             0.00     136.50 f
  aes_top/oneround/sub96/s6/c1/U7/O (BUF1)                0.22     136.71 f
  aes_top/oneround/sub96/s6/c1/out[3] (AddC_5)            0.00     136.71 f
  aes_top/oneround/sub96/s6/U433/O (MUX2)                 0.27     136.98 f
  aes_top/oneround/sub96/s6/out[3] (SubOneByte_5)         0.00     136.98 f
  aes_top/oneround/sub96/out[43] (SubByte_96)             0.00     136.98 f
  aes_top/oneround/U914/O (AO222)                         0.34     137.32 f
  aes_top/oneround/add/in[11] (AddRoundKey_0)             0.00     137.32 f
  aes_top/oneround/add/U117/O (MAOI1)                     0.18     137.50 r
  aes_top/oneround/add/out[11] (AddRoundKey_0)            0.00     137.50 r
  aes_top/oneround/U210/O (INV1S)                         0.19     137.69 f
  aes_top/oneround/U211/O (MOAI1S)                        0.87     138.56 r
  aes_top/oneround/mix/in[11] (MixColumn)                 0.00     138.56 r
  aes_top/oneround/mix/U221/O (INV1S)                     0.10     138.66 f
  aes_top/oneround/mix/U222/O (INV1S)                     0.35     139.01 r
  aes_top/oneround/mix/U465/O (MOAI1S)                    0.39     139.41 f
  aes_top/oneround/mix/U255/O (INV1S)                     0.16     139.56 r
  aes_top/oneround/mix/U258/O (INV1S)                     0.24     139.81 f
  aes_top/oneround/mix/U470/O (MOAI1S)                    0.87     140.68 r
  aes_top/oneround/mix/U759/O (MOAI1S)                    0.21     140.89 f
  aes_top/oneround/mix/U760/O (MOAI1S)                    0.32     141.21 f
  aes_top/oneround/mix/out_inv[6] (MixColumn)             0.00     141.21 f
  aes_top/oneround/U768/O (MOAI1S)                        0.34     141.55 f
  aes_top/oneround/invshift/in[6] (InvShiftRow)           0.00     141.55 f
  aes_top/oneround/invshift/U40/O (BUF1)                  0.18     141.73 f
  aes_top/oneround/invshift/out[38] (InvShiftRow)         0.00     141.73 f
  aes_top/oneround/U430/O (MUX2)                          0.34     142.08 f
  aes_top/oneround/sub96/in[6] (SubByte_96)               0.00     142.08 f
  aes_top/oneround/sub96/s11/in[6] (SubOneByte_0)         0.00     142.08 f
  aes_top/oneround/sub96/s11/m1/in[6] (MultiplyMinv_0)
                                                          0.00     142.08 f
  aes_top/oneround/sub96/s11/m1/U7/O (MOAI1S)             0.58     142.66 r
  aes_top/oneround/sub96/s11/m1/U9/O (MOAI1S)             0.15     142.81 f
  aes_top/oneround/sub96/s11/m1/out[4] (MultiplyMinv_0)
                                                          0.00     142.81 f
  aes_top/oneround/sub96/s11/c0/in[4] (AddCinv_0)         0.00     142.81 f
  aes_top/oneround/sub96/s11/c0/U5/O (BUF1)               0.21     143.02 f
  aes_top/oneround/sub96/s11/c0/out[4] (AddCinv_0)        0.00     143.02 f
  aes_top/oneround/sub96/s11/U453/O (AOI22S)              0.35     143.37 r
  aes_top/oneround/sub96/s11/U454/O (AN2)                 0.35     143.72 r
  aes_top/oneround/sub96/s11/U456/O (ND2S)                0.22     143.95 f
  aes_top/oneround/sub96/s11/U76/O (NR2)                  0.30     144.25 r
  aes_top/oneround/sub96/s11/U361/O (NR2)                 0.12     144.37 f
  aes_top/oneround/sub96/s11/U362/O (AN4B1S)              0.30     144.67 f
  aes_top/oneround/sub96/s11/U365/O (ND3)                 0.14     144.81 r
  aes_top/oneround/sub96/s11/U359/O (AOI22S)              0.11     144.92 f
  aes_top/oneround/sub96/s11/U411/O (ND2S)                0.28     145.21 r
  aes_top/oneround/sub96/s11/m0/in[3] (MultiplyM_0)       0.00     145.21 r
  aes_top/oneround/sub96/s11/m0/U12/O (MOAI1S)            0.19     145.40 f
  aes_top/oneround/sub96/s11/m0/U13/O (MOAI1S)            0.28     145.68 f
  aes_top/oneround/sub96/s11/m0/out[3] (MultiplyM_0)      0.00     145.68 f
  aes_top/oneround/sub96/s11/c1/in[3] (AddC_0)            0.00     145.68 f
  aes_top/oneround/sub96/s11/c1/U5/O (BUF1)               0.21     145.90 f
  aes_top/oneround/sub96/s11/c1/out[3] (AddC_0)           0.00     145.90 f
  aes_top/oneround/sub96/s11/U412/O (MUX2)                0.27     146.17 f
  aes_top/oneround/sub96/s11/out[3] (SubOneByte_0)        0.00     146.17 f
  aes_top/oneround/sub96/out[3] (SubByte_96)              0.00     146.17 f
  aes_top/oneround/U904/O (AO222)                         0.34     146.51 f
  aes_top/oneround/add/in[3] (AddRoundKey_0)              0.00     146.51 f
  aes_top/oneround/add/U98/O (MAOI1)                      0.23     146.74 f
  aes_top/oneround/add/out[3] (AddRoundKey_0)             0.00     146.74 f
  aes_top/oneround/U553/O (INV1S)                         0.21     146.96 r
  aes_top/oneround/U834/O (MOAI1S)                        0.15     147.11 f
  aes_top/oneround/U835/O (MUX2)                          0.39     147.50 f
  aes_top/oneround/sub96/in[3] (SubByte_96)               0.00     147.50 f
  aes_top/oneround/sub96/s11/in[3] (SubOneByte_0)         0.00     147.50 f
  aes_top/oneround/sub96/s11/m1/in[3] (MultiplyMinv_0)
                                                          0.00     147.50 f
  aes_top/oneround/sub96/s11/m1/U10/O (MOAI1S)            0.58     148.08 r
  aes_top/oneround/sub96/s11/m1/U11/O (MOAI1S)            0.21     148.29 r
  aes_top/oneround/sub96/s11/m1/out[6] (MultiplyMinv_0)
                                                          0.00     148.29 r
  aes_top/oneround/sub96/s11/c0/in[6] (AddCinv_0)         0.00     148.29 r
  aes_top/oneround/sub96/s11/c0/U7/O (BUF1)               0.14     148.43 r
  aes_top/oneround/sub96/s11/c0/out[6] (AddCinv_0)        0.00     148.43 r
  aes_top/oneround/sub96/s11/U62/O (MUX2)                 0.26     148.69 r
  aes_top/oneround/sub96/s11/U458/O (INV1S)               0.15     148.84 f
  aes_top/oneround/sub96/s11/U22/O (AN2)                  0.25     149.09 f
  aes_top/oneround/sub96/s11/U71/O (ND2S)                 0.39     149.48 r
  aes_top/oneround/sub96/s11/U41/O (INV1S)                0.21     149.68 f
  aes_top/oneround/sub96/s11/U46/O (ND2S)                 0.43     150.12 r
  aes_top/oneround/sub96/s11/U302/O (ND2S)                0.14     150.26 f
  aes_top/oneround/sub96/s11/U304/O (AN4B1S)              0.31     150.57 r
  aes_top/oneround/sub96/s11/U310/O (ND3)                 0.12     150.69 f
  aes_top/oneround/sub96/s11/U323/O (AOI22S)              0.22     150.91 r
  aes_top/oneround/sub96/s11/U422/O (ND2S)                0.21     151.12 f
  aes_top/oneround/sub96/s11/m0/in[4] (MultiplyM_0)       0.00     151.12 f
  aes_top/oneround/sub96/s11/m0/U16/O (MOAI1S)            0.27     151.39 r
  aes_top/oneround/sub96/s11/m0/out[0] (MultiplyM_0)      0.00     151.39 r
  aes_top/oneround/sub96/s11/c1/in[0] (AddC_0)            0.00     151.39 r
  aes_top/oneround/sub96/s11/c1/U1/O (INV1S)              0.09     151.48 f
  aes_top/oneround/sub96/s11/c1/out[0] (AddC_0)           0.00     151.48 f
  aes_top/oneround/sub96/s11/U427/O (MUX2)                0.29     151.77 f
  aes_top/oneround/sub96/s11/out[0] (SubOneByte_0)        0.00     151.77 f
  aes_top/oneround/sub96/out[0] (SubByte_96)              0.00     151.77 f
  aes_top/oneround/U894/O (AO222)                         0.40     152.17 f
  aes_top/oneround/add/in[0] (AddRoundKey_0)              0.00     152.17 f
  aes_top/oneround/add/U31/O (MAOI1)                      0.23     152.40 f
  aes_top/oneround/add/out[0] (AddRoundKey_0)             0.00     152.40 f
  aes_top/oneround/U423/O (INV1S)                         0.21     152.62 r
  aes_top/oneround/U424/O (MOAI1S)                        0.15     152.77 f
  aes_top/oneround/U426/O (MUX2)                          0.38     153.15 f
  aes_top/oneround/sub96/in[0] (SubByte_96)               0.00     153.15 f
  aes_top/oneround/sub96/s11/in[0] (SubOneByte_0)         0.00     153.15 f
  aes_top/oneround/sub96/s11/U64/O (MUX2)                 0.33     153.48 f
  aes_top/oneround/sub96/s11/U65/O (ND2S)                 0.24     153.72 r
  aes_top/oneround/sub96/s11/U45/O (OR2)                  0.29     154.00 r
  aes_top/oneround/sub96/s11/U311/O (NR2)                 0.12     154.12 f
  aes_top/oneround/sub96/s11/U315/O (NR2)                 0.15     154.27 r
  aes_top/oneround/sub96/s11/U321/O (ND3)                 0.10     154.37 f
  aes_top/oneround/sub96/s11/U417/O (AOI22S)              0.22     154.59 r
  aes_top/oneround/sub96/s11/U403/O (ND2S)                0.21     154.80 f
  aes_top/oneround/sub96/s11/m0/in[0] (MultiplyM_0)       0.00     154.80 f
  aes_top/oneround/sub96/s11/m0/U5/O (MOAI1S)             0.60     155.41 r
  aes_top/oneround/sub96/s11/m0/U8/O (MOAI1S)             0.21     155.62 r
  aes_top/oneround/sub96/s11/m0/out[1] (MultiplyM_0)      0.00     155.62 r
  aes_top/oneround/sub96/s11/c1/in[1] (AddC_0)            0.00     155.62 r
  aes_top/oneround/sub96/s11/c1/U2/O (INV1S)              0.09     155.71 f
  aes_top/oneround/sub96/s11/c1/out[1] (AddC_0)           0.00     155.71 f
  aes_top/oneround/sub96/s11/U410/O (MUX2)                0.29     156.00 f
  aes_top/oneround/sub96/s11/out[1] (SubOneByte_0)        0.00     156.00 f
  aes_top/oneround/sub96/out[1] (SubByte_96)              0.00     156.00 f
  aes_top/oneround/U896/O (AO222)                         0.34     156.34 f
  aes_top/oneround/add/in[1] (AddRoundKey_0)              0.00     156.34 f
  aes_top/oneround/add/U32/O (MAOI1)                      0.18     156.52 r
  aes_top/oneround/add/out[1] (AddRoundKey_0)             0.00     156.52 r
  aes_top/oneround/U427/O (INV1S)                         0.19     156.71 f
  aes_top/oneround/U428/O (MOAI1S)                        0.29     157.00 r
  aes_top/oneround/U429/O (MUX2)                          0.38     157.38 r
  aes_top/oneround/sub96/in[1] (SubByte_96)               0.00     157.38 r
  aes_top/oneround/sub96/s11/in[1] (SubOneByte_0)         0.00     157.38 r
  aes_top/oneround/sub96/s11/U58/O (MUX2)                 0.30     157.68 r
  aes_top/oneround/sub96/s11/U61/O (INV1S)                0.17     157.85 f
  aes_top/oneround/sub96/s11/U66/O (NR2)                  0.48     158.33 r
  aes_top/oneround/sub96/s11/U288/O (INV1S)               0.30     158.64 f
  aes_top/oneround/sub96/s11/U289/O (NR2)                 0.43     159.06 r
  aes_top/oneround/sub96/s11/U291/O (AN4B1S)              0.28     159.34 f
  aes_top/oneround/sub96/s11/U292/O (AN4B1S)              0.34     159.68 f
  aes_top/oneround/sub96/s11/U300/O (ND3)                 0.17     159.85 r
  aes_top/oneround/sub96/s11/U399/O (AOI22S)              0.11     159.96 f
  aes_top/oneround/sub96/s11/U407/O (ND2S)                0.28     160.24 r
  aes_top/oneround/sub96/s11/m0/in[1] (MultiplyM_0)       0.00     160.24 r
  aes_top/oneround/sub96/s11/m0/U10/O (MOAI1S)            0.23     160.46 r
  aes_top/oneround/sub96/s11/m0/out[5] (MultiplyM_0)      0.00     160.46 r
  aes_top/oneround/sub96/s11/c1/in[5] (AddC_0)            0.00     160.46 r
  aes_top/oneround/sub96/s11/c1/U3/O (INV1S)              0.09     160.55 f
  aes_top/oneround/sub96/s11/c1/out[5] (AddC_0)           0.00     160.55 f
  aes_top/oneround/sub96/s11/U301/O (MUX2)                0.29     160.84 f
  aes_top/oneround/sub96/s11/out[5] (SubOneByte_0)        0.00     160.84 f
  aes_top/oneround/sub96/out[5] (SubByte_96)              0.00     160.84 f
  aes_top/oneround/U906/O (AO222)                         0.34     161.18 f
  aes_top/oneround/add/in[5] (AddRoundKey_0)              0.00     161.18 f
  aes_top/oneround/add/U29/O (MAOI1)                      0.18     161.36 r
  aes_top/oneround/add/out[5] (AddRoundKey_0)             0.00     161.36 r
  aes_top/oneround/U400/O (INV1S)                         0.19     161.55 f
  aes_top/oneround/U402/O (MOAI1S)                        0.29     161.84 r
  aes_top/oneround/U405/O (MUX2)                          0.38     162.23 r
  aes_top/oneround/sub96/in[5] (SubByte_96)               0.00     162.23 r
  aes_top/oneround/sub96/s11/in[5] (SubOneByte_0)         0.00     162.23 r
  aes_top/oneround/sub96/s11/U428/O (AOI22S)              0.16     162.39 f
  aes_top/oneround/sub96/s11/U177/O (NR2)                 0.55     162.94 r
  aes_top/oneround/sub96/s11/U3/O (INV1S)                 0.11     163.04 f
  aes_top/oneround/sub96/s11/U4/O (INV1S)                 0.21     163.25 r
  aes_top/oneround/sub96/s11/U395/O (AOI22S)              0.08     163.33 f
  aes_top/oneround/sub96/s11/U396/O (ND2S)                0.30     163.64 r
  aes_top/oneround/sub96/s11/m0/in[5] (MultiplyM_0)       0.00     163.64 r
  aes_top/oneround/sub96/s11/m0/U2/O (MOAI1S)             0.41     164.05 f
  aes_top/oneround/sub96/s11/m0/U17/O (MOAI1S)            0.38     164.43 f
  aes_top/oneround/sub96/s11/m0/out[7] (MultiplyM_0)      0.00     164.43 f
  aes_top/oneround/sub96/s11/c1/in[7] (AddC_0)            0.00     164.43 f
  aes_top/oneround/sub96/s11/c1/U8/O (BUF1)               0.22     164.65 f
  aes_top/oneround/sub96/s11/c1/out[7] (AddC_0)           0.00     164.65 f
  aes_top/oneround/sub96/s11/U449/O (MUX2)                0.27     164.93 f
  aes_top/oneround/sub96/s11/out[7] (SubOneByte_0)        0.00     164.93 f
  aes_top/oneround/sub96/out[7] (SubByte_96)              0.00     164.93 f
  aes_top/oneround/U908/O (AO222)                         0.34     165.27 f
  aes_top/oneround/add/in[7] (AddRoundKey_0)              0.00     165.27 f
  aes_top/oneround/add/U30/O (MAOI1)                      0.23     165.50 f
  aes_top/oneround/add/out[7] (AddRoundKey_0)             0.00     165.50 f
  aes_top/oneround/U414/O (INV1S)                         0.21     165.71 r
  aes_top/oneround/U417/O (MOAI1S)                        0.15     165.87 f
  aes_top/oneround/U418/O (MUX2)                          0.39     166.25 f
  aes_top/oneround/sub96/in[7] (SubByte_96)               0.00     166.25 f
  aes_top/oneround/sub96/s11/in[7] (SubOneByte_0)         0.00     166.25 f
  aes_top/oneround/sub96/s11/U425/O (AOI22S)              0.31     166.56 r
  aes_top/oneround/sub96/s11/U426/O (INV1S)               0.21     166.78 f
  aes_top/oneround/sub96/s11/U27/O (NR2)                  0.41     167.19 r
  aes_top/oneround/sub96/s11/U445/O (AOI22S)              0.14     167.33 f
  aes_top/oneround/sub96/s11/U446/O (ND2S)                0.33     167.65 r
  aes_top/oneround/sub96/s11/m0/in[6] (MultiplyM_0)       0.00     167.65 r
  aes_top/oneround/sub96/s11/m0/U11/O (MOAI1S)            0.23     167.88 r
  aes_top/oneround/sub96/s11/m0/out[6] (MultiplyM_0)      0.00     167.88 r
  aes_top/oneround/sub96/s11/c1/in[6] (AddC_0)            0.00     167.88 r
  aes_top/oneround/sub96/s11/c1/U4/O (INV1S)              0.09     167.96 f
  aes_top/oneround/sub96/s11/c1/out[6] (AddC_0)           0.00     167.96 f
  aes_top/oneround/sub96/s11/U447/O (MUX2)                0.29     168.26 f
  aes_top/oneround/sub96/s11/out[6] (SubOneByte_0)        0.00     168.26 f
  aes_top/oneround/sub96/out[6] (SubByte_96)              0.00     168.26 f
  aes_top/oneround/U907/O (AO222)                         0.34     168.60 f
  aes_top/oneround/add/in[6] (AddRoundKey_0)              0.00     168.60 f
  aes_top/oneround/add/U28/O (MAOI1)                      0.18     168.78 r
  aes_top/oneround/add/out[6] (AddRoundKey_0)             0.00     168.78 r
  aes_top/oneround/U161/O (INV1S)                         0.19     168.97 f
  aes_top/oneround/U164/O (MOAI1S)                        1.24     170.21 r
  aes_top/oneround/mix/in[6] (MixColumn)                  0.00     170.21 r
  aes_top/oneround/mix/U858/O (MOAI1S)                    0.21     170.42 f
  aes_top/oneround/mix/U859/O (MOAI1S)                    0.39     170.81 f
  aes_top/oneround/mix/out[22] (MixColumn)                0.00     170.81 f
  aes_top/oneround/U144/O (AO222)                         0.37     171.18 f
  aes_top/oneround/add/in[22] (AddRoundKey_0)             0.00     171.18 f
  aes_top/oneround/add/U7/O (MAOI1)                       0.23     171.42 f
  aes_top/oneround/add/out[22] (AddRoundKey_0)            0.00     171.42 f
  aes_top/oneround/U436/O (INV1S)                         0.20     171.61 r
  aes_top/oneround/U437/O (MOAI1S)                        0.15     171.76 f
  aes_top/oneround/U439/O (MUX2)                          0.39     172.15 f
  aes_top/oneround/sub96/in[86] (SubByte_96)              0.00     172.15 f
  aes_top/oneround/sub96/s1/in[6] (SubOneByte_10)         0.00     172.15 f
  aes_top/oneround/sub96/s1/m1/in[6] (MultiplyMinv_10)
                                                          0.00     172.15 f
  aes_top/oneround/sub96/s1/m1/U7/O (MOAI1S)              0.58     172.73 r
  aes_top/oneround/sub96/s1/m1/U9/O (MOAI1S)              0.15     172.88 f
  aes_top/oneround/sub96/s1/m1/out[4] (MultiplyMinv_10)
                                                          0.00     172.88 f
  aes_top/oneround/sub96/s1/c0/in[4] (AddCinv_10)         0.00     172.88 f
  aes_top/oneround/sub96/s1/c0/U6/O (BUF1)                0.21     173.09 f
  aes_top/oneround/sub96/s1/c0/out[4] (AddCinv_10)        0.00     173.09 f
  aes_top/oneround/sub96/s1/U461/O (AOI22S)               0.35     173.45 r
  aes_top/oneround/sub96/s1/U462/O (AN2)                  0.34     173.79 r
  aes_top/oneround/sub96/s1/U463/O (ND2S)                 0.22     174.01 f
  aes_top/oneround/sub96/s1/U76/O (NR2)                   0.39     174.40 r
  aes_top/oneround/sub96/s1/U167/O (NR2)                  0.16     174.56 f
  aes_top/oneround/sub96/s1/U314/O (AN4B1S)               0.30     174.86 f
  aes_top/oneround/sub96/s1/U315/O (AN4B1S)               0.28     175.14 f
  aes_top/oneround/sub96/s1/U317/O (ND3)                  0.15     175.29 r
  aes_top/oneround/sub96/s1/U359/O (AOI22S)               0.11     175.40 f
  aes_top/oneround/sub96/s1/U441/O (ND2S)                 0.31     175.71 r
  aes_top/oneround/sub96/s1/m0/in[3] (MultiplyM_10)       0.00     175.71 r
  aes_top/oneround/sub96/s1/m0/U12/O (MOAI1S)             0.19     175.90 f
  aes_top/oneround/sub96/s1/m0/U13/O (MOAI1S)             0.29     176.19 f
  aes_top/oneround/sub96/s1/m0/out[3] (MultiplyM_10)      0.00     176.19 f
  aes_top/oneround/sub96/s1/c1/in[3] (AddC_10)            0.00     176.19 f
  aes_top/oneround/sub96/s1/c1/U5/O (BUF1)                0.21     176.40 f
  aes_top/oneround/sub96/s1/c1/out[3] (AddC_10)           0.00     176.40 f
  aes_top/oneround/sub96/s1/U442/O (MUX2)                 0.27     176.67 f
  aes_top/oneround/sub96/s1/out[3] (SubOneByte_10)        0.00     176.67 f
  aes_top/oneround/sub96/out[83] (SubByte_96)             0.00     176.67 f
  aes_top/oneround/U926/O (AO222)                         0.34     177.01 f
  aes_top/oneround/add/in[19] (AddRoundKey_0)             0.00     177.01 f
  aes_top/oneround/add/U116/O (MAOI1)                     0.23     177.25 f
  aes_top/oneround/add/out[19] (AddRoundKey_0)            0.00     177.25 f
  aes_top/oneround/U555/O (INV1S)                         0.20     177.45 r
  aes_top/oneround/U886/O (MOAI1S)                        0.15     177.60 f
  aes_top/oneround/U887/O (MUX2)                          0.39     177.98 f
  aes_top/oneround/sub96/in[83] (SubByte_96)              0.00     177.98 f
  aes_top/oneround/sub96/s1/in[3] (SubOneByte_10)         0.00     177.98 f
  aes_top/oneround/sub96/s1/m1/in[3] (MultiplyMinv_10)
                                                          0.00     177.98 f
  aes_top/oneround/sub96/s1/m1/U10/O (MOAI1S)             0.58     178.57 r
  aes_top/oneround/sub96/s1/m1/U11/O (MOAI1S)             0.21     178.77 r
  aes_top/oneround/sub96/s1/m1/out[6] (MultiplyMinv_10)
                                                          0.00     178.77 r
  aes_top/oneround/sub96/s1/c0/in[6] (AddCinv_10)         0.00     178.77 r
  aes_top/oneround/sub96/s1/c0/U3/O (BUF1)                0.14     178.92 r
  aes_top/oneround/sub96/s1/c0/out[6] (AddCinv_10)        0.00     178.92 r
  aes_top/oneround/sub96/s1/U293/O (MUX2)                 0.26     179.17 r
  aes_top/oneround/sub96/s1/U466/O (INV1S)                0.15     179.32 f
  aes_top/oneround/sub96/s1/U22/O (AN2)                   0.25     179.57 f
  aes_top/oneround/sub96/s1/U71/O (ND2S)                  0.39     179.96 r
  aes_top/oneround/sub96/s1/U55/O (INV1S)                 0.21     180.17 f
  aes_top/oneround/sub96/s1/U56/O (ND2S)                  0.41     180.58 r
  aes_top/oneround/sub96/s1/U82/O (ND2S)                  0.14     180.72 f
  aes_top/oneround/sub96/s1/U101/O (NR3)                  0.37     181.09 r
  aes_top/oneround/sub96/s1/U165/O (ND3)                  0.12     181.20 f
  aes_top/oneround/sub96/s1/U323/O (AOI22S)               0.22     181.43 r
  aes_top/oneround/sub96/s1/U447/O (ND2S)                 0.21     181.64 f
  aes_top/oneround/sub96/s1/m0/in[4] (MultiplyM_10)       0.00     181.64 f
  aes_top/oneround/sub96/s1/m0/U15/O (MOAI1S)             0.27     181.92 r
  aes_top/oneround/sub96/s1/m0/out[0] (MultiplyM_10)      0.00     181.92 r
  aes_top/oneround/sub96/s1/c1/in[0] (AddC_10)            0.00     181.92 r
  aes_top/oneround/sub96/s1/c1/U1/O (INV1S)               0.09     182.00 f
  aes_top/oneround/sub96/s1/c1/out[0] (AddC_10)           0.00     182.00 f
  aes_top/oneround/sub96/s1/U427/O (MUX2)                 0.29     182.29 f
  aes_top/oneround/sub96/s1/out[0] (SubOneByte_10)        0.00     182.29 f
  aes_top/oneround/sub96/out[80] (SubByte_96)             0.00     182.29 f
  aes_top/oneround/U922/O (AO222)                         0.34     182.63 f
  aes_top/oneround/add/in[16] (AddRoundKey_0)             0.00     182.63 f
  aes_top/oneround/add/U5/O (MAOI1)                       0.23     182.87 f
  aes_top/oneround/add/out[16] (AddRoundKey_0)            0.00     182.87 f
  aes_top/oneround/U432/O (INV1S)                         0.20     183.07 r
  aes_top/oneround/U433/O (MOAI1S)                        0.15     183.22 f
  aes_top/oneround/U435/O (MUX2)                          0.38     183.60 f
  aes_top/oneround/sub96/in[80] (SubByte_96)              0.00     183.60 f
  aes_top/oneround/sub96/s1/in[0] (SubOneByte_10)         0.00     183.60 f
  aes_top/oneround/sub96/s1/U294/O (MUX2)                 0.33     183.93 f
  aes_top/oneround/sub96/s1/U295/O (ND2S)                 0.24     184.16 r
  aes_top/oneround/sub96/s1/U45/O (OR2)                   0.32     184.48 r
  aes_top/oneround/sub96/s1/U105/O (NR2)                  0.13     184.61 f
  aes_top/oneround/sub96/s1/U130/O (NR2)                  0.15     184.76 r
  aes_top/oneround/sub96/s1/U131/O (ND3)                  0.10     184.86 f
  aes_top/oneround/sub96/s1/U417/O (AOI22S)               0.22     185.09 r
  aes_top/oneround/sub96/s1/U434/O (ND2S)                 0.21     185.30 f
  aes_top/oneround/sub96/s1/m0/in[0] (MultiplyM_10)       0.00     185.30 f
  aes_top/oneround/sub96/s1/m0/U5/O (MOAI1S)              0.60     185.90 r
  aes_top/oneround/sub96/s1/m0/U8/O (MOAI1S)              0.21     186.12 r
  aes_top/oneround/sub96/s1/m0/out[1] (MultiplyM_10)      0.00     186.12 r
  aes_top/oneround/sub96/s1/c1/in[1] (AddC_10)            0.00     186.12 r
  aes_top/oneround/sub96/s1/c1/U2/O (INV1S)               0.09     186.20 f
  aes_top/oneround/sub96/s1/c1/out[1] (AddC_10)           0.00     186.20 f
  aes_top/oneround/sub96/s1/U410/O (MUX2)                 0.29     186.49 f
  aes_top/oneround/sub96/s1/out[1] (SubOneByte_10)        0.00     186.49 f
  aes_top/oneround/sub96/out[81] (SubByte_96)             0.00     186.49 f
  aes_top/oneround/U923/O (AO222)                         0.34     186.83 f
  aes_top/oneround/add/in[17] (AddRoundKey_0)             0.00     186.83 f
  aes_top/oneround/add/U126/O (MAOI1)                     0.18     187.01 r
  aes_top/oneround/add/out[17] (AddRoundKey_0)            0.00     187.01 r
  aes_top/oneround/U470/O (INV1S)                         0.19     187.20 f
  aes_top/oneround/U471/O (MOAI1S)                        0.29     187.50 r
  aes_top/oneround/U472/O (MUX2)                          0.38     187.87 r
  aes_top/oneround/sub96/in[81] (SubByte_96)              0.00     187.87 r
  aes_top/oneround/sub96/s1/in[1] (SubOneByte_10)         0.00     187.87 r
  aes_top/oneround/sub96/s1/U290/O (MUX2)                 0.30     188.17 r
  aes_top/oneround/sub96/s1/U291/O (INV1S)                0.18     188.35 f
  aes_top/oneround/sub96/s1/U296/O (NR2)                  0.48     188.83 r
  aes_top/oneround/sub96/s1/U297/O (INV1S)                0.30     189.14 f
  aes_top/oneround/sub96/s1/U298/O (NR2)                  0.43     189.56 r
  aes_top/oneround/sub96/s1/U304/O (AN4B1S)               0.28     189.84 f
  aes_top/oneround/sub96/s1/U305/O (AN4B1S)               0.32     190.16 f
  aes_top/oneround/sub96/s1/U310/O (AN4B1S)               0.28     190.44 f
  aes_top/oneround/sub96/s1/U311/O (ND3)                  0.15     190.59 r
  aes_top/oneround/sub96/s1/U399/O (AOI22S)               0.12     190.71 f
  aes_top/oneround/sub96/s1/U438/O (ND2S)                 0.30     191.00 r
  aes_top/oneround/sub96/s1/m0/in[1] (MultiplyM_10)       0.00     191.00 r
  aes_top/oneround/sub96/s1/m0/U7/O (MOAI1S)              0.23     191.23 r
  aes_top/oneround/sub96/s1/m0/out[5] (MultiplyM_10)      0.00     191.23 r
  aes_top/oneround/sub96/s1/c1/in[5] (AddC_10)            0.00     191.23 r
  aes_top/oneround/sub96/s1/c1/U3/O (INV1S)               0.09     191.32 f
  aes_top/oneround/sub96/s1/c1/out[5] (AddC_10)           0.00     191.32 f
  aes_top/oneround/sub96/s1/U301/O (MUX2)                 0.29     191.61 f
  aes_top/oneround/sub96/s1/out[5] (SubOneByte_10)        0.00     191.61 f
  aes_top/oneround/sub96/out[85] (SubByte_96)             0.00     191.61 f
  aes_top/oneround/U930/O (AO222)                         0.34     191.95 f
  aes_top/oneround/add/in[21] (AddRoundKey_0)             0.00     191.95 f
  aes_top/oneround/add/U36/O (MAOI1)                      0.24     192.18 f
  aes_top/oneround/add/out[21] (AddRoundKey_0)            0.00     192.18 f
  aes_top/oneround/U475/O (INV1S)                         0.20     192.38 r
  aes_top/oneround/U888/O (MOAI1S)                        0.15     192.53 f
  aes_top/oneround/U889/O (MUX2)                          0.39     192.92 f
  aes_top/oneround/sub96/in[85] (SubByte_96)              0.00     192.92 f
  aes_top/oneround/sub96/s1/in[5] (SubOneByte_10)         0.00     192.92 f
  aes_top/oneround/sub96/s1/U383/O (AOI22S)               0.30     193.22 r
  aes_top/oneround/sub96/s1/U177/O (NR2)                  0.07     193.30 f
  aes_top/oneround/sub96/s1/U8/O (INV1S)                  0.12     193.42 r
  aes_top/oneround/sub96/s1/U11/O (INV1S)                 0.32     193.74 f
  aes_top/oneround/sub96/s1/U423/O (AOI22S)               0.23     193.97 r
  aes_top/oneround/sub96/s1/U424/O (ND2S)                 0.20     194.17 f
  aes_top/oneround/sub96/s1/m0/in[5] (MultiplyM_10)       0.00     194.17 f
  aes_top/oneround/sub96/s1/m0/U2/O (MOAI1S)              0.85     195.02 r
  aes_top/oneround/sub96/s1/m0/U17/O (MOAI1S)             0.14     195.16 f
  aes_top/oneround/sub96/s1/m0/out[7] (MultiplyM_10)      0.00     195.16 f
  aes_top/oneround/sub96/s1/c1/in[7] (AddC_10)            0.00     195.16 f
  aes_top/oneround/sub96/s1/c1/U8/O (BUF1)                0.22     195.38 f
  aes_top/oneround/sub96/s1/c1/out[7] (AddC_10)           0.00     195.38 f
  aes_top/oneround/sub96/s1/U457/O (MUX2)                 0.27     195.65 f
  aes_top/oneround/sub96/s1/out[7] (SubOneByte_10)        0.00     195.65 f
  aes_top/oneround/sub96/out[87] (SubByte_96)             0.00     195.65 f
  aes_top/oneround/U931/O (AO222)                         0.34     195.99 f
  aes_top/oneround/add/in[23] (AddRoundKey_0)             0.00     195.99 f
  aes_top/oneround/add/U127/O (MAOI1)                     0.23     196.23 f
  aes_top/oneround/add/out[23] (AddRoundKey_0)            0.00     196.23 f
  aes_top/oneround/U556/O (INV1S)                         0.20     196.43 r
  aes_top/oneround/U890/O (MOAI1S)                        0.15     196.58 f
  aes_top/oneround/U891/O (MUX2)                          0.39     196.97 f
  aes_top/oneround/sub96/in[87] (SubByte_96)              0.00     196.97 f
  aes_top/oneround/sub96/s1/in[7] (SubOneByte_10)         0.00     196.97 f
  aes_top/oneround/sub96/s1/U380/O (AOI22S)               0.31     197.28 r
  aes_top/oneround/sub96/s1/U381/O (INV1S)                0.21     197.49 f
  aes_top/oneround/sub96/s1/U29/O (NR2)                   0.41     197.90 r
  aes_top/oneround/sub96/s1/U397/O (AOI22S)               0.14     198.04 f
  aes_top/oneround/sub96/s1/U407/O (ND2S)                 0.31     198.34 r
  aes_top/oneround/sub96/s1/m0/in[6] (MultiplyM_10)       0.00     198.34 r
  aes_top/oneround/sub96/s1/m0/U10/O (MOAI1S)             0.23     198.57 r
  aes_top/oneround/sub96/s1/m0/out[6] (MultiplyM_10)      0.00     198.57 r
  aes_top/oneround/sub96/s1/c1/in[6] (AddC_10)            0.00     198.57 r
  aes_top/oneround/sub96/s1/c1/U4/O (INV1S)               0.09     198.66 f
  aes_top/oneround/sub96/s1/c1/out[6] (AddC_10)           0.00     198.66 f
  aes_top/oneround/sub96/s1/U455/O (MUX2)                 0.26     198.91 f
  aes_top/oneround/sub96/s1/out[6] (SubOneByte_10)        0.00     198.91 f
  aes_top/oneround/sub96/out[86] (SubByte_96)             0.00     198.91 f
  aes_top/oneround/U209/O (MOAI1S)                        0.28     199.19 f
  aes_top/oneround/out[118] (AESOneRound)                 0.00     199.19 f
  U26241/O (AOI22S)                                       0.26     199.45 r
  U26242/O (ND2S)                                         0.10     199.55 f
  aes_top/temp_out_r_reg[118]/D (QDFFN)                   0.00     199.55 f
  data arrival time                                                199.55

  clock clk (rise edge)                                 400.00     400.00
  clock network delay (ideal)                             0.50     400.50
  clock uncertainty                                      -0.10     400.40
  aes_top/temp_out_r_reg[118]/CK (QDFFN)                  0.00     400.40 r
  library setup time                                     -0.08     400.32
  data required time                                               400.32
  --------------------------------------------------------------------------
  data required time                                               400.32
  data arrival time                                               -199.55
  --------------------------------------------------------------------------
  slack (MET)                                                      200.78


1
